2025-06-17 21:40:25,421 INFO  [Main] o.s.c.s.ClassPathXmlApplicationContext: Refreshing org.springframework.context.support.ClassPathXmlApplicationContext@332e95dc: startup date [Tue Jun 17 21:40:25 UTC 2025]; parent: ApplicationContext 'daoContext'
2025-06-17 21:40:25,423 INFO  [Main] o.s.b.f.x.XmlBeanDefinitionReader: Loading XML bean definitions from class path resource [META-INF/opennms/applicationContext-alarmd.xml]
2025-06-17 21:40:25,438 INFO  [Main] o.s.b.f.a.AutowiredAnnotationBeanPostProcessor: JSR-330 'javax.inject.Inject' annotation found and supported for autowiring
2025-06-17 21:40:27,434 WARN  [Main] o.d.c.k.b.i.KieBuilderImpl: File 'alarmd.drl' is in folder '' but declares package 'org.opennms.netmgt.alarmd.drools'. It is advised to have a correspondance between package and folder names.
2025-06-17 21:40:27,434 WARN  [Main] o.d.c.k.b.i.KieBuilderImpl: File 'situations.drl' is in folder '' but declares package 'org.opennms.netmgt.alarmd.drools'. It is advised to have a correspondance between package and folder names.
2025-06-17 21:43:33,063 INFO  [Thread-0] o.s.c.s.ClassPathXmlApplicationContext: Closing ApplicationContext 'alarmdContext': startup date [Tue Jun 17 21:40:25 UTC 2025]; parent: ApplicationContext 'daoContext'
2025-06-17 21:43:33,063 WARN  [Thread-0] o.s.b.f.s.DisposableBeanAdapter: Invocation of destroy method failed on bean with name 'org.opennms.core.soa.support.ServiceFactoryBean#2': java.lang.IllegalStateException: Service already unregistered.
2025-06-17 21:43:33,063 WARN  [Thread-0] o.s.b.f.s.DisposableBeanAdapter: Invocation of destroy method failed on bean with name 'org.opennms.core.soa.support.ServiceFactoryBean#1': java.lang.IllegalStateException: Service already unregistered.
2025-06-17 21:43:33,066 WARN  [Thread-0] o.s.b.f.s.DisposableBeanAdapter: Invocation of destroy method failed on bean with name 'org.opennms.core.soa.support.ServiceFactoryBean#0': java.lang.IllegalStateException: Service already unregistered.
2025-06-17 21:43:52,849 INFO  [Main] o.s.c.s.ClassPathXmlApplicationContext: Refreshing org.springframework.context.support.ClassPathXmlApplicationContext@24ffacae: startup date [Tue Jun 17 21:43:52 UTC 2025]; parent: ApplicationContext 'daoContext'
2025-06-17 21:43:52,851 INFO  [Main] o.s.b.f.x.XmlBeanDefinitionReader: Loading XML bean definitions from class path resource [META-INF/opennms/applicationContext-alarmd.xml]
2025-06-17 21:43:52,866 INFO  [Main] o.s.b.f.a.AutowiredAnnotationBeanPostProcessor: JSR-330 'javax.inject.Inject' annotation found and supported for autowiring
2025-06-17 21:43:55,203 WARN  [Main] o.d.c.k.b.i.KieBuilderImpl: File 'alarmd.drl' is in folder '' but declares package 'org.opennms.netmgt.alarmd.drools'. It is advised to have a correspondance between package and folder names.
2025-06-17 21:43:55,204 WARN  [Main] o.d.c.k.b.i.KieBuilderImpl: File 'situations.drl' is in folder '' but declares package 'org.opennms.netmgt.alarmd.drools'. It is advised to have a correspondance between package and folder names.
2025-06-17 21:49:22,546 INFO  [Thread-0] o.s.c.s.ClassPathXmlApplicationContext: Closing ApplicationContext 'alarmdContext': startup date [Tue Jun 17 21:43:52 UTC 2025]; parent: ApplicationContext 'daoContext'
2025-06-17 21:49:22,546 WARN  [Thread-0] o.s.b.f.s.DisposableBeanAdapter: Invocation of destroy method failed on bean with name 'org.opennms.core.soa.support.ServiceFactoryBean#2': java.lang.IllegalStateException: Service already unregistered.
2025-06-17 21:49:22,546 WARN  [Thread-0] o.s.b.f.s.DisposableBeanAdapter: Invocation of destroy method failed on bean with name 'org.opennms.core.soa.support.ServiceFactoryBean#1': java.lang.IllegalStateException: Service already unregistered.
2025-06-17 21:49:22,549 WARN  [Thread-0] o.s.b.f.s.DisposableBeanAdapter: Invocation of destroy method failed on bean with name 'org.opennms.core.soa.support.ServiceFactoryBean#0': java.lang.IllegalStateException: Service already unregistered.
2025-06-17 21:49:42,146 INFO  [Main] o.s.c.s.ClassPathXmlApplicationContext: Refreshing org.springframework.context.support.ClassPathXmlApplicationContext@41692c27: startup date [Tue Jun 17 21:49:42 UTC 2025]; parent: ApplicationContext 'daoContext'
2025-06-17 21:49:42,148 INFO  [Main] o.s.b.f.x.XmlBeanDefinitionReader: Loading XML bean definitions from class path resource [META-INF/opennms/applicationContext-alarmd.xml]
2025-06-17 21:49:42,163 INFO  [Main] o.s.b.f.a.AutowiredAnnotationBeanPostProcessor: JSR-330 'javax.inject.Inject' annotation found and supported for autowiring
2025-06-17 21:49:44,322 WARN  [Main] o.d.c.k.b.i.KieBuilderImpl: File 'alarmd.drl' is in folder '' but declares package 'org.opennms.netmgt.alarmd.drools'. It is advised to have a correspondance between package and folder names.
2025-06-17 21:49:44,323 WARN  [Main] o.d.c.k.b.i.KieBuilderImpl: File 'situations.drl' is in folder '' but declares package 'org.opennms.netmgt.alarmd.drools'. It is advised to have a correspondance between package and folder names.
2025-06-17 21:54:05,471 INFO  [Thread-0] o.s.c.s.ClassPathXmlApplicationContext: Closing ApplicationContext 'alarmdContext': startup date [Tue Jun 17 21:49:42 UTC 2025]; parent: ApplicationContext 'daoContext'
2025-06-17 21:54:05,471 WARN  [Thread-0] o.s.b.f.s.DisposableBeanAdapter: Invocation of destroy method failed on bean with name 'org.opennms.core.soa.support.ServiceFactoryBean#2': java.lang.IllegalStateException: Service already unregistered.
2025-06-17 21:54:05,471 WARN  [Thread-0] o.s.b.f.s.DisposableBeanAdapter: Invocation of destroy method failed on bean with name 'org.opennms.core.soa.support.ServiceFactoryBean#1': java.lang.IllegalStateException: Service already unregistered.
2025-06-17 21:54:05,474 WARN  [Thread-0] o.s.b.f.s.DisposableBeanAdapter: Invocation of destroy method failed on bean with name 'org.opennms.core.soa.support.ServiceFactoryBean#0': java.lang.IllegalStateException: Service already unregistered.
2025-06-17 21:54:25,199 INFO  [Main] o.s.c.s.ClassPathXmlApplicationContext: Refreshing org.springframework.context.support.ClassPathXmlApplicationContext@7abfc1ff: startup date [Tue Jun 17 21:54:25 UTC 2025]; parent: ApplicationContext 'daoContext'
2025-06-17 21:54:25,200 INFO  [Main] o.s.b.f.x.XmlBeanDefinitionReader: Loading XML bean definitions from class path resource [META-INF/opennms/applicationContext-alarmd.xml]
2025-06-17 21:54:25,215 INFO  [Main] o.s.b.f.a.AutowiredAnnotationBeanPostProcessor: JSR-330 'javax.inject.Inject' annotation found and supported for autowiring
2025-06-17 21:54:27,402 WARN  [Main] o.d.c.k.b.i.KieBuilderImpl: File 'alarmd.drl' is in folder '' but declares package 'org.opennms.netmgt.alarmd.drools'. It is advised to have a correspondance between package and folder names.
2025-06-17 21:54:27,402 WARN  [Main] o.d.c.k.b.i.KieBuilderImpl: File 'situations.drl' is in folder '' but declares package 'org.opennms.netmgt.alarmd.drools'. It is advised to have a correspondance between package and folder names.
2025-06-17 21:58:22,496 INFO  [Thread-0] o.s.c.s.ClassPathXmlApplicationContext: Closing ApplicationContext 'alarmdContext': startup date [Tue Jun 17 21:54:25 UTC 2025]; parent: ApplicationContext 'daoContext'
2025-06-17 21:58:22,496 WARN  [Thread-0] o.s.b.f.s.DisposableBeanAdapter: Invocation of destroy method failed on bean with name 'org.opennms.core.soa.support.ServiceFactoryBean#2': java.lang.IllegalStateException: Service already unregistered.
2025-06-17 21:58:22,496 WARN  [Thread-0] o.s.b.f.s.DisposableBeanAdapter: Invocation of destroy method failed on bean with name 'org.opennms.core.soa.support.ServiceFactoryBean#1': java.lang.IllegalStateException: Service already unregistered.
2025-06-17 21:58:22,501 WARN  [Thread-0] o.s.b.f.s.DisposableBeanAdapter: Invocation of destroy method failed on bean with name 'org.opennms.core.soa.support.ServiceFactoryBean#0': java.lang.IllegalStateException: Service already unregistered.
2025-06-17 21:58:49,518 INFO  [Main] o.s.c.s.ClassPathXmlApplicationContext: Refreshing org.springframework.context.support.ClassPathXmlApplicationContext@4b439d69: startup date [Tue Jun 17 21:58:49 UTC 2025]; parent: ApplicationContext 'daoContext'
2025-06-17 21:58:49,519 INFO  [Main] o.s.b.f.x.XmlBeanDefinitionReader: Loading XML bean definitions from class path resource [META-INF/opennms/applicationContext-alarmd.xml]
2025-06-17 21:58:49,537 INFO  [Main] o.s.b.f.a.AutowiredAnnotationBeanPostProcessor: JSR-330 'javax.inject.Inject' annotation found and supported for autowiring
2025-06-17 21:58:51,655 WARN  [Main] o.d.c.k.b.i.KieBuilderImpl: File 'alarmd.drl' is in folder '' but declares package 'org.opennms.netmgt.alarmd.drools'. It is advised to have a correspondance between package and folder names.
2025-06-17 21:58:51,655 WARN  [Main] o.d.c.k.b.i.KieBuilderImpl: File 'situations.drl' is in folder '' but declares package 'org.opennms.netmgt.alarmd.drools'. It is advised to have a correspondance between package and folder names.
2025-06-17 22:02:51,529 INFO  [Thread-0] o.s.c.s.ClassPathXmlApplicationContext: Closing ApplicationContext 'alarmdContext': startup date [Tue Jun 17 21:58:49 UTC 2025]; parent: ApplicationContext 'daoContext'
2025-06-17 22:02:51,529 WARN  [Thread-0] o.s.b.f.s.DisposableBeanAdapter: Invocation of destroy method failed on bean with name 'org.opennms.core.soa.support.ServiceFactoryBean#2': java.lang.IllegalStateException: Service already unregistered.
2025-06-17 22:02:51,529 WARN  [Thread-0] o.s.b.f.s.DisposableBeanAdapter: Invocation of destroy method failed on bean with name 'org.opennms.core.soa.support.ServiceFactoryBean#1': java.lang.IllegalStateException: Service already unregistered.
2025-06-17 22:02:51,532 WARN  [Thread-0] o.s.b.f.s.DisposableBeanAdapter: Invocation of destroy method failed on bean with name 'org.opennms.core.soa.support.ServiceFactoryBean#0': java.lang.IllegalStateException: Service already unregistered.
2025-06-17 22:03:11,161 INFO  [Main] o.s.c.s.ClassPathXmlApplicationContext: Refreshing org.springframework.context.support.ClassPathXmlApplicationContext@7a3d13cf: startup date [Tue Jun 17 22:03:11 UTC 2025]; parent: ApplicationContext 'daoContext'
2025-06-17 22:03:11,162 INFO  [Main] o.s.b.f.x.XmlBeanDefinitionReader: Loading XML bean definitions from class path resource [META-INF/opennms/applicationContext-alarmd.xml]
2025-06-17 22:03:11,178 INFO  [Main] o.s.b.f.a.AutowiredAnnotationBeanPostProcessor: JSR-330 'javax.inject.Inject' annotation found and supported for autowiring
2025-06-17 22:03:13,234 WARN  [Main] o.d.c.k.b.i.KieBuilderImpl: File 'alarmd.drl' is in folder '' but declares package 'org.opennms.netmgt.alarmd.drools'. It is advised to have a correspondance between package and folder names.
2025-06-17 22:03:13,235 WARN  [Main] o.d.c.k.b.i.KieBuilderImpl: File 'situations.drl' is in folder '' but declares package 'org.opennms.netmgt.alarmd.drools'. It is advised to have a correspondance between package and folder names.
2025-06-17 22:10:08,977 INFO  [Thread-0] o.s.c.s.ClassPathXmlApplicationContext: Closing ApplicationContext 'alarmdContext': startup date [Tue Jun 17 22:03:11 UTC 2025]; parent: ApplicationContext 'daoContext'
2025-06-17 22:10:08,978 WARN  [Thread-0] o.s.b.f.s.DisposableBeanAdapter: Invocation of destroy method failed on bean with name 'org.opennms.core.soa.support.ServiceFactoryBean#2': java.lang.IllegalStateException: Service already unregistered.
2025-06-17 22:10:08,978 WARN  [Thread-0] o.s.b.f.s.DisposableBeanAdapter: Invocation of destroy method failed on bean with name 'org.opennms.core.soa.support.ServiceFactoryBean#1': java.lang.IllegalStateException: Service already unregistered.
2025-06-17 22:10:08,981 WARN  [Thread-0] o.s.b.f.s.DisposableBeanAdapter: Invocation of destroy method failed on bean with name 'org.opennms.core.soa.support.ServiceFactoryBean#0': java.lang.IllegalStateException: Service already unregistered.
2025-06-17 22:10:29,427 INFO  [Main] o.s.c.s.ClassPathXmlApplicationContext: Refreshing org.springframework.context.support.ClassPathXmlApplicationContext@5715e84a: startup date [Tue Jun 17 22:10:29 UTC 2025]; parent: ApplicationContext 'daoContext'
2025-06-17 22:10:29,428 INFO  [Main] o.s.b.f.x.XmlBeanDefinitionReader: Loading XML bean definitions from class path resource [META-INF/opennms/applicationContext-alarmd.xml]
2025-06-17 22:10:29,444 INFO  [Main] o.s.b.f.a.AutowiredAnnotationBeanPostProcessor: JSR-330 'javax.inject.Inject' annotation found and supported for autowiring
2025-06-17 22:10:31,434 WARN  [Main] o.d.c.k.b.i.KieBuilderImpl: File 'alarmd.drl' is in folder '' but declares package 'org.opennms.netmgt.alarmd.drools'. It is advised to have a correspondance between package and folder names.
2025-06-17 22:10:31,435 WARN  [Main] o.d.c.k.b.i.KieBuilderImpl: File 'situations.drl' is in folder '' but declares package 'org.opennms.netmgt.alarmd.drools'. It is advised to have a correspondance between package and folder names.
2025-06-17 22:12:32,349 INFO  [Thread-0] o.s.c.s.ClassPathXmlApplicationContext: Closing ApplicationContext 'alarmdContext': startup date [Tue Jun 17 22:10:29 UTC 2025]; parent: ApplicationContext 'daoContext'
2025-06-17 22:12:32,349 WARN  [Thread-0] o.s.b.f.s.DisposableBeanAdapter: Invocation of destroy method failed on bean with name 'org.opennms.core.soa.support.ServiceFactoryBean#2': java.lang.IllegalStateException: Service already unregistered.
2025-06-17 22:12:32,349 WARN  [Thread-0] o.s.b.f.s.DisposableBeanAdapter: Invocation of destroy method failed on bean with name 'org.opennms.core.soa.support.ServiceFactoryBean#1': java.lang.IllegalStateException: Service already unregistered.
2025-06-17 22:12:32,352 WARN  [Thread-0] o.s.b.f.s.DisposableBeanAdapter: Invocation of destroy method failed on bean with name 'org.opennms.core.soa.support.ServiceFactoryBean#0': java.lang.IllegalStateException: Service already unregistered.
2025-06-17 22:12:54,760 INFO  [Main] o.s.c.s.ClassPathXmlApplicationContext: Refreshing org.springframework.context.support.ClassPathXmlApplicationContext@796f0af3: startup date [Tue Jun 17 22:12:54 UTC 2025]; parent: ApplicationContext 'daoContext'
2025-06-17 22:12:54,761 INFO  [Main] o.s.b.f.x.XmlBeanDefinitionReader: Loading XML bean definitions from class path resource [META-INF/opennms/applicationContext-alarmd.xml]
2025-06-17 22:12:54,780 INFO  [Main] o.s.b.f.a.AutowiredAnnotationBeanPostProcessor: JSR-330 'javax.inject.Inject' annotation found and supported for autowiring
2025-06-17 22:12:57,088 WARN  [Main] o.d.c.k.b.i.KieBuilderImpl: File 'alarmd.drl' is in folder '' but declares package 'org.opennms.netmgt.alarmd.drools'. It is advised to have a correspondance between package and folder names.
2025-06-17 22:12:57,089 WARN  [Main] o.d.c.k.b.i.KieBuilderImpl: File 'situations.drl' is in folder '' but declares package 'org.opennms.netmgt.alarmd.drools'. It is advised to have a correspondance between package and folder names.
2025-06-17 22:38:31,224 INFO  [Thread-0] o.s.c.s.ClassPathXmlApplicationContext: Closing ApplicationContext 'alarmdContext': startup date [Tue Jun 17 22:12:54 UTC 2025]; parent: ApplicationContext 'daoContext'
2025-06-17 22:38:31,224 WARN  [Thread-0] o.s.b.f.s.DisposableBeanAdapter: Invocation of destroy method failed on bean with name 'org.opennms.core.soa.support.ServiceFactoryBean#2': java.lang.IllegalStateException: Service already unregistered.
2025-06-17 22:38:31,224 WARN  [Thread-0] o.s.b.f.s.DisposableBeanAdapter: Invocation of destroy method failed on bean with name 'org.opennms.core.soa.support.ServiceFactoryBean#1': java.lang.IllegalStateException: Service already unregistered.
2025-06-17 22:38:31,229 WARN  [Thread-0] o.s.b.f.s.DisposableBeanAdapter: Invocation of destroy method failed on bean with name 'org.opennms.core.soa.support.ServiceFactoryBean#0': java.lang.IllegalStateException: Service already unregistered.
2025-06-17 22:38:50,705 INFO  [Main] o.s.c.s.ClassPathXmlApplicationContext: Refreshing org.springframework.context.support.ClassPathXmlApplicationContext@7ae5b974: startup date [Tue Jun 17 22:38:50 UTC 2025]; parent: ApplicationContext 'daoContext'
2025-06-17 22:38:50,706 INFO  [Main] o.s.b.f.x.XmlBeanDefinitionReader: Loading XML bean definitions from class path resource [META-INF/opennms/applicationContext-alarmd.xml]
2025-06-17 22:38:50,736 INFO  [Main] o.s.b.f.a.AutowiredAnnotationBeanPostProcessor: JSR-330 'javax.inject.Inject' annotation found and supported for autowiring
2025-06-17 22:38:52,698 WARN  [Main] o.d.c.k.b.i.KieBuilderImpl: File 'alarmd.drl' is in folder '' but declares package 'org.opennms.netmgt.alarmd.drools'. It is advised to have a correspondance between package and folder names.
2025-06-17 22:38:52,698 WARN  [Main] o.d.c.k.b.i.KieBuilderImpl: File 'situations.drl' is in folder '' but declares package 'org.opennms.netmgt.alarmd.drools'. It is advised to have a correspondance between package and folder names.
2025-06-17 22:46:56,928 INFO  [Thread-0] o.s.c.s.ClassPathXmlApplicationContext: Closing ApplicationContext 'alarmdContext': startup date [Tue Jun 17 22:38:50 UTC 2025]; parent: ApplicationContext 'daoContext'
2025-06-17 22:46:56,928 WARN  [Thread-0] o.s.b.f.s.DisposableBeanAdapter: Invocation of destroy method failed on bean with name 'org.opennms.core.soa.support.ServiceFactoryBean#2': java.lang.IllegalStateException: Service already unregistered.
2025-06-17 22:46:56,928 WARN  [Thread-0] o.s.b.f.s.DisposableBeanAdapter: Invocation of destroy method failed on bean with name 'org.opennms.core.soa.support.ServiceFactoryBean#1': java.lang.IllegalStateException: Service already unregistered.
2025-06-17 22:46:56,933 WARN  [Thread-0] o.s.b.f.s.DisposableBeanAdapter: Invocation of destroy method failed on bean with name 'org.opennms.core.soa.support.ServiceFactoryBean#0': java.lang.IllegalStateException: Service already unregistered.
2025-06-17 22:47:16,280 INFO  [Main] o.s.c.s.ClassPathXmlApplicationContext: Refreshing org.springframework.context.support.ClassPathXmlApplicationContext@6a69720a: startup date [Tue Jun 17 22:47:16 UTC 2025]; parent: ApplicationContext 'daoContext'
2025-06-17 22:47:16,281 INFO  [Main] o.s.b.f.x.XmlBeanDefinitionReader: Loading XML bean definitions from class path resource [META-INF/opennms/applicationContext-alarmd.xml]
2025-06-17 22:47:16,298 INFO  [Main] o.s.b.f.a.AutowiredAnnotationBeanPostProcessor: JSR-330 'javax.inject.Inject' annotation found and supported for autowiring
2025-06-17 22:47:18,431 WARN  [Main] o.d.c.k.b.i.KieBuilderImpl: File 'alarmd.drl' is in folder '' but declares package 'org.opennms.netmgt.alarmd.drools'. It is advised to have a correspondance between package and folder names.
2025-06-17 22:47:18,432 WARN  [Main] o.d.c.k.b.i.KieBuilderImpl: File 'situations.drl' is in folder '' but declares package 'org.opennms.netmgt.alarmd.drools'. It is advised to have a correspondance between package and folder names.
2025-06-17 22:58:27,882 INFO  [Thread-0] o.s.c.s.ClassPathXmlApplicationContext: Closing ApplicationContext 'alarmdContext': startup date [Tue Jun 17 22:47:16 UTC 2025]; parent: ApplicationContext 'daoContext'
2025-06-17 22:58:27,882 WARN  [Thread-0] o.s.b.f.s.DisposableBeanAdapter: Invocation of destroy method failed on bean with name 'org.opennms.core.soa.support.ServiceFactoryBean#2': java.lang.IllegalStateException: Service already unregistered.
2025-06-17 22:58:27,882 WARN  [Thread-0] o.s.b.f.s.DisposableBeanAdapter: Invocation of destroy method failed on bean with name 'org.opennms.core.soa.support.ServiceFactoryBean#1': java.lang.IllegalStateException: Service already unregistered.
2025-06-17 22:58:27,885 WARN  [Thread-0] o.s.b.f.s.DisposableBeanAdapter: Invocation of destroy method failed on bean with name 'org.opennms.core.soa.support.ServiceFactoryBean#0': java.lang.IllegalStateException: Service already unregistered.
2025-06-17 22:58:47,182 INFO  [Main] o.s.c.s.ClassPathXmlApplicationContext: Refreshing org.springframework.context.support.ClassPathXmlApplicationContext@433cfb33: startup date [Tue Jun 17 22:58:47 UTC 2025]; parent: ApplicationContext 'daoContext'
2025-06-17 22:58:47,183 INFO  [Main] o.s.b.f.x.XmlBeanDefinitionReader: Loading XML bean definitions from class path resource [META-INF/opennms/applicationContext-alarmd.xml]
2025-06-17 22:58:47,216 INFO  [Main] o.s.b.f.a.AutowiredAnnotationBeanPostProcessor: JSR-330 'javax.inject.Inject' annotation found and supported for autowiring
2025-06-17 22:58:49,195 WARN  [Main] o.d.c.k.b.i.KieBuilderImpl: File 'alarmd.drl' is in folder '' but declares package 'org.opennms.netmgt.alarmd.drools'. It is advised to have a correspondance between package and folder names.
2025-06-17 22:58:49,195 WARN  [Main] o.d.c.k.b.i.KieBuilderImpl: File 'situations.drl' is in folder '' but declares package 'org.opennms.netmgt.alarmd.drools'. It is advised to have a correspondance between package and folder names.
2025-06-17 23:04:31,584 INFO  [Thread-0] o.s.c.s.ClassPathXmlApplicationContext: Closing ApplicationContext 'alarmdContext': startup date [Tue Jun 17 22:58:47 UTC 2025]; parent: ApplicationContext 'daoContext'
2025-06-17 23:04:31,585 WARN  [Thread-0] o.s.b.f.s.DisposableBeanAdapter: Invocation of destroy method failed on bean with name 'org.opennms.core.soa.support.ServiceFactoryBean#2': java.lang.IllegalStateException: Service already unregistered.
2025-06-17 23:04:31,585 WARN  [Thread-0] o.s.b.f.s.DisposableBeanAdapter: Invocation of destroy method failed on bean with name 'org.opennms.core.soa.support.ServiceFactoryBean#1': java.lang.IllegalStateException: Service already unregistered.
2025-06-17 23:04:31,588 WARN  [Thread-0] o.s.b.f.s.DisposableBeanAdapter: Invocation of destroy method failed on bean with name 'org.opennms.core.soa.support.ServiceFactoryBean#0': java.lang.IllegalStateException: Service already unregistered.
2025-06-17 23:04:51,279 INFO  [Main] o.s.c.s.ClassPathXmlApplicationContext: Refreshing org.springframework.context.support.ClassPathXmlApplicationContext@7214aaf: startup date [Tue Jun 17 23:04:51 UTC 2025]; parent: ApplicationContext 'daoContext'
2025-06-17 23:04:51,280 INFO  [Main] o.s.b.f.x.XmlBeanDefinitionReader: Loading XML bean definitions from class path resource [META-INF/opennms/applicationContext-alarmd.xml]
2025-06-17 23:04:51,299 INFO  [Main] o.s.b.f.a.AutowiredAnnotationBeanPostProcessor: JSR-330 'javax.inject.Inject' annotation found and supported for autowiring
2025-06-17 23:04:53,393 WARN  [Main] o.d.c.k.b.i.KieBuilderImpl: File 'alarmd.drl' is in folder '' but declares package 'org.opennms.netmgt.alarmd.drools'. It is advised to have a correspondance between package and folder names.
2025-06-17 23:04:53,393 WARN  [Main] o.d.c.k.b.i.KieBuilderImpl: File 'situations.drl' is in folder '' but declares package 'org.opennms.netmgt.alarmd.drools'. It is advised to have a correspondance between package and folder names.
2025-06-17 23:09:08,523 INFO  [Thread-0] o.s.c.s.ClassPathXmlApplicationContext: Closing ApplicationContext 'alarmdContext': startup date [Tue Jun 17 23:04:51 UTC 2025]; parent: ApplicationContext 'daoContext'
2025-06-17 23:09:08,523 WARN  [Thread-0] o.s.b.f.s.DisposableBeanAdapter: Invocation of destroy method failed on bean with name 'org.opennms.core.soa.support.ServiceFactoryBean#2': java.lang.IllegalStateException: Service already unregistered.
2025-06-17 23:09:08,523 WARN  [Thread-0] o.s.b.f.s.DisposableBeanAdapter: Invocation of destroy method failed on bean with name 'org.opennms.core.soa.support.ServiceFactoryBean#1': java.lang.IllegalStateException: Service already unregistered.
2025-06-17 23:09:08,529 WARN  [Thread-0] o.s.b.f.s.DisposableBeanAdapter: Invocation of destroy method failed on bean with name 'org.opennms.core.soa.support.ServiceFactoryBean#0': java.lang.IllegalStateException: Service already unregistered.
2025-06-17 23:09:28,281 INFO  [Main] o.s.c.s.ClassPathXmlApplicationContext: Refreshing org.springframework.context.support.ClassPathXmlApplicationContext@3a9f16cb: startup date [Tue Jun 17 23:09:28 UTC 2025]; parent: ApplicationContext 'daoContext'
2025-06-17 23:09:28,281 INFO  [Main] o.s.b.f.x.XmlBeanDefinitionReader: Loading XML bean definitions from class path resource [META-INF/opennms/applicationContext-alarmd.xml]
2025-06-17 23:09:28,296 INFO  [Main] o.s.b.f.a.AutowiredAnnotationBeanPostProcessor: JSR-330 'javax.inject.Inject' annotation found and supported for autowiring
2025-06-17 23:09:30,266 WARN  [Main] o.d.c.k.b.i.KieBuilderImpl: File 'alarmd.drl' is in folder '' but declares package 'org.opennms.netmgt.alarmd.drools'. It is advised to have a correspondance between package and folder names.
2025-06-17 23:09:30,266 WARN  [Main] o.d.c.k.b.i.KieBuilderImpl: File 'situations.drl' is in folder '' but declares package 'org.opennms.netmgt.alarmd.drools'. It is advised to have a correspondance between package and folder names.
2025-06-17 23:13:19,298 INFO  [Thread-0] o.s.c.s.ClassPathXmlApplicationContext: Closing ApplicationContext 'alarmdContext': startup date [Tue Jun 17 23:09:28 UTC 2025]; parent: ApplicationContext 'daoContext'
2025-06-17 23:13:19,298 WARN  [Thread-0] o.s.b.f.s.DisposableBeanAdapter: Invocation of destroy method failed on bean with name 'org.opennms.core.soa.support.ServiceFactoryBean#2': java.lang.IllegalStateException: Service already unregistered.
2025-06-17 23:13:19,298 WARN  [Thread-0] o.s.b.f.s.DisposableBeanAdapter: Invocation of destroy method failed on bean with name 'org.opennms.core.soa.support.ServiceFactoryBean#1': java.lang.IllegalStateException: Service already unregistered.
2025-06-17 23:13:19,303 WARN  [Thread-0] o.s.b.f.s.DisposableBeanAdapter: Invocation of destroy method failed on bean with name 'org.opennms.core.soa.support.ServiceFactoryBean#0': java.lang.IllegalStateException: Service already unregistered.
2025-06-17 23:13:38,965 INFO  [Main] o.s.c.s.ClassPathXmlApplicationContext: Refreshing org.springframework.context.support.ClassPathXmlApplicationContext@62c0d594: startup date [Tue Jun 17 23:13:38 UTC 2025]; parent: ApplicationContext 'daoContext'
2025-06-17 23:13:38,966 INFO  [Main] o.s.b.f.x.XmlBeanDefinitionReader: Loading XML bean definitions from class path resource [META-INF/opennms/applicationContext-alarmd.xml]
2025-06-17 23:13:38,982 INFO  [Main] o.s.b.f.a.AutowiredAnnotationBeanPostProcessor: JSR-330 'javax.inject.Inject' annotation found and supported for autowiring
2025-06-17 23:13:41,057 WARN  [Main] o.d.c.k.b.i.KieBuilderImpl: File 'alarmd.drl' is in folder '' but declares package 'org.opennms.netmgt.alarmd.drools'. It is advised to have a correspondance between package and folder names.
2025-06-17 23:13:41,058 WARN  [Main] o.d.c.k.b.i.KieBuilderImpl: File 'situations.drl' is in folder '' but declares package 'org.opennms.netmgt.alarmd.drools'. It is advised to have a correspondance between package and folder names.
2025-06-25 14:09:29,019 INFO  [Main] o.s.c.s.ClassPathXmlApplicationContext: Refreshing org.springframework.context.support.ClassPathXmlApplicationContext@1350480c: startup date [Wed Jun 25 14:09:29 UTC 2025]; parent: ApplicationContext 'daoContext'
2025-06-25 14:09:29,021 INFO  [Main] o.s.b.f.x.XmlBeanDefinitionReader: Loading XML bean definitions from class path resource [META-INF/opennms/applicationContext-alarmd.xml]
2025-06-25 14:09:29,038 INFO  [Main] o.s.b.f.a.AutowiredAnnotationBeanPostProcessor: JSR-330 'javax.inject.Inject' annotation found and supported for autowiring
2025-06-25 14:09:31,039 WARN  [Main] o.d.c.k.b.i.KieBuilderImpl: File 'alarmd.drl' is in folder '' but declares package 'org.opennms.netmgt.alarmd.drools'. It is advised to have a correspondance between package and folder names.
2025-06-25 14:09:31,040 WARN  [Main] o.d.c.k.b.i.KieBuilderImpl: File 'situations.drl' is in folder '' but declares package 'org.opennms.netmgt.alarmd.drools'. It is advised to have a correspondance between package and folder names.
2025-06-25 14:18:46,504 INFO  [Main] o.s.c.s.ClassPathXmlApplicationContext: Refreshing org.springframework.context.support.ClassPathXmlApplicationContext@3cc1d7f9: startup date [Wed Jun 25 14:18:46 UTC 2025]; parent: ApplicationContext 'daoContext'
2025-06-25 14:18:46,506 INFO  [Main] o.s.b.f.x.XmlBeanDefinitionReader: Loading XML bean definitions from class path resource [META-INF/opennms/applicationContext-alarmd.xml]
2025-06-25 14:18:46,522 INFO  [Main] o.s.b.f.a.AutowiredAnnotationBeanPostProcessor: JSR-330 'javax.inject.Inject' annotation found and supported for autowiring
2025-06-25 14:18:48,455 WARN  [Main] o.d.c.k.b.i.KieBuilderImpl: File 'alarmd.drl' is in folder '' but declares package 'org.opennms.netmgt.alarmd.drools'. It is advised to have a correspondance between package and folder names.
2025-06-25 14:18:48,456 WARN  [Main] o.d.c.k.b.i.KieBuilderImpl: File 'situations.drl' is in folder '' but declares package 'org.opennms.netmgt.alarmd.drools'. It is advised to have a correspondance between package and folder names.
2025-06-25 14:29:47,025 INFO  [Main] o.s.c.s.ClassPathXmlApplicationContext: Refreshing org.springframework.context.support.ClassPathXmlApplicationContext@26b2ed0: startup date [Wed Jun 25 14:29:47 UTC 2025]; parent: ApplicationContext 'daoContext'
2025-06-25 14:29:47,028 INFO  [Main] o.s.b.f.x.XmlBeanDefinitionReader: Loading XML bean definitions from class path resource [META-INF/opennms/applicationContext-alarmd.xml]
2025-06-25 14:29:47,045 INFO  [Main] o.s.b.f.a.AutowiredAnnotationBeanPostProcessor: JSR-330 'javax.inject.Inject' annotation found and supported for autowiring
2025-06-25 14:29:48,971 WARN  [Main] o.d.c.k.b.i.KieBuilderImpl: File 'alarmd.drl' is in folder '' but declares package 'org.opennms.netmgt.alarmd.drools'. It is advised to have a correspondance between package and folder names.
2025-06-25 14:29:48,971 WARN  [Main] o.d.c.k.b.i.KieBuilderImpl: File 'situations.drl' is in folder '' but declares package 'org.opennms.netmgt.alarmd.drools'. It is advised to have a correspondance between package and folder names.
2025-06-25 14:33:33,424 INFO  [Main] o.s.c.s.ClassPathXmlApplicationContext: Refreshing org.springframework.context.support.ClassPathXmlApplicationContext@a52302a: startup date [Wed Jun 25 14:33:33 UTC 2025]; parent: ApplicationContext 'daoContext'
2025-06-25 14:33:33,426 INFO  [Main] o.s.b.f.x.XmlBeanDefinitionReader: Loading XML bean definitions from class path resource [META-INF/opennms/applicationContext-alarmd.xml]
2025-06-25 14:33:33,442 INFO  [Main] o.s.b.f.a.AutowiredAnnotationBeanPostProcessor: JSR-330 'javax.inject.Inject' annotation found and supported for autowiring
2025-06-25 14:33:35,432 WARN  [Main] o.d.c.k.b.i.KieBuilderImpl: File 'alarmd.drl' is in folder '' but declares package 'org.opennms.netmgt.alarmd.drools'. It is advised to have a correspondance between package and folder names.
2025-06-25 14:33:35,432 WARN  [Main] o.d.c.k.b.i.KieBuilderImpl: File 'situations.drl' is in folder '' but declares package 'org.opennms.netmgt.alarmd.drools'. It is advised to have a correspondance between package and folder names.
