2025-06-17 21:40:25,466 INFO  [Main] o.s.c.s.ClassPathXmlApplicationContext: Refreshing org.springframework.context.support.ClassPathXmlApplicationContext@3a65b379: startup date [Tue Jun 17 21:40:25 UTC 2025]; parent: ApplicationContext 'daoContext'
2025-06-17 21:40:25,467 INFO  [Main] o.s.b.f.x.XmlBeanDefinitionReader: Loading XML bean definitions from class path resource [META-INF/opennms/applicationContext-bsmd.xml]
2025-06-17 21:40:25,476 INFO  [Main] o.s.b.f.a.AutowiredAnnotationBeanPostProcessor: JSR-330 'javax.inject.Inject' annotation found and supported for autowiring
2025-06-17 21:43:33,063 INFO  [Thread-0] o.s.c.s.ClassPathXmlApplicationContext: Closing ApplicationContext 'bsmdContext': startup date [Tue Jun 17 21:40:25 UTC 2025]; parent: ApplicationContext 'daoContext'
2025-06-17 21:43:33,063 WARN  [Thread-0] o.s.b.f.s.DisposableBeanAdapter: Invocation of destroy method failed on bean with name 'org.opennms.core.soa.support.ServiceFactoryBean#0': java.lang.IllegalStateException: Service already unregistered.
2025-06-17 21:43:52,912 INFO  [Main] o.s.c.s.ClassPathXmlApplicationContext: Refreshing org.springframework.context.support.ClassPathXmlApplicationContext@3c068c77: startup date [Tue Jun 17 21:43:52 UTC 2025]; parent: ApplicationContext 'daoContext'
2025-06-17 21:43:52,913 INFO  [Main] o.s.b.f.x.XmlBeanDefinitionReader: Loading XML bean definitions from class path resource [META-INF/opennms/applicationContext-bsmd.xml]
2025-06-17 21:43:52,922 INFO  [Main] o.s.b.f.a.AutowiredAnnotationBeanPostProcessor: JSR-330 'javax.inject.Inject' annotation found and supported for autowiring
2025-06-17 21:49:22,546 INFO  [Thread-0] o.s.c.s.ClassPathXmlApplicationContext: Closing ApplicationContext 'bsmdContext': startup date [Tue Jun 17 21:43:52 UTC 2025]; parent: ApplicationContext 'daoContext'
2025-06-17 21:49:22,546 WARN  [Thread-0] o.s.b.f.s.DisposableBeanAdapter: Invocation of destroy method failed on bean with name 'org.opennms.core.soa.support.ServiceFactoryBean#0': java.lang.IllegalStateException: Service already unregistered.
2025-06-17 21:49:42,212 INFO  [Main] o.s.c.s.ClassPathXmlApplicationContext: Refreshing org.springframework.context.support.ClassPathXmlApplicationContext@41bf3993: startup date [Tue Jun 17 21:49:42 UTC 2025]; parent: ApplicationContext 'daoContext'
2025-06-17 21:49:42,213 INFO  [Main] o.s.b.f.x.XmlBeanDefinitionReader: Loading XML bean definitions from class path resource [META-INF/opennms/applicationContext-bsmd.xml]
2025-06-17 21:49:42,236 INFO  [Main] o.s.b.f.a.AutowiredAnnotationBeanPostProcessor: JSR-330 'javax.inject.Inject' annotation found and supported for autowiring
2025-06-17 21:54:05,470 INFO  [Thread-0] o.s.c.s.ClassPathXmlApplicationContext: Closing ApplicationContext 'bsmdContext': startup date [Tue Jun 17 21:49:42 UTC 2025]; parent: ApplicationContext 'daoContext'
2025-06-17 21:54:05,470 WARN  [Thread-0] o.s.b.f.s.DisposableBeanAdapter: Invocation of destroy method failed on bean with name 'org.opennms.core.soa.support.ServiceFactoryBean#0': java.lang.IllegalStateException: Service already unregistered.
2025-06-17 21:54:25,267 INFO  [Main] o.s.c.s.ClassPathXmlApplicationContext: Refreshing org.springframework.context.support.ClassPathXmlApplicationContext@6ba281c3: startup date [Tue Jun 17 21:54:25 UTC 2025]; parent: ApplicationContext 'daoContext'
2025-06-17 21:54:25,269 INFO  [Main] o.s.b.f.x.XmlBeanDefinitionReader: Loading XML bean definitions from class path resource [META-INF/opennms/applicationContext-bsmd.xml]
2025-06-17 21:54:25,278 INFO  [Main] o.s.b.f.a.AutowiredAnnotationBeanPostProcessor: JSR-330 'javax.inject.Inject' annotation found and supported for autowiring
2025-06-17 21:58:22,495 INFO  [Thread-0] o.s.c.s.ClassPathXmlApplicationContext: Closing ApplicationContext 'bsmdContext': startup date [Tue Jun 17 21:54:25 UTC 2025]; parent: ApplicationContext 'daoContext'
2025-06-17 21:58:22,496 WARN  [Thread-0] o.s.b.f.s.DisposableBeanAdapter: Invocation of destroy method failed on bean with name 'org.opennms.core.soa.support.ServiceFactoryBean#0': java.lang.IllegalStateException: Service already unregistered.
2025-06-17 21:58:49,569 INFO  [Main] o.s.c.s.ClassPathXmlApplicationContext: Refreshing org.springframework.context.support.ClassPathXmlApplicationContext@19497dae: startup date [Tue Jun 17 21:58:49 UTC 2025]; parent: ApplicationContext 'daoContext'
2025-06-17 21:58:49,570 INFO  [Main] o.s.b.f.x.XmlBeanDefinitionReader: Loading XML bean definitions from class path resource [META-INF/opennms/applicationContext-bsmd.xml]
2025-06-17 21:58:49,580 INFO  [Main] o.s.b.f.a.AutowiredAnnotationBeanPostProcessor: JSR-330 'javax.inject.Inject' annotation found and supported for autowiring
2025-06-17 22:02:51,529 INFO  [Thread-0] o.s.c.s.ClassPathXmlApplicationContext: Closing ApplicationContext 'bsmdContext': startup date [Tue Jun 17 21:58:49 UTC 2025]; parent: ApplicationContext 'daoContext'
2025-06-17 22:02:51,529 WARN  [Thread-0] o.s.b.f.s.DisposableBeanAdapter: Invocation of destroy method failed on bean with name 'org.opennms.core.soa.support.ServiceFactoryBean#0': java.lang.IllegalStateException: Service already unregistered.
2025-06-17 22:03:11,230 INFO  [Main] o.s.c.s.ClassPathXmlApplicationContext: Refreshing org.springframework.context.support.ClassPathXmlApplicationContext@5d03ba57: startup date [Tue Jun 17 22:03:11 UTC 2025]; parent: ApplicationContext 'daoContext'
2025-06-17 22:03:11,232 INFO  [Main] o.s.b.f.x.XmlBeanDefinitionReader: Loading XML bean definitions from class path resource [META-INF/opennms/applicationContext-bsmd.xml]
2025-06-17 22:03:11,241 INFO  [Main] o.s.b.f.a.AutowiredAnnotationBeanPostProcessor: JSR-330 'javax.inject.Inject' annotation found and supported for autowiring
2025-06-17 22:10:08,977 INFO  [Thread-0] o.s.c.s.ClassPathXmlApplicationContext: Closing ApplicationContext 'bsmdContext': startup date [Tue Jun 17 22:03:11 UTC 2025]; parent: ApplicationContext 'daoContext'
2025-06-17 22:10:08,977 WARN  [Thread-0] o.s.b.f.s.DisposableBeanAdapter: Invocation of destroy method failed on bean with name 'org.opennms.core.soa.support.ServiceFactoryBean#0': java.lang.IllegalStateException: Service already unregistered.
2025-06-17 22:10:29,476 INFO  [Main] o.s.c.s.ClassPathXmlApplicationContext: Refreshing org.springframework.context.support.ClassPathXmlApplicationContext@172777ee: startup date [Tue Jun 17 22:10:29 UTC 2025]; parent: ApplicationContext 'daoContext'
2025-06-17 22:10:29,477 INFO  [Main] o.s.b.f.x.XmlBeanDefinitionReader: Loading XML bean definitions from class path resource [META-INF/opennms/applicationContext-bsmd.xml]
2025-06-17 22:10:29,501 INFO  [Main] o.s.b.f.a.AutowiredAnnotationBeanPostProcessor: JSR-330 'javax.inject.Inject' annotation found and supported for autowiring
2025-06-17 22:12:32,348 INFO  [Thread-0] o.s.c.s.ClassPathXmlApplicationContext: Closing ApplicationContext 'bsmdContext': startup date [Tue Jun 17 22:10:29 UTC 2025]; parent: ApplicationContext 'daoContext'
2025-06-17 22:12:32,348 WARN  [Thread-0] o.s.b.f.s.DisposableBeanAdapter: Invocation of destroy method failed on bean with name 'org.opennms.core.soa.support.ServiceFactoryBean#0': java.lang.IllegalStateException: Service already unregistered.
2025-06-17 22:12:54,812 INFO  [Main] o.s.c.s.ClassPathXmlApplicationContext: Refreshing org.springframework.context.support.ClassPathXmlApplicationContext@4d5ffad3: startup date [Tue Jun 17 22:12:54 UTC 2025]; parent: ApplicationContext 'daoContext'
2025-06-17 22:12:54,813 INFO  [Main] o.s.b.f.x.XmlBeanDefinitionReader: Loading XML bean definitions from class path resource [META-INF/opennms/applicationContext-bsmd.xml]
2025-06-17 22:12:54,823 INFO  [Main] o.s.b.f.a.AutowiredAnnotationBeanPostProcessor: JSR-330 'javax.inject.Inject' annotation found and supported for autowiring
2025-06-17 22:38:31,224 INFO  [Thread-0] o.s.c.s.ClassPathXmlApplicationContext: Closing ApplicationContext 'bsmdContext': startup date [Tue Jun 17 22:12:54 UTC 2025]; parent: ApplicationContext 'daoContext'
2025-06-17 22:38:31,224 WARN  [Thread-0] o.s.b.f.s.DisposableBeanAdapter: Invocation of destroy method failed on bean with name 'org.opennms.core.soa.support.ServiceFactoryBean#0': java.lang.IllegalStateException: Service already unregistered.
2025-06-17 22:38:50,766 INFO  [Main] o.s.c.s.ClassPathXmlApplicationContext: Refreshing org.springframework.context.support.ClassPathXmlApplicationContext@5cfa5e9a: startup date [Tue Jun 17 22:38:50 UTC 2025]; parent: ApplicationContext 'daoContext'
2025-06-17 22:38:50,768 INFO  [Main] o.s.b.f.x.XmlBeanDefinitionReader: Loading XML bean definitions from class path resource [META-INF/opennms/applicationContext-bsmd.xml]
2025-06-17 22:38:50,777 INFO  [Main] o.s.b.f.a.AutowiredAnnotationBeanPostProcessor: JSR-330 'javax.inject.Inject' annotation found and supported for autowiring
2025-06-17 22:46:56,928 INFO  [Thread-0] o.s.c.s.ClassPathXmlApplicationContext: Closing ApplicationContext 'bsmdContext': startup date [Tue Jun 17 22:38:50 UTC 2025]; parent: ApplicationContext 'daoContext'
2025-06-17 22:46:56,928 WARN  [Thread-0] o.s.b.f.s.DisposableBeanAdapter: Invocation of destroy method failed on bean with name 'org.opennms.core.soa.support.ServiceFactoryBean#0': java.lang.IllegalStateException: Service already unregistered.
2025-06-17 22:47:16,341 INFO  [Main] o.s.c.s.ClassPathXmlApplicationContext: Refreshing org.springframework.context.support.ClassPathXmlApplicationContext@74885aa: startup date [Tue Jun 17 22:47:16 UTC 2025]; parent: ApplicationContext 'daoContext'
2025-06-17 22:47:16,343 INFO  [Main] o.s.b.f.x.XmlBeanDefinitionReader: Loading XML bean definitions from class path resource [META-INF/opennms/applicationContext-bsmd.xml]
2025-06-17 22:47:16,352 INFO  [Main] o.s.b.f.a.AutowiredAnnotationBeanPostProcessor: JSR-330 'javax.inject.Inject' annotation found and supported for autowiring
2025-06-17 22:58:27,882 INFO  [Thread-0] o.s.c.s.ClassPathXmlApplicationContext: Closing ApplicationContext 'bsmdContext': startup date [Tue Jun 17 22:47:16 UTC 2025]; parent: ApplicationContext 'daoContext'
2025-06-17 22:58:27,882 WARN  [Thread-0] o.s.b.f.s.DisposableBeanAdapter: Invocation of destroy method failed on bean with name 'org.opennms.core.soa.support.ServiceFactoryBean#0': java.lang.IllegalStateException: Service already unregistered.
2025-06-17 22:58:47,263 INFO  [Main] o.s.c.s.ClassPathXmlApplicationContext: Refreshing org.springframework.context.support.ClassPathXmlApplicationContext@6c77abd5: startup date [Tue Jun 17 22:58:47 UTC 2025]; parent: ApplicationContext 'daoContext'
2025-06-17 22:58:47,264 INFO  [Main] o.s.b.f.x.XmlBeanDefinitionReader: Loading XML bean definitions from class path resource [META-INF/opennms/applicationContext-bsmd.xml]
2025-06-17 22:58:47,273 INFO  [Main] o.s.b.f.a.AutowiredAnnotationBeanPostProcessor: JSR-330 'javax.inject.Inject' annotation found and supported for autowiring
2025-06-17 23:04:31,584 INFO  [Thread-0] o.s.c.s.ClassPathXmlApplicationContext: Closing ApplicationContext 'bsmdContext': startup date [Tue Jun 17 22:58:47 UTC 2025]; parent: ApplicationContext 'daoContext'
2025-06-17 23:04:31,584 WARN  [Thread-0] o.s.b.f.s.DisposableBeanAdapter: Invocation of destroy method failed on bean with name 'org.opennms.core.soa.support.ServiceFactoryBean#0': java.lang.IllegalStateException: Service already unregistered.
2025-06-17 23:04:51,329 INFO  [Main] o.s.c.s.ClassPathXmlApplicationContext: Refreshing org.springframework.context.support.ClassPathXmlApplicationContext@28a2ccc1: startup date [Tue Jun 17 23:04:51 UTC 2025]; parent: ApplicationContext 'daoContext'
2025-06-17 23:04:51,330 INFO  [Main] o.s.b.f.x.XmlBeanDefinitionReader: Loading XML bean definitions from class path resource [META-INF/opennms/applicationContext-bsmd.xml]
2025-06-17 23:04:51,340 INFO  [Main] o.s.b.f.a.AutowiredAnnotationBeanPostProcessor: JSR-330 'javax.inject.Inject' annotation found and supported for autowiring
2025-06-17 23:09:08,522 INFO  [Thread-0] o.s.c.s.ClassPathXmlApplicationContext: Closing ApplicationContext 'bsmdContext': startup date [Tue Jun 17 23:04:51 UTC 2025]; parent: ApplicationContext 'daoContext'
2025-06-17 23:09:08,522 WARN  [Thread-0] o.s.b.f.s.DisposableBeanAdapter: Invocation of destroy method failed on bean with name 'org.opennms.core.soa.support.ServiceFactoryBean#0': java.lang.IllegalStateException: Service already unregistered.
2025-06-17 23:09:28,336 INFO  [Main] o.s.c.s.ClassPathXmlApplicationContext: Refreshing org.springframework.context.support.ClassPathXmlApplicationContext@c5a2cb1: startup date [Tue Jun 17 23:09:28 UTC 2025]; parent: ApplicationContext 'daoContext'
2025-06-17 23:09:28,337 INFO  [Main] o.s.b.f.x.XmlBeanDefinitionReader: Loading XML bean definitions from class path resource [META-INF/opennms/applicationContext-bsmd.xml]
2025-06-17 23:09:28,347 INFO  [Main] o.s.b.f.a.AutowiredAnnotationBeanPostProcessor: JSR-330 'javax.inject.Inject' annotation found and supported for autowiring
2025-06-17 23:13:19,298 INFO  [Thread-0] o.s.c.s.ClassPathXmlApplicationContext: Closing ApplicationContext 'bsmdContext': startup date [Tue Jun 17 23:09:28 UTC 2025]; parent: ApplicationContext 'daoContext'
2025-06-17 23:13:19,298 WARN  [Thread-0] o.s.b.f.s.DisposableBeanAdapter: Invocation of destroy method failed on bean with name 'org.opennms.core.soa.support.ServiceFactoryBean#0': java.lang.IllegalStateException: Service already unregistered.
2025-06-17 23:13:39,012 INFO  [Main] o.s.c.s.ClassPathXmlApplicationContext: Refreshing org.springframework.context.support.ClassPathXmlApplicationContext@337a98af: startup date [Tue Jun 17 23:13:39 UTC 2025]; parent: ApplicationContext 'daoContext'
2025-06-17 23:13:39,013 INFO  [Main] o.s.b.f.x.XmlBeanDefinitionReader: Loading XML bean definitions from class path resource [META-INF/opennms/applicationContext-bsmd.xml]
2025-06-17 23:13:39,024 INFO  [Main] o.s.b.f.a.AutowiredAnnotationBeanPostProcessor: JSR-330 'javax.inject.Inject' annotation found and supported for autowiring
2025-06-25 14:09:29,134 INFO  [Main] o.s.c.s.ClassPathXmlApplicationContext: Refreshing org.springframework.context.support.ClassPathXmlApplicationContext@40365275: startup date [Wed Jun 25 14:09:29 UTC 2025]; parent: ApplicationContext 'daoContext'
2025-06-25 14:09:29,136 INFO  [Main] o.s.b.f.x.XmlBeanDefinitionReader: Loading XML bean definitions from class path resource [META-INF/opennms/applicationContext-bsmd.xml]
2025-06-25 14:09:29,147 INFO  [Main] o.s.b.f.a.AutowiredAnnotationBeanPostProcessor: JSR-330 'javax.inject.Inject' annotation found and supported for autowiring
2025-06-25 14:18:46,554 INFO  [Main] o.s.c.s.ClassPathXmlApplicationContext: Refreshing org.springframework.context.support.ClassPathXmlApplicationContext@5eb3ed4e: startup date [Wed Jun 25 14:18:46 UTC 2025]; parent: ApplicationContext 'daoContext'
2025-06-25 14:18:46,555 INFO  [Main] o.s.b.f.x.XmlBeanDefinitionReader: Loading XML bean definitions from class path resource [META-INF/opennms/applicationContext-bsmd.xml]
2025-06-25 14:18:46,565 INFO  [Main] o.s.b.f.a.AutowiredAnnotationBeanPostProcessor: JSR-330 'javax.inject.Inject' annotation found and supported for autowiring
2025-06-25 14:29:47,076 INFO  [Main] o.s.c.s.ClassPathXmlApplicationContext: Refreshing org.springframework.context.support.ClassPathXmlApplicationContext@2b2c6852: startup date [Wed Jun 25 14:29:47 UTC 2025]; parent: ApplicationContext 'daoContext'
2025-06-25 14:29:47,078 INFO  [Main] o.s.b.f.x.XmlBeanDefinitionReader: Loading XML bean definitions from class path resource [META-INF/opennms/applicationContext-bsmd.xml]
2025-06-25 14:29:47,097 INFO  [Main] o.s.b.f.a.AutowiredAnnotationBeanPostProcessor: JSR-330 'javax.inject.Inject' annotation found and supported for autowiring
2025-06-25 14:33:33,473 INFO  [Main] o.s.c.s.ClassPathXmlApplicationContext: Refreshing org.springframework.context.support.ClassPathXmlApplicationContext@1d35e693: startup date [Wed Jun 25 14:33:33 UTC 2025]; parent: ApplicationContext 'daoContext'
2025-06-25 14:33:33,475 INFO  [Main] o.s.b.f.x.XmlBeanDefinitionReader: Loading XML bean definitions from class path resource [META-INF/opennms/applicationContext-bsmd.xml]
2025-06-25 14:33:33,496 INFO  [Main] o.s.b.f.a.AutowiredAnnotationBeanPostProcessor: JSR-330 'javax.inject.Inject' annotation found and supported for autowiring
