2025-06-17 21:40:26,118 INFO  [Main] o.s.c.s.ClassPathXmlApplicationContext: Refreshing org.springframework.context.support.ClassPathXmlApplicationContext@4dcabb7a: startup date [Tue Jun 17 21:40:26 UTC 2025]; parent: ApplicationContext 'thresholdingContext'
2025-06-17 21:40:26,119 INFO  [Main] o.s.b.f.x.XmlBeanDefinitionReader: Loading XML bean definitions from class path resource [META-INF/opennms/applicationContext-rpc-collector.xml]
2025-06-17 21:40:26,126 INFO  [Main] o.s.b.f.x.XmlBeanDefinitionReader: Loading XML bean definitions from class path resource [META-INF/opennms/applicationContext-collectd.xml]
2025-06-17 21:40:26,135 INFO  [Main] o.s.b.f.a.AutowiredAnnotationBeanPostProcessor: JSR-330 'javax.inject.Inject' annotation found and supported for autowiring
2025-06-17 21:43:33,057 INFO  [Thread-0] o.s.c.s.ClassPathXmlApplicationContext: Closing ApplicationContext 'collectdContext': startup date [Tue Jun 17 21:40:26 UTC 2025]; parent: ApplicationContext 'thresholdingContext'
2025-06-17 21:43:33,057 WARN  [Thread-0] o.s.b.f.s.DisposableBeanAdapter: Invocation of destroy method failed on bean with name 'org.opennms.core.soa.support.ServiceFactoryBean#2': java.lang.IllegalStateException: Service already unregistered.
2025-06-17 21:43:33,058 WARN  [Thread-0] o.s.b.f.s.DisposableBeanAdapter: Invocation of destroy method failed on bean with name 'org.opennms.core.soa.support.ServiceFactoryBean#1': java.lang.IllegalStateException: Service already unregistered.
2025-06-17 21:43:33,058 WARN  [Thread-0] o.s.b.f.s.DisposableBeanAdapter: Invocation of destroy method failed on bean with name 'org.opennms.core.soa.support.ServiceFactoryBean#0': java.lang.IllegalStateException: Service already unregistered.
2025-06-17 21:43:53,655 INFO  [Main] o.s.c.s.ClassPathXmlApplicationContext: Refreshing org.springframework.context.support.ClassPathXmlApplicationContext@4122c0a2: startup date [Tue Jun 17 21:43:53 UTC 2025]; parent: ApplicationContext 'thresholdingContext'
2025-06-17 21:43:53,656 INFO  [Main] o.s.b.f.x.XmlBeanDefinitionReader: Loading XML bean definitions from class path resource [META-INF/opennms/applicationContext-rpc-collector.xml]
2025-06-17 21:43:53,663 INFO  [Main] o.s.b.f.x.XmlBeanDefinitionReader: Loading XML bean definitions from class path resource [META-INF/opennms/applicationContext-collectd.xml]
2025-06-17 21:43:53,670 INFO  [Main] o.s.b.f.a.AutowiredAnnotationBeanPostProcessor: JSR-330 'javax.inject.Inject' annotation found and supported for autowiring
2025-06-17 21:49:22,541 INFO  [Thread-0] o.s.c.s.ClassPathXmlApplicationContext: Closing ApplicationContext 'collectdContext': startup date [Tue Jun 17 21:43:53 UTC 2025]; parent: ApplicationContext 'thresholdingContext'
2025-06-17 21:49:22,541 WARN  [Thread-0] o.s.b.f.s.DisposableBeanAdapter: Invocation of destroy method failed on bean with name 'org.opennms.core.soa.support.ServiceFactoryBean#2': java.lang.IllegalStateException: Service already unregistered.
2025-06-17 21:49:22,542 WARN  [Thread-0] o.s.b.f.s.DisposableBeanAdapter: Invocation of destroy method failed on bean with name 'org.opennms.core.soa.support.ServiceFactoryBean#1': java.lang.IllegalStateException: Service already unregistered.
2025-06-17 21:49:22,542 WARN  [Thread-0] o.s.b.f.s.DisposableBeanAdapter: Invocation of destroy method failed on bean with name 'org.opennms.core.soa.support.ServiceFactoryBean#0': java.lang.IllegalStateException: Service already unregistered.
2025-06-17 21:49:42,899 INFO  [Main] o.s.c.s.ClassPathXmlApplicationContext: Refreshing org.springframework.context.support.ClassPathXmlApplicationContext@316d9f8a: startup date [Tue Jun 17 21:49:42 UTC 2025]; parent: ApplicationContext 'thresholdingContext'
2025-06-17 21:49:42,901 INFO  [Main] o.s.b.f.x.XmlBeanDefinitionReader: Loading XML bean definitions from class path resource [META-INF/opennms/applicationContext-rpc-collector.xml]
2025-06-17 21:49:42,909 INFO  [Main] o.s.b.f.x.XmlBeanDefinitionReader: Loading XML bean definitions from class path resource [META-INF/opennms/applicationContext-collectd.xml]
2025-06-17 21:49:42,917 INFO  [Main] o.s.b.f.a.AutowiredAnnotationBeanPostProcessor: JSR-330 'javax.inject.Inject' annotation found and supported for autowiring
2025-06-17 21:54:05,464 INFO  [Thread-0] o.s.c.s.ClassPathXmlApplicationContext: Closing ApplicationContext 'collectdContext': startup date [Tue Jun 17 21:49:42 UTC 2025]; parent: ApplicationContext 'thresholdingContext'
2025-06-17 21:54:05,464 WARN  [Thread-0] o.s.b.f.s.DisposableBeanAdapter: Invocation of destroy method failed on bean with name 'org.opennms.core.soa.support.ServiceFactoryBean#2': java.lang.IllegalStateException: Service already unregistered.
2025-06-17 21:54:05,465 WARN  [Thread-0] o.s.b.f.s.DisposableBeanAdapter: Invocation of destroy method failed on bean with name 'org.opennms.core.soa.support.ServiceFactoryBean#1': java.lang.IllegalStateException: Service already unregistered.
2025-06-17 21:54:05,465 WARN  [Thread-0] o.s.b.f.s.DisposableBeanAdapter: Invocation of destroy method failed on bean with name 'org.opennms.core.soa.support.ServiceFactoryBean#0': java.lang.IllegalStateException: Service already unregistered.
2025-06-17 21:54:25,972 INFO  [Main] o.s.c.s.ClassPathXmlApplicationContext: Refreshing org.springframework.context.support.ClassPathXmlApplicationContext@333c751c: startup date [Tue Jun 17 21:54:25 UTC 2025]; parent: ApplicationContext 'thresholdingContext'
2025-06-17 21:54:25,973 INFO  [Main] o.s.b.f.x.XmlBeanDefinitionReader: Loading XML bean definitions from class path resource [META-INF/opennms/applicationContext-rpc-collector.xml]
2025-06-17 21:54:25,981 INFO  [Main] o.s.b.f.x.XmlBeanDefinitionReader: Loading XML bean definitions from class path resource [META-INF/opennms/applicationContext-collectd.xml]
2025-06-17 21:54:25,988 INFO  [Main] o.s.b.f.a.AutowiredAnnotationBeanPostProcessor: JSR-330 'javax.inject.Inject' annotation found and supported for autowiring
2025-06-17 21:58:22,486 INFO  [Thread-0] o.s.c.s.ClassPathXmlApplicationContext: Closing ApplicationContext 'collectdContext': startup date [Tue Jun 17 21:54:25 UTC 2025]; parent: ApplicationContext 'thresholdingContext'
2025-06-17 21:58:22,487 WARN  [Thread-0] o.s.b.f.s.DisposableBeanAdapter: Invocation of destroy method failed on bean with name 'org.opennms.core.soa.support.ServiceFactoryBean#2': java.lang.IllegalStateException: Service already unregistered.
2025-06-17 21:58:22,487 WARN  [Thread-0] o.s.b.f.s.DisposableBeanAdapter: Invocation of destroy method failed on bean with name 'org.opennms.core.soa.support.ServiceFactoryBean#1': java.lang.IllegalStateException: Service already unregistered.
2025-06-17 21:58:22,488 WARN  [Thread-0] o.s.b.f.s.DisposableBeanAdapter: Invocation of destroy method failed on bean with name 'org.opennms.core.soa.support.ServiceFactoryBean#0': java.lang.IllegalStateException: Service already unregistered.
2025-06-17 21:58:50,240 INFO  [Main] o.s.c.s.ClassPathXmlApplicationContext: Refreshing org.springframework.context.support.ClassPathXmlApplicationContext@2a89327: startup date [Tue Jun 17 21:58:50 UTC 2025]; parent: ApplicationContext 'thresholdingContext'
2025-06-17 21:58:50,241 INFO  [Main] o.s.b.f.x.XmlBeanDefinitionReader: Loading XML bean definitions from class path resource [META-INF/opennms/applicationContext-rpc-collector.xml]
2025-06-17 21:58:50,248 INFO  [Main] o.s.b.f.x.XmlBeanDefinitionReader: Loading XML bean definitions from class path resource [META-INF/opennms/applicationContext-collectd.xml]
2025-06-17 21:58:50,256 INFO  [Main] o.s.b.f.a.AutowiredAnnotationBeanPostProcessor: JSR-330 'javax.inject.Inject' annotation found and supported for autowiring
2025-06-17 22:02:51,523 INFO  [Thread-0] o.s.c.s.ClassPathXmlApplicationContext: Closing ApplicationContext 'collectdContext': startup date [Tue Jun 17 21:58:50 UTC 2025]; parent: ApplicationContext 'thresholdingContext'
2025-06-17 22:02:51,523 WARN  [Thread-0] o.s.b.f.s.DisposableBeanAdapter: Invocation of destroy method failed on bean with name 'org.opennms.core.soa.support.ServiceFactoryBean#2': java.lang.IllegalStateException: Service already unregistered.
2025-06-17 22:02:51,525 WARN  [Thread-0] o.s.b.f.s.DisposableBeanAdapter: Invocation of destroy method failed on bean with name 'org.opennms.core.soa.support.ServiceFactoryBean#1': java.lang.IllegalStateException: Service already unregistered.
2025-06-17 22:02:51,525 WARN  [Thread-0] o.s.b.f.s.DisposableBeanAdapter: Invocation of destroy method failed on bean with name 'org.opennms.core.soa.support.ServiceFactoryBean#0': java.lang.IllegalStateException: Service already unregistered.
2025-06-17 22:03:11,867 INFO  [Main] o.s.c.s.ClassPathXmlApplicationContext: Refreshing org.springframework.context.support.ClassPathXmlApplicationContext@17dd929e: startup date [Tue Jun 17 22:03:11 UTC 2025]; parent: ApplicationContext 'thresholdingContext'
2025-06-17 22:03:11,868 INFO  [Main] o.s.b.f.x.XmlBeanDefinitionReader: Loading XML bean definitions from class path resource [META-INF/opennms/applicationContext-rpc-collector.xml]
2025-06-17 22:03:11,875 INFO  [Main] o.s.b.f.x.XmlBeanDefinitionReader: Loading XML bean definitions from class path resource [META-INF/opennms/applicationContext-collectd.xml]
2025-06-17 22:03:11,882 INFO  [Main] o.s.b.f.a.AutowiredAnnotationBeanPostProcessor: JSR-330 'javax.inject.Inject' annotation found and supported for autowiring
2025-06-17 22:10:08,973 INFO  [Thread-0] o.s.c.s.ClassPathXmlApplicationContext: Closing ApplicationContext 'collectdContext': startup date [Tue Jun 17 22:03:11 UTC 2025]; parent: ApplicationContext 'thresholdingContext'
2025-06-17 22:10:08,973 WARN  [Thread-0] o.s.b.f.s.DisposableBeanAdapter: Invocation of destroy method failed on bean with name 'org.opennms.core.soa.support.ServiceFactoryBean#2': java.lang.IllegalStateException: Service already unregistered.
2025-06-17 22:10:08,973 WARN  [Thread-0] o.s.b.f.s.DisposableBeanAdapter: Invocation of destroy method failed on bean with name 'org.opennms.core.soa.support.ServiceFactoryBean#1': java.lang.IllegalStateException: Service already unregistered.
2025-06-17 22:10:08,973 WARN  [Thread-0] o.s.b.f.s.DisposableBeanAdapter: Invocation of destroy method failed on bean with name 'org.opennms.core.soa.support.ServiceFactoryBean#0': java.lang.IllegalStateException: Service already unregistered.
2025-06-17 22:10:30,107 INFO  [Main] o.s.c.s.ClassPathXmlApplicationContext: Refreshing org.springframework.context.support.ClassPathXmlApplicationContext@4ac16c6: startup date [Tue Jun 17 22:10:30 UTC 2025]; parent: ApplicationContext 'thresholdingContext'
2025-06-17 22:10:30,108 INFO  [Main] o.s.b.f.x.XmlBeanDefinitionReader: Loading XML bean definitions from class path resource [META-INF/opennms/applicationContext-rpc-collector.xml]
2025-06-17 22:10:30,114 INFO  [Main] o.s.b.f.x.XmlBeanDefinitionReader: Loading XML bean definitions from class path resource [META-INF/opennms/applicationContext-collectd.xml]
2025-06-17 22:10:30,120 INFO  [Main] o.s.b.f.a.AutowiredAnnotationBeanPostProcessor: JSR-330 'javax.inject.Inject' annotation found and supported for autowiring
2025-06-17 22:12:32,343 INFO  [Thread-0] o.s.c.s.ClassPathXmlApplicationContext: Closing ApplicationContext 'collectdContext': startup date [Tue Jun 17 22:10:30 UTC 2025]; parent: ApplicationContext 'thresholdingContext'
2025-06-17 22:12:32,344 WARN  [Thread-0] o.s.b.f.s.DisposableBeanAdapter: Invocation of destroy method failed on bean with name 'org.opennms.core.soa.support.ServiceFactoryBean#2': java.lang.IllegalStateException: Service already unregistered.
2025-06-17 22:12:32,345 WARN  [Thread-0] o.s.b.f.s.DisposableBeanAdapter: Invocation of destroy method failed on bean with name 'org.opennms.core.soa.support.ServiceFactoryBean#1': java.lang.IllegalStateException: Service already unregistered.
2025-06-17 22:12:32,345 WARN  [Thread-0] o.s.b.f.s.DisposableBeanAdapter: Invocation of destroy method failed on bean with name 'org.opennms.core.soa.support.ServiceFactoryBean#0': java.lang.IllegalStateException: Service already unregistered.
2025-06-17 22:12:55,547 INFO  [Main] o.s.c.s.ClassPathXmlApplicationContext: Refreshing org.springframework.context.support.ClassPathXmlApplicationContext@7ade2b20: startup date [Tue Jun 17 22:12:55 UTC 2025]; parent: ApplicationContext 'thresholdingContext'
2025-06-17 22:12:55,548 INFO  [Main] o.s.b.f.x.XmlBeanDefinitionReader: Loading XML bean definitions from class path resource [META-INF/opennms/applicationContext-rpc-collector.xml]
2025-06-17 22:12:55,556 INFO  [Main] o.s.b.f.x.XmlBeanDefinitionReader: Loading XML bean definitions from class path resource [META-INF/opennms/applicationContext-collectd.xml]
2025-06-17 22:12:55,564 INFO  [Main] o.s.b.f.a.AutowiredAnnotationBeanPostProcessor: JSR-330 'javax.inject.Inject' annotation found and supported for autowiring
2025-06-17 22:38:31,214 INFO  [Thread-0] o.s.c.s.ClassPathXmlApplicationContext: Closing ApplicationContext 'collectdContext': startup date [Tue Jun 17 22:12:55 UTC 2025]; parent: ApplicationContext 'thresholdingContext'
2025-06-17 22:38:31,215 WARN  [Thread-0] o.s.b.f.s.DisposableBeanAdapter: Invocation of destroy method failed on bean with name 'org.opennms.core.soa.support.ServiceFactoryBean#2': java.lang.IllegalStateException: Service already unregistered.
2025-06-17 22:38:31,215 WARN  [Thread-0] o.s.b.f.s.DisposableBeanAdapter: Invocation of destroy method failed on bean with name 'org.opennms.core.soa.support.ServiceFactoryBean#1': java.lang.IllegalStateException: Service already unregistered.
2025-06-17 22:38:31,215 WARN  [Thread-0] o.s.b.f.s.DisposableBeanAdapter: Invocation of destroy method failed on bean with name 'org.opennms.core.soa.support.ServiceFactoryBean#0': java.lang.IllegalStateException: Service already unregistered.
2025-06-17 22:38:51,380 INFO  [Main] o.s.c.s.ClassPathXmlApplicationContext: Refreshing org.springframework.context.support.ClassPathXmlApplicationContext@1dcbae5: startup date [Tue Jun 17 22:38:51 UTC 2025]; parent: ApplicationContext 'thresholdingContext'
2025-06-17 22:38:51,381 INFO  [Main] o.s.b.f.x.XmlBeanDefinitionReader: Loading XML bean definitions from class path resource [META-INF/opennms/applicationContext-rpc-collector.xml]
2025-06-17 22:38:51,388 INFO  [Main] o.s.b.f.x.XmlBeanDefinitionReader: Loading XML bean definitions from class path resource [META-INF/opennms/applicationContext-collectd.xml]
2025-06-17 22:38:51,395 INFO  [Main] o.s.b.f.a.AutowiredAnnotationBeanPostProcessor: JSR-330 'javax.inject.Inject' annotation found and supported for autowiring
2025-06-17 22:46:56,920 INFO  [Thread-0] o.s.c.s.ClassPathXmlApplicationContext: Closing ApplicationContext 'collectdContext': startup date [Tue Jun 17 22:38:51 UTC 2025]; parent: ApplicationContext 'thresholdingContext'
2025-06-17 22:46:56,920 WARN  [Thread-0] o.s.b.f.s.DisposableBeanAdapter: Invocation of destroy method failed on bean with name 'org.opennms.core.soa.support.ServiceFactoryBean#2': java.lang.IllegalStateException: Service already unregistered.
2025-06-17 22:46:56,921 WARN  [Thread-0] o.s.b.f.s.DisposableBeanAdapter: Invocation of destroy method failed on bean with name 'org.opennms.core.soa.support.ServiceFactoryBean#1': java.lang.IllegalStateException: Service already unregistered.
2025-06-17 22:46:56,921 WARN  [Thread-0] o.s.b.f.s.DisposableBeanAdapter: Invocation of destroy method failed on bean with name 'org.opennms.core.soa.support.ServiceFactoryBean#0': java.lang.IllegalStateException: Service already unregistered.
2025-06-17 22:47:16,950 INFO  [Main] o.s.c.s.ClassPathXmlApplicationContext: Refreshing org.springframework.context.support.ClassPathXmlApplicationContext@7a12619e: startup date [Tue Jun 17 22:47:16 UTC 2025]; parent: ApplicationContext 'thresholdingContext'
2025-06-17 22:47:16,951 INFO  [Main] o.s.b.f.x.XmlBeanDefinitionReader: Loading XML bean definitions from class path resource [META-INF/opennms/applicationContext-rpc-collector.xml]
2025-06-17 22:47:16,958 INFO  [Main] o.s.b.f.x.XmlBeanDefinitionReader: Loading XML bean definitions from class path resource [META-INF/opennms/applicationContext-collectd.xml]
2025-06-17 22:47:16,965 INFO  [Main] o.s.b.f.a.AutowiredAnnotationBeanPostProcessor: JSR-330 'javax.inject.Inject' annotation found and supported for autowiring
2025-06-17 22:58:27,877 INFO  [Thread-0] o.s.c.s.ClassPathXmlApplicationContext: Closing ApplicationContext 'collectdContext': startup date [Tue Jun 17 22:47:16 UTC 2025]; parent: ApplicationContext 'thresholdingContext'
2025-06-17 22:58:27,877 WARN  [Thread-0] o.s.b.f.s.DisposableBeanAdapter: Invocation of destroy method failed on bean with name 'org.opennms.core.soa.support.ServiceFactoryBean#2': java.lang.IllegalStateException: Service already unregistered.
2025-06-17 22:58:27,877 WARN  [Thread-0] o.s.b.f.s.DisposableBeanAdapter: Invocation of destroy method failed on bean with name 'org.opennms.core.soa.support.ServiceFactoryBean#1': java.lang.IllegalStateException: Service already unregistered.
2025-06-17 22:58:27,877 WARN  [Thread-0] o.s.b.f.s.DisposableBeanAdapter: Invocation of destroy method failed on bean with name 'org.opennms.core.soa.support.ServiceFactoryBean#0': java.lang.IllegalStateException: Service already unregistered.
2025-06-17 22:58:47,846 INFO  [Main] o.s.c.s.ClassPathXmlApplicationContext: Refreshing org.springframework.context.support.ClassPathXmlApplicationContext@5c3105d7: startup date [Tue Jun 17 22:58:47 UTC 2025]; parent: ApplicationContext 'thresholdingContext'
2025-06-17 22:58:47,847 INFO  [Main] o.s.b.f.x.XmlBeanDefinitionReader: Loading XML bean definitions from class path resource [META-INF/opennms/applicationContext-rpc-collector.xml]
2025-06-17 22:58:47,854 INFO  [Main] o.s.b.f.x.XmlBeanDefinitionReader: Loading XML bean definitions from class path resource [META-INF/opennms/applicationContext-collectd.xml]
2025-06-17 22:58:47,861 INFO  [Main] o.s.b.f.a.AutowiredAnnotationBeanPostProcessor: JSR-330 'javax.inject.Inject' annotation found and supported for autowiring
2025-06-17 23:04:31,544 INFO  [Thread-0] o.s.c.s.ClassPathXmlApplicationContext: Closing ApplicationContext 'collectdContext': startup date [Tue Jun 17 22:58:47 UTC 2025]; parent: ApplicationContext 'thresholdingContext'
2025-06-17 23:04:31,545 WARN  [Thread-0] o.s.b.f.s.DisposableBeanAdapter: Invocation of destroy method failed on bean with name 'org.opennms.core.soa.support.ServiceFactoryBean#2': java.lang.IllegalStateException: Service already unregistered.
2025-06-17 23:04:31,545 WARN  [Thread-0] o.s.b.f.s.DisposableBeanAdapter: Invocation of destroy method failed on bean with name 'org.opennms.core.soa.support.ServiceFactoryBean#1': java.lang.IllegalStateException: Service already unregistered.
2025-06-17 23:04:31,545 WARN  [Thread-0] o.s.b.f.s.DisposableBeanAdapter: Invocation of destroy method failed on bean with name 'org.opennms.core.soa.support.ServiceFactoryBean#0': java.lang.IllegalStateException: Service already unregistered.
2025-06-17 23:04:51,986 INFO  [Main] o.s.c.s.ClassPathXmlApplicationContext: Refreshing org.springframework.context.support.ClassPathXmlApplicationContext@2376d700: startup date [Tue Jun 17 23:04:51 UTC 2025]; parent: ApplicationContext 'thresholdingContext'
2025-06-17 23:04:51,987 INFO  [Main] o.s.b.f.x.XmlBeanDefinitionReader: Loading XML bean definitions from class path resource [META-INF/opennms/applicationContext-rpc-collector.xml]
2025-06-17 23:04:51,995 INFO  [Main] o.s.b.f.x.XmlBeanDefinitionReader: Loading XML bean definitions from class path resource [META-INF/opennms/applicationContext-collectd.xml]
2025-06-17 23:04:52,003 INFO  [Main] o.s.b.f.a.AutowiredAnnotationBeanPostProcessor: JSR-330 'javax.inject.Inject' annotation found and supported for autowiring
2025-06-17 23:09:08,518 INFO  [Thread-0] o.s.c.s.ClassPathXmlApplicationContext: Closing ApplicationContext 'collectdContext': startup date [Tue Jun 17 23:04:51 UTC 2025]; parent: ApplicationContext 'thresholdingContext'
2025-06-17 23:09:08,518 WARN  [Thread-0] o.s.b.f.s.DisposableBeanAdapter: Invocation of destroy method failed on bean with name 'org.opennms.core.soa.support.ServiceFactoryBean#2': java.lang.IllegalStateException: Service already unregistered.
2025-06-17 23:09:08,519 WARN  [Thread-0] o.s.b.f.s.DisposableBeanAdapter: Invocation of destroy method failed on bean with name 'org.opennms.core.soa.support.ServiceFactoryBean#1': java.lang.IllegalStateException: Service already unregistered.
2025-06-17 23:09:08,519 WARN  [Thread-0] o.s.b.f.s.DisposableBeanAdapter: Invocation of destroy method failed on bean with name 'org.opennms.core.soa.support.ServiceFactoryBean#0': java.lang.IllegalStateException: Service already unregistered.
2025-06-17 23:09:28,925 INFO  [Main] o.s.c.s.ClassPathXmlApplicationContext: Refreshing org.springframework.context.support.ClassPathXmlApplicationContext@d77b71a: startup date [Tue Jun 17 23:09:28 UTC 2025]; parent: ApplicationContext 'thresholdingContext'
2025-06-17 23:09:28,926 INFO  [Main] o.s.b.f.x.XmlBeanDefinitionReader: Loading XML bean definitions from class path resource [META-INF/opennms/applicationContext-rpc-collector.xml]
2025-06-17 23:09:28,932 INFO  [Main] o.s.b.f.x.XmlBeanDefinitionReader: Loading XML bean definitions from class path resource [META-INF/opennms/applicationContext-collectd.xml]
2025-06-17 23:09:28,940 INFO  [Main] o.s.b.f.a.AutowiredAnnotationBeanPostProcessor: JSR-330 'javax.inject.Inject' annotation found and supported for autowiring
2025-06-17 23:13:19,291 INFO  [Thread-0] o.s.c.s.ClassPathXmlApplicationContext: Closing ApplicationContext 'collectdContext': startup date [Tue Jun 17 23:09:28 UTC 2025]; parent: ApplicationContext 'thresholdingContext'
2025-06-17 23:13:19,291 WARN  [Thread-0] o.s.b.f.s.DisposableBeanAdapter: Invocation of destroy method failed on bean with name 'org.opennms.core.soa.support.ServiceFactoryBean#2': java.lang.IllegalStateException: Service already unregistered.
2025-06-17 23:13:19,291 WARN  [Thread-0] o.s.b.f.s.DisposableBeanAdapter: Invocation of destroy method failed on bean with name 'org.opennms.core.soa.support.ServiceFactoryBean#1': java.lang.IllegalStateException: Service already unregistered.
2025-06-17 23:13:19,292 WARN  [Thread-0] o.s.b.f.s.DisposableBeanAdapter: Invocation of destroy method failed on bean with name 'org.opennms.core.soa.support.ServiceFactoryBean#0': java.lang.IllegalStateException: Service already unregistered.
2025-06-17 23:13:39,643 INFO  [Main] o.s.c.s.ClassPathXmlApplicationContext: Refreshing org.springframework.context.support.ClassPathXmlApplicationContext@2fb4c35a: startup date [Tue Jun 17 23:13:39 UTC 2025]; parent: ApplicationContext 'thresholdingContext'
2025-06-17 23:13:39,644 INFO  [Main] o.s.b.f.x.XmlBeanDefinitionReader: Loading XML bean definitions from class path resource [META-INF/opennms/applicationContext-rpc-collector.xml]
2025-06-17 23:13:39,655 INFO  [Main] o.s.b.f.x.XmlBeanDefinitionReader: Loading XML bean definitions from class path resource [META-INF/opennms/applicationContext-collectd.xml]
2025-06-17 23:13:39,662 INFO  [Main] o.s.b.f.a.AutowiredAnnotationBeanPostProcessor: JSR-330 'javax.inject.Inject' annotation found and supported for autowiring
2025-06-18 07:39:39,386 WARN  [opennms-monitor housekeeper] c.z.h.p.HikariPool: opennms-monitor - Thread starvation or clock leap detected (housekeeper delta=25m55s487ms890?s377ns).
2025-06-18 11:34:16,958 WARN  [Collectd-Thread-7-of-50] o.o.n.c.CollectableService: run: failed collection for 2/192.0.2.21/SNMP/example1
2025-06-18 11:39:16,777 WARN  [Collectd-Thread-5-of-50] o.o.n.c.CollectableService: run: failed collection for 2/192.0.2.21/SNMP/example1
2025-06-18 11:44:16,147 WARN  [Collectd-Thread-25-of-50] o.o.n.c.CollectableService: run: failed collection for 2/192.0.2.21/SNMP/example1
2025-06-18 11:49:16,351 WARN  [Collectd-Thread-38-of-50] o.o.n.c.CollectableService: run: failed collection for 2/192.0.2.21/SNMP/example1
2025-06-18 11:54:16,614 WARN  [Collectd-Thread-48-of-50] o.o.n.c.CollectableService: run: failed collection for 2/192.0.2.21/SNMP/example1
2025-06-18 11:59:16,864 WARN  [Collectd-Thread-33-of-50] o.o.n.c.CollectableService: run: failed collection for 2/192.0.2.21/SNMP/example1
2025-06-18 12:19:16,953 WARN  [Collectd-Thread-13-of-50] o.o.n.c.CollectableService: run: failed collection for 2/192.0.2.21/SNMP/example1
2025-06-18 12:24:16,254 WARN  [Collectd-Thread-40-of-50] o.o.n.c.CollectableService: run: failed collection for 2/192.0.2.21/SNMP/example1
2025-06-18 12:29:16,458 WARN  [Collectd-Thread-2-of-50] o.o.n.c.CollectableService: run: failed collection for 2/192.0.2.21/SNMP/example1
2025-06-19 10:19:25,181 WARN  [opennms-monitor housekeeper] c.z.h.p.HikariPool: opennms-monitor - Thread starvation or clock leap detected (housekeeper delta=10h42m23s497ms962?s588ns).
2025-06-19 13:44:15,970 WARN  [DefaultUDPTransportMapping_0.0.0.0/0] o.s.Snmp: Received response that cannot be matched to any outstanding request, address=192.0.2.21/161, requestID=874685044
2025-06-20 09:36:12,235 WARN  [opennms-monitor housekeeper] c.z.h.p.HikariPool: opennms-monitor - Thread starvation or clock leap detected (housekeeper delta=8h54m43s345ms880?s120ns).
2025-06-20 10:35:21,807 WARN  [opennms-monitor housekeeper] c.z.h.p.HikariPool: opennms-monitor - Thread starvation or clock leap detected (housekeeper delta=21m46s345ms768?s316ns).
2025-06-21 11:54:09,503 WARN  [opennms-monitor housekeeper] c.z.h.p.HikariPool: opennms-monitor - Thread starvation or clock leap detected (housekeeper delta=1d25m10s68ms736?s820ns).
2025-06-21 13:20:15,207 WARN  [opennms-monitor housekeeper] c.z.h.p.HikariPool: opennms-monitor - Thread starvation or clock leap detected (housekeeper delta=1h1m16s456ms3?s222ns).
2025-06-21 19:43:03,876 WARN  [opennms-monitor housekeeper] c.z.h.p.HikariPool: opennms-monitor - Thread starvation or clock leap detected (housekeeper delta=5h36m13s627ms111?s772ns).
2025-06-25 14:09:29,820 INFO  [Main] o.s.c.s.ClassPathXmlApplicationContext: Refreshing org.springframework.context.support.ClassPathXmlApplicationContext@6e0c2f92: startup date [Wed Jun 25 14:09:29 UTC 2025]; parent: ApplicationContext 'thresholdingContext'
2025-06-25 14:09:29,821 INFO  [Main] o.s.b.f.x.XmlBeanDefinitionReader: Loading XML bean definitions from class path resource [META-INF/opennms/applicationContext-rpc-collector.xml]
2025-06-25 14:09:29,830 INFO  [Main] o.s.b.f.x.XmlBeanDefinitionReader: Loading XML bean definitions from class path resource [META-INF/opennms/applicationContext-collectd.xml]
2025-06-25 14:09:29,840 INFO  [Main] o.s.b.f.a.AutowiredAnnotationBeanPostProcessor: JSR-330 'javax.inject.Inject' annotation found and supported for autowiring
2025-06-25 14:18:47,223 INFO  [Main] o.s.c.s.ClassPathXmlApplicationContext: Refreshing org.springframework.context.support.ClassPathXmlApplicationContext@46a0c99c: startup date [Wed Jun 25 14:18:47 UTC 2025]; parent: ApplicationContext 'thresholdingContext'
2025-06-25 14:18:47,224 INFO  [Main] o.s.b.f.x.XmlBeanDefinitionReader: Loading XML bean definitions from class path resource [META-INF/opennms/applicationContext-rpc-collector.xml]
2025-06-25 14:18:47,231 INFO  [Main] o.s.b.f.x.XmlBeanDefinitionReader: Loading XML bean definitions from class path resource [META-INF/opennms/applicationContext-collectd.xml]
2025-06-25 14:18:47,239 INFO  [Main] o.s.b.f.a.AutowiredAnnotationBeanPostProcessor: JSR-330 'javax.inject.Inject' annotation found and supported for autowiring
2025-06-25 14:29:47,739 INFO  [Main] o.s.c.s.ClassPathXmlApplicationContext: Refreshing org.springframework.context.support.ClassPathXmlApplicationContext@5399c778: startup date [Wed Jun 25 14:29:47 UTC 2025]; parent: ApplicationContext 'thresholdingContext'
2025-06-25 14:29:47,741 INFO  [Main] o.s.b.f.x.XmlBeanDefinitionReader: Loading XML bean definitions from class path resource [META-INF/opennms/applicationContext-rpc-collector.xml]
2025-06-25 14:29:47,750 INFO  [Main] o.s.b.f.x.XmlBeanDefinitionReader: Loading XML bean definitions from class path resource [META-INF/opennms/applicationContext-collectd.xml]
2025-06-25 14:29:47,759 INFO  [Main] o.s.b.f.a.AutowiredAnnotationBeanPostProcessor: JSR-330 'javax.inject.Inject' annotation found and supported for autowiring
2025-06-25 14:33:34,155 INFO  [Main] o.s.c.s.ClassPathXmlApplicationContext: Refreshing org.springframework.context.support.ClassPathXmlApplicationContext@2184d96e: startup date [Wed Jun 25 14:33:34 UTC 2025]; parent: ApplicationContext 'thresholdingContext'
2025-06-25 14:33:34,157 INFO  [Main] o.s.b.f.x.XmlBeanDefinitionReader: Loading XML bean definitions from class path resource [META-INF/opennms/applicationContext-rpc-collector.xml]
2025-06-25 14:33:34,164 INFO  [Main] o.s.b.f.x.XmlBeanDefinitionReader: Loading XML bean definitions from class path resource [META-INF/opennms/applicationContext-collectd.xml]
2025-06-25 14:33:34,171 INFO  [Main] o.s.b.f.a.AutowiredAnnotationBeanPostProcessor: JSR-330 'javax.inject.Inject' annotation found and supported for autowiring
