2025-06-17 21:40:26,200 INFO  [Main] o.s.c.s.ClassPathXmlApplicationContext: Refreshing org.springframework.context.support.ClassPathXmlApplicationContext@11459fe1: startup date [Tue Jun 17 21:40:26 UTC 2025]; parent: ApplicationContext 'daoContext'
2025-06-17 21:40:26,201 INFO  [Main] o.s.b.f.x.XmlBeanDefinitionReader: Loading XML bean definitions from class path resource [META-INF/opennms/applicationContext-discovery.xml]
2025-06-17 21:40:26,211 INFO  [Main] o.s.b.f.a.AutowiredAnnotationBeanPostProcessor: JSR-330 'javax.inject.Inject' annotation found and supported for autowiring
2025-06-17 21:43:33,057 INFO  [Thread-0] o.s.c.s.ClassPathXmlApplicationContext: Closing ApplicationContext 'discoveryContext': startup date [Tue Jun 17 21:40:26 UTC 2025]; parent: ApplicationContext 'daoContext'
2025-06-17 21:43:33,057 WARN  [Thread-0] o.s.b.f.s.DisposableBeanAdapter: Invocation of destroy method failed on bean with name 'org.opennms.core.soa.support.ServiceFactoryBean#0': java.lang.IllegalStateException: Service already unregistered.
2025-06-17 21:43:53,732 INFO  [Main] o.s.c.s.ClassPathXmlApplicationContext: Refreshing org.springframework.context.support.ClassPathXmlApplicationContext@5606c108: startup date [Tue Jun 17 21:43:53 UTC 2025]; parent: ApplicationContext 'daoContext'
2025-06-17 21:43:53,733 INFO  [Main] o.s.b.f.x.XmlBeanDefinitionReader: Loading XML bean definitions from class path resource [META-INF/opennms/applicationContext-discovery.xml]
2025-06-17 21:43:53,743 INFO  [Main] o.s.b.f.a.AutowiredAnnotationBeanPostProcessor: JSR-330 'javax.inject.Inject' annotation found and supported for autowiring
2025-06-17 21:49:22,540 INFO  [Thread-0] o.s.c.s.ClassPathXmlApplicationContext: Closing ApplicationContext 'discoveryContext': startup date [Tue Jun 17 21:43:53 UTC 2025]; parent: ApplicationContext 'daoContext'
2025-06-17 21:49:22,541 WARN  [Thread-0] o.s.b.f.s.DisposableBeanAdapter: Invocation of destroy method failed on bean with name 'org.opennms.core.soa.support.ServiceFactoryBean#0': java.lang.IllegalStateException: Service already unregistered.
2025-06-17 21:49:42,969 INFO  [Main] o.s.c.s.ClassPathXmlApplicationContext: Refreshing org.springframework.context.support.ClassPathXmlApplicationContext@4b25f4: startup date [Tue Jun 17 21:49:42 UTC 2025]; parent: ApplicationContext 'daoContext'
2025-06-17 21:49:42,970 INFO  [Main] o.s.b.f.x.XmlBeanDefinitionReader: Loading XML bean definitions from class path resource [META-INF/opennms/applicationContext-discovery.xml]
2025-06-17 21:49:42,982 INFO  [Main] o.s.b.f.a.AutowiredAnnotationBeanPostProcessor: JSR-330 'javax.inject.Inject' annotation found and supported for autowiring
2025-06-17 21:54:05,463 INFO  [Thread-0] o.s.c.s.ClassPathXmlApplicationContext: Closing ApplicationContext 'discoveryContext': startup date [Tue Jun 17 21:49:42 UTC 2025]; parent: ApplicationContext 'daoContext'
2025-06-17 21:54:05,464 WARN  [Thread-0] o.s.b.f.s.DisposableBeanAdapter: Invocation of destroy method failed on bean with name 'org.opennms.core.soa.support.ServiceFactoryBean#0': java.lang.IllegalStateException: Service already unregistered.
2025-06-17 21:54:26,052 INFO  [Main] o.s.c.s.ClassPathXmlApplicationContext: Refreshing org.springframework.context.support.ClassPathXmlApplicationContext@15c3f867: startup date [Tue Jun 17 21:54:26 UTC 2025]; parent: ApplicationContext 'daoContext'
2025-06-17 21:54:26,053 INFO  [Main] o.s.b.f.x.XmlBeanDefinitionReader: Loading XML bean definitions from class path resource [META-INF/opennms/applicationContext-discovery.xml]
2025-06-17 21:54:26,064 INFO  [Main] o.s.b.f.a.AutowiredAnnotationBeanPostProcessor: JSR-330 'javax.inject.Inject' annotation found and supported for autowiring
2025-06-17 21:58:22,484 INFO  [Thread-0] o.s.c.s.ClassPathXmlApplicationContext: Closing ApplicationContext 'discoveryContext': startup date [Tue Jun 17 21:54:26 UTC 2025]; parent: ApplicationContext 'daoContext'
2025-06-17 21:58:22,485 WARN  [Thread-0] o.s.b.f.s.DisposableBeanAdapter: Invocation of destroy method failed on bean with name 'org.opennms.core.soa.support.ServiceFactoryBean#0': java.lang.IllegalStateException: Service already unregistered.
2025-06-17 21:58:50,314 INFO  [Main] o.s.c.s.ClassPathXmlApplicationContext: Refreshing org.springframework.context.support.ClassPathXmlApplicationContext@3a108e63: startup date [Tue Jun 17 21:58:50 UTC 2025]; parent: ApplicationContext 'daoContext'
2025-06-17 21:58:50,315 INFO  [Main] o.s.b.f.x.XmlBeanDefinitionReader: Loading XML bean definitions from class path resource [META-INF/opennms/applicationContext-discovery.xml]
2025-06-17 21:58:50,326 INFO  [Main] o.s.b.f.a.AutowiredAnnotationBeanPostProcessor: JSR-330 'javax.inject.Inject' annotation found and supported for autowiring
2025-06-17 22:02:51,522 INFO  [Thread-0] o.s.c.s.ClassPathXmlApplicationContext: Closing ApplicationContext 'discoveryContext': startup date [Tue Jun 17 21:58:50 UTC 2025]; parent: ApplicationContext 'daoContext'
2025-06-17 22:02:51,523 WARN  [Thread-0] o.s.b.f.s.DisposableBeanAdapter: Invocation of destroy method failed on bean with name 'org.opennms.core.soa.support.ServiceFactoryBean#0': java.lang.IllegalStateException: Service already unregistered.
2025-06-17 22:03:11,940 INFO  [Main] o.s.c.s.ClassPathXmlApplicationContext: Refreshing org.springframework.context.support.ClassPathXmlApplicationContext@8fe075: startup date [Tue Jun 17 22:03:11 UTC 2025]; parent: ApplicationContext 'daoContext'
2025-06-17 22:03:11,941 INFO  [Main] o.s.b.f.x.XmlBeanDefinitionReader: Loading XML bean definitions from class path resource [META-INF/opennms/applicationContext-discovery.xml]
2025-06-17 22:03:11,950 INFO  [Main] o.s.b.f.a.AutowiredAnnotationBeanPostProcessor: JSR-330 'javax.inject.Inject' annotation found and supported for autowiring
2025-06-17 22:10:08,972 INFO  [Thread-0] o.s.c.s.ClassPathXmlApplicationContext: Closing ApplicationContext 'discoveryContext': startup date [Tue Jun 17 22:03:11 UTC 2025]; parent: ApplicationContext 'daoContext'
2025-06-17 22:10:08,972 WARN  [Thread-0] o.s.b.f.s.DisposableBeanAdapter: Invocation of destroy method failed on bean with name 'org.opennms.core.soa.support.ServiceFactoryBean#0': java.lang.IllegalStateException: Service already unregistered.
2025-06-17 22:10:30,196 INFO  [Main] o.s.c.s.ClassPathXmlApplicationContext: Refreshing org.springframework.context.support.ClassPathXmlApplicationContext@5a9ddfdf: startup date [Tue Jun 17 22:10:30 UTC 2025]; parent: ApplicationContext 'daoContext'
2025-06-17 22:10:30,197 INFO  [Main] o.s.b.f.x.XmlBeanDefinitionReader: Loading XML bean definitions from class path resource [META-INF/opennms/applicationContext-discovery.xml]
2025-06-17 22:10:30,208 INFO  [Main] o.s.b.f.a.AutowiredAnnotationBeanPostProcessor: JSR-330 'javax.inject.Inject' annotation found and supported for autowiring
2025-06-17 22:12:32,343 INFO  [Thread-0] o.s.c.s.ClassPathXmlApplicationContext: Closing ApplicationContext 'discoveryContext': startup date [Tue Jun 17 22:10:30 UTC 2025]; parent: ApplicationContext 'daoContext'
2025-06-17 22:12:32,343 WARN  [Thread-0] o.s.b.f.s.DisposableBeanAdapter: Invocation of destroy method failed on bean with name 'org.opennms.core.soa.support.ServiceFactoryBean#0': java.lang.IllegalStateException: Service already unregistered.
2025-06-17 22:12:55,628 INFO  [Main] o.s.c.s.ClassPathXmlApplicationContext: Refreshing org.springframework.context.support.ClassPathXmlApplicationContext@12f05bd5: startup date [Tue Jun 17 22:12:55 UTC 2025]; parent: ApplicationContext 'daoContext'
2025-06-17 22:12:55,629 INFO  [Main] o.s.b.f.x.XmlBeanDefinitionReader: Loading XML bean definitions from class path resource [META-INF/opennms/applicationContext-discovery.xml]
2025-06-17 22:12:55,649 INFO  [Main] o.s.b.f.a.AutowiredAnnotationBeanPostProcessor: JSR-330 'javax.inject.Inject' annotation found and supported for autowiring
2025-06-17 22:38:31,213 INFO  [Thread-0] o.s.c.s.ClassPathXmlApplicationContext: Closing ApplicationContext 'discoveryContext': startup date [Tue Jun 17 22:12:55 UTC 2025]; parent: ApplicationContext 'daoContext'
2025-06-17 22:38:31,214 WARN  [Thread-0] o.s.b.f.s.DisposableBeanAdapter: Invocation of destroy method failed on bean with name 'org.opennms.core.soa.support.ServiceFactoryBean#0': java.lang.IllegalStateException: Service already unregistered.
2025-06-17 22:38:51,446 INFO  [Main] o.s.c.s.ClassPathXmlApplicationContext: Refreshing org.springframework.context.support.ClassPathXmlApplicationContext@14e68a60: startup date [Tue Jun 17 22:38:51 UTC 2025]; parent: ApplicationContext 'daoContext'
2025-06-17 22:38:51,447 INFO  [Main] o.s.b.f.x.XmlBeanDefinitionReader: Loading XML bean definitions from class path resource [META-INF/opennms/applicationContext-discovery.xml]
2025-06-17 22:38:51,457 INFO  [Main] o.s.b.f.a.AutowiredAnnotationBeanPostProcessor: JSR-330 'javax.inject.Inject' annotation found and supported for autowiring
2025-06-17 22:46:56,919 INFO  [Thread-0] o.s.c.s.ClassPathXmlApplicationContext: Closing ApplicationContext 'discoveryContext': startup date [Tue Jun 17 22:38:51 UTC 2025]; parent: ApplicationContext 'daoContext'
2025-06-17 22:46:56,920 WARN  [Thread-0] o.s.b.f.s.DisposableBeanAdapter: Invocation of destroy method failed on bean with name 'org.opennms.core.soa.support.ServiceFactoryBean#0': java.lang.IllegalStateException: Service already unregistered.
2025-06-17 22:47:17,033 INFO  [Main] o.s.c.s.ClassPathXmlApplicationContext: Refreshing org.springframework.context.support.ClassPathXmlApplicationContext@15ccaa3f: startup date [Tue Jun 17 22:47:17 UTC 2025]; parent: ApplicationContext 'daoContext'
2025-06-17 22:47:17,034 INFO  [Main] o.s.b.f.x.XmlBeanDefinitionReader: Loading XML bean definitions from class path resource [META-INF/opennms/applicationContext-discovery.xml]
2025-06-17 22:47:17,044 INFO  [Main] o.s.b.f.a.AutowiredAnnotationBeanPostProcessor: JSR-330 'javax.inject.Inject' annotation found and supported for autowiring
2025-06-17 22:58:27,877 INFO  [Thread-0] o.s.c.s.ClassPathXmlApplicationContext: Closing ApplicationContext 'discoveryContext': startup date [Tue Jun 17 22:47:17 UTC 2025]; parent: ApplicationContext 'daoContext'
2025-06-17 22:58:27,877 WARN  [Thread-0] o.s.b.f.s.DisposableBeanAdapter: Invocation of destroy method failed on bean with name 'org.opennms.core.soa.support.ServiceFactoryBean#0': java.lang.IllegalStateException: Service already unregistered.
2025-06-17 22:58:47,910 INFO  [Main] o.s.c.s.ClassPathXmlApplicationContext: Refreshing org.springframework.context.support.ClassPathXmlApplicationContext@1809fb51: startup date [Tue Jun 17 22:58:47 UTC 2025]; parent: ApplicationContext 'daoContext'
2025-06-17 22:58:47,911 INFO  [Main] o.s.b.f.x.XmlBeanDefinitionReader: Loading XML bean definitions from class path resource [META-INF/opennms/applicationContext-discovery.xml]
2025-06-17 22:58:47,946 INFO  [Main] o.s.b.f.a.AutowiredAnnotationBeanPostProcessor: JSR-330 'javax.inject.Inject' annotation found and supported for autowiring
2025-06-17 23:04:31,544 INFO  [Thread-0] o.s.c.s.ClassPathXmlApplicationContext: Closing ApplicationContext 'discoveryContext': startup date [Tue Jun 17 22:58:47 UTC 2025]; parent: ApplicationContext 'daoContext'
2025-06-17 23:04:31,544 WARN  [Thread-0] o.s.b.f.s.DisposableBeanAdapter: Invocation of destroy method failed on bean with name 'org.opennms.core.soa.support.ServiceFactoryBean#0': java.lang.IllegalStateException: Service already unregistered.
2025-06-17 23:04:52,048 INFO  [Main] o.s.c.s.ClassPathXmlApplicationContext: Refreshing org.springframework.context.support.ClassPathXmlApplicationContext@2d32fc89: startup date [Tue Jun 17 23:04:52 UTC 2025]; parent: ApplicationContext 'daoContext'
2025-06-17 23:04:52,049 INFO  [Main] o.s.b.f.x.XmlBeanDefinitionReader: Loading XML bean definitions from class path resource [META-INF/opennms/applicationContext-discovery.xml]
2025-06-17 23:04:52,068 INFO  [Main] o.s.b.f.a.AutowiredAnnotationBeanPostProcessor: JSR-330 'javax.inject.Inject' annotation found and supported for autowiring
2025-06-17 23:09:08,518 INFO  [Thread-0] o.s.c.s.ClassPathXmlApplicationContext: Closing ApplicationContext 'discoveryContext': startup date [Tue Jun 17 23:04:52 UTC 2025]; parent: ApplicationContext 'daoContext'
2025-06-17 23:09:08,518 WARN  [Thread-0] o.s.b.f.s.DisposableBeanAdapter: Invocation of destroy method failed on bean with name 'org.opennms.core.soa.support.ServiceFactoryBean#0': java.lang.IllegalStateException: Service already unregistered.
2025-06-17 23:09:28,984 INFO  [Main] o.s.c.s.ClassPathXmlApplicationContext: Refreshing org.springframework.context.support.ClassPathXmlApplicationContext@7b149e1: startup date [Tue Jun 17 23:09:28 UTC 2025]; parent: ApplicationContext 'daoContext'
2025-06-17 23:09:28,984 INFO  [Main] o.s.b.f.x.XmlBeanDefinitionReader: Loading XML bean definitions from class path resource [META-INF/opennms/applicationContext-discovery.xml]
2025-06-17 23:09:28,994 INFO  [Main] o.s.b.f.a.AutowiredAnnotationBeanPostProcessor: JSR-330 'javax.inject.Inject' annotation found and supported for autowiring
2025-06-17 23:13:19,290 INFO  [Thread-0] o.s.c.s.ClassPathXmlApplicationContext: Closing ApplicationContext 'discoveryContext': startup date [Tue Jun 17 23:09:28 UTC 2025]; parent: ApplicationContext 'daoContext'
2025-06-17 23:13:19,290 WARN  [Thread-0] o.s.b.f.s.DisposableBeanAdapter: Invocation of destroy method failed on bean with name 'org.opennms.core.soa.support.ServiceFactoryBean#0': java.lang.IllegalStateException: Service already unregistered.
2025-06-17 23:13:39,717 INFO  [Main] o.s.c.s.ClassPathXmlApplicationContext: Refreshing org.springframework.context.support.ClassPathXmlApplicationContext@18d4eedd: startup date [Tue Jun 17 23:13:39 UTC 2025]; parent: ApplicationContext 'daoContext'
2025-06-17 23:13:39,718 INFO  [Main] o.s.b.f.x.XmlBeanDefinitionReader: Loading XML bean definitions from class path resource [META-INF/opennms/applicationContext-discovery.xml]
2025-06-17 23:13:39,730 INFO  [Main] o.s.b.f.a.AutowiredAnnotationBeanPostProcessor: JSR-330 'javax.inject.Inject' annotation found and supported for autowiring
2025-06-25 14:09:29,897 INFO  [Main] o.s.c.s.ClassPathXmlApplicationContext: Refreshing org.springframework.context.support.ClassPathXmlApplicationContext@3ac6bcc1: startup date [Wed Jun 25 14:09:29 UTC 2025]; parent: ApplicationContext 'daoContext'
2025-06-25 14:09:29,900 INFO  [Main] o.s.b.f.x.XmlBeanDefinitionReader: Loading XML bean definitions from class path resource [META-INF/opennms/applicationContext-discovery.xml]
2025-06-25 14:09:29,912 INFO  [Main] o.s.b.f.a.AutowiredAnnotationBeanPostProcessor: JSR-330 'javax.inject.Inject' annotation found and supported for autowiring
2025-06-25 14:18:47,298 INFO  [Main] o.s.c.s.ClassPathXmlApplicationContext: Refreshing org.springframework.context.support.ClassPathXmlApplicationContext@39acbac8: startup date [Wed Jun 25 14:18:47 UTC 2025]; parent: ApplicationContext 'daoContext'
2025-06-25 14:18:47,300 INFO  [Main] o.s.b.f.x.XmlBeanDefinitionReader: Loading XML bean definitions from class path resource [META-INF/opennms/applicationContext-discovery.xml]
2025-06-25 14:18:47,311 INFO  [Main] o.s.b.f.a.AutowiredAnnotationBeanPostProcessor: JSR-330 'javax.inject.Inject' annotation found and supported for autowiring
2025-06-25 14:29:47,811 INFO  [Main] o.s.c.s.ClassPathXmlApplicationContext: Refreshing org.springframework.context.support.ClassPathXmlApplicationContext@7e1580f6: startup date [Wed Jun 25 14:29:47 UTC 2025]; parent: ApplicationContext 'daoContext'
2025-06-25 14:29:47,814 INFO  [Main] o.s.b.f.x.XmlBeanDefinitionReader: Loading XML bean definitions from class path resource [META-INF/opennms/applicationContext-discovery.xml]
2025-06-25 14:29:47,827 INFO  [Main] o.s.b.f.a.AutowiredAnnotationBeanPostProcessor: JSR-330 'javax.inject.Inject' annotation found and supported for autowiring
2025-06-25 14:33:34,228 INFO  [Main] o.s.c.s.ClassPathXmlApplicationContext: Refreshing org.springframework.context.support.ClassPathXmlApplicationContext@39d36078: startup date [Wed Jun 25 14:33:34 UTC 2025]; parent: ApplicationContext 'daoContext'
2025-06-25 14:33:34,230 INFO  [Main] o.s.b.f.x.XmlBeanDefinitionReader: Loading XML bean definitions from class path resource [META-INF/opennms/applicationContext-discovery.xml]
2025-06-25 14:33:34,242 INFO  [Main] o.s.b.f.a.AutowiredAnnotationBeanPostProcessor: JSR-330 'javax.inject.Inject' annotation found and supported for autowiring
