2025-06-17 21:40:27,023 INFO  [Main] o.o.n.d.AbstractSpringContextJmxServiceDaemon: karafStartupMonitor initializing.
2025-06-17 21:40:27,024 DEBUG [Main] o.o.n.d.AbstractSpringContextJmxServiceDaemon: SPRING: thread.classLoader=java.net.FactoryURLClassLoader@53d8d10a
2025-06-17 21:40:27,024 INFO  [Main] o.s.c.s.ClassPathXmlApplicationContext: Refreshing org.springframework.context.support.ClassPathXmlApplicationContext@b8d3067: startup date [Tue Jun 17 21:40:27 UTC 2025]; root of context hierarchy
2025-06-17 21:40:27,024 INFO  [Main] o.s.b.f.x.XmlBeanDefinitionReader: Loading XML bean definitions from class path resource [META-INF/opennms/applicationContext-karafStartupMonitor.xml]
2025-06-17 21:40:27,029 DEBUG [Main] o.o.n.d.AbstractSpringContextJmxServiceDaemon: SPRING: context.classLoader= java.net.FactoryURLClassLoader@53d8d10a
2025-06-17 21:40:27,029 INFO  [Main] o.o.n.d.AbstractSpringContextJmxServiceDaemon: karafStartupMonitor initialization complete.
2025-06-17 21:40:35,407 INFO  [Main] o.o.n.d.AbstractSpringContextJmxServiceDaemon: karafStartupMonitor starting.
2025-06-17 21:40:35,407 DEBUG [Main] o.o.n.d.AbstractSpringContextJmxServiceDaemon: SPRING: thread.classLoader=java.net.FactoryURLClassLoader@53d8d10a
2025-06-17 21:40:35,407 INFO  [Main] o.o.f.k.h.d.KarafStartupMonitor: KarafStartupMonitor is starting.
2025-06-17 21:40:35,407 INFO  [Main] o.o.f.k.h.d.KarafStartupMonitor: Waiting for loading of org.opennms.features.karaf.health.service.KarafHealthService, will block startup until service is available.
2025-06-17 21:41:05,416 INFO  [Main] o.o.f.k.h.d.KarafStartupMonitor: KarafStartupMonitor is started.
2025-06-17 21:41:05,416 DEBUG [Main] o.o.n.d.AbstractSpringContextJmxServiceDaemon: SPRING: context.classLoader= java.net.FactoryURLClassLoader@53d8d10a
2025-06-17 21:41:05,416 INFO  [Main] o.o.n.d.AbstractSpringContextJmxServiceDaemon: karafStartupMonitor starting complete.
2025-06-17 21:43:33,049 INFO  [Thread-0] o.s.c.s.ClassPathXmlApplicationContext: Closing ApplicationContext 'karafStartupMonitorContext': startup date [Tue Jun 17 21:40:27 UTC 2025]; root of context hierarchy
2025-06-17 21:43:33,050 INFO  [Thread-0] o.o.f.k.h.d.KarafStartupMonitor: KarafStartupMonitor is stopped.
2025-06-17 21:43:54,637 INFO  [Main] o.o.n.d.AbstractSpringContextJmxServiceDaemon: karafStartupMonitor initializing.
2025-06-17 21:43:54,638 DEBUG [Main] o.o.n.d.AbstractSpringContextJmxServiceDaemon: SPRING: thread.classLoader=java.net.FactoryURLClassLoader@53d8d10a
2025-06-17 21:43:54,638 INFO  [Main] o.s.c.s.ClassPathXmlApplicationContext: Refreshing org.springframework.context.support.ClassPathXmlApplicationContext@795cbb0c: startup date [Tue Jun 17 21:43:54 UTC 2025]; root of context hierarchy
2025-06-17 21:43:54,638 INFO  [Main] o.s.b.f.x.XmlBeanDefinitionReader: Loading XML bean definitions from class path resource [META-INF/opennms/applicationContext-karafStartupMonitor.xml]
2025-06-17 21:43:54,643 DEBUG [Main] o.o.n.d.AbstractSpringContextJmxServiceDaemon: SPRING: context.classLoader= java.net.FactoryURLClassLoader@53d8d10a
2025-06-17 21:43:54,643 INFO  [Main] o.o.n.d.AbstractSpringContextJmxServiceDaemon: karafStartupMonitor initialization complete.
2025-06-17 21:44:03,938 INFO  [Main] o.o.n.d.AbstractSpringContextJmxServiceDaemon: karafStartupMonitor starting.
2025-06-17 21:44:03,938 DEBUG [Main] o.o.n.d.AbstractSpringContextJmxServiceDaemon: SPRING: thread.classLoader=java.net.FactoryURLClassLoader@53d8d10a
2025-06-17 21:44:03,938 INFO  [Main] o.o.f.k.h.d.KarafStartupMonitor: KarafStartupMonitor is starting.
2025-06-17 21:44:03,938 INFO  [Main] o.o.f.k.h.d.KarafStartupMonitor: Waiting for loading of org.opennms.features.karaf.health.service.KarafHealthService, will block startup until service is available.
2025-06-17 21:44:29,030 INFO  [Main] o.o.f.k.h.d.KarafStartupMonitor: KarafStartupMonitor is started.
2025-06-17 21:44:29,030 DEBUG [Main] o.o.n.d.AbstractSpringContextJmxServiceDaemon: SPRING: context.classLoader= java.net.FactoryURLClassLoader@53d8d10a
2025-06-17 21:44:29,030 INFO  [Main] o.o.n.d.AbstractSpringContextJmxServiceDaemon: karafStartupMonitor starting complete.
2025-06-17 21:49:22,531 INFO  [Thread-0] o.s.c.s.ClassPathXmlApplicationContext: Closing ApplicationContext 'karafStartupMonitorContext': startup date [Tue Jun 17 21:43:54 UTC 2025]; root of context hierarchy
2025-06-17 21:49:22,531 INFO  [Thread-0] o.o.f.k.h.d.KarafStartupMonitor: KarafStartupMonitor is stopped.
2025-06-17 21:49:43,867 INFO  [Main] o.o.n.d.AbstractSpringContextJmxServiceDaemon: karafStartupMonitor initializing.
2025-06-17 21:49:43,868 DEBUG [Main] o.o.n.d.AbstractSpringContextJmxServiceDaemon: SPRING: thread.classLoader=java.net.FactoryURLClassLoader@53d8d10a
2025-06-17 21:49:43,868 INFO  [Main] o.s.c.s.ClassPathXmlApplicationContext: Refreshing org.springframework.context.support.ClassPathXmlApplicationContext@3d69e609: startup date [Tue Jun 17 21:49:43 UTC 2025]; root of context hierarchy
2025-06-17 21:49:43,868 INFO  [Main] o.s.b.f.x.XmlBeanDefinitionReader: Loading XML bean definitions from class path resource [META-INF/opennms/applicationContext-karafStartupMonitor.xml]
2025-06-17 21:49:43,874 DEBUG [Main] o.o.n.d.AbstractSpringContextJmxServiceDaemon: SPRING: context.classLoader= java.net.FactoryURLClassLoader@53d8d10a
2025-06-17 21:49:43,875 INFO  [Main] o.o.n.d.AbstractSpringContextJmxServiceDaemon: karafStartupMonitor initialization complete.
2025-06-17 21:49:52,376 INFO  [Main] o.o.n.d.AbstractSpringContextJmxServiceDaemon: karafStartupMonitor starting.
2025-06-17 21:49:52,376 DEBUG [Main] o.o.n.d.AbstractSpringContextJmxServiceDaemon: SPRING: thread.classLoader=java.net.FactoryURLClassLoader@53d8d10a
2025-06-17 21:49:52,376 INFO  [Main] o.o.f.k.h.d.KarafStartupMonitor: KarafStartupMonitor is starting.
2025-06-17 21:49:52,376 INFO  [Main] o.o.f.k.h.d.KarafStartupMonitor: Waiting for loading of org.opennms.features.karaf.health.service.KarafHealthService, will block startup until service is available.
2025-06-17 21:50:17,417 INFO  [Main] o.o.f.k.h.d.KarafStartupMonitor: KarafStartupMonitor is started.
2025-06-17 21:50:17,417 DEBUG [Main] o.o.n.d.AbstractSpringContextJmxServiceDaemon: SPRING: context.classLoader= java.net.FactoryURLClassLoader@53d8d10a
2025-06-17 21:50:17,417 INFO  [Main] o.o.n.d.AbstractSpringContextJmxServiceDaemon: karafStartupMonitor starting complete.
2025-06-17 21:54:05,443 INFO  [Thread-0] o.s.c.s.ClassPathXmlApplicationContext: Closing ApplicationContext 'karafStartupMonitorContext': startup date [Tue Jun 17 21:49:43 UTC 2025]; root of context hierarchy
2025-06-17 21:54:05,443 INFO  [Thread-0] o.o.f.k.h.d.KarafStartupMonitor: KarafStartupMonitor is stopped.
2025-06-17 21:54:26,902 INFO  [Main] o.o.n.d.AbstractSpringContextJmxServiceDaemon: karafStartupMonitor initializing.
2025-06-17 21:54:26,903 DEBUG [Main] o.o.n.d.AbstractSpringContextJmxServiceDaemon: SPRING: thread.classLoader=java.net.FactoryURLClassLoader@53d8d10a
2025-06-17 21:54:26,903 INFO  [Main] o.s.c.s.ClassPathXmlApplicationContext: Refreshing org.springframework.context.support.ClassPathXmlApplicationContext@2b369545: startup date [Tue Jun 17 21:54:26 UTC 2025]; root of context hierarchy
2025-06-17 21:54:26,903 INFO  [Main] o.s.b.f.x.XmlBeanDefinitionReader: Loading XML bean definitions from class path resource [META-INF/opennms/applicationContext-karafStartupMonitor.xml]
2025-06-17 21:54:26,909 DEBUG [Main] o.o.n.d.AbstractSpringContextJmxServiceDaemon: SPRING: context.classLoader= java.net.FactoryURLClassLoader@53d8d10a
2025-06-17 21:54:26,909 INFO  [Main] o.o.n.d.AbstractSpringContextJmxServiceDaemon: karafStartupMonitor initialization complete.
2025-06-17 21:54:35,668 INFO  [Main] o.o.n.d.AbstractSpringContextJmxServiceDaemon: karafStartupMonitor starting.
2025-06-17 21:54:35,668 DEBUG [Main] o.o.n.d.AbstractSpringContextJmxServiceDaemon: SPRING: thread.classLoader=java.net.FactoryURLClassLoader@53d8d10a
2025-06-17 21:54:35,668 INFO  [Main] o.o.f.k.h.d.KarafStartupMonitor: KarafStartupMonitor is starting.
2025-06-17 21:54:35,668 INFO  [Main] o.o.f.k.h.d.KarafStartupMonitor: Waiting for loading of org.opennms.features.karaf.health.service.KarafHealthService, will block startup until service is available.
2025-06-17 21:55:05,672 INFO  [Main] o.o.f.k.h.d.KarafStartupMonitor: KarafStartupMonitor is started.
2025-06-17 21:55:05,672 DEBUG [Main] o.o.n.d.AbstractSpringContextJmxServiceDaemon: SPRING: context.classLoader= java.net.FactoryURLClassLoader@53d8d10a
2025-06-17 21:55:05,673 INFO  [Main] o.o.n.d.AbstractSpringContextJmxServiceDaemon: karafStartupMonitor starting complete.
2025-06-17 21:58:22,478 INFO  [Thread-0] o.s.c.s.ClassPathXmlApplicationContext: Closing ApplicationContext 'karafStartupMonitorContext': startup date [Tue Jun 17 21:54:26 UTC 2025]; root of context hierarchy
2025-06-17 21:58:22,478 INFO  [Thread-0] o.o.f.k.h.d.KarafStartupMonitor: KarafStartupMonitor is stopped.
2025-06-17 21:58:51,212 INFO  [Main] o.o.n.d.AbstractSpringContextJmxServiceDaemon: karafStartupMonitor initializing.
2025-06-17 21:58:51,213 DEBUG [Main] o.o.n.d.AbstractSpringContextJmxServiceDaemon: SPRING: thread.classLoader=java.net.FactoryURLClassLoader@53d8d10a
2025-06-17 21:58:51,214 INFO  [Main] o.s.c.s.ClassPathXmlApplicationContext: Refreshing org.springframework.context.support.ClassPathXmlApplicationContext@5756120d: startup date [Tue Jun 17 21:58:51 UTC 2025]; root of context hierarchy
2025-06-17 21:58:51,214 INFO  [Main] o.s.b.f.x.XmlBeanDefinitionReader: Loading XML bean definitions from class path resource [META-INF/opennms/applicationContext-karafStartupMonitor.xml]
2025-06-17 21:58:51,219 DEBUG [Main] o.o.n.d.AbstractSpringContextJmxServiceDaemon: SPRING: context.classLoader= java.net.FactoryURLClassLoader@53d8d10a
2025-06-17 21:58:51,219 INFO  [Main] o.o.n.d.AbstractSpringContextJmxServiceDaemon: karafStartupMonitor initialization complete.
2025-06-17 21:58:59,610 INFO  [Main] o.o.n.d.AbstractSpringContextJmxServiceDaemon: karafStartupMonitor starting.
2025-06-17 21:58:59,610 DEBUG [Main] o.o.n.d.AbstractSpringContextJmxServiceDaemon: SPRING: thread.classLoader=java.net.FactoryURLClassLoader@53d8d10a
2025-06-17 21:58:59,610 INFO  [Main] o.o.f.k.h.d.KarafStartupMonitor: KarafStartupMonitor is starting.
2025-06-17 21:58:59,611 INFO  [Main] o.o.f.k.h.d.KarafStartupMonitor: Waiting for loading of org.opennms.features.karaf.health.service.KarafHealthService, will block startup until service is available.
2025-06-17 21:59:24,621 INFO  [Main] o.o.f.k.h.d.KarafStartupMonitor: KarafStartupMonitor is started.
2025-06-17 21:59:24,621 DEBUG [Main] o.o.n.d.AbstractSpringContextJmxServiceDaemon: SPRING: context.classLoader= java.net.FactoryURLClassLoader@53d8d10a
2025-06-17 21:59:24,621 INFO  [Main] o.o.n.d.AbstractSpringContextJmxServiceDaemon: karafStartupMonitor starting complete.
2025-06-17 22:02:51,516 INFO  [Thread-0] o.s.c.s.ClassPathXmlApplicationContext: Closing ApplicationContext 'karafStartupMonitorContext': startup date [Tue Jun 17 21:58:51 UTC 2025]; root of context hierarchy
2025-06-17 22:02:51,516 INFO  [Thread-0] o.o.f.k.h.d.KarafStartupMonitor: KarafStartupMonitor is stopped.
2025-06-17 22:03:12,809 INFO  [Main] o.o.n.d.AbstractSpringContextJmxServiceDaemon: karafStartupMonitor initializing.
2025-06-17 22:03:12,810 DEBUG [Main] o.o.n.d.AbstractSpringContextJmxServiceDaemon: SPRING: thread.classLoader=java.net.FactoryURLClassLoader@53d8d10a
2025-06-17 22:03:12,810 INFO  [Main] o.s.c.s.ClassPathXmlApplicationContext: Refreshing org.springframework.context.support.ClassPathXmlApplicationContext@78e931b7: startup date [Tue Jun 17 22:03:12 UTC 2025]; root of context hierarchy
2025-06-17 22:03:12,811 INFO  [Main] o.s.b.f.x.XmlBeanDefinitionReader: Loading XML bean definitions from class path resource [META-INF/opennms/applicationContext-karafStartupMonitor.xml]
2025-06-17 22:03:12,816 DEBUG [Main] o.o.n.d.AbstractSpringContextJmxServiceDaemon: SPRING: context.classLoader= java.net.FactoryURLClassLoader@53d8d10a
2025-06-17 22:03:12,816 INFO  [Main] o.o.n.d.AbstractSpringContextJmxServiceDaemon: karafStartupMonitor initialization complete.
2025-06-17 22:03:21,342 INFO  [Main] o.o.n.d.AbstractSpringContextJmxServiceDaemon: karafStartupMonitor starting.
2025-06-17 22:03:21,342 DEBUG [Main] o.o.n.d.AbstractSpringContextJmxServiceDaemon: SPRING: thread.classLoader=java.net.FactoryURLClassLoader@53d8d10a
2025-06-17 22:03:21,342 INFO  [Main] o.o.f.k.h.d.KarafStartupMonitor: KarafStartupMonitor is starting.
2025-06-17 22:03:21,343 INFO  [Main] o.o.f.k.h.d.KarafStartupMonitor: Waiting for loading of org.opennms.features.karaf.health.service.KarafHealthService, will block startup until service is available.
2025-06-17 22:03:46,405 INFO  [Main] o.o.f.k.h.d.KarafStartupMonitor: KarafStartupMonitor is started.
2025-06-17 22:03:46,409 DEBUG [Main] o.o.n.d.AbstractSpringContextJmxServiceDaemon: SPRING: context.classLoader= java.net.FactoryURLClassLoader@53d8d10a
2025-06-17 22:03:46,410 INFO  [Main] o.o.n.d.AbstractSpringContextJmxServiceDaemon: karafStartupMonitor starting complete.
2025-06-17 22:10:08,968 INFO  [Thread-0] o.s.c.s.ClassPathXmlApplicationContext: Closing ApplicationContext 'karafStartupMonitorContext': startup date [Tue Jun 17 22:03:12 UTC 2025]; root of context hierarchy
2025-06-17 22:10:08,968 INFO  [Thread-0] o.o.f.k.h.d.KarafStartupMonitor: KarafStartupMonitor is stopped.
2025-06-17 22:10:30,993 INFO  [Main] o.o.n.d.AbstractSpringContextJmxServiceDaemon: karafStartupMonitor initializing.
2025-06-17 22:10:30,994 DEBUG [Main] o.o.n.d.AbstractSpringContextJmxServiceDaemon: SPRING: thread.classLoader=java.net.FactoryURLClassLoader@53d8d10a
2025-06-17 22:10:30,995 INFO  [Main] o.s.c.s.ClassPathXmlApplicationContext: Refreshing org.springframework.context.support.ClassPathXmlApplicationContext@44c1df7b: startup date [Tue Jun 17 22:10:30 UTC 2025]; root of context hierarchy
2025-06-17 22:10:30,995 INFO  [Main] o.s.b.f.x.XmlBeanDefinitionReader: Loading XML bean definitions from class path resource [META-INF/opennms/applicationContext-karafStartupMonitor.xml]
2025-06-17 22:10:30,999 DEBUG [Main] o.o.n.d.AbstractSpringContextJmxServiceDaemon: SPRING: context.classLoader= java.net.FactoryURLClassLoader@53d8d10a
2025-06-17 22:10:30,999 INFO  [Main] o.o.n.d.AbstractSpringContextJmxServiceDaemon: karafStartupMonitor initialization complete.
2025-06-17 22:10:40,052 INFO  [Main] o.o.n.d.AbstractSpringContextJmxServiceDaemon: karafStartupMonitor starting.
2025-06-17 22:10:40,052 DEBUG [Main] o.o.n.d.AbstractSpringContextJmxServiceDaemon: SPRING: thread.classLoader=java.net.FactoryURLClassLoader@53d8d10a
2025-06-17 22:10:40,052 INFO  [Main] o.o.f.k.h.d.KarafStartupMonitor: KarafStartupMonitor is starting.
2025-06-17 22:10:40,052 INFO  [Main] o.o.f.k.h.d.KarafStartupMonitor: Waiting for loading of org.opennms.features.karaf.health.service.KarafHealthService, will block startup until service is available.
2025-06-17 22:11:05,396 INFO  [Main] o.o.f.k.h.d.KarafStartupMonitor: KarafStartupMonitor is started.
2025-06-17 22:11:05,396 DEBUG [Main] o.o.n.d.AbstractSpringContextJmxServiceDaemon: SPRING: context.classLoader= java.net.FactoryURLClassLoader@53d8d10a
2025-06-17 22:11:05,396 INFO  [Main] o.o.n.d.AbstractSpringContextJmxServiceDaemon: karafStartupMonitor starting complete.
2025-06-17 22:12:32,338 INFO  [Thread-0] o.s.c.s.ClassPathXmlApplicationContext: Closing ApplicationContext 'karafStartupMonitorContext': startup date [Tue Jun 17 22:10:30 UTC 2025]; root of context hierarchy
2025-06-17 22:12:32,338 INFO  [Thread-0] o.o.f.k.h.d.KarafStartupMonitor: KarafStartupMonitor is stopped.
2025-06-17 22:12:56,608 INFO  [Main] o.o.n.d.AbstractSpringContextJmxServiceDaemon: karafStartupMonitor initializing.
2025-06-17 22:12:56,609 DEBUG [Main] o.o.n.d.AbstractSpringContextJmxServiceDaemon: SPRING: thread.classLoader=java.net.FactoryURLClassLoader@53d8d10a
2025-06-17 22:12:56,609 INFO  [Main] o.s.c.s.ClassPathXmlApplicationContext: Refreshing org.springframework.context.support.ClassPathXmlApplicationContext@7957b0e4: startup date [Tue Jun 17 22:12:56 UTC 2025]; root of context hierarchy
2025-06-17 22:12:56,609 INFO  [Main] o.s.b.f.x.XmlBeanDefinitionReader: Loading XML bean definitions from class path resource [META-INF/opennms/applicationContext-karafStartupMonitor.xml]
2025-06-17 22:12:56,616 DEBUG [Main] o.o.n.d.AbstractSpringContextJmxServiceDaemon: SPRING: context.classLoader= java.net.FactoryURLClassLoader@53d8d10a
2025-06-17 22:12:56,616 INFO  [Main] o.o.n.d.AbstractSpringContextJmxServiceDaemon: karafStartupMonitor initialization complete.
2025-06-17 22:13:05,774 INFO  [Main] o.o.n.d.AbstractSpringContextJmxServiceDaemon: karafStartupMonitor starting.
2025-06-17 22:13:05,774 DEBUG [Main] o.o.n.d.AbstractSpringContextJmxServiceDaemon: SPRING: thread.classLoader=java.net.FactoryURLClassLoader@53d8d10a
2025-06-17 22:13:05,774 INFO  [Main] o.o.f.k.h.d.KarafStartupMonitor: KarafStartupMonitor is starting.
2025-06-17 22:13:05,775 INFO  [Main] o.o.f.k.h.d.KarafStartupMonitor: Waiting for loading of org.opennms.features.karaf.health.service.KarafHealthService, will block startup until service is available.
2025-06-17 22:13:35,781 INFO  [Main] o.o.f.k.h.d.KarafStartupMonitor: KarafStartupMonitor is started.
2025-06-17 22:13:35,782 DEBUG [Main] o.o.n.d.AbstractSpringContextJmxServiceDaemon: SPRING: context.classLoader= java.net.FactoryURLClassLoader@53d8d10a
2025-06-17 22:13:35,782 INFO  [Main] o.o.n.d.AbstractSpringContextJmxServiceDaemon: karafStartupMonitor starting complete.
2025-06-17 22:38:31,205 INFO  [Thread-0] o.s.c.s.ClassPathXmlApplicationContext: Closing ApplicationContext 'karafStartupMonitorContext': startup date [Tue Jun 17 22:12:56 UTC 2025]; root of context hierarchy
2025-06-17 22:38:31,206 INFO  [Thread-0] o.o.f.k.h.d.KarafStartupMonitor: KarafStartupMonitor is stopped.
2025-06-17 22:38:52,282 INFO  [Main] o.o.n.d.AbstractSpringContextJmxServiceDaemon: karafStartupMonitor initializing.
2025-06-17 22:38:52,283 DEBUG [Main] o.o.n.d.AbstractSpringContextJmxServiceDaemon: SPRING: thread.classLoader=java.net.FactoryURLClassLoader@53d8d10a
2025-06-17 22:38:52,283 INFO  [Main] o.s.c.s.ClassPathXmlApplicationContext: Refreshing org.springframework.context.support.ClassPathXmlApplicationContext@2e5dcb1c: startup date [Tue Jun 17 22:38:52 UTC 2025]; root of context hierarchy
2025-06-17 22:38:52,284 INFO  [Main] o.s.b.f.x.XmlBeanDefinitionReader: Loading XML bean definitions from class path resource [META-INF/opennms/applicationContext-karafStartupMonitor.xml]
2025-06-17 22:38:52,291 DEBUG [Main] o.o.n.d.AbstractSpringContextJmxServiceDaemon: SPRING: context.classLoader= java.net.FactoryURLClassLoader@53d8d10a
2025-06-17 22:38:52,291 INFO  [Main] o.o.n.d.AbstractSpringContextJmxServiceDaemon: karafStartupMonitor initialization complete.
2025-06-17 22:39:00,790 INFO  [Main] o.o.n.d.AbstractSpringContextJmxServiceDaemon: karafStartupMonitor starting.
2025-06-17 22:39:00,790 DEBUG [Main] o.o.n.d.AbstractSpringContextJmxServiceDaemon: SPRING: thread.classLoader=java.net.FactoryURLClassLoader@53d8d10a
2025-06-17 22:39:00,790 INFO  [Main] o.o.f.k.h.d.KarafStartupMonitor: KarafStartupMonitor is starting.
2025-06-17 22:39:00,790 INFO  [Main] o.o.f.k.h.d.KarafStartupMonitor: Waiting for loading of org.opennms.features.karaf.health.service.KarafHealthService, will block startup until service is available.
2025-06-17 22:39:30,834 INFO  [Main] o.o.f.k.h.d.KarafStartupMonitor: KarafStartupMonitor is started.
2025-06-17 22:39:30,834 DEBUG [Main] o.o.n.d.AbstractSpringContextJmxServiceDaemon: SPRING: context.classLoader= java.net.FactoryURLClassLoader@53d8d10a
2025-06-17 22:39:30,834 INFO  [Main] o.o.n.d.AbstractSpringContextJmxServiceDaemon: karafStartupMonitor starting complete.
2025-06-17 22:46:56,905 INFO  [Thread-0] o.s.c.s.ClassPathXmlApplicationContext: Closing ApplicationContext 'karafStartupMonitorContext': startup date [Tue Jun 17 22:38:52 UTC 2025]; root of context hierarchy
2025-06-17 22:46:56,906 INFO  [Thread-0] o.o.f.k.h.d.KarafStartupMonitor: KarafStartupMonitor is stopped.
2025-06-17 22:47:17,968 INFO  [Main] o.o.n.d.AbstractSpringContextJmxServiceDaemon: karafStartupMonitor initializing.
2025-06-17 22:47:17,968 DEBUG [Main] o.o.n.d.AbstractSpringContextJmxServiceDaemon: SPRING: thread.classLoader=java.net.FactoryURLClassLoader@53d8d10a
2025-06-17 22:47:17,969 INFO  [Main] o.s.c.s.ClassPathXmlApplicationContext: Refreshing org.springframework.context.support.ClassPathXmlApplicationContext@341b0669: startup date [Tue Jun 17 22:47:17 UTC 2025]; root of context hierarchy
2025-06-17 22:47:17,969 INFO  [Main] o.s.b.f.x.XmlBeanDefinitionReader: Loading XML bean definitions from class path resource [META-INF/opennms/applicationContext-karafStartupMonitor.xml]
2025-06-17 22:47:17,974 DEBUG [Main] o.o.n.d.AbstractSpringContextJmxServiceDaemon: SPRING: context.classLoader= java.net.FactoryURLClassLoader@53d8d10a
2025-06-17 22:47:17,974 INFO  [Main] o.o.n.d.AbstractSpringContextJmxServiceDaemon: karafStartupMonitor initialization complete.
2025-06-17 22:47:26,853 INFO  [Main] o.o.n.d.AbstractSpringContextJmxServiceDaemon: karafStartupMonitor starting.
2025-06-17 22:47:26,853 DEBUG [Main] o.o.n.d.AbstractSpringContextJmxServiceDaemon: SPRING: thread.classLoader=java.net.FactoryURLClassLoader@53d8d10a
2025-06-17 22:47:26,854 INFO  [Main] o.o.f.k.h.d.KarafStartupMonitor: KarafStartupMonitor is starting.
2025-06-17 22:47:26,854 INFO  [Main] o.o.f.k.h.d.KarafStartupMonitor: Waiting for loading of org.opennms.features.karaf.health.service.KarafHealthService, will block startup until service is available.
2025-06-17 22:47:56,858 INFO  [Main] o.o.f.k.h.d.KarafStartupMonitor: KarafStartupMonitor is started.
2025-06-17 22:47:56,858 DEBUG [Main] o.o.n.d.AbstractSpringContextJmxServiceDaemon: SPRING: context.classLoader= java.net.FactoryURLClassLoader@53d8d10a
2025-06-17 22:47:56,858 INFO  [Main] o.o.n.d.AbstractSpringContextJmxServiceDaemon: karafStartupMonitor starting complete.
2025-06-17 22:58:27,872 INFO  [Thread-0] o.s.c.s.ClassPathXmlApplicationContext: Closing ApplicationContext 'karafStartupMonitorContext': startup date [Tue Jun 17 22:47:17 UTC 2025]; root of context hierarchy
2025-06-17 22:58:27,872 INFO  [Thread-0] o.o.f.k.h.d.KarafStartupMonitor: KarafStartupMonitor is stopped.
2025-06-17 22:58:48,764 INFO  [Main] o.o.n.d.AbstractSpringContextJmxServiceDaemon: karafStartupMonitor initializing.
2025-06-17 22:58:48,764 DEBUG [Main] o.o.n.d.AbstractSpringContextJmxServiceDaemon: SPRING: thread.classLoader=java.net.FactoryURLClassLoader@53d8d10a
2025-06-17 22:58:48,765 INFO  [Main] o.s.c.s.ClassPathXmlApplicationContext: Refreshing org.springframework.context.support.ClassPathXmlApplicationContext@6cbec30e: startup date [Tue Jun 17 22:58:48 UTC 2025]; root of context hierarchy
2025-06-17 22:58:48,765 INFO  [Main] o.s.b.f.x.XmlBeanDefinitionReader: Loading XML bean definitions from class path resource [META-INF/opennms/applicationContext-karafStartupMonitor.xml]
2025-06-17 22:58:48,770 DEBUG [Main] o.o.n.d.AbstractSpringContextJmxServiceDaemon: SPRING: context.classLoader= java.net.FactoryURLClassLoader@53d8d10a
2025-06-17 22:58:48,770 INFO  [Main] o.o.n.d.AbstractSpringContextJmxServiceDaemon: karafStartupMonitor initialization complete.
2025-06-17 22:58:57,550 INFO  [Main] o.o.n.d.AbstractSpringContextJmxServiceDaemon: karafStartupMonitor starting.
2025-06-17 22:58:57,550 DEBUG [Main] o.o.n.d.AbstractSpringContextJmxServiceDaemon: SPRING: thread.classLoader=java.net.FactoryURLClassLoader@53d8d10a
2025-06-17 22:58:57,550 INFO  [Main] o.o.f.k.h.d.KarafStartupMonitor: KarafStartupMonitor is starting.
2025-06-17 22:58:57,550 INFO  [Main] o.o.f.k.h.d.KarafStartupMonitor: Waiting for loading of org.opennms.features.karaf.health.service.KarafHealthService, will block startup until service is available.
2025-06-17 22:59:22,559 INFO  [Main] o.o.f.k.h.d.KarafStartupMonitor: KarafStartupMonitor is started.
2025-06-17 22:59:22,559 DEBUG [Main] o.o.n.d.AbstractSpringContextJmxServiceDaemon: SPRING: context.classLoader= java.net.FactoryURLClassLoader@53d8d10a
2025-06-17 22:59:22,559 INFO  [Main] o.o.n.d.AbstractSpringContextJmxServiceDaemon: karafStartupMonitor starting complete.
2025-06-17 23:04:31,536 INFO  [Thread-0] o.s.c.s.ClassPathXmlApplicationContext: Closing ApplicationContext 'karafStartupMonitorContext': startup date [Tue Jun 17 22:58:48 UTC 2025]; root of context hierarchy
2025-06-17 23:04:31,537 INFO  [Thread-0] o.o.f.k.h.d.KarafStartupMonitor: KarafStartupMonitor is stopped.
2025-06-17 23:04:52,990 INFO  [Main] o.o.n.d.AbstractSpringContextJmxServiceDaemon: karafStartupMonitor initializing.
2025-06-17 23:04:52,991 DEBUG [Main] o.o.n.d.AbstractSpringContextJmxServiceDaemon: SPRING: thread.classLoader=java.net.FactoryURLClassLoader@53d8d10a
2025-06-17 23:04:52,991 INFO  [Main] o.s.c.s.ClassPathXmlApplicationContext: Refreshing org.springframework.context.support.ClassPathXmlApplicationContext@3f6dc72e: startup date [Tue Jun 17 23:04:52 UTC 2025]; root of context hierarchy
2025-06-17 23:04:52,991 INFO  [Main] o.s.b.f.x.XmlBeanDefinitionReader: Loading XML bean definitions from class path resource [META-INF/opennms/applicationContext-karafStartupMonitor.xml]
2025-06-17 23:04:52,997 DEBUG [Main] o.o.n.d.AbstractSpringContextJmxServiceDaemon: SPRING: context.classLoader= java.net.FactoryURLClassLoader@53d8d10a
2025-06-17 23:04:52,997 INFO  [Main] o.o.n.d.AbstractSpringContextJmxServiceDaemon: karafStartupMonitor initialization complete.
2025-06-17 23:05:01,720 INFO  [Main] o.o.n.d.AbstractSpringContextJmxServiceDaemon: karafStartupMonitor starting.
2025-06-17 23:05:01,720 DEBUG [Main] o.o.n.d.AbstractSpringContextJmxServiceDaemon: SPRING: thread.classLoader=java.net.FactoryURLClassLoader@53d8d10a
2025-06-17 23:05:01,720 INFO  [Main] o.o.f.k.h.d.KarafStartupMonitor: KarafStartupMonitor is starting.
2025-06-17 23:05:01,721 INFO  [Main] o.o.f.k.h.d.KarafStartupMonitor: Waiting for loading of org.opennms.features.karaf.health.service.KarafHealthService, will block startup until service is available.
2025-06-17 23:05:26,971 INFO  [Main] o.o.f.k.h.d.KarafStartupMonitor: KarafStartupMonitor is started.
2025-06-17 23:05:26,971 DEBUG [Main] o.o.n.d.AbstractSpringContextJmxServiceDaemon: SPRING: context.classLoader= java.net.FactoryURLClassLoader@53d8d10a
2025-06-17 23:05:26,972 INFO  [Main] o.o.n.d.AbstractSpringContextJmxServiceDaemon: karafStartupMonitor starting complete.
2025-06-17 23:09:08,508 INFO  [Thread-0] o.s.c.s.ClassPathXmlApplicationContext: Closing ApplicationContext 'karafStartupMonitorContext': startup date [Tue Jun 17 23:04:52 UTC 2025]; root of context hierarchy
2025-06-17 23:09:08,508 INFO  [Thread-0] o.o.f.k.h.d.KarafStartupMonitor: KarafStartupMonitor is stopped.
2025-06-17 23:09:29,850 INFO  [Main] o.o.n.d.AbstractSpringContextJmxServiceDaemon: karafStartupMonitor initializing.
2025-06-17 23:09:29,851 DEBUG [Main] o.o.n.d.AbstractSpringContextJmxServiceDaemon: SPRING: thread.classLoader=java.net.FactoryURLClassLoader@53d8d10a
2025-06-17 23:09:29,852 INFO  [Main] o.s.c.s.ClassPathXmlApplicationContext: Refreshing org.springframework.context.support.ClassPathXmlApplicationContext@4cb68124: startup date [Tue Jun 17 23:09:29 UTC 2025]; root of context hierarchy
2025-06-17 23:09:29,852 INFO  [Main] o.s.b.f.x.XmlBeanDefinitionReader: Loading XML bean definitions from class path resource [META-INF/opennms/applicationContext-karafStartupMonitor.xml]
2025-06-17 23:09:29,873 DEBUG [Main] o.o.n.d.AbstractSpringContextJmxServiceDaemon: SPRING: context.classLoader= java.net.FactoryURLClassLoader@53d8d10a
2025-06-17 23:09:29,874 INFO  [Main] o.o.n.d.AbstractSpringContextJmxServiceDaemon: karafStartupMonitor initialization complete.
2025-06-17 23:09:38,377 INFO  [Main] o.o.n.d.AbstractSpringContextJmxServiceDaemon: karafStartupMonitor starting.
2025-06-17 23:09:38,377 DEBUG [Main] o.o.n.d.AbstractSpringContextJmxServiceDaemon: SPRING: thread.classLoader=java.net.FactoryURLClassLoader@53d8d10a
2025-06-17 23:09:38,377 INFO  [Main] o.o.f.k.h.d.KarafStartupMonitor: KarafStartupMonitor is starting.
2025-06-17 23:09:38,377 INFO  [Main] o.o.f.k.h.d.KarafStartupMonitor: Waiting for loading of org.opennms.features.karaf.health.service.KarafHealthService, will block startup until service is available.
2025-06-17 23:10:03,421 INFO  [Main] o.o.f.k.h.d.KarafStartupMonitor: KarafStartupMonitor is started.
2025-06-17 23:10:03,421 DEBUG [Main] o.o.n.d.AbstractSpringContextJmxServiceDaemon: SPRING: context.classLoader= java.net.FactoryURLClassLoader@53d8d10a
2025-06-17 23:10:03,421 INFO  [Main] o.o.n.d.AbstractSpringContextJmxServiceDaemon: karafStartupMonitor starting complete.
2025-06-17 23:13:19,279 INFO  [Thread-0] o.s.c.s.ClassPathXmlApplicationContext: Closing ApplicationContext 'karafStartupMonitorContext': startup date [Tue Jun 17 23:09:29 UTC 2025]; root of context hierarchy
2025-06-17 23:13:19,279 INFO  [Thread-0] o.o.f.k.h.d.KarafStartupMonitor: KarafStartupMonitor is stopped.
2025-06-17 23:13:40,602 INFO  [Main] o.o.n.d.AbstractSpringContextJmxServiceDaemon: karafStartupMonitor initializing.
2025-06-17 23:13:40,602 DEBUG [Main] o.o.n.d.AbstractSpringContextJmxServiceDaemon: SPRING: thread.classLoader=java.net.FactoryURLClassLoader@53d8d10a
2025-06-17 23:13:40,603 INFO  [Main] o.s.c.s.ClassPathXmlApplicationContext: Refreshing org.springframework.context.support.ClassPathXmlApplicationContext@21d7f167: startup date [Tue Jun 17 23:13:40 UTC 2025]; root of context hierarchy
2025-06-17 23:13:40,603 INFO  [Main] o.s.b.f.x.XmlBeanDefinitionReader: Loading XML bean definitions from class path resource [META-INF/opennms/applicationContext-karafStartupMonitor.xml]
2025-06-17 23:13:40,608 DEBUG [Main] o.o.n.d.AbstractSpringContextJmxServiceDaemon: SPRING: context.classLoader= java.net.FactoryURLClassLoader@53d8d10a
2025-06-17 23:13:40,608 INFO  [Main] o.o.n.d.AbstractSpringContextJmxServiceDaemon: karafStartupMonitor initialization complete.
2025-06-17 23:13:49,474 INFO  [Main] o.o.n.d.AbstractSpringContextJmxServiceDaemon: karafStartupMonitor starting.
2025-06-17 23:13:49,475 DEBUG [Main] o.o.n.d.AbstractSpringContextJmxServiceDaemon: SPRING: thread.classLoader=java.net.FactoryURLClassLoader@53d8d10a
2025-06-17 23:13:49,475 INFO  [Main] o.o.f.k.h.d.KarafStartupMonitor: KarafStartupMonitor is starting.
2025-06-17 23:13:49,475 INFO  [Main] o.o.f.k.h.d.KarafStartupMonitor: Waiting for loading of org.opennms.features.karaf.health.service.KarafHealthService, will block startup until service is available.
2025-06-17 23:14:19,482 INFO  [Main] o.o.f.k.h.d.KarafStartupMonitor: KarafStartupMonitor is started.
2025-06-17 23:14:19,483 DEBUG [Main] o.o.n.d.AbstractSpringContextJmxServiceDaemon: SPRING: context.classLoader= java.net.FactoryURLClassLoader@53d8d10a
2025-06-17 23:14:19,483 INFO  [Main] o.o.n.d.AbstractSpringContextJmxServiceDaemon: karafStartupMonitor starting complete.
2025-06-25 14:09:30,621 INFO  [Main] o.o.n.d.AbstractSpringContextJmxServiceDaemon: karafStartupMonitor initializing.
2025-06-25 14:09:30,623 DEBUG [Main] o.o.n.d.AbstractSpringContextJmxServiceDaemon: SPRING: thread.classLoader=java.net.FactoryURLClassLoader@53d8d10a
2025-06-25 14:09:30,623 INFO  [Main] o.s.c.s.ClassPathXmlApplicationContext: Refreshing org.springframework.context.support.ClassPathXmlApplicationContext@6975c005: startup date [Wed Jun 25 14:09:30 UTC 2025]; root of context hierarchy
2025-06-25 14:09:30,623 INFO  [Main] o.s.b.f.x.XmlBeanDefinitionReader: Loading XML bean definitions from class path resource [META-INF/opennms/applicationContext-karafStartupMonitor.xml]
2025-06-25 14:09:30,629 DEBUG [Main] o.o.n.d.AbstractSpringContextJmxServiceDaemon: SPRING: context.classLoader= java.net.FactoryURLClassLoader@53d8d10a
2025-06-25 14:09:30,629 INFO  [Main] o.o.n.d.AbstractSpringContextJmxServiceDaemon: karafStartupMonitor initialization complete.
2025-06-25 14:09:39,014 INFO  [Main] o.o.n.d.AbstractSpringContextJmxServiceDaemon: karafStartupMonitor starting.
2025-06-25 14:09:39,014 DEBUG [Main] o.o.n.d.AbstractSpringContextJmxServiceDaemon: SPRING: thread.classLoader=java.net.FactoryURLClassLoader@53d8d10a
2025-06-25 14:09:39,014 INFO  [Main] o.o.f.k.h.d.KarafStartupMonitor: KarafStartupMonitor is starting.
2025-06-25 14:09:39,014 INFO  [Main] o.o.f.k.h.d.KarafStartupMonitor: Waiting for loading of org.opennms.features.karaf.health.service.KarafHealthService, will block startup until service is available.
2025-06-25 14:10:09,017 INFO  [Main] o.o.f.k.h.d.KarafStartupMonitor: KarafStartupMonitor is started.
2025-06-25 14:10:09,019 DEBUG [Main] o.o.n.d.AbstractSpringContextJmxServiceDaemon: SPRING: context.classLoader= java.net.FactoryURLClassLoader@53d8d10a
2025-06-25 14:10:09,019 INFO  [Main] o.o.n.d.AbstractSpringContextJmxServiceDaemon: karafStartupMonitor starting complete.
2025-06-25 14:18:48,032 INFO  [Main] o.o.n.d.AbstractSpringContextJmxServiceDaemon: karafStartupMonitor initializing.
2025-06-25 14:18:48,033 DEBUG [Main] o.o.n.d.AbstractSpringContextJmxServiceDaemon: SPRING: thread.classLoader=java.net.FactoryURLClassLoader@53d8d10a
2025-06-25 14:18:48,034 INFO  [Main] o.s.c.s.ClassPathXmlApplicationContext: Refreshing org.springframework.context.support.ClassPathXmlApplicationContext@6273ca74: startup date [Wed Jun 25 14:18:48 UTC 2025]; root of context hierarchy
2025-06-25 14:18:48,034 INFO  [Main] o.s.b.f.x.XmlBeanDefinitionReader: Loading XML bean definitions from class path resource [META-INF/opennms/applicationContext-karafStartupMonitor.xml]
2025-06-25 14:18:48,039 DEBUG [Main] o.o.n.d.AbstractSpringContextJmxServiceDaemon: SPRING: context.classLoader= java.net.FactoryURLClassLoader@53d8d10a
2025-06-25 14:18:48,039 INFO  [Main] o.o.n.d.AbstractSpringContextJmxServiceDaemon: karafStartupMonitor initialization complete.
2025-06-25 14:18:55,982 INFO  [Main] o.o.n.d.AbstractSpringContextJmxServiceDaemon: karafStartupMonitor starting.
2025-06-25 14:18:55,982 DEBUG [Main] o.o.n.d.AbstractSpringContextJmxServiceDaemon: SPRING: thread.classLoader=java.net.FactoryURLClassLoader@53d8d10a
2025-06-25 14:18:55,982 INFO  [Main] o.o.f.k.h.d.KarafStartupMonitor: KarafStartupMonitor is starting.
2025-06-25 14:18:55,983 INFO  [Main] o.o.f.k.h.d.KarafStartupMonitor: Waiting for loading of org.opennms.features.karaf.health.service.KarafHealthService, will block startup until service is available.
2025-06-25 14:19:26,015 INFO  [Main] o.o.f.k.h.d.KarafStartupMonitor: KarafStartupMonitor is started.
2025-06-25 14:19:26,016 DEBUG [Main] o.o.n.d.AbstractSpringContextJmxServiceDaemon: SPRING: context.classLoader= java.net.FactoryURLClassLoader@53d8d10a
2025-06-25 14:19:26,016 INFO  [Main] o.o.n.d.AbstractSpringContextJmxServiceDaemon: karafStartupMonitor starting complete.
2025-06-25 14:29:48,572 INFO  [Main] o.o.n.d.AbstractSpringContextJmxServiceDaemon: karafStartupMonitor initializing.
2025-06-25 14:29:48,573 DEBUG [Main] o.o.n.d.AbstractSpringContextJmxServiceDaemon: SPRING: thread.classLoader=java.net.FactoryURLClassLoader@53d8d10a
2025-06-25 14:29:48,574 INFO  [Main] o.s.c.s.ClassPathXmlApplicationContext: Refreshing org.springframework.context.support.ClassPathXmlApplicationContext@9a3716c: startup date [Wed Jun 25 14:29:48 UTC 2025]; root of context hierarchy
2025-06-25 14:29:48,574 INFO  [Main] o.s.b.f.x.XmlBeanDefinitionReader: Loading XML bean definitions from class path resource [META-INF/opennms/applicationContext-karafStartupMonitor.xml]
2025-06-25 14:29:48,581 DEBUG [Main] o.o.n.d.AbstractSpringContextJmxServiceDaemon: SPRING: context.classLoader= java.net.FactoryURLClassLoader@53d8d10a
2025-06-25 14:29:48,581 INFO  [Main] o.o.n.d.AbstractSpringContextJmxServiceDaemon: karafStartupMonitor initialization complete.
2025-06-25 14:29:58,744 INFO  [Main] o.o.n.d.AbstractSpringContextJmxServiceDaemon: karafStartupMonitor starting.
2025-06-25 14:29:58,796 DEBUG [Main] o.o.n.d.AbstractSpringContextJmxServiceDaemon: SPRING: thread.classLoader=java.net.FactoryURLClassLoader@53d8d10a
2025-06-25 14:29:58,797 INFO  [Main] o.o.f.k.h.d.KarafStartupMonitor: KarafStartupMonitor is starting.
2025-06-25 14:29:58,797 INFO  [Main] o.o.f.k.h.d.KarafStartupMonitor: Waiting for loading of org.opennms.features.karaf.health.service.KarafHealthService, will block startup until service is available.
2025-06-25 14:30:28,800 INFO  [Main] o.o.f.k.h.d.KarafStartupMonitor: KarafStartupMonitor is started.
2025-06-25 14:30:28,803 DEBUG [Main] o.o.n.d.AbstractSpringContextJmxServiceDaemon: SPRING: context.classLoader= java.net.FactoryURLClassLoader@53d8d10a
2025-06-25 14:30:28,803 INFO  [Main] o.o.n.d.AbstractSpringContextJmxServiceDaemon: karafStartupMonitor starting complete.
2025-06-25 14:33:35,010 INFO  [Main] o.o.n.d.AbstractSpringContextJmxServiceDaemon: karafStartupMonitor initializing.
2025-06-25 14:33:35,012 DEBUG [Main] o.o.n.d.AbstractSpringContextJmxServiceDaemon: SPRING: thread.classLoader=java.net.FactoryURLClassLoader@53d8d10a
2025-06-25 14:33:35,013 INFO  [Main] o.s.c.s.ClassPathXmlApplicationContext: Refreshing org.springframework.context.support.ClassPathXmlApplicationContext@4bd6af6b: startup date [Wed Jun 25 14:33:35 UTC 2025]; root of context hierarchy
2025-06-25 14:33:35,013 INFO  [Main] o.s.b.f.x.XmlBeanDefinitionReader: Loading XML bean definitions from class path resource [META-INF/opennms/applicationContext-karafStartupMonitor.xml]
2025-06-25 14:33:35,019 DEBUG [Main] o.o.n.d.AbstractSpringContextJmxServiceDaemon: SPRING: context.classLoader= java.net.FactoryURLClassLoader@53d8d10a
2025-06-25 14:33:35,019 INFO  [Main] o.o.n.d.AbstractSpringContextJmxServiceDaemon: karafStartupMonitor initialization complete.
2025-06-25 14:33:43,436 INFO  [Main] o.o.n.d.AbstractSpringContextJmxServiceDaemon: karafStartupMonitor starting.
2025-06-25 14:33:43,436 DEBUG [Main] o.o.n.d.AbstractSpringContextJmxServiceDaemon: SPRING: thread.classLoader=java.net.FactoryURLClassLoader@53d8d10a
2025-06-25 14:33:43,437 INFO  [Main] o.o.f.k.h.d.KarafStartupMonitor: KarafStartupMonitor is starting.
2025-06-25 14:33:43,437 INFO  [Main] o.o.f.k.h.d.KarafStartupMonitor: Waiting for loading of org.opennms.features.karaf.health.service.KarafHealthService, will block startup until service is available.
2025-06-25 14:34:13,439 INFO  [Main] o.o.f.k.h.d.KarafStartupMonitor: KarafStartupMonitor is started.
2025-06-25 14:34:13,441 DEBUG [Main] o.o.n.d.AbstractSpringContextJmxServiceDaemon: SPRING: context.classLoader= java.net.FactoryURLClassLoader@53d8d10a
2025-06-25 14:34:13,441 INFO  [Main] o.o.n.d.AbstractSpringContextJmxServiceDaemon: karafStartupMonitor starting complete.
