2025-06-17 21:40:27,119 INFO  [Main] o.s.c.s.ClassPathXmlApplicationContext: Refreshing org.springframework.context.support.ClassPathXmlApplicationContext@1fdf7356: startup date [Tue Jun 17 21:40:27 UTC 2025]; parent: ApplicationContext 'daoContext'
2025-06-17 21:40:27,120 INFO  [Main] o.s.b.f.x.XmlBeanDefinitionReader: Loading XML bean definitions from class path resource [META-INF/opennms/applicationContext-perspectivePollerDaemon.xml]
2025-06-17 21:40:27,131 INFO  [Main] o.s.b.f.a.AutowiredAnnotationBeanPostProcessor: JSR-330 'javax.inject.Inject' annotation found and supported for autowiring
2025-06-17 21:41:07,741 INFO  [Main] o.q.i.StdSchedulerFactory: Using default implementation for ThreadExecutor
2025-06-17 21:41:07,742 INFO  [Main] o.q.s.SimpleThreadPool: Job execution threads will use class loader of thread: Main
2025-06-17 21:41:07,743 INFO  [Main] o.q.c.SchedulerSignalerImpl: Initialized Scheduler Signaller of type: class org.quartz.core.SchedulerSignalerImpl
2025-06-17 21:41:07,743 INFO  [Main] o.q.c.QuartzScheduler: Quartz Scheduler v.2.3.2 created.
2025-06-17 21:41:07,743 INFO  [Main] o.q.s.RAMJobStore: RAMJobStore initialized.
2025-06-17 21:41:07,743 INFO  [Main] o.q.c.QuartzScheduler: Scheduler meta-data: Quartz Scheduler (v2.3.2) 'DefaultQuartzScheduler' with instanceId 'NON_CLUSTERED'
  Scheduler class: 'org.quartz.core.QuartzScheduler' - running locally.
  NOT STARTED.
  Currently in standby mode.
  Number of jobs executed: 0
  Using thread pool 'org.quartz.simpl.SimpleThreadPool' - with 10 threads.
  Using job-store 'org.quartz.simpl.RAMJobStore' - which does not support persistence. and is not clustered.

2025-06-17 21:41:07,743 INFO  [Main] o.q.i.StdSchedulerFactory: Quartz scheduler 'DefaultQuartzScheduler' initialized from default resource file in Quartz package: 'quartz.properties'
2025-06-17 21:41:07,743 INFO  [Main] o.q.i.StdSchedulerFactory: Quartz scheduler version: 2.3.2
2025-06-17 21:41:07,743 INFO  [Main] o.q.c.QuartzScheduler: Scheduler DefaultQuartzScheduler_$_NON_CLUSTERED started.
2025-06-17 21:43:29,918 INFO  [Thread-0] o.s.c.s.ClassPathXmlApplicationContext: Closing ApplicationContext 'perspectivepollerdContext': startup date [Tue Jun 17 21:40:27 UTC 2025]; parent: ApplicationContext 'daoContext'
2025-06-17 21:43:29,926 INFO  [Thread-0] o.q.c.QuartzScheduler: Scheduler DefaultQuartzScheduler_$_NON_CLUSTERED shutting down.
2025-06-17 21:43:29,927 INFO  [Thread-0] o.q.c.QuartzScheduler: Scheduler DefaultQuartzScheduler_$_NON_CLUSTERED paused.
2025-06-17 21:43:29,927 INFO  [Thread-0] o.q.c.QuartzScheduler: Scheduler DefaultQuartzScheduler_$_NON_CLUSTERED shutdown complete.
2025-06-17 21:43:54,741 INFO  [Main] o.s.c.s.ClassPathXmlApplicationContext: Refreshing org.springframework.context.support.ClassPathXmlApplicationContext@241b08e2: startup date [Tue Jun 17 21:43:54 UTC 2025]; parent: ApplicationContext 'daoContext'
2025-06-17 21:43:54,742 INFO  [Main] o.s.b.f.x.XmlBeanDefinitionReader: Loading XML bean definitions from class path resource [META-INF/opennms/applicationContext-perspectivePollerDaemon.xml]
2025-06-17 21:43:54,756 INFO  [Main] o.s.b.f.a.AutowiredAnnotationBeanPostProcessor: JSR-330 'javax.inject.Inject' annotation found and supported for autowiring
2025-06-17 21:44:30,466 INFO  [Main] o.q.i.StdSchedulerFactory: Using default implementation for ThreadExecutor
2025-06-17 21:44:30,466 INFO  [Main] o.q.s.SimpleThreadPool: Job execution threads will use class loader of thread: Main
2025-06-17 21:44:30,468 INFO  [Main] o.q.c.SchedulerSignalerImpl: Initialized Scheduler Signaller of type: class org.quartz.core.SchedulerSignalerImpl
2025-06-17 21:44:30,468 INFO  [Main] o.q.c.QuartzScheduler: Quartz Scheduler v.2.3.2 created.
2025-06-17 21:44:30,468 INFO  [Main] o.q.s.RAMJobStore: RAMJobStore initialized.
2025-06-17 21:44:30,468 INFO  [Main] o.q.c.QuartzScheduler: Scheduler meta-data: Quartz Scheduler (v2.3.2) 'DefaultQuartzScheduler' with instanceId 'NON_CLUSTERED'
  Scheduler class: 'org.quartz.core.QuartzScheduler' - running locally.
  NOT STARTED.
  Currently in standby mode.
  Number of jobs executed: 0
  Using thread pool 'org.quartz.simpl.SimpleThreadPool' - with 10 threads.
  Using job-store 'org.quartz.simpl.RAMJobStore' - which does not support persistence. and is not clustered.

2025-06-17 21:44:30,468 INFO  [Main] o.q.i.StdSchedulerFactory: Quartz scheduler 'DefaultQuartzScheduler' initialized from default resource file in Quartz package: 'quartz.properties'
2025-06-17 21:44:30,468 INFO  [Main] o.q.i.StdSchedulerFactory: Quartz scheduler version: 2.3.2
2025-06-17 21:44:30,468 INFO  [Main] o.q.c.QuartzScheduler: Scheduler DefaultQuartzScheduler_$_NON_CLUSTERED started.
2025-06-17 21:49:19,374 INFO  [Thread-0] o.s.c.s.ClassPathXmlApplicationContext: Closing ApplicationContext 'perspectivepollerdContext': startup date [Tue Jun 17 21:43:54 UTC 2025]; parent: ApplicationContext 'daoContext'
2025-06-17 21:49:19,381 INFO  [Thread-0] o.q.c.QuartzScheduler: Scheduler DefaultQuartzScheduler_$_NON_CLUSTERED shutting down.
2025-06-17 21:49:19,381 INFO  [Thread-0] o.q.c.QuartzScheduler: Scheduler DefaultQuartzScheduler_$_NON_CLUSTERED paused.
2025-06-17 21:49:19,381 INFO  [Thread-0] o.q.c.QuartzScheduler: Scheduler DefaultQuartzScheduler_$_NON_CLUSTERED shutdown complete.
2025-06-17 21:49:43,960 INFO  [Main] o.s.c.s.ClassPathXmlApplicationContext: Refreshing org.springframework.context.support.ClassPathXmlApplicationContext@23461738: startup date [Tue Jun 17 21:49:43 UTC 2025]; parent: ApplicationContext 'daoContext'
2025-06-17 21:49:43,962 INFO  [Main] o.s.b.f.x.XmlBeanDefinitionReader: Loading XML bean definitions from class path resource [META-INF/opennms/applicationContext-perspectivePollerDaemon.xml]
2025-06-17 21:49:43,973 INFO  [Main] o.s.b.f.a.AutowiredAnnotationBeanPostProcessor: JSR-330 'javax.inject.Inject' annotation found and supported for autowiring
2025-06-17 21:50:18,863 INFO  [Main] o.q.i.StdSchedulerFactory: Using default implementation for ThreadExecutor
2025-06-17 21:50:18,863 INFO  [Main] o.q.s.SimpleThreadPool: Job execution threads will use class loader of thread: Main
2025-06-17 21:50:18,864 INFO  [Main] o.q.c.SchedulerSignalerImpl: Initialized Scheduler Signaller of type: class org.quartz.core.SchedulerSignalerImpl
2025-06-17 21:50:18,864 INFO  [Main] o.q.c.QuartzScheduler: Quartz Scheduler v.2.3.2 created.
2025-06-17 21:50:18,864 INFO  [Main] o.q.s.RAMJobStore: RAMJobStore initialized.
2025-06-17 21:50:18,864 INFO  [Main] o.q.c.QuartzScheduler: Scheduler meta-data: Quartz Scheduler (v2.3.2) 'DefaultQuartzScheduler' with instanceId 'NON_CLUSTERED'
  Scheduler class: 'org.quartz.core.QuartzScheduler' - running locally.
  NOT STARTED.
  Currently in standby mode.
  Number of jobs executed: 0
  Using thread pool 'org.quartz.simpl.SimpleThreadPool' - with 10 threads.
  Using job-store 'org.quartz.simpl.RAMJobStore' - which does not support persistence. and is not clustered.

2025-06-17 21:50:18,864 INFO  [Main] o.q.i.StdSchedulerFactory: Quartz scheduler 'DefaultQuartzScheduler' initialized from default resource file in Quartz package: 'quartz.properties'
2025-06-17 21:50:18,864 INFO  [Main] o.q.i.StdSchedulerFactory: Quartz scheduler version: 2.3.2
2025-06-17 21:50:18,864 INFO  [Main] o.q.c.QuartzScheduler: Scheduler DefaultQuartzScheduler_$_NON_CLUSTERED started.
2025-06-17 21:54:02,302 INFO  [Thread-0] o.s.c.s.ClassPathXmlApplicationContext: Closing ApplicationContext 'perspectivepollerdContext': startup date [Tue Jun 17 21:49:43 UTC 2025]; parent: ApplicationContext 'daoContext'
2025-06-17 21:54:02,314 INFO  [Thread-0] o.q.c.QuartzScheduler: Scheduler DefaultQuartzScheduler_$_NON_CLUSTERED shutting down.
2025-06-17 21:54:02,315 INFO  [Thread-0] o.q.c.QuartzScheduler: Scheduler DefaultQuartzScheduler_$_NON_CLUSTERED paused.
2025-06-17 21:54:02,315 INFO  [Thread-0] o.q.c.QuartzScheduler: Scheduler DefaultQuartzScheduler_$_NON_CLUSTERED shutdown complete.
2025-06-17 21:54:26,991 INFO  [Main] o.s.c.s.ClassPathXmlApplicationContext: Refreshing org.springframework.context.support.ClassPathXmlApplicationContext@424276aa: startup date [Tue Jun 17 21:54:26 UTC 2025]; parent: ApplicationContext 'daoContext'
2025-06-17 21:54:26,992 INFO  [Main] o.s.b.f.x.XmlBeanDefinitionReader: Loading XML bean definitions from class path resource [META-INF/opennms/applicationContext-perspectivePollerDaemon.xml]
2025-06-17 21:54:27,003 INFO  [Main] o.s.b.f.a.AutowiredAnnotationBeanPostProcessor: JSR-330 'javax.inject.Inject' annotation found and supported for autowiring
2025-06-17 21:55:07,081 INFO  [Main] o.q.i.StdSchedulerFactory: Using default implementation for ThreadExecutor
2025-06-17 21:55:07,082 INFO  [Main] o.q.s.SimpleThreadPool: Job execution threads will use class loader of thread: Main
2025-06-17 21:55:07,083 INFO  [Main] o.q.c.SchedulerSignalerImpl: Initialized Scheduler Signaller of type: class org.quartz.core.SchedulerSignalerImpl
2025-06-17 21:55:07,083 INFO  [Main] o.q.c.QuartzScheduler: Quartz Scheduler v.2.3.2 created.
2025-06-17 21:55:07,083 INFO  [Main] o.q.s.RAMJobStore: RAMJobStore initialized.
2025-06-17 21:55:07,083 INFO  [Main] o.q.c.QuartzScheduler: Scheduler meta-data: Quartz Scheduler (v2.3.2) 'DefaultQuartzScheduler' with instanceId 'NON_CLUSTERED'
  Scheduler class: 'org.quartz.core.QuartzScheduler' - running locally.
  NOT STARTED.
  Currently in standby mode.
  Number of jobs executed: 0
  Using thread pool 'org.quartz.simpl.SimpleThreadPool' - with 10 threads.
  Using job-store 'org.quartz.simpl.RAMJobStore' - which does not support persistence. and is not clustered.

2025-06-17 21:55:07,083 INFO  [Main] o.q.i.StdSchedulerFactory: Quartz scheduler 'DefaultQuartzScheduler' initialized from default resource file in Quartz package: 'quartz.properties'
2025-06-17 21:55:07,083 INFO  [Main] o.q.i.StdSchedulerFactory: Quartz scheduler version: 2.3.2
2025-06-17 21:55:07,083 INFO  [Main] o.q.c.QuartzScheduler: Scheduler DefaultQuartzScheduler_$_NON_CLUSTERED started.
2025-06-17 21:58:19,348 INFO  [Thread-0] o.s.c.s.ClassPathXmlApplicationContext: Closing ApplicationContext 'perspectivepollerdContext': startup date [Tue Jun 17 21:54:26 UTC 2025]; parent: ApplicationContext 'daoContext'
2025-06-17 21:58:19,351 INFO  [Thread-0] o.q.c.QuartzScheduler: Scheduler DefaultQuartzScheduler_$_NON_CLUSTERED shutting down.
2025-06-17 21:58:19,351 INFO  [Thread-0] o.q.c.QuartzScheduler: Scheduler DefaultQuartzScheduler_$_NON_CLUSTERED paused.
2025-06-17 21:58:19,352 INFO  [Thread-0] o.q.c.QuartzScheduler: Scheduler DefaultQuartzScheduler_$_NON_CLUSTERED shutdown complete.
2025-06-17 21:58:51,320 INFO  [Main] o.s.c.s.ClassPathXmlApplicationContext: Refreshing org.springframework.context.support.ClassPathXmlApplicationContext@4e84b881: startup date [Tue Jun 17 21:58:51 UTC 2025]; parent: ApplicationContext 'daoContext'
2025-06-17 21:58:51,321 INFO  [Main] o.s.b.f.x.XmlBeanDefinitionReader: Loading XML bean definitions from class path resource [META-INF/opennms/applicationContext-perspectivePollerDaemon.xml]
2025-06-17 21:58:51,332 INFO  [Main] o.s.b.f.a.AutowiredAnnotationBeanPostProcessor: JSR-330 'javax.inject.Inject' annotation found and supported for autowiring
2025-06-17 21:59:26,064 INFO  [Main] o.q.i.StdSchedulerFactory: Using default implementation for ThreadExecutor
2025-06-17 21:59:26,064 INFO  [Main] o.q.s.SimpleThreadPool: Job execution threads will use class loader of thread: Main
2025-06-17 21:59:26,065 INFO  [Main] o.q.c.SchedulerSignalerImpl: Initialized Scheduler Signaller of type: class org.quartz.core.SchedulerSignalerImpl
2025-06-17 21:59:26,065 INFO  [Main] o.q.c.QuartzScheduler: Quartz Scheduler v.2.3.2 created.
2025-06-17 21:59:26,065 INFO  [Main] o.q.s.RAMJobStore: RAMJobStore initialized.
2025-06-17 21:59:26,065 INFO  [Main] o.q.c.QuartzScheduler: Scheduler meta-data: Quartz Scheduler (v2.3.2) 'DefaultQuartzScheduler' with instanceId 'NON_CLUSTERED'
  Scheduler class: 'org.quartz.core.QuartzScheduler' - running locally.
  NOT STARTED.
  Currently in standby mode.
  Number of jobs executed: 0
  Using thread pool 'org.quartz.simpl.SimpleThreadPool' - with 10 threads.
  Using job-store 'org.quartz.simpl.RAMJobStore' - which does not support persistence. and is not clustered.

2025-06-17 21:59:26,065 INFO  [Main] o.q.i.StdSchedulerFactory: Quartz scheduler 'DefaultQuartzScheduler' initialized from default resource file in Quartz package: 'quartz.properties'
2025-06-17 21:59:26,065 INFO  [Main] o.q.i.StdSchedulerFactory: Quartz scheduler version: 2.3.2
2025-06-17 21:59:26,065 INFO  [Main] o.q.c.QuartzScheduler: Scheduler DefaultQuartzScheduler_$_NON_CLUSTERED started.
2025-06-17 22:02:48,373 INFO  [Thread-0] o.s.c.s.ClassPathXmlApplicationContext: Closing ApplicationContext 'perspectivepollerdContext': startup date [Tue Jun 17 21:58:51 UTC 2025]; parent: ApplicationContext 'daoContext'
2025-06-17 22:02:48,382 INFO  [Thread-0] o.q.c.QuartzScheduler: Scheduler DefaultQuartzScheduler_$_NON_CLUSTERED shutting down.
2025-06-17 22:02:48,382 INFO  [Thread-0] o.q.c.QuartzScheduler: Scheduler DefaultQuartzScheduler_$_NON_CLUSTERED paused.
2025-06-17 22:02:48,382 INFO  [Thread-0] o.q.c.QuartzScheduler: Scheduler DefaultQuartzScheduler_$_NON_CLUSTERED shutdown complete.
2025-06-17 22:03:12,887 INFO  [Main] o.s.c.s.ClassPathXmlApplicationContext: Refreshing org.springframework.context.support.ClassPathXmlApplicationContext@7c7f52f8: startup date [Tue Jun 17 22:03:12 UTC 2025]; parent: ApplicationContext 'daoContext'
2025-06-17 22:03:12,900 INFO  [Main] o.s.b.f.x.XmlBeanDefinitionReader: Loading XML bean definitions from class path resource [META-INF/opennms/applicationContext-perspectivePollerDaemon.xml]
2025-06-17 22:03:12,912 INFO  [Main] o.s.b.f.a.AutowiredAnnotationBeanPostProcessor: JSR-330 'javax.inject.Inject' annotation found and supported for autowiring
2025-06-17 22:03:47,850 INFO  [Main] o.q.i.StdSchedulerFactory: Using default implementation for ThreadExecutor
2025-06-17 22:03:47,850 INFO  [Main] o.q.s.SimpleThreadPool: Job execution threads will use class loader of thread: Main
2025-06-17 22:03:47,851 INFO  [Main] o.q.c.SchedulerSignalerImpl: Initialized Scheduler Signaller of type: class org.quartz.core.SchedulerSignalerImpl
2025-06-17 22:03:47,851 INFO  [Main] o.q.c.QuartzScheduler: Quartz Scheduler v.2.3.2 created.
2025-06-17 22:03:47,851 INFO  [Main] o.q.s.RAMJobStore: RAMJobStore initialized.
2025-06-17 22:03:47,851 INFO  [Main] o.q.c.QuartzScheduler: Scheduler meta-data: Quartz Scheduler (v2.3.2) 'DefaultQuartzScheduler' with instanceId 'NON_CLUSTERED'
  Scheduler class: 'org.quartz.core.QuartzScheduler' - running locally.
  NOT STARTED.
  Currently in standby mode.
  Number of jobs executed: 0
  Using thread pool 'org.quartz.simpl.SimpleThreadPool' - with 10 threads.
  Using job-store 'org.quartz.simpl.RAMJobStore' - which does not support persistence. and is not clustered.

2025-06-17 22:03:47,851 INFO  [Main] o.q.i.StdSchedulerFactory: Quartz scheduler 'DefaultQuartzScheduler' initialized from default resource file in Quartz package: 'quartz.properties'
2025-06-17 22:03:47,851 INFO  [Main] o.q.i.StdSchedulerFactory: Quartz scheduler version: 2.3.2
2025-06-17 22:03:47,851 INFO  [Main] o.q.c.QuartzScheduler: Scheduler DefaultQuartzScheduler_$_NON_CLUSTERED started.
2025-06-17 22:10:05,836 INFO  [Thread-0] o.s.c.s.ClassPathXmlApplicationContext: Closing ApplicationContext 'perspectivepollerdContext': startup date [Tue Jun 17 22:03:12 UTC 2025]; parent: ApplicationContext 'daoContext'
2025-06-17 22:10:05,851 INFO  [Thread-0] o.q.c.QuartzScheduler: Scheduler DefaultQuartzScheduler_$_NON_CLUSTERED shutting down.
2025-06-17 22:10:05,851 INFO  [Thread-0] o.q.c.QuartzScheduler: Scheduler DefaultQuartzScheduler_$_NON_CLUSTERED paused.
2025-06-17 22:10:05,851 INFO  [Thread-0] o.q.c.QuartzScheduler: Scheduler DefaultQuartzScheduler_$_NON_CLUSTERED shutdown complete.
2025-06-17 22:10:31,113 INFO  [Main] o.s.c.s.ClassPathXmlApplicationContext: Refreshing org.springframework.context.support.ClassPathXmlApplicationContext@709ef41a: startup date [Tue Jun 17 22:10:31 UTC 2025]; parent: ApplicationContext 'daoContext'
2025-06-17 22:10:31,114 INFO  [Main] o.s.b.f.x.XmlBeanDefinitionReader: Loading XML bean definitions from class path resource [META-INF/opennms/applicationContext-perspectivePollerDaemon.xml]
2025-06-17 22:10:31,125 INFO  [Main] o.s.b.f.a.AutowiredAnnotationBeanPostProcessor: JSR-330 'javax.inject.Inject' annotation found and supported for autowiring
2025-06-17 22:11:06,796 INFO  [Main] o.q.i.StdSchedulerFactory: Using default implementation for ThreadExecutor
2025-06-17 22:11:06,796 INFO  [Main] o.q.s.SimpleThreadPool: Job execution threads will use class loader of thread: Main
2025-06-17 22:11:06,797 INFO  [Main] o.q.c.SchedulerSignalerImpl: Initialized Scheduler Signaller of type: class org.quartz.core.SchedulerSignalerImpl
2025-06-17 22:11:06,797 INFO  [Main] o.q.c.QuartzScheduler: Quartz Scheduler v.2.3.2 created.
2025-06-17 22:11:06,797 INFO  [Main] o.q.s.RAMJobStore: RAMJobStore initialized.
2025-06-17 22:11:06,797 INFO  [Main] o.q.c.QuartzScheduler: Scheduler meta-data: Quartz Scheduler (v2.3.2) 'DefaultQuartzScheduler' with instanceId 'NON_CLUSTERED'
  Scheduler class: 'org.quartz.core.QuartzScheduler' - running locally.
  NOT STARTED.
  Currently in standby mode.
  Number of jobs executed: 0
  Using thread pool 'org.quartz.simpl.SimpleThreadPool' - with 10 threads.
  Using job-store 'org.quartz.simpl.RAMJobStore' - which does not support persistence. and is not clustered.

2025-06-17 22:11:06,797 INFO  [Main] o.q.i.StdSchedulerFactory: Quartz scheduler 'DefaultQuartzScheduler' initialized from default resource file in Quartz package: 'quartz.properties'
2025-06-17 22:11:06,797 INFO  [Main] o.q.i.StdSchedulerFactory: Quartz scheduler version: 2.3.2
2025-06-17 22:11:06,797 INFO  [Main] o.q.c.QuartzScheduler: Scheduler DefaultQuartzScheduler_$_NON_CLUSTERED started.
2025-06-17 22:12:29,206 INFO  [Thread-0] o.s.c.s.ClassPathXmlApplicationContext: Closing ApplicationContext 'perspectivepollerdContext': startup date [Tue Jun 17 22:10:31 UTC 2025]; parent: ApplicationContext 'daoContext'
2025-06-17 22:12:29,214 INFO  [Thread-0] o.q.c.QuartzScheduler: Scheduler DefaultQuartzScheduler_$_NON_CLUSTERED shutting down.
2025-06-17 22:12:29,214 INFO  [Thread-0] o.q.c.QuartzScheduler: Scheduler DefaultQuartzScheduler_$_NON_CLUSTERED paused.
2025-06-17 22:12:29,214 INFO  [Thread-0] o.q.c.QuartzScheduler: Scheduler DefaultQuartzScheduler_$_NON_CLUSTERED shutdown complete.
2025-06-17 22:12:56,718 INFO  [Main] o.s.c.s.ClassPathXmlApplicationContext: Refreshing org.springframework.context.support.ClassPathXmlApplicationContext@6ebaa06d: startup date [Tue Jun 17 22:12:56 UTC 2025]; parent: ApplicationContext 'daoContext'
2025-06-17 22:12:56,719 INFO  [Main] o.s.b.f.x.XmlBeanDefinitionReader: Loading XML bean definitions from class path resource [META-INF/opennms/applicationContext-perspectivePollerDaemon.xml]
2025-06-17 22:12:56,747 INFO  [Main] o.s.b.f.a.AutowiredAnnotationBeanPostProcessor: JSR-330 'javax.inject.Inject' annotation found and supported for autowiring
2025-06-17 22:13:37,246 INFO  [Main] o.q.i.StdSchedulerFactory: Using default implementation for ThreadExecutor
2025-06-17 22:13:37,246 INFO  [Main] o.q.s.SimpleThreadPool: Job execution threads will use class loader of thread: Main
2025-06-17 22:13:37,248 INFO  [Main] o.q.c.SchedulerSignalerImpl: Initialized Scheduler Signaller of type: class org.quartz.core.SchedulerSignalerImpl
2025-06-17 22:13:37,248 INFO  [Main] o.q.c.QuartzScheduler: Quartz Scheduler v.2.3.2 created.
2025-06-17 22:13:37,248 INFO  [Main] o.q.s.RAMJobStore: RAMJobStore initialized.
2025-06-17 22:13:37,248 INFO  [Main] o.q.c.QuartzScheduler: Scheduler meta-data: Quartz Scheduler (v2.3.2) 'DefaultQuartzScheduler' with instanceId 'NON_CLUSTERED'
  Scheduler class: 'org.quartz.core.QuartzScheduler' - running locally.
  NOT STARTED.
  Currently in standby mode.
  Number of jobs executed: 0
  Using thread pool 'org.quartz.simpl.SimpleThreadPool' - with 10 threads.
  Using job-store 'org.quartz.simpl.RAMJobStore' - which does not support persistence. and is not clustered.

2025-06-17 22:13:37,248 INFO  [Main] o.q.i.StdSchedulerFactory: Quartz scheduler 'DefaultQuartzScheduler' initialized from default resource file in Quartz package: 'quartz.properties'
2025-06-17 22:13:37,248 INFO  [Main] o.q.i.StdSchedulerFactory: Quartz scheduler version: 2.3.2
2025-06-17 22:13:37,248 INFO  [Main] o.q.c.QuartzScheduler: Scheduler DefaultQuartzScheduler_$_NON_CLUSTERED started.
2025-06-17 22:38:28,154 INFO  [Thread-0] o.s.c.s.ClassPathXmlApplicationContext: Closing ApplicationContext 'perspectivepollerdContext': startup date [Tue Jun 17 22:12:56 UTC 2025]; parent: ApplicationContext 'daoContext'
2025-06-17 22:38:28,164 INFO  [Thread-0] o.q.c.QuartzScheduler: Scheduler DefaultQuartzScheduler_$_NON_CLUSTERED shutting down.
2025-06-17 22:38:28,164 INFO  [Thread-0] o.q.c.QuartzScheduler: Scheduler DefaultQuartzScheduler_$_NON_CLUSTERED paused.
2025-06-17 22:38:28,164 INFO  [Thread-0] o.q.c.QuartzScheduler: Scheduler DefaultQuartzScheduler_$_NON_CLUSTERED shutdown complete.
2025-06-17 22:38:52,382 INFO  [Main] o.s.c.s.ClassPathXmlApplicationContext: Refreshing org.springframework.context.support.ClassPathXmlApplicationContext@6373673: startup date [Tue Jun 17 22:38:52 UTC 2025]; parent: ApplicationContext 'daoContext'
2025-06-17 22:38:52,383 INFO  [Main] o.s.b.f.x.XmlBeanDefinitionReader: Loading XML bean definitions from class path resource [META-INF/opennms/applicationContext-perspectivePollerDaemon.xml]
2025-06-17 22:38:52,394 INFO  [Main] o.s.b.f.a.AutowiredAnnotationBeanPostProcessor: JSR-330 'javax.inject.Inject' annotation found and supported for autowiring
2025-06-17 22:39:32,207 INFO  [Main] o.q.i.StdSchedulerFactory: Using default implementation for ThreadExecutor
2025-06-17 22:39:32,207 INFO  [Main] o.q.s.SimpleThreadPool: Job execution threads will use class loader of thread: Main
2025-06-17 22:39:32,209 INFO  [Main] o.q.c.SchedulerSignalerImpl: Initialized Scheduler Signaller of type: class org.quartz.core.SchedulerSignalerImpl
2025-06-17 22:39:32,209 INFO  [Main] o.q.c.QuartzScheduler: Quartz Scheduler v.2.3.2 created.
2025-06-17 22:39:32,209 INFO  [Main] o.q.s.RAMJobStore: RAMJobStore initialized.
2025-06-17 22:39:32,209 INFO  [Main] o.q.c.QuartzScheduler: Scheduler meta-data: Quartz Scheduler (v2.3.2) 'DefaultQuartzScheduler' with instanceId 'NON_CLUSTERED'
  Scheduler class: 'org.quartz.core.QuartzScheduler' - running locally.
  NOT STARTED.
  Currently in standby mode.
  Number of jobs executed: 0
  Using thread pool 'org.quartz.simpl.SimpleThreadPool' - with 10 threads.
  Using job-store 'org.quartz.simpl.RAMJobStore' - which does not support persistence. and is not clustered.

2025-06-17 22:39:32,209 INFO  [Main] o.q.i.StdSchedulerFactory: Quartz scheduler 'DefaultQuartzScheduler' initialized from default resource file in Quartz package: 'quartz.properties'
2025-06-17 22:39:32,209 INFO  [Main] o.q.i.StdSchedulerFactory: Quartz scheduler version: 2.3.2
2025-06-17 22:39:32,209 INFO  [Main] o.q.c.QuartzScheduler: Scheduler DefaultQuartzScheduler_$_NON_CLUSTERED started.
2025-06-17 22:46:53,760 INFO  [Thread-0] o.s.c.s.ClassPathXmlApplicationContext: Closing ApplicationContext 'perspectivepollerdContext': startup date [Tue Jun 17 22:38:52 UTC 2025]; parent: ApplicationContext 'daoContext'
2025-06-17 22:46:53,773 INFO  [Thread-0] o.q.c.QuartzScheduler: Scheduler DefaultQuartzScheduler_$_NON_CLUSTERED shutting down.
2025-06-17 22:46:53,773 INFO  [Thread-0] o.q.c.QuartzScheduler: Scheduler DefaultQuartzScheduler_$_NON_CLUSTERED paused.
2025-06-17 22:46:53,774 INFO  [Thread-0] o.q.c.QuartzScheduler: Scheduler DefaultQuartzScheduler_$_NON_CLUSTERED shutdown complete.
2025-06-17 22:47:18,079 INFO  [Main] o.s.c.s.ClassPathXmlApplicationContext: Refreshing org.springframework.context.support.ClassPathXmlApplicationContext@8c0854c: startup date [Tue Jun 17 22:47:18 UTC 2025]; parent: ApplicationContext 'daoContext'
2025-06-17 22:47:18,080 INFO  [Main] o.s.b.f.x.XmlBeanDefinitionReader: Loading XML bean definitions from class path resource [META-INF/opennms/applicationContext-perspectivePollerDaemon.xml]
2025-06-17 22:47:18,090 INFO  [Main] o.s.b.f.a.AutowiredAnnotationBeanPostProcessor: JSR-330 'javax.inject.Inject' annotation found and supported for autowiring
2025-06-17 22:47:58,274 INFO  [Main] o.q.i.StdSchedulerFactory: Using default implementation for ThreadExecutor
2025-06-17 22:47:58,274 INFO  [Main] o.q.s.SimpleThreadPool: Job execution threads will use class loader of thread: Main
2025-06-17 22:47:58,276 INFO  [Main] o.q.c.SchedulerSignalerImpl: Initialized Scheduler Signaller of type: class org.quartz.core.SchedulerSignalerImpl
2025-06-17 22:47:58,276 INFO  [Main] o.q.c.QuartzScheduler: Quartz Scheduler v.2.3.2 created.
2025-06-17 22:47:58,276 INFO  [Main] o.q.s.RAMJobStore: RAMJobStore initialized.
2025-06-17 22:47:58,276 INFO  [Main] o.q.c.QuartzScheduler: Scheduler meta-data: Quartz Scheduler (v2.3.2) 'DefaultQuartzScheduler' with instanceId 'NON_CLUSTERED'
  Scheduler class: 'org.quartz.core.QuartzScheduler' - running locally.
  NOT STARTED.
  Currently in standby mode.
  Number of jobs executed: 0
  Using thread pool 'org.quartz.simpl.SimpleThreadPool' - with 10 threads.
  Using job-store 'org.quartz.simpl.RAMJobStore' - which does not support persistence. and is not clustered.

2025-06-17 22:47:58,276 INFO  [Main] o.q.i.StdSchedulerFactory: Quartz scheduler 'DefaultQuartzScheduler' initialized from default resource file in Quartz package: 'quartz.properties'
2025-06-17 22:47:58,276 INFO  [Main] o.q.i.StdSchedulerFactory: Quartz scheduler version: 2.3.2
2025-06-17 22:47:58,276 INFO  [Main] o.q.c.QuartzScheduler: Scheduler DefaultQuartzScheduler_$_NON_CLUSTERED started.
2025-06-17 22:58:24,738 INFO  [Thread-0] o.s.c.s.ClassPathXmlApplicationContext: Closing ApplicationContext 'perspectivepollerdContext': startup date [Tue Jun 17 22:47:18 UTC 2025]; parent: ApplicationContext 'daoContext'
2025-06-17 22:58:24,748 INFO  [Thread-0] o.q.c.QuartzScheduler: Scheduler DefaultQuartzScheduler_$_NON_CLUSTERED shutting down.
2025-06-17 22:58:24,748 INFO  [Thread-0] o.q.c.QuartzScheduler: Scheduler DefaultQuartzScheduler_$_NON_CLUSTERED paused.
2025-06-17 22:58:24,748 INFO  [Thread-0] o.q.c.QuartzScheduler: Scheduler DefaultQuartzScheduler_$_NON_CLUSTERED shutdown complete.
2025-06-17 22:58:48,859 INFO  [Main] o.s.c.s.ClassPathXmlApplicationContext: Refreshing org.springframework.context.support.ClassPathXmlApplicationContext@2be7b143: startup date [Tue Jun 17 22:58:48 UTC 2025]; parent: ApplicationContext 'daoContext'
2025-06-17 22:58:48,860 INFO  [Main] o.s.b.f.x.XmlBeanDefinitionReader: Loading XML bean definitions from class path resource [META-INF/opennms/applicationContext-perspectivePollerDaemon.xml]
2025-06-17 22:58:48,871 INFO  [Main] o.s.b.f.a.AutowiredAnnotationBeanPostProcessor: JSR-330 'javax.inject.Inject' annotation found and supported for autowiring
2025-06-17 22:59:23,992 INFO  [Main] o.q.i.StdSchedulerFactory: Using default implementation for ThreadExecutor
2025-06-17 22:59:23,992 INFO  [Main] o.q.s.SimpleThreadPool: Job execution threads will use class loader of thread: Main
2025-06-17 22:59:23,993 INFO  [Main] o.q.c.SchedulerSignalerImpl: Initialized Scheduler Signaller of type: class org.quartz.core.SchedulerSignalerImpl
2025-06-17 22:59:23,993 INFO  [Main] o.q.c.QuartzScheduler: Quartz Scheduler v.2.3.2 created.
2025-06-17 22:59:23,993 INFO  [Main] o.q.s.RAMJobStore: RAMJobStore initialized.
2025-06-17 22:59:23,993 INFO  [Main] o.q.c.QuartzScheduler: Scheduler meta-data: Quartz Scheduler (v2.3.2) 'DefaultQuartzScheduler' with instanceId 'NON_CLUSTERED'
  Scheduler class: 'org.quartz.core.QuartzScheduler' - running locally.
  NOT STARTED.
  Currently in standby mode.
  Number of jobs executed: 0
  Using thread pool 'org.quartz.simpl.SimpleThreadPool' - with 10 threads.
  Using job-store 'org.quartz.simpl.RAMJobStore' - which does not support persistence. and is not clustered.

2025-06-17 22:59:23,993 INFO  [Main] o.q.i.StdSchedulerFactory: Quartz scheduler 'DefaultQuartzScheduler' initialized from default resource file in Quartz package: 'quartz.properties'
2025-06-17 22:59:23,993 INFO  [Main] o.q.i.StdSchedulerFactory: Quartz scheduler version: 2.3.2
2025-06-17 22:59:23,993 INFO  [Main] o.q.c.QuartzScheduler: Scheduler DefaultQuartzScheduler_$_NON_CLUSTERED started.
2025-06-17 23:04:28,390 INFO  [Thread-0] o.s.c.s.ClassPathXmlApplicationContext: Closing ApplicationContext 'perspectivepollerdContext': startup date [Tue Jun 17 22:58:48 UTC 2025]; parent: ApplicationContext 'daoContext'
2025-06-17 23:04:28,403 INFO  [Thread-0] o.q.c.QuartzScheduler: Scheduler DefaultQuartzScheduler_$_NON_CLUSTERED shutting down.
2025-06-17 23:04:28,403 INFO  [Thread-0] o.q.c.QuartzScheduler: Scheduler DefaultQuartzScheduler_$_NON_CLUSTERED paused.
2025-06-17 23:04:28,403 INFO  [Thread-0] o.q.c.QuartzScheduler: Scheduler DefaultQuartzScheduler_$_NON_CLUSTERED shutdown complete.
2025-06-17 23:04:53,083 INFO  [Main] o.s.c.s.ClassPathXmlApplicationContext: Refreshing org.springframework.context.support.ClassPathXmlApplicationContext@77e39523: startup date [Tue Jun 17 23:04:53 UTC 2025]; parent: ApplicationContext 'daoContext'
2025-06-17 23:04:53,084 INFO  [Main] o.s.b.f.x.XmlBeanDefinitionReader: Loading XML bean definitions from class path resource [META-INF/opennms/applicationContext-perspectivePollerDaemon.xml]
2025-06-17 23:04:53,095 INFO  [Main] o.s.b.f.a.AutowiredAnnotationBeanPostProcessor: JSR-330 'javax.inject.Inject' annotation found and supported for autowiring
2025-06-17 23:05:28,414 INFO  [Main] o.q.i.StdSchedulerFactory: Using default implementation for ThreadExecutor
2025-06-17 23:05:28,414 INFO  [Main] o.q.s.SimpleThreadPool: Job execution threads will use class loader of thread: Main
2025-06-17 23:05:28,415 INFO  [Main] o.q.c.SchedulerSignalerImpl: Initialized Scheduler Signaller of type: class org.quartz.core.SchedulerSignalerImpl
2025-06-17 23:05:28,415 INFO  [Main] o.q.c.QuartzScheduler: Quartz Scheduler v.2.3.2 created.
2025-06-17 23:05:28,416 INFO  [Main] o.q.s.RAMJobStore: RAMJobStore initialized.
2025-06-17 23:05:28,416 INFO  [Main] o.q.c.QuartzScheduler: Scheduler meta-data: Quartz Scheduler (v2.3.2) 'DefaultQuartzScheduler' with instanceId 'NON_CLUSTERED'
  Scheduler class: 'org.quartz.core.QuartzScheduler' - running locally.
  NOT STARTED.
  Currently in standby mode.
  Number of jobs executed: 0
  Using thread pool 'org.quartz.simpl.SimpleThreadPool' - with 10 threads.
  Using job-store 'org.quartz.simpl.RAMJobStore' - which does not support persistence. and is not clustered.

2025-06-17 23:05:28,416 INFO  [Main] o.q.i.StdSchedulerFactory: Quartz scheduler 'DefaultQuartzScheduler' initialized from default resource file in Quartz package: 'quartz.properties'
2025-06-17 23:05:28,416 INFO  [Main] o.q.i.StdSchedulerFactory: Quartz scheduler version: 2.3.2
2025-06-17 23:05:28,416 INFO  [Main] o.q.c.QuartzScheduler: Scheduler DefaultQuartzScheduler_$_NON_CLUSTERED started.
2025-06-17 23:09:05,472 INFO  [Thread-0] o.s.c.s.ClassPathXmlApplicationContext: Closing ApplicationContext 'perspectivepollerdContext': startup date [Tue Jun 17 23:04:53 UTC 2025]; parent: ApplicationContext 'daoContext'
2025-06-17 23:09:05,487 INFO  [Thread-0] o.q.c.QuartzScheduler: Scheduler DefaultQuartzScheduler_$_NON_CLUSTERED shutting down.
2025-06-17 23:09:05,487 INFO  [Thread-0] o.q.c.QuartzScheduler: Scheduler DefaultQuartzScheduler_$_NON_CLUSTERED paused.
2025-06-17 23:09:05,487 INFO  [Thread-0] o.q.c.QuartzScheduler: Scheduler DefaultQuartzScheduler_$_NON_CLUSTERED shutdown complete.
2025-06-17 23:09:29,961 INFO  [Main] o.s.c.s.ClassPathXmlApplicationContext: Refreshing org.springframework.context.support.ClassPathXmlApplicationContext@2df42fe0: startup date [Tue Jun 17 23:09:29 UTC 2025]; parent: ApplicationContext 'daoContext'
2025-06-17 23:09:29,961 INFO  [Main] o.s.b.f.x.XmlBeanDefinitionReader: Loading XML bean definitions from class path resource [META-INF/opennms/applicationContext-perspectivePollerDaemon.xml]
2025-06-17 23:09:29,971 INFO  [Main] o.s.b.f.a.AutowiredAnnotationBeanPostProcessor: JSR-330 'javax.inject.Inject' annotation found and supported for autowiring
2025-06-17 23:10:04,850 INFO  [Main] o.q.i.StdSchedulerFactory: Using default implementation for ThreadExecutor
2025-06-17 23:10:04,850 INFO  [Main] o.q.s.SimpleThreadPool: Job execution threads will use class loader of thread: Main
2025-06-17 23:10:04,851 INFO  [Main] o.q.c.SchedulerSignalerImpl: Initialized Scheduler Signaller of type: class org.quartz.core.SchedulerSignalerImpl
2025-06-17 23:10:04,851 INFO  [Main] o.q.c.QuartzScheduler: Quartz Scheduler v.2.3.2 created.
2025-06-17 23:10:04,851 INFO  [Main] o.q.s.RAMJobStore: RAMJobStore initialized.
2025-06-17 23:10:04,851 INFO  [Main] o.q.c.QuartzScheduler: Scheduler meta-data: Quartz Scheduler (v2.3.2) 'DefaultQuartzScheduler' with instanceId 'NON_CLUSTERED'
  Scheduler class: 'org.quartz.core.QuartzScheduler' - running locally.
  NOT STARTED.
  Currently in standby mode.
  Number of jobs executed: 0
  Using thread pool 'org.quartz.simpl.SimpleThreadPool' - with 10 threads.
  Using job-store 'org.quartz.simpl.RAMJobStore' - which does not support persistence. and is not clustered.

2025-06-17 23:10:04,851 INFO  [Main] o.q.i.StdSchedulerFactory: Quartz scheduler 'DefaultQuartzScheduler' initialized from default resource file in Quartz package: 'quartz.properties'
2025-06-17 23:10:04,851 INFO  [Main] o.q.i.StdSchedulerFactory: Quartz scheduler version: 2.3.2
2025-06-17 23:10:04,851 INFO  [Main] o.q.c.QuartzScheduler: Scheduler DefaultQuartzScheduler_$_NON_CLUSTERED started.
2025-06-17 23:13:16,142 INFO  [Thread-0] o.s.c.s.ClassPathXmlApplicationContext: Closing ApplicationContext 'perspectivepollerdContext': startup date [Tue Jun 17 23:09:29 UTC 2025]; parent: ApplicationContext 'daoContext'
2025-06-17 23:13:16,152 INFO  [Thread-0] o.q.c.QuartzScheduler: Scheduler DefaultQuartzScheduler_$_NON_CLUSTERED shutting down.
2025-06-17 23:13:16,153 INFO  [Thread-0] o.q.c.QuartzScheduler: Scheduler DefaultQuartzScheduler_$_NON_CLUSTERED paused.
2025-06-17 23:13:16,153 INFO  [Thread-0] o.q.c.QuartzScheduler: Scheduler DefaultQuartzScheduler_$_NON_CLUSTERED shutdown complete.
2025-06-17 23:13:40,696 INFO  [Main] o.s.c.s.ClassPathXmlApplicationContext: Refreshing org.springframework.context.support.ClassPathXmlApplicationContext@22b42826: startup date [Tue Jun 17 23:13:40 UTC 2025]; parent: ApplicationContext 'daoContext'
2025-06-17 23:13:40,697 INFO  [Main] o.s.b.f.x.XmlBeanDefinitionReader: Loading XML bean definitions from class path resource [META-INF/opennms/applicationContext-perspectivePollerDaemon.xml]
2025-06-17 23:13:40,708 INFO  [Main] o.s.b.f.a.AutowiredAnnotationBeanPostProcessor: JSR-330 'javax.inject.Inject' annotation found and supported for autowiring
2025-06-17 23:14:20,907 INFO  [Main] o.q.i.StdSchedulerFactory: Using default implementation for ThreadExecutor
2025-06-17 23:14:20,908 INFO  [Main] o.q.s.SimpleThreadPool: Job execution threads will use class loader of thread: Main
2025-06-17 23:14:20,909 INFO  [Main] o.q.c.SchedulerSignalerImpl: Initialized Scheduler Signaller of type: class org.quartz.core.SchedulerSignalerImpl
2025-06-17 23:14:20,909 INFO  [Main] o.q.c.QuartzScheduler: Quartz Scheduler v.2.3.2 created.
2025-06-17 23:14:20,909 INFO  [Main] o.q.s.RAMJobStore: RAMJobStore initialized.
2025-06-17 23:14:20,909 INFO  [Main] o.q.c.QuartzScheduler: Scheduler meta-data: Quartz Scheduler (v2.3.2) 'DefaultQuartzScheduler' with instanceId 'NON_CLUSTERED'
  Scheduler class: 'org.quartz.core.QuartzScheduler' - running locally.
  NOT STARTED.
  Currently in standby mode.
  Number of jobs executed: 0
  Using thread pool 'org.quartz.simpl.SimpleThreadPool' - with 10 threads.
  Using job-store 'org.quartz.simpl.RAMJobStore' - which does not support persistence. and is not clustered.

2025-06-17 23:14:20,909 INFO  [Main] o.q.i.StdSchedulerFactory: Quartz scheduler 'DefaultQuartzScheduler' initialized from default resource file in Quartz package: 'quartz.properties'
2025-06-17 23:14:20,909 INFO  [Main] o.q.i.StdSchedulerFactory: Quartz scheduler version: 2.3.2
2025-06-17 23:14:20,909 INFO  [Main] o.q.c.QuartzScheduler: Scheduler DefaultQuartzScheduler_$_NON_CLUSTERED started.
2025-06-21 23:12:12,087 INFO  [Thread-0] o.s.c.s.ClassPathXmlApplicationContext: Closing ApplicationContext 'perspectivepollerdContext': startup date [Tue Jun 17 23:13:40 UTC 2025]; parent: ApplicationContext 'daoContext'
2025-06-21 23:12:12,111 INFO  [Thread-0] o.q.c.QuartzScheduler: Scheduler DefaultQuartzScheduler_$_NON_CLUSTERED shutting down.
2025-06-21 23:12:12,111 INFO  [Thread-0] o.q.c.QuartzScheduler: Scheduler DefaultQuartzScheduler_$_NON_CLUSTERED paused.
2025-06-21 23:12:12,112 INFO  [Thread-0] o.q.c.QuartzScheduler: Scheduler DefaultQuartzScheduler_$_NON_CLUSTERED shutdown complete.
2025-06-25 14:09:30,724 INFO  [Main] o.s.c.s.ClassPathXmlApplicationContext: Refreshing org.springframework.context.support.ClassPathXmlApplicationContext@23f7bd8: startup date [Wed Jun 25 14:09:30 UTC 2025]; parent: ApplicationContext 'daoContext'
2025-06-25 14:09:30,725 INFO  [Main] o.s.b.f.x.XmlBeanDefinitionReader: Loading XML bean definitions from class path resource [META-INF/opennms/applicationContext-perspectivePollerDaemon.xml]
2025-06-25 14:09:30,737 INFO  [Main] o.s.b.f.a.AutowiredAnnotationBeanPostProcessor: JSR-330 'javax.inject.Inject' annotation found and supported for autowiring
2025-06-25 14:10:14,321 INFO  [Main] o.q.i.StdSchedulerFactory: Using default implementation for ThreadExecutor
2025-06-25 14:10:14,321 INFO  [Main] o.q.s.SimpleThreadPool: Job execution threads will use class loader of thread: Main
2025-06-25 14:10:14,322 INFO  [Main] o.q.c.SchedulerSignalerImpl: Initialized Scheduler Signaller of type: class org.quartz.core.SchedulerSignalerImpl
2025-06-25 14:10:14,322 INFO  [Main] o.q.c.QuartzScheduler: Quartz Scheduler v.2.3.2 created.
2025-06-25 14:10:14,322 INFO  [Main] o.q.s.RAMJobStore: RAMJobStore initialized.
2025-06-25 14:10:14,322 INFO  [Main] o.q.c.QuartzScheduler: Scheduler meta-data: Quartz Scheduler (v2.3.2) 'DefaultQuartzScheduler' with instanceId 'NON_CLUSTERED'
  Scheduler class: 'org.quartz.core.QuartzScheduler' - running locally.
  NOT STARTED.
  Currently in standby mode.
  Number of jobs executed: 0
  Using thread pool 'org.quartz.simpl.SimpleThreadPool' - with 10 threads.
  Using job-store 'org.quartz.simpl.RAMJobStore' - which does not support persistence. and is not clustered.

2025-06-25 14:10:14,322 INFO  [Main] o.q.i.StdSchedulerFactory: Quartz scheduler 'DefaultQuartzScheduler' initialized from default resource file in Quartz package: 'quartz.properties'
2025-06-25 14:10:14,322 INFO  [Main] o.q.i.StdSchedulerFactory: Quartz scheduler version: 2.3.2
2025-06-25 14:10:14,322 INFO  [Main] o.q.c.QuartzScheduler: Scheduler DefaultQuartzScheduler_$_NON_CLUSTERED started.
2025-06-25 14:18:06,585 INFO  [Thread-0] o.s.c.s.ClassPathXmlApplicationContext: Closing ApplicationContext 'perspectivepollerdContext': startup date [Wed Jun 25 14:09:30 UTC 2025]; parent: ApplicationContext 'daoContext'
2025-06-25 14:18:06,600 INFO  [Thread-0] o.q.c.QuartzScheduler: Scheduler DefaultQuartzScheduler_$_NON_CLUSTERED shutting down.
2025-06-25 14:18:06,600 INFO  [Thread-0] o.q.c.QuartzScheduler: Scheduler DefaultQuartzScheduler_$_NON_CLUSTERED paused.
2025-06-25 14:18:06,600 INFO  [Thread-0] o.q.c.QuartzScheduler: Scheduler DefaultQuartzScheduler_$_NON_CLUSTERED shutdown complete.
2025-06-25 14:18:48,136 INFO  [Main] o.s.c.s.ClassPathXmlApplicationContext: Refreshing org.springframework.context.support.ClassPathXmlApplicationContext@6497dfbb: startup date [Wed Jun 25 14:18:48 UTC 2025]; parent: ApplicationContext 'daoContext'
2025-06-25 14:18:48,137 INFO  [Main] o.s.b.f.x.XmlBeanDefinitionReader: Loading XML bean definitions from class path resource [META-INF/opennms/applicationContext-perspectivePollerDaemon.xml]
2025-06-25 14:18:48,149 INFO  [Main] o.s.b.f.a.AutowiredAnnotationBeanPostProcessor: JSR-330 'javax.inject.Inject' annotation found and supported for autowiring
2025-06-25 14:19:26,343 INFO  [Main] o.q.i.StdSchedulerFactory: Using default implementation for ThreadExecutor
2025-06-25 14:19:26,344 INFO  [Main] o.q.s.SimpleThreadPool: Job execution threads will use class loader of thread: Main
2025-06-25 14:19:26,380 INFO  [Main] o.q.c.SchedulerSignalerImpl: Initialized Scheduler Signaller of type: class org.quartz.core.SchedulerSignalerImpl
2025-06-25 14:19:26,380 INFO  [Main] o.q.c.QuartzScheduler: Quartz Scheduler v.2.3.2 created.
2025-06-25 14:19:26,380 INFO  [Main] o.q.s.RAMJobStore: RAMJobStore initialized.
2025-06-25 14:19:26,380 INFO  [Main] o.q.c.QuartzScheduler: Scheduler meta-data: Quartz Scheduler (v2.3.2) 'DefaultQuartzScheduler' with instanceId 'NON_CLUSTERED'
  Scheduler class: 'org.quartz.core.QuartzScheduler' - running locally.
  NOT STARTED.
  Currently in standby mode.
  Number of jobs executed: 0
  Using thread pool 'org.quartz.simpl.SimpleThreadPool' - with 10 threads.
  Using job-store 'org.quartz.simpl.RAMJobStore' - which does not support persistence. and is not clustered.

2025-06-25 14:19:26,380 INFO  [Main] o.q.i.StdSchedulerFactory: Quartz scheduler 'DefaultQuartzScheduler' initialized from default resource file in Quartz package: 'quartz.properties'
2025-06-25 14:19:26,380 INFO  [Main] o.q.i.StdSchedulerFactory: Quartz scheduler version: 2.3.2
2025-06-25 14:19:26,380 INFO  [Main] o.q.c.QuartzScheduler: Scheduler DefaultQuartzScheduler_$_NON_CLUSTERED started.
2025-06-25 14:20:27,039 INFO  [Thread-0] o.s.c.s.ClassPathXmlApplicationContext: Closing ApplicationContext 'perspectivepollerdContext': startup date [Wed Jun 25 14:18:48 UTC 2025]; parent: ApplicationContext 'daoContext'
2025-06-25 14:20:27,056 INFO  [Thread-0] o.q.c.QuartzScheduler: Scheduler DefaultQuartzScheduler_$_NON_CLUSTERED shutting down.
2025-06-25 14:20:27,056 INFO  [Thread-0] o.q.c.QuartzScheduler: Scheduler DefaultQuartzScheduler_$_NON_CLUSTERED paused.
2025-06-25 14:20:27,056 INFO  [Thread-0] o.q.c.QuartzScheduler: Scheduler DefaultQuartzScheduler_$_NON_CLUSTERED shutdown complete.
2025-06-25 14:29:48,672 INFO  [Main] o.s.c.s.ClassPathXmlApplicationContext: Refreshing org.springframework.context.support.ClassPathXmlApplicationContext@6ad6dca3: startup date [Wed Jun 25 14:29:48 UTC 2025]; parent: ApplicationContext 'daoContext'
2025-06-25 14:29:48,673 INFO  [Main] o.s.b.f.x.XmlBeanDefinitionReader: Loading XML bean definitions from class path resource [META-INF/opennms/applicationContext-perspectivePollerDaemon.xml]
2025-06-25 14:29:48,698 INFO  [Main] o.s.b.f.a.AutowiredAnnotationBeanPostProcessor: JSR-330 'javax.inject.Inject' annotation found and supported for autowiring
2025-06-25 14:30:34,318 INFO  [Main] o.q.i.StdSchedulerFactory: Using default implementation for ThreadExecutor
2025-06-25 14:30:34,319 INFO  [Main] o.q.s.SimpleThreadPool: Job execution threads will use class loader of thread: Main
2025-06-25 14:30:34,321 INFO  [Main] o.q.c.SchedulerSignalerImpl: Initialized Scheduler Signaller of type: class org.quartz.core.SchedulerSignalerImpl
2025-06-25 14:30:34,321 INFO  [Main] o.q.c.QuartzScheduler: Quartz Scheduler v.2.3.2 created.
2025-06-25 14:30:34,321 INFO  [Main] o.q.s.RAMJobStore: RAMJobStore initialized.
2025-06-25 14:30:34,321 INFO  [Main] o.q.c.QuartzScheduler: Scheduler meta-data: Quartz Scheduler (v2.3.2) 'DefaultQuartzScheduler' with instanceId 'NON_CLUSTERED'
  Scheduler class: 'org.quartz.core.QuartzScheduler' - running locally.
  NOT STARTED.
  Currently in standby mode.
  Number of jobs executed: 0
  Using thread pool 'org.quartz.simpl.SimpleThreadPool' - with 10 threads.
  Using job-store 'org.quartz.simpl.RAMJobStore' - which does not support persistence. and is not clustered.

2025-06-25 14:30:34,321 INFO  [Main] o.q.i.StdSchedulerFactory: Quartz scheduler 'DefaultQuartzScheduler' initialized from default resource file in Quartz package: 'quartz.properties'
2025-06-25 14:30:34,321 INFO  [Main] o.q.i.StdSchedulerFactory: Quartz scheduler version: 2.3.2
2025-06-25 14:30:34,321 INFO  [Main] o.q.c.QuartzScheduler: Scheduler DefaultQuartzScheduler_$_NON_CLUSTERED started.
2025-06-25 14:30:50,064 INFO  [Thread-0] o.s.c.s.ClassPathXmlApplicationContext: Closing ApplicationContext 'perspectivepollerdContext': startup date [Wed Jun 25 14:29:48 UTC 2025]; parent: ApplicationContext 'daoContext'
2025-06-25 14:30:50,072 INFO  [Thread-0] o.q.c.QuartzScheduler: Scheduler DefaultQuartzScheduler_$_NON_CLUSTERED shutting down.
2025-06-25 14:30:50,072 INFO  [Thread-0] o.q.c.QuartzScheduler: Scheduler DefaultQuartzScheduler_$_NON_CLUSTERED paused.
2025-06-25 14:30:50,074 INFO  [Thread-0] o.q.c.QuartzScheduler: Scheduler DefaultQuartzScheduler_$_NON_CLUSTERED shutdown complete.
2025-06-25 14:33:35,117 INFO  [Main] o.s.c.s.ClassPathXmlApplicationContext: Refreshing org.springframework.context.support.ClassPathXmlApplicationContext@1fcf402: startup date [Wed Jun 25 14:33:35 UTC 2025]; parent: ApplicationContext 'daoContext'
2025-06-25 14:33:35,119 INFO  [Main] o.s.b.f.x.XmlBeanDefinitionReader: Loading XML bean definitions from class path resource [META-INF/opennms/applicationContext-perspectivePollerDaemon.xml]
2025-06-25 14:33:35,131 INFO  [Main] o.s.b.f.a.AutowiredAnnotationBeanPostProcessor: JSR-330 'javax.inject.Inject' annotation found and supported for autowiring
2025-06-25 14:34:13,821 INFO  [Main] o.q.i.StdSchedulerFactory: Using default implementation for ThreadExecutor
2025-06-25 14:34:13,822 INFO  [Main] o.q.s.SimpleThreadPool: Job execution threads will use class loader of thread: Main
2025-06-25 14:34:13,824 INFO  [Main] o.q.c.SchedulerSignalerImpl: Initialized Scheduler Signaller of type: class org.quartz.core.SchedulerSignalerImpl
2025-06-25 14:34:13,824 INFO  [Main] o.q.c.QuartzScheduler: Quartz Scheduler v.2.3.2 created.
2025-06-25 14:34:13,824 INFO  [Main] o.q.s.RAMJobStore: RAMJobStore initialized.
2025-06-25 14:34:13,824 INFO  [Main] o.q.c.QuartzScheduler: Scheduler meta-data: Quartz Scheduler (v2.3.2) 'DefaultQuartzScheduler' with instanceId 'NON_CLUSTERED'
  Scheduler class: 'org.quartz.core.QuartzScheduler' - running locally.
  NOT STARTED.
  Currently in standby mode.
  Number of jobs executed: 0
  Using thread pool 'org.quartz.simpl.SimpleThreadPool' - with 10 threads.
  Using job-store 'org.quartz.simpl.RAMJobStore' - which does not support persistence. and is not clustered.

2025-06-25 14:34:13,824 INFO  [Main] o.q.i.StdSchedulerFactory: Quartz scheduler 'DefaultQuartzScheduler' initialized from default resource file in Quartz package: 'quartz.properties'
2025-06-25 14:34:13,824 INFO  [Main] o.q.i.StdSchedulerFactory: Quartz scheduler version: 2.3.2
2025-06-25 14:34:13,824 INFO  [Main] o.q.c.QuartzScheduler: Scheduler DefaultQuartzScheduler_$_NON_CLUSTERED started.
