2025-06-17 21:40:26,829 INFO  [Main] o.s.c.s.ClassPathXmlApplicationContext: Refreshing org.springframework.context.support.ClassPathXmlApplicationContext@42ee3d33: startup date [Tue Jun 17 21:40:26 UTC 2025]; parent: ApplicationContext 'daoContext'
2025-06-17 21:40:26,831 INFO  [Main] o.s.b.f.x.XmlBeanDefinitionReader: Loading XML bean definitions from class path resource [META-INF/opennms/applicationContext-reportd.xml]
2025-06-17 21:40:26,843 INFO  [Main] o.s.b.f.a.AutowiredAnnotationBeanPostProcessor: JSR-330 'javax.inject.Inject' annotation found and supported for autowiring
2025-06-17 21:40:26,849 INFO  [Main] o.q.i.StdSchedulerFactory: Using default implementation for ThreadExecutor
2025-06-17 21:40:26,850 INFO  [Main] o.q.c.SchedulerSignalerImpl: Initialized Scheduler Signaller of type: class org.quartz.core.SchedulerSignalerImpl
2025-06-17 21:40:26,850 INFO  [Main] o.q.c.QuartzScheduler: Quartz Scheduler v.2.3.2 created.
2025-06-17 21:40:26,850 INFO  [Main] o.q.s.RAMJobStore: RAMJobStore initialized.
2025-06-17 21:40:26,850 INFO  [Main] o.q.c.QuartzScheduler: Scheduler meta-data: Quartz Scheduler (v2.3.2) 'reportd' with instanceId 'NON_CLUSTERED'
  Scheduler class: 'org.quartz.core.QuartzScheduler' - running locally.
  NOT STARTED.
  Currently in standby mode.
  Number of jobs executed: 0
  Using thread pool 'org.quartz.simpl.SimpleThreadPool' - with 10 threads.
  Using job-store 'org.quartz.simpl.RAMJobStore' - which does not support persistence. and is not clustered.

2025-06-17 21:40:26,850 INFO  [Main] o.q.i.StdSchedulerFactory: Quartz scheduler 'reportd' initialized from an externally provided properties instance.
2025-06-17 21:40:26,850 INFO  [Main] o.q.i.StdSchedulerFactory: Quartz scheduler version: 2.3.2
2025-06-17 21:40:26,850 INFO  [Main] o.q.c.QuartzScheduler: JobFactory set to: org.springframework.scheduling.quartz.AdaptableJobFactory@35d723cf
2025-06-17 21:40:26,859 INFO  [Main] o.q.c.QuartzScheduler: JobFactory set to: org.opennms.netmgt.reporting.service.ReportJobFactory@799cb836
2025-06-17 21:40:26,869 INFO  [Main] o.s.c.s.DefaultLifecycleProcessor: Starting beans in phase 2147483647
2025-06-17 21:40:26,869 INFO  [Main] o.s.s.q.SchedulerFactoryBean: Starting Quartz Scheduler now
2025-06-17 21:40:26,870 INFO  [Main] o.q.c.QuartzScheduler: Scheduler reportd_$_NON_CLUSTERED started.
2025-06-17 21:40:29,011 INFO  [Main] o.q.c.QuartzScheduler: Scheduler reportd_$_NON_CLUSTERED started.
2025-06-17 21:43:33,053 INFO  [Thread-0] o.s.c.s.ClassPathXmlApplicationContext: Closing ApplicationContext 'reportdContext': startup date [Tue Jun 17 21:40:26 UTC 2025]; parent: ApplicationContext 'daoContext'
2025-06-17 21:43:33,053 INFO  [Thread-0] o.s.c.s.DefaultLifecycleProcessor: Stopping beans in phase 2147483647
2025-06-17 21:43:33,053 INFO  [Thread-0] o.q.c.QuartzScheduler: Scheduler reportd_$_NON_CLUSTERED paused.
2025-06-17 21:43:33,054 INFO  [Thread-0] o.q.c.QuartzScheduler: Scheduler reportd_$_NON_CLUSTERED shutting down.
2025-06-17 21:43:33,054 INFO  [Thread-0] o.q.c.QuartzScheduler: Scheduler reportd_$_NON_CLUSTERED paused.
2025-06-17 21:43:33,054 INFO  [Thread-0] o.q.c.QuartzScheduler: Scheduler reportd_$_NON_CLUSTERED shutdown complete.
2025-06-17 21:43:33,054 INFO  [Thread-0] o.s.s.q.SchedulerFactoryBean: Shutting down Quartz Scheduler
2025-06-17 21:43:54,443 INFO  [Main] o.s.c.s.ClassPathXmlApplicationContext: Refreshing org.springframework.context.support.ClassPathXmlApplicationContext@634ca3f5: startup date [Tue Jun 17 21:43:54 UTC 2025]; parent: ApplicationContext 'daoContext'
2025-06-17 21:43:54,444 INFO  [Main] o.s.b.f.x.XmlBeanDefinitionReader: Loading XML bean definitions from class path resource [META-INF/opennms/applicationContext-reportd.xml]
2025-06-17 21:43:54,457 INFO  [Main] o.s.b.f.a.AutowiredAnnotationBeanPostProcessor: JSR-330 'javax.inject.Inject' annotation found and supported for autowiring
2025-06-17 21:43:54,464 INFO  [Main] o.q.i.StdSchedulerFactory: Using default implementation for ThreadExecutor
2025-06-17 21:43:54,465 INFO  [Main] o.q.c.SchedulerSignalerImpl: Initialized Scheduler Signaller of type: class org.quartz.core.SchedulerSignalerImpl
2025-06-17 21:43:54,465 INFO  [Main] o.q.c.QuartzScheduler: Quartz Scheduler v.2.3.2 created.
2025-06-17 21:43:54,466 INFO  [Main] o.q.s.RAMJobStore: RAMJobStore initialized.
2025-06-17 21:43:54,466 INFO  [Main] o.q.c.QuartzScheduler: Scheduler meta-data: Quartz Scheduler (v2.3.2) 'reportd' with instanceId 'NON_CLUSTERED'
  Scheduler class: 'org.quartz.core.QuartzScheduler' - running locally.
  NOT STARTED.
  Currently in standby mode.
  Number of jobs executed: 0
  Using thread pool 'org.quartz.simpl.SimpleThreadPool' - with 10 threads.
  Using job-store 'org.quartz.simpl.RAMJobStore' - which does not support persistence. and is not clustered.

2025-06-17 21:43:54,466 INFO  [Main] o.q.i.StdSchedulerFactory: Quartz scheduler 'reportd' initialized from an externally provided properties instance.
2025-06-17 21:43:54,466 INFO  [Main] o.q.i.StdSchedulerFactory: Quartz scheduler version: 2.3.2
2025-06-17 21:43:54,466 INFO  [Main] o.q.c.QuartzScheduler: JobFactory set to: org.springframework.scheduling.quartz.AdaptableJobFactory@3f65ff62
2025-06-17 21:43:54,476 INFO  [Main] o.q.c.QuartzScheduler: JobFactory set to: org.opennms.netmgt.reporting.service.ReportJobFactory@79219127
2025-06-17 21:43:54,483 INFO  [Main] o.s.c.s.DefaultLifecycleProcessor: Starting beans in phase 2147483647
2025-06-17 21:43:54,483 INFO  [Main] o.s.s.q.SchedulerFactoryBean: Starting Quartz Scheduler now
2025-06-17 21:43:54,483 INFO  [Main] o.q.c.QuartzScheduler: Scheduler reportd_$_NON_CLUSTERED started.
2025-06-17 21:43:56,850 INFO  [Main] o.q.c.QuartzScheduler: Scheduler reportd_$_NON_CLUSTERED started.
2025-06-17 21:49:22,534 INFO  [Thread-0] o.s.c.s.ClassPathXmlApplicationContext: Closing ApplicationContext 'reportdContext': startup date [Tue Jun 17 21:43:54 UTC 2025]; parent: ApplicationContext 'daoContext'
2025-06-17 21:49:22,534 INFO  [Thread-0] o.s.c.s.DefaultLifecycleProcessor: Stopping beans in phase 2147483647
2025-06-17 21:49:22,537 INFO  [Thread-0] o.q.c.QuartzScheduler: Scheduler reportd_$_NON_CLUSTERED paused.
2025-06-17 21:49:22,537 INFO  [Thread-0] o.q.c.QuartzScheduler: Scheduler reportd_$_NON_CLUSTERED shutting down.
2025-06-17 21:49:22,537 INFO  [Thread-0] o.q.c.QuartzScheduler: Scheduler reportd_$_NON_CLUSTERED paused.
2025-06-17 21:49:22,537 INFO  [Thread-0] o.q.c.QuartzScheduler: Scheduler reportd_$_NON_CLUSTERED shutdown complete.
2025-06-17 21:49:22,537 INFO  [Thread-0] o.s.s.q.SchedulerFactoryBean: Shutting down Quartz Scheduler
2025-06-17 21:49:43,657 INFO  [Main] o.s.c.s.ClassPathXmlApplicationContext: Refreshing org.springframework.context.support.ClassPathXmlApplicationContext@2910c82a: startup date [Tue Jun 17 21:49:43 UTC 2025]; parent: ApplicationContext 'daoContext'
2025-06-17 21:49:43,658 INFO  [Main] o.s.b.f.x.XmlBeanDefinitionReader: Loading XML bean definitions from class path resource [META-INF/opennms/applicationContext-reportd.xml]
2025-06-17 21:49:43,673 INFO  [Main] o.s.b.f.a.AutowiredAnnotationBeanPostProcessor: JSR-330 'javax.inject.Inject' annotation found and supported for autowiring
2025-06-17 21:49:43,680 INFO  [Main] o.q.i.StdSchedulerFactory: Using default implementation for ThreadExecutor
2025-06-17 21:49:43,681 INFO  [Main] o.q.c.SchedulerSignalerImpl: Initialized Scheduler Signaller of type: class org.quartz.core.SchedulerSignalerImpl
2025-06-17 21:49:43,681 INFO  [Main] o.q.c.QuartzScheduler: Quartz Scheduler v.2.3.2 created.
2025-06-17 21:49:43,681 INFO  [Main] o.q.s.RAMJobStore: RAMJobStore initialized.
2025-06-17 21:49:43,681 INFO  [Main] o.q.c.QuartzScheduler: Scheduler meta-data: Quartz Scheduler (v2.3.2) 'reportd' with instanceId 'NON_CLUSTERED'
  Scheduler class: 'org.quartz.core.QuartzScheduler' - running locally.
  NOT STARTED.
  Currently in standby mode.
  Number of jobs executed: 0
  Using thread pool 'org.quartz.simpl.SimpleThreadPool' - with 10 threads.
  Using job-store 'org.quartz.simpl.RAMJobStore' - which does not support persistence. and is not clustered.

2025-06-17 21:49:43,681 INFO  [Main] o.q.i.StdSchedulerFactory: Quartz scheduler 'reportd' initialized from an externally provided properties instance.
2025-06-17 21:49:43,681 INFO  [Main] o.q.i.StdSchedulerFactory: Quartz scheduler version: 2.3.2
2025-06-17 21:49:43,681 INFO  [Main] o.q.c.QuartzScheduler: JobFactory set to: org.springframework.scheduling.quartz.AdaptableJobFactory@716f34d6
2025-06-17 21:49:43,691 INFO  [Main] o.q.c.QuartzScheduler: JobFactory set to: org.opennms.netmgt.reporting.service.ReportJobFactory@5815a1d4
2025-06-17 21:49:43,707 INFO  [Main] o.s.c.s.DefaultLifecycleProcessor: Starting beans in phase 2147483647
2025-06-17 21:49:43,707 INFO  [Main] o.s.s.q.SchedulerFactoryBean: Starting Quartz Scheduler now
2025-06-17 21:49:43,707 INFO  [Main] o.q.c.QuartzScheduler: Scheduler reportd_$_NON_CLUSTERED started.
2025-06-17 21:49:45,708 INFO  [Main] o.q.c.QuartzScheduler: Scheduler reportd_$_NON_CLUSTERED started.
2025-06-17 21:54:05,445 INFO  [Thread-0] o.s.c.s.ClassPathXmlApplicationContext: Closing ApplicationContext 'reportdContext': startup date [Tue Jun 17 21:49:43 UTC 2025]; parent: ApplicationContext 'daoContext'
2025-06-17 21:54:05,446 INFO  [Thread-0] o.s.c.s.DefaultLifecycleProcessor: Stopping beans in phase 2147483647
2025-06-17 21:54:05,448 INFO  [Thread-0] o.q.c.QuartzScheduler: Scheduler reportd_$_NON_CLUSTERED paused.
2025-06-17 21:54:05,448 INFO  [Thread-0] o.q.c.QuartzScheduler: Scheduler reportd_$_NON_CLUSTERED shutting down.
2025-06-17 21:54:05,448 INFO  [Thread-0] o.q.c.QuartzScheduler: Scheduler reportd_$_NON_CLUSTERED paused.
2025-06-17 21:54:05,448 INFO  [Thread-0] o.q.c.QuartzScheduler: Scheduler reportd_$_NON_CLUSTERED shutdown complete.
2025-06-17 21:54:05,448 INFO  [Thread-0] o.s.s.q.SchedulerFactoryBean: Shutting down Quartz Scheduler
2025-06-17 21:54:26,704 INFO  [Main] o.s.c.s.ClassPathXmlApplicationContext: Refreshing org.springframework.context.support.ClassPathXmlApplicationContext@5acde3df: startup date [Tue Jun 17 21:54:26 UTC 2025]; parent: ApplicationContext 'daoContext'
2025-06-17 21:54:26,705 INFO  [Main] o.s.b.f.x.XmlBeanDefinitionReader: Loading XML bean definitions from class path resource [META-INF/opennms/applicationContext-reportd.xml]
2025-06-17 21:54:26,718 INFO  [Main] o.s.b.f.a.AutowiredAnnotationBeanPostProcessor: JSR-330 'javax.inject.Inject' annotation found and supported for autowiring
2025-06-17 21:54:26,723 INFO  [Main] o.q.i.StdSchedulerFactory: Using default implementation for ThreadExecutor
2025-06-17 21:54:26,724 INFO  [Main] o.q.c.SchedulerSignalerImpl: Initialized Scheduler Signaller of type: class org.quartz.core.SchedulerSignalerImpl
2025-06-17 21:54:26,724 INFO  [Main] o.q.c.QuartzScheduler: Quartz Scheduler v.2.3.2 created.
2025-06-17 21:54:26,724 INFO  [Main] o.q.s.RAMJobStore: RAMJobStore initialized.
2025-06-17 21:54:26,725 INFO  [Main] o.q.c.QuartzScheduler: Scheduler meta-data: Quartz Scheduler (v2.3.2) 'reportd' with instanceId 'NON_CLUSTERED'
  Scheduler class: 'org.quartz.core.QuartzScheduler' - running locally.
  NOT STARTED.
  Currently in standby mode.
  Number of jobs executed: 0
  Using thread pool 'org.quartz.simpl.SimpleThreadPool' - with 10 threads.
  Using job-store 'org.quartz.simpl.RAMJobStore' - which does not support persistence. and is not clustered.

2025-06-17 21:54:26,725 INFO  [Main] o.q.i.StdSchedulerFactory: Quartz scheduler 'reportd' initialized from an externally provided properties instance.
2025-06-17 21:54:26,725 INFO  [Main] o.q.i.StdSchedulerFactory: Quartz scheduler version: 2.3.2
2025-06-17 21:54:26,725 INFO  [Main] o.q.c.QuartzScheduler: JobFactory set to: org.springframework.scheduling.quartz.AdaptableJobFactory@1601d1e4
2025-06-17 21:54:26,734 INFO  [Main] o.q.c.QuartzScheduler: JobFactory set to: org.opennms.netmgt.reporting.service.ReportJobFactory@225955a2
2025-06-17 21:54:26,741 INFO  [Main] o.s.c.s.DefaultLifecycleProcessor: Starting beans in phase 2147483647
2025-06-17 21:54:26,741 INFO  [Main] o.s.s.q.SchedulerFactoryBean: Starting Quartz Scheduler now
2025-06-17 21:54:26,741 INFO  [Main] o.q.c.QuartzScheduler: Scheduler reportd_$_NON_CLUSTERED started.
2025-06-17 21:54:28,862 INFO  [Main] o.q.c.QuartzScheduler: Scheduler reportd_$_NON_CLUSTERED started.
2025-06-17 21:58:22,480 INFO  [Thread-0] o.s.c.s.ClassPathXmlApplicationContext: Closing ApplicationContext 'reportdContext': startup date [Tue Jun 17 21:54:26 UTC 2025]; parent: ApplicationContext 'daoContext'
2025-06-17 21:58:22,480 INFO  [Thread-0] o.s.c.s.DefaultLifecycleProcessor: Stopping beans in phase 2147483647
2025-06-17 21:58:22,481 INFO  [Thread-0] o.q.c.QuartzScheduler: Scheduler reportd_$_NON_CLUSTERED paused.
2025-06-17 21:58:22,481 INFO  [Thread-0] o.q.c.QuartzScheduler: Scheduler reportd_$_NON_CLUSTERED shutting down.
2025-06-17 21:58:22,481 INFO  [Thread-0] o.q.c.QuartzScheduler: Scheduler reportd_$_NON_CLUSTERED paused.
2025-06-17 21:58:22,481 INFO  [Thread-0] o.q.c.QuartzScheduler: Scheduler reportd_$_NON_CLUSTERED shutdown complete.
2025-06-17 21:58:22,481 INFO  [Thread-0] o.s.s.q.SchedulerFactoryBean: Shutting down Quartz Scheduler
2025-06-17 21:58:51,014 INFO  [Main] o.s.c.s.ClassPathXmlApplicationContext: Refreshing org.springframework.context.support.ClassPathXmlApplicationContext@6c000fab: startup date [Tue Jun 17 21:58:51 UTC 2025]; parent: ApplicationContext 'daoContext'
2025-06-17 21:58:51,015 INFO  [Main] o.s.b.f.x.XmlBeanDefinitionReader: Loading XML bean definitions from class path resource [META-INF/opennms/applicationContext-reportd.xml]
2025-06-17 21:58:51,028 INFO  [Main] o.s.b.f.a.AutowiredAnnotationBeanPostProcessor: JSR-330 'javax.inject.Inject' annotation found and supported for autowiring
2025-06-17 21:58:51,033 INFO  [Main] o.q.i.StdSchedulerFactory: Using default implementation for ThreadExecutor
2025-06-17 21:58:51,034 INFO  [Main] o.q.c.SchedulerSignalerImpl: Initialized Scheduler Signaller of type: class org.quartz.core.SchedulerSignalerImpl
2025-06-17 21:58:51,034 INFO  [Main] o.q.c.QuartzScheduler: Quartz Scheduler v.2.3.2 created.
2025-06-17 21:58:51,034 INFO  [Main] o.q.s.RAMJobStore: RAMJobStore initialized.
2025-06-17 21:58:51,034 INFO  [Main] o.q.c.QuartzScheduler: Scheduler meta-data: Quartz Scheduler (v2.3.2) 'reportd' with instanceId 'NON_CLUSTERED'
  Scheduler class: 'org.quartz.core.QuartzScheduler' - running locally.
  NOT STARTED.
  Currently in standby mode.
  Number of jobs executed: 0
  Using thread pool 'org.quartz.simpl.SimpleThreadPool' - with 10 threads.
  Using job-store 'org.quartz.simpl.RAMJobStore' - which does not support persistence. and is not clustered.

2025-06-17 21:58:51,034 INFO  [Main] o.q.i.StdSchedulerFactory: Quartz scheduler 'reportd' initialized from an externally provided properties instance.
2025-06-17 21:58:51,034 INFO  [Main] o.q.i.StdSchedulerFactory: Quartz scheduler version: 2.3.2
2025-06-17 21:58:51,035 INFO  [Main] o.q.c.QuartzScheduler: JobFactory set to: org.springframework.scheduling.quartz.AdaptableJobFactory@4fbaf6f
2025-06-17 21:58:51,046 INFO  [Main] o.q.c.QuartzScheduler: JobFactory set to: org.opennms.netmgt.reporting.service.ReportJobFactory@49d7d2a8
2025-06-17 21:58:51,053 INFO  [Main] o.s.c.s.DefaultLifecycleProcessor: Starting beans in phase 2147483647
2025-06-17 21:58:51,053 INFO  [Main] o.s.s.q.SchedulerFactoryBean: Starting Quartz Scheduler now
2025-06-17 21:58:51,053 INFO  [Main] o.q.c.QuartzScheduler: Scheduler reportd_$_NON_CLUSTERED started.
2025-06-17 21:58:53,105 INFO  [Main] o.q.c.QuartzScheduler: Scheduler reportd_$_NON_CLUSTERED started.
2025-06-17 22:02:51,517 INFO  [Thread-0] o.s.c.s.ClassPathXmlApplicationContext: Closing ApplicationContext 'reportdContext': startup date [Tue Jun 17 21:58:51 UTC 2025]; parent: ApplicationContext 'daoContext'
2025-06-17 22:02:51,518 INFO  [Thread-0] o.s.c.s.DefaultLifecycleProcessor: Stopping beans in phase 2147483647
2025-06-17 22:02:51,519 INFO  [Thread-0] o.q.c.QuartzScheduler: Scheduler reportd_$_NON_CLUSTERED paused.
2025-06-17 22:02:51,519 INFO  [Thread-0] o.q.c.QuartzScheduler: Scheduler reportd_$_NON_CLUSTERED shutting down.
2025-06-17 22:02:51,519 INFO  [Thread-0] o.q.c.QuartzScheduler: Scheduler reportd_$_NON_CLUSTERED paused.
2025-06-17 22:02:51,519 INFO  [Thread-0] o.q.c.QuartzScheduler: Scheduler reportd_$_NON_CLUSTERED shutdown complete.
2025-06-17 22:02:51,519 INFO  [Thread-0] o.s.s.q.SchedulerFactoryBean: Shutting down Quartz Scheduler
2025-06-17 22:03:12,619 INFO  [Main] o.s.c.s.ClassPathXmlApplicationContext: Refreshing org.springframework.context.support.ClassPathXmlApplicationContext@53e2b885: startup date [Tue Jun 17 22:03:12 UTC 2025]; parent: ApplicationContext 'daoContext'
2025-06-17 22:03:12,621 INFO  [Main] o.s.b.f.x.XmlBeanDefinitionReader: Loading XML bean definitions from class path resource [META-INF/opennms/applicationContext-reportd.xml]
2025-06-17 22:03:12,636 INFO  [Main] o.s.b.f.a.AutowiredAnnotationBeanPostProcessor: JSR-330 'javax.inject.Inject' annotation found and supported for autowiring
2025-06-17 22:03:12,641 INFO  [Main] o.q.i.StdSchedulerFactory: Using default implementation for ThreadExecutor
2025-06-17 22:03:12,643 INFO  [Main] o.q.c.SchedulerSignalerImpl: Initialized Scheduler Signaller of type: class org.quartz.core.SchedulerSignalerImpl
2025-06-17 22:03:12,643 INFO  [Main] o.q.c.QuartzScheduler: Quartz Scheduler v.2.3.2 created.
2025-06-17 22:03:12,643 INFO  [Main] o.q.s.RAMJobStore: RAMJobStore initialized.
2025-06-17 22:03:12,643 INFO  [Main] o.q.c.QuartzScheduler: Scheduler meta-data: Quartz Scheduler (v2.3.2) 'reportd' with instanceId 'NON_CLUSTERED'
  Scheduler class: 'org.quartz.core.QuartzScheduler' - running locally.
  NOT STARTED.
  Currently in standby mode.
  Number of jobs executed: 0
  Using thread pool 'org.quartz.simpl.SimpleThreadPool' - with 10 threads.
  Using job-store 'org.quartz.simpl.RAMJobStore' - which does not support persistence. and is not clustered.

2025-06-17 22:03:12,643 INFO  [Main] o.q.i.StdSchedulerFactory: Quartz scheduler 'reportd' initialized from an externally provided properties instance.
2025-06-17 22:03:12,643 INFO  [Main] o.q.i.StdSchedulerFactory: Quartz scheduler version: 2.3.2
2025-06-17 22:03:12,643 INFO  [Main] o.q.c.QuartzScheduler: JobFactory set to: org.springframework.scheduling.quartz.AdaptableJobFactory@5693cd2b
2025-06-17 22:03:12,652 INFO  [Main] o.q.c.QuartzScheduler: JobFactory set to: org.opennms.netmgt.reporting.service.ReportJobFactory@1f708268
2025-06-17 22:03:12,659 INFO  [Main] o.s.c.s.DefaultLifecycleProcessor: Starting beans in phase 2147483647
2025-06-17 22:03:12,659 INFO  [Main] o.s.s.q.SchedulerFactoryBean: Starting Quartz Scheduler now
2025-06-17 22:03:12,659 INFO  [Main] o.q.c.QuartzScheduler: Scheduler reportd_$_NON_CLUSTERED started.
2025-06-17 22:03:14,703 INFO  [Main] o.q.c.QuartzScheduler: Scheduler reportd_$_NON_CLUSTERED started.
2025-06-17 22:10:08,969 INFO  [Thread-0] o.s.c.s.ClassPathXmlApplicationContext: Closing ApplicationContext 'reportdContext': startup date [Tue Jun 17 22:03:12 UTC 2025]; parent: ApplicationContext 'daoContext'
2025-06-17 22:10:08,969 INFO  [Thread-0] o.s.c.s.DefaultLifecycleProcessor: Stopping beans in phase 2147483647
2025-06-17 22:10:08,970 INFO  [Thread-0] o.q.c.QuartzScheduler: Scheduler reportd_$_NON_CLUSTERED paused.
2025-06-17 22:10:08,970 INFO  [Thread-0] o.q.c.QuartzScheduler: Scheduler reportd_$_NON_CLUSTERED shutting down.
2025-06-17 22:10:08,970 INFO  [Thread-0] o.q.c.QuartzScheduler: Scheduler reportd_$_NON_CLUSTERED paused.
2025-06-17 22:10:08,970 INFO  [Thread-0] o.q.c.QuartzScheduler: Scheduler reportd_$_NON_CLUSTERED shutdown complete.
2025-06-17 22:10:08,970 INFO  [Thread-0] o.s.s.q.SchedulerFactoryBean: Shutting down Quartz Scheduler
2025-06-17 22:10:30,797 INFO  [Main] o.s.c.s.ClassPathXmlApplicationContext: Refreshing org.springframework.context.support.ClassPathXmlApplicationContext@33344804: startup date [Tue Jun 17 22:10:30 UTC 2025]; parent: ApplicationContext 'daoContext'
2025-06-17 22:10:30,799 INFO  [Main] o.s.b.f.x.XmlBeanDefinitionReader: Loading XML bean definitions from class path resource [META-INF/opennms/applicationContext-reportd.xml]
2025-06-17 22:10:30,815 INFO  [Main] o.s.b.f.a.AutowiredAnnotationBeanPostProcessor: JSR-330 'javax.inject.Inject' annotation found and supported for autowiring
2025-06-17 22:10:30,822 INFO  [Main] o.q.i.StdSchedulerFactory: Using default implementation for ThreadExecutor
2025-06-17 22:10:30,824 INFO  [Main] o.q.c.SchedulerSignalerImpl: Initialized Scheduler Signaller of type: class org.quartz.core.SchedulerSignalerImpl
2025-06-17 22:10:30,824 INFO  [Main] o.q.c.QuartzScheduler: Quartz Scheduler v.2.3.2 created.
2025-06-17 22:10:30,824 INFO  [Main] o.q.s.RAMJobStore: RAMJobStore initialized.
2025-06-17 22:10:30,824 INFO  [Main] o.q.c.QuartzScheduler: Scheduler meta-data: Quartz Scheduler (v2.3.2) 'reportd' with instanceId 'NON_CLUSTERED'
  Scheduler class: 'org.quartz.core.QuartzScheduler' - running locally.
  NOT STARTED.
  Currently in standby mode.
  Number of jobs executed: 0
  Using thread pool 'org.quartz.simpl.SimpleThreadPool' - with 10 threads.
  Using job-store 'org.quartz.simpl.RAMJobStore' - which does not support persistence. and is not clustered.

2025-06-17 22:10:30,824 INFO  [Main] o.q.i.StdSchedulerFactory: Quartz scheduler 'reportd' initialized from an externally provided properties instance.
2025-06-17 22:10:30,824 INFO  [Main] o.q.i.StdSchedulerFactory: Quartz scheduler version: 2.3.2
2025-06-17 22:10:30,824 INFO  [Main] o.q.c.QuartzScheduler: JobFactory set to: org.springframework.scheduling.quartz.AdaptableJobFactory@7ec03ddd
2025-06-17 22:10:30,833 INFO  [Main] o.q.c.QuartzScheduler: JobFactory set to: org.opennms.netmgt.reporting.service.ReportJobFactory@67f84aac
2025-06-17 22:10:30,840 INFO  [Main] o.s.c.s.DefaultLifecycleProcessor: Starting beans in phase 2147483647
2025-06-17 22:10:30,840 INFO  [Main] o.s.s.q.SchedulerFactoryBean: Starting Quartz Scheduler now
2025-06-17 22:10:30,840 INFO  [Main] o.q.c.QuartzScheduler: Scheduler reportd_$_NON_CLUSTERED started.
2025-06-17 22:10:32,819 INFO  [Main] o.q.c.QuartzScheduler: Scheduler reportd_$_NON_CLUSTERED started.
2025-06-17 22:12:32,339 INFO  [Thread-0] o.s.c.s.ClassPathXmlApplicationContext: Closing ApplicationContext 'reportdContext': startup date [Tue Jun 17 22:10:30 UTC 2025]; parent: ApplicationContext 'daoContext'
2025-06-17 22:12:32,339 INFO  [Thread-0] o.s.c.s.DefaultLifecycleProcessor: Stopping beans in phase 2147483647
2025-06-17 22:12:32,340 INFO  [Thread-0] o.q.c.QuartzScheduler: Scheduler reportd_$_NON_CLUSTERED paused.
2025-06-17 22:12:32,340 INFO  [Thread-0] o.q.c.QuartzScheduler: Scheduler reportd_$_NON_CLUSTERED shutting down.
2025-06-17 22:12:32,340 INFO  [Thread-0] o.q.c.QuartzScheduler: Scheduler reportd_$_NON_CLUSTERED paused.
2025-06-17 22:12:32,340 INFO  [Thread-0] o.q.c.QuartzScheduler: Scheduler reportd_$_NON_CLUSTERED shutdown complete.
2025-06-17 22:12:32,340 INFO  [Thread-0] o.s.s.q.SchedulerFactoryBean: Shutting down Quartz Scheduler
2025-06-17 22:12:56,384 INFO  [Main] o.s.c.s.ClassPathXmlApplicationContext: Refreshing org.springframework.context.support.ClassPathXmlApplicationContext@19a24b76: startup date [Tue Jun 17 22:12:56 UTC 2025]; parent: ApplicationContext 'daoContext'
2025-06-17 22:12:56,386 INFO  [Main] o.s.b.f.x.XmlBeanDefinitionReader: Loading XML bean definitions from class path resource [META-INF/opennms/applicationContext-reportd.xml]
2025-06-17 22:12:56,402 INFO  [Main] o.s.b.f.a.AutowiredAnnotationBeanPostProcessor: JSR-330 'javax.inject.Inject' annotation found and supported for autowiring
2025-06-17 22:12:56,408 INFO  [Main] o.q.i.StdSchedulerFactory: Using default implementation for ThreadExecutor
2025-06-17 22:12:56,410 INFO  [Main] o.q.c.SchedulerSignalerImpl: Initialized Scheduler Signaller of type: class org.quartz.core.SchedulerSignalerImpl
2025-06-17 22:12:56,410 INFO  [Main] o.q.c.QuartzScheduler: Quartz Scheduler v.2.3.2 created.
2025-06-17 22:12:56,410 INFO  [Main] o.q.s.RAMJobStore: RAMJobStore initialized.
2025-06-17 22:12:56,410 INFO  [Main] o.q.c.QuartzScheduler: Scheduler meta-data: Quartz Scheduler (v2.3.2) 'reportd' with instanceId 'NON_CLUSTERED'
  Scheduler class: 'org.quartz.core.QuartzScheduler' - running locally.
  NOT STARTED.
  Currently in standby mode.
  Number of jobs executed: 0
  Using thread pool 'org.quartz.simpl.SimpleThreadPool' - with 10 threads.
  Using job-store 'org.quartz.simpl.RAMJobStore' - which does not support persistence. and is not clustered.

2025-06-17 22:12:56,410 INFO  [Main] o.q.i.StdSchedulerFactory: Quartz scheduler 'reportd' initialized from an externally provided properties instance.
2025-06-17 22:12:56,410 INFO  [Main] o.q.i.StdSchedulerFactory: Quartz scheduler version: 2.3.2
2025-06-17 22:12:56,410 INFO  [Main] o.q.c.QuartzScheduler: JobFactory set to: org.springframework.scheduling.quartz.AdaptableJobFactory@7b40e2f1
2025-06-17 22:12:56,422 INFO  [Main] o.q.c.QuartzScheduler: JobFactory set to: org.opennms.netmgt.reporting.service.ReportJobFactory@5aec0700
2025-06-17 22:12:56,435 INFO  [Main] o.s.c.s.DefaultLifecycleProcessor: Starting beans in phase 2147483647
2025-06-17 22:12:56,435 INFO  [Main] o.s.s.q.SchedulerFactoryBean: Starting Quartz Scheduler now
2025-06-17 22:12:56,435 INFO  [Main] o.q.c.QuartzScheduler: Scheduler reportd_$_NON_CLUSTERED started.
2025-06-17 22:12:58,571 INFO  [Main] o.q.c.QuartzScheduler: Scheduler reportd_$_NON_CLUSTERED started.
2025-06-17 22:38:31,208 INFO  [Thread-0] o.s.c.s.ClassPathXmlApplicationContext: Closing ApplicationContext 'reportdContext': startup date [Tue Jun 17 22:12:56 UTC 2025]; parent: ApplicationContext 'daoContext'
2025-06-17 22:38:31,208 INFO  [Thread-0] o.s.c.s.DefaultLifecycleProcessor: Stopping beans in phase 2147483647
2025-06-17 22:38:31,209 INFO  [Thread-0] o.q.c.QuartzScheduler: Scheduler reportd_$_NON_CLUSTERED paused.
2025-06-17 22:38:31,210 INFO  [Thread-0] o.q.c.QuartzScheduler: Scheduler reportd_$_NON_CLUSTERED shutting down.
2025-06-17 22:38:31,210 INFO  [Thread-0] o.q.c.QuartzScheduler: Scheduler reportd_$_NON_CLUSTERED paused.
2025-06-17 22:38:31,210 INFO  [Thread-0] o.q.c.QuartzScheduler: Scheduler reportd_$_NON_CLUSTERED shutdown complete.
2025-06-17 22:38:31,210 INFO  [Thread-0] o.s.s.q.SchedulerFactoryBean: Shutting down Quartz Scheduler
2025-06-17 22:38:52,071 INFO  [Main] o.s.c.s.ClassPathXmlApplicationContext: Refreshing org.springframework.context.support.ClassPathXmlApplicationContext@1fc1db8e: startup date [Tue Jun 17 22:38:52 UTC 2025]; parent: ApplicationContext 'daoContext'
2025-06-17 22:38:52,072 INFO  [Main] o.s.b.f.x.XmlBeanDefinitionReader: Loading XML bean definitions from class path resource [META-INF/opennms/applicationContext-reportd.xml]
2025-06-17 22:38:52,086 INFO  [Main] o.s.b.f.a.AutowiredAnnotationBeanPostProcessor: JSR-330 'javax.inject.Inject' annotation found and supported for autowiring
2025-06-17 22:38:52,092 INFO  [Main] o.q.i.StdSchedulerFactory: Using default implementation for ThreadExecutor
2025-06-17 22:38:52,093 INFO  [Main] o.q.c.SchedulerSignalerImpl: Initialized Scheduler Signaller of type: class org.quartz.core.SchedulerSignalerImpl
2025-06-17 22:38:52,093 INFO  [Main] o.q.c.QuartzScheduler: Quartz Scheduler v.2.3.2 created.
2025-06-17 22:38:52,093 INFO  [Main] o.q.s.RAMJobStore: RAMJobStore initialized.
2025-06-17 22:38:52,093 INFO  [Main] o.q.c.QuartzScheduler: Scheduler meta-data: Quartz Scheduler (v2.3.2) 'reportd' with instanceId 'NON_CLUSTERED'
  Scheduler class: 'org.quartz.core.QuartzScheduler' - running locally.
  NOT STARTED.
  Currently in standby mode.
  Number of jobs executed: 0
  Using thread pool 'org.quartz.simpl.SimpleThreadPool' - with 10 threads.
  Using job-store 'org.quartz.simpl.RAMJobStore' - which does not support persistence. and is not clustered.

2025-06-17 22:38:52,093 INFO  [Main] o.q.i.StdSchedulerFactory: Quartz scheduler 'reportd' initialized from an externally provided properties instance.
2025-06-17 22:38:52,093 INFO  [Main] o.q.i.StdSchedulerFactory: Quartz scheduler version: 2.3.2
2025-06-17 22:38:52,093 INFO  [Main] o.q.c.QuartzScheduler: JobFactory set to: org.springframework.scheduling.quartz.AdaptableJobFactory@16d1921f
2025-06-17 22:38:52,102 INFO  [Main] o.q.c.QuartzScheduler: JobFactory set to: org.opennms.netmgt.reporting.service.ReportJobFactory@5078c0f4
2025-06-17 22:38:52,109 INFO  [Main] o.s.c.s.DefaultLifecycleProcessor: Starting beans in phase 2147483647
2025-06-17 22:38:52,109 INFO  [Main] o.s.s.q.SchedulerFactoryBean: Starting Quartz Scheduler now
2025-06-17 22:38:52,109 INFO  [Main] o.q.c.QuartzScheduler: Scheduler reportd_$_NON_CLUSTERED started.
2025-06-17 22:38:54,139 INFO  [Main] o.q.c.QuartzScheduler: Scheduler reportd_$_NON_CLUSTERED started.
2025-06-17 22:46:56,907 INFO  [Thread-0] o.s.c.s.ClassPathXmlApplicationContext: Closing ApplicationContext 'reportdContext': startup date [Tue Jun 17 22:38:52 UTC 2025]; parent: ApplicationContext 'daoContext'
2025-06-17 22:46:56,908 INFO  [Thread-0] o.s.c.s.DefaultLifecycleProcessor: Stopping beans in phase 2147483647
2025-06-17 22:46:56,909 INFO  [Thread-0] o.q.c.QuartzScheduler: Scheduler reportd_$_NON_CLUSTERED paused.
2025-06-17 22:46:56,910 INFO  [Thread-0] o.q.c.QuartzScheduler: Scheduler reportd_$_NON_CLUSTERED shutting down.
2025-06-17 22:46:56,910 INFO  [Thread-0] o.q.c.QuartzScheduler: Scheduler reportd_$_NON_CLUSTERED paused.
2025-06-17 22:46:56,910 INFO  [Thread-0] o.q.c.QuartzScheduler: Scheduler reportd_$_NON_CLUSTERED shutdown complete.
2025-06-17 22:46:56,910 INFO  [Thread-0] o.s.s.q.SchedulerFactoryBean: Shutting down Quartz Scheduler
2025-06-17 22:47:17,687 INFO  [Main] o.s.c.s.ClassPathXmlApplicationContext: Refreshing org.springframework.context.support.ClassPathXmlApplicationContext@71283478: startup date [Tue Jun 17 22:47:17 UTC 2025]; parent: ApplicationContext 'daoContext'
2025-06-17 22:47:17,688 INFO  [Main] o.s.b.f.x.XmlBeanDefinitionReader: Loading XML bean definitions from class path resource [META-INF/opennms/applicationContext-reportd.xml]
2025-06-17 22:47:17,700 INFO  [Main] o.s.b.f.a.AutowiredAnnotationBeanPostProcessor: JSR-330 'javax.inject.Inject' annotation found and supported for autowiring
2025-06-17 22:47:17,707 INFO  [Main] o.q.i.StdSchedulerFactory: Using default implementation for ThreadExecutor
2025-06-17 22:47:17,709 INFO  [Main] o.q.c.SchedulerSignalerImpl: Initialized Scheduler Signaller of type: class org.quartz.core.SchedulerSignalerImpl
2025-06-17 22:47:17,709 INFO  [Main] o.q.c.QuartzScheduler: Quartz Scheduler v.2.3.2 created.
2025-06-17 22:47:17,709 INFO  [Main] o.q.s.RAMJobStore: RAMJobStore initialized.
2025-06-17 22:47:17,709 INFO  [Main] o.q.c.QuartzScheduler: Scheduler meta-data: Quartz Scheduler (v2.3.2) 'reportd' with instanceId 'NON_CLUSTERED'
  Scheduler class: 'org.quartz.core.QuartzScheduler' - running locally.
  NOT STARTED.
  Currently in standby mode.
  Number of jobs executed: 0
  Using thread pool 'org.quartz.simpl.SimpleThreadPool' - with 10 threads.
  Using job-store 'org.quartz.simpl.RAMJobStore' - which does not support persistence. and is not clustered.

2025-06-17 22:47:17,709 INFO  [Main] o.q.i.StdSchedulerFactory: Quartz scheduler 'reportd' initialized from an externally provided properties instance.
2025-06-17 22:47:17,709 INFO  [Main] o.q.i.StdSchedulerFactory: Quartz scheduler version: 2.3.2
2025-06-17 22:47:17,709 INFO  [Main] o.q.c.QuartzScheduler: JobFactory set to: org.springframework.scheduling.quartz.AdaptableJobFactory@706bd4ea
2025-06-17 22:47:17,723 INFO  [Main] o.q.c.QuartzScheduler: JobFactory set to: org.opennms.netmgt.reporting.service.ReportJobFactory@5b1a9cce
2025-06-17 22:47:17,732 INFO  [Main] o.s.c.s.DefaultLifecycleProcessor: Starting beans in phase 2147483647
2025-06-17 22:47:17,732 INFO  [Main] o.s.s.q.SchedulerFactoryBean: Starting Quartz Scheduler now
2025-06-17 22:47:17,732 INFO  [Main] o.q.c.QuartzScheduler: Scheduler reportd_$_NON_CLUSTERED started.
2025-06-17 22:47:19,852 INFO  [Main] o.q.c.QuartzScheduler: Scheduler reportd_$_NON_CLUSTERED started.
2025-06-17 22:58:27,874 INFO  [Thread-0] o.s.c.s.ClassPathXmlApplicationContext: Closing ApplicationContext 'reportdContext': startup date [Tue Jun 17 22:47:17 UTC 2025]; parent: ApplicationContext 'daoContext'
2025-06-17 22:58:27,874 INFO  [Thread-0] o.s.c.s.DefaultLifecycleProcessor: Stopping beans in phase 2147483647
2025-06-17 22:58:27,875 INFO  [Thread-0] o.q.c.QuartzScheduler: Scheduler reportd_$_NON_CLUSTERED paused.
2025-06-17 22:58:27,875 INFO  [Thread-0] o.q.c.QuartzScheduler: Scheduler reportd_$_NON_CLUSTERED shutting down.
2025-06-17 22:58:27,875 INFO  [Thread-0] o.q.c.QuartzScheduler: Scheduler reportd_$_NON_CLUSTERED paused.
2025-06-17 22:58:27,875 INFO  [Thread-0] o.q.c.QuartzScheduler: Scheduler reportd_$_NON_CLUSTERED shutdown complete.
2025-06-17 22:58:27,875 INFO  [Thread-0] o.s.s.q.SchedulerFactoryBean: Shutting down Quartz Scheduler
2025-06-17 22:58:48,580 INFO  [Main] o.s.c.s.ClassPathXmlApplicationContext: Refreshing org.springframework.context.support.ClassPathXmlApplicationContext@1bb600b0: startup date [Tue Jun 17 22:58:48 UTC 2025]; parent: ApplicationContext 'daoContext'
2025-06-17 22:58:48,581 INFO  [Main] o.s.b.f.x.XmlBeanDefinitionReader: Loading XML bean definitions from class path resource [META-INF/opennms/applicationContext-reportd.xml]
2025-06-17 22:58:48,593 INFO  [Main] o.s.b.f.a.AutowiredAnnotationBeanPostProcessor: JSR-330 'javax.inject.Inject' annotation found and supported for autowiring
2025-06-17 22:58:48,598 INFO  [Main] o.q.i.StdSchedulerFactory: Using default implementation for ThreadExecutor
2025-06-17 22:58:48,599 INFO  [Main] o.q.c.SchedulerSignalerImpl: Initialized Scheduler Signaller of type: class org.quartz.core.SchedulerSignalerImpl
2025-06-17 22:58:48,600 INFO  [Main] o.q.c.QuartzScheduler: Quartz Scheduler v.2.3.2 created.
2025-06-17 22:58:48,600 INFO  [Main] o.q.s.RAMJobStore: RAMJobStore initialized.
2025-06-17 22:58:48,600 INFO  [Main] o.q.c.QuartzScheduler: Scheduler meta-data: Quartz Scheduler (v2.3.2) 'reportd' with instanceId 'NON_CLUSTERED'
  Scheduler class: 'org.quartz.core.QuartzScheduler' - running locally.
  NOT STARTED.
  Currently in standby mode.
  Number of jobs executed: 0
  Using thread pool 'org.quartz.simpl.SimpleThreadPool' - with 10 threads.
  Using job-store 'org.quartz.simpl.RAMJobStore' - which does not support persistence. and is not clustered.

2025-06-17 22:58:48,600 INFO  [Main] o.q.i.StdSchedulerFactory: Quartz scheduler 'reportd' initialized from an externally provided properties instance.
2025-06-17 22:58:48,600 INFO  [Main] o.q.i.StdSchedulerFactory: Quartz scheduler version: 2.3.2
2025-06-17 22:58:48,600 INFO  [Main] o.q.c.QuartzScheduler: JobFactory set to: org.springframework.scheduling.quartz.AdaptableJobFactory@1424218e
2025-06-17 22:58:48,609 INFO  [Main] o.q.c.QuartzScheduler: JobFactory set to: org.opennms.netmgt.reporting.service.ReportJobFactory@2d2ebed8
2025-06-17 22:58:48,616 INFO  [Main] o.s.c.s.DefaultLifecycleProcessor: Starting beans in phase 2147483647
2025-06-17 22:58:48,616 INFO  [Main] o.s.s.q.SchedulerFactoryBean: Starting Quartz Scheduler now
2025-06-17 22:58:48,616 INFO  [Main] o.q.c.QuartzScheduler: Scheduler reportd_$_NON_CLUSTERED started.
2025-06-17 22:58:50,665 INFO  [Main] o.q.c.QuartzScheduler: Scheduler reportd_$_NON_CLUSTERED started.
2025-06-17 23:04:31,539 INFO  [Thread-0] o.s.c.s.ClassPathXmlApplicationContext: Closing ApplicationContext 'reportdContext': startup date [Tue Jun 17 22:58:48 UTC 2025]; parent: ApplicationContext 'daoContext'
2025-06-17 23:04:31,539 INFO  [Thread-0] o.s.c.s.DefaultLifecycleProcessor: Stopping beans in phase 2147483647
2025-06-17 23:04:31,540 INFO  [Thread-0] o.q.c.QuartzScheduler: Scheduler reportd_$_NON_CLUSTERED paused.
2025-06-17 23:04:31,540 INFO  [Thread-0] o.q.c.QuartzScheduler: Scheduler reportd_$_NON_CLUSTERED shutting down.
2025-06-17 23:04:31,540 INFO  [Thread-0] o.q.c.QuartzScheduler: Scheduler reportd_$_NON_CLUSTERED paused.
2025-06-17 23:04:31,540 INFO  [Thread-0] o.q.c.QuartzScheduler: Scheduler reportd_$_NON_CLUSTERED shutdown complete.
2025-06-17 23:04:31,540 INFO  [Thread-0] o.s.s.q.SchedulerFactoryBean: Shutting down Quartz Scheduler
2025-06-17 23:04:52,755 INFO  [Main] o.s.c.s.ClassPathXmlApplicationContext: Refreshing org.springframework.context.support.ClassPathXmlApplicationContext@6a57cce1: startup date [Tue Jun 17 23:04:52 UTC 2025]; parent: ApplicationContext 'daoContext'
2025-06-17 23:04:52,757 INFO  [Main] o.s.b.f.x.XmlBeanDefinitionReader: Loading XML bean definitions from class path resource [META-INF/opennms/applicationContext-reportd.xml]
2025-06-17 23:04:52,776 INFO  [Main] o.s.b.f.a.AutowiredAnnotationBeanPostProcessor: JSR-330 'javax.inject.Inject' annotation found and supported for autowiring
2025-06-17 23:04:52,782 INFO  [Main] o.q.i.StdSchedulerFactory: Using default implementation for ThreadExecutor
2025-06-17 23:04:52,784 INFO  [Main] o.q.c.SchedulerSignalerImpl: Initialized Scheduler Signaller of type: class org.quartz.core.SchedulerSignalerImpl
2025-06-17 23:04:52,784 INFO  [Main] o.q.c.QuartzScheduler: Quartz Scheduler v.2.3.2 created.
2025-06-17 23:04:52,784 INFO  [Main] o.q.s.RAMJobStore: RAMJobStore initialized.
2025-06-17 23:04:52,784 INFO  [Main] o.q.c.QuartzScheduler: Scheduler meta-data: Quartz Scheduler (v2.3.2) 'reportd' with instanceId 'NON_CLUSTERED'
  Scheduler class: 'org.quartz.core.QuartzScheduler' - running locally.
  NOT STARTED.
  Currently in standby mode.
  Number of jobs executed: 0
  Using thread pool 'org.quartz.simpl.SimpleThreadPool' - with 10 threads.
  Using job-store 'org.quartz.simpl.RAMJobStore' - which does not support persistence. and is not clustered.

2025-06-17 23:04:52,784 INFO  [Main] o.q.i.StdSchedulerFactory: Quartz scheduler 'reportd' initialized from an externally provided properties instance.
2025-06-17 23:04:52,784 INFO  [Main] o.q.i.StdSchedulerFactory: Quartz scheduler version: 2.3.2
2025-06-17 23:04:52,784 INFO  [Main] o.q.c.QuartzScheduler: JobFactory set to: org.springframework.scheduling.quartz.AdaptableJobFactory@21c4515d
2025-06-17 23:04:52,796 INFO  [Main] o.q.c.QuartzScheduler: JobFactory set to: org.opennms.netmgt.reporting.service.ReportJobFactory@2f8a6b1a
2025-06-17 23:04:52,804 INFO  [Main] o.s.c.s.DefaultLifecycleProcessor: Starting beans in phase 2147483647
2025-06-17 23:04:52,804 INFO  [Main] o.s.s.q.SchedulerFactoryBean: Starting Quartz Scheduler now
2025-06-17 23:04:52,804 INFO  [Main] o.q.c.QuartzScheduler: Scheduler reportd_$_NON_CLUSTERED started.
2025-06-17 23:04:54,713 INFO  [Main] o.q.c.QuartzScheduler: Scheduler reportd_$_NON_CLUSTERED started.
2025-06-17 23:09:08,509 INFO  [Thread-0] o.s.c.s.ClassPathXmlApplicationContext: Closing ApplicationContext 'reportdContext': startup date [Tue Jun 17 23:04:52 UTC 2025]; parent: ApplicationContext 'daoContext'
2025-06-17 23:09:08,509 INFO  [Thread-0] o.s.c.s.DefaultLifecycleProcessor: Stopping beans in phase 2147483647
2025-06-17 23:09:08,511 INFO  [Thread-0] o.q.c.QuartzScheduler: Scheduler reportd_$_NON_CLUSTERED paused.
2025-06-17 23:09:08,511 INFO  [Thread-0] o.q.c.QuartzScheduler: Scheduler reportd_$_NON_CLUSTERED shutting down.
2025-06-17 23:09:08,511 INFO  [Thread-0] o.q.c.QuartzScheduler: Scheduler reportd_$_NON_CLUSTERED paused.
2025-06-17 23:09:08,511 INFO  [Thread-0] o.q.c.QuartzScheduler: Scheduler reportd_$_NON_CLUSTERED shutdown complete.
2025-06-17 23:09:08,511 INFO  [Thread-0] o.s.s.q.SchedulerFactoryBean: Shutting down Quartz Scheduler
2025-06-17 23:09:29,658 INFO  [Main] o.s.c.s.ClassPathXmlApplicationContext: Refreshing org.springframework.context.support.ClassPathXmlApplicationContext@b73b37d: startup date [Tue Jun 17 23:09:29 UTC 2025]; parent: ApplicationContext 'daoContext'
2025-06-17 23:09:29,659 INFO  [Main] o.s.b.f.x.XmlBeanDefinitionReader: Loading XML bean definitions from class path resource [META-INF/opennms/applicationContext-reportd.xml]
2025-06-17 23:09:29,674 INFO  [Main] o.s.b.f.a.AutowiredAnnotationBeanPostProcessor: JSR-330 'javax.inject.Inject' annotation found and supported for autowiring
2025-06-17 23:09:29,680 INFO  [Main] o.q.i.StdSchedulerFactory: Using default implementation for ThreadExecutor
2025-06-17 23:09:29,681 INFO  [Main] o.q.c.SchedulerSignalerImpl: Initialized Scheduler Signaller of type: class org.quartz.core.SchedulerSignalerImpl
2025-06-17 23:09:29,681 INFO  [Main] o.q.c.QuartzScheduler: Quartz Scheduler v.2.3.2 created.
2025-06-17 23:09:29,681 INFO  [Main] o.q.s.RAMJobStore: RAMJobStore initialized.
2025-06-17 23:09:29,681 INFO  [Main] o.q.c.QuartzScheduler: Scheduler meta-data: Quartz Scheduler (v2.3.2) 'reportd' with instanceId 'NON_CLUSTERED'
  Scheduler class: 'org.quartz.core.QuartzScheduler' - running locally.
  NOT STARTED.
  Currently in standby mode.
  Number of jobs executed: 0
  Using thread pool 'org.quartz.simpl.SimpleThreadPool' - with 10 threads.
  Using job-store 'org.quartz.simpl.RAMJobStore' - which does not support persistence. and is not clustered.

2025-06-17 23:09:29,681 INFO  [Main] o.q.i.StdSchedulerFactory: Quartz scheduler 'reportd' initialized from an externally provided properties instance.
2025-06-17 23:09:29,681 INFO  [Main] o.q.i.StdSchedulerFactory: Quartz scheduler version: 2.3.2
2025-06-17 23:09:29,681 INFO  [Main] o.q.c.QuartzScheduler: JobFactory set to: org.springframework.scheduling.quartz.AdaptableJobFactory@d631693
2025-06-17 23:09:29,691 INFO  [Main] o.q.c.QuartzScheduler: JobFactory set to: org.opennms.netmgt.reporting.service.ReportJobFactory@5d0dde39
2025-06-17 23:09:29,697 INFO  [Main] o.s.c.s.DefaultLifecycleProcessor: Starting beans in phase 2147483647
2025-06-17 23:09:29,697 INFO  [Main] o.s.s.q.SchedulerFactoryBean: Starting Quartz Scheduler now
2025-06-17 23:09:29,697 INFO  [Main] o.q.c.QuartzScheduler: Scheduler reportd_$_NON_CLUSTERED started.
2025-06-17 23:09:31,733 INFO  [Main] o.q.c.QuartzScheduler: Scheduler reportd_$_NON_CLUSTERED started.
2025-06-17 23:13:19,282 INFO  [Thread-0] o.s.c.s.ClassPathXmlApplicationContext: Closing ApplicationContext 'reportdContext': startup date [Tue Jun 17 23:09:29 UTC 2025]; parent: ApplicationContext 'daoContext'
2025-06-17 23:13:19,282 INFO  [Thread-0] o.s.c.s.DefaultLifecycleProcessor: Stopping beans in phase 2147483647
2025-06-17 23:13:19,284 INFO  [Thread-0] o.q.c.QuartzScheduler: Scheduler reportd_$_NON_CLUSTERED paused.
2025-06-17 23:13:19,284 INFO  [Thread-0] o.q.c.QuartzScheduler: Scheduler reportd_$_NON_CLUSTERED shutting down.
2025-06-17 23:13:19,284 INFO  [Thread-0] o.q.c.QuartzScheduler: Scheduler reportd_$_NON_CLUSTERED paused.
2025-06-17 23:13:19,284 INFO  [Thread-0] o.q.c.QuartzScheduler: Scheduler reportd_$_NON_CLUSTERED shutdown complete.
2025-06-17 23:13:19,285 INFO  [Thread-0] o.s.s.q.SchedulerFactoryBean: Shutting down Quartz Scheduler
2025-06-17 23:13:40,393 INFO  [Main] o.s.c.s.ClassPathXmlApplicationContext: Refreshing org.springframework.context.support.ClassPathXmlApplicationContext@3fd9b7e6: startup date [Tue Jun 17 23:13:40 UTC 2025]; parent: ApplicationContext 'daoContext'
2025-06-17 23:13:40,396 INFO  [Main] o.s.b.f.x.XmlBeanDefinitionReader: Loading XML bean definitions from class path resource [META-INF/opennms/applicationContext-reportd.xml]
2025-06-17 23:13:40,413 INFO  [Main] o.s.b.f.a.AutowiredAnnotationBeanPostProcessor: JSR-330 'javax.inject.Inject' annotation found and supported for autowiring
2025-06-17 23:13:40,419 INFO  [Main] o.q.i.StdSchedulerFactory: Using default implementation for ThreadExecutor
2025-06-17 23:13:40,420 INFO  [Main] o.q.c.SchedulerSignalerImpl: Initialized Scheduler Signaller of type: class org.quartz.core.SchedulerSignalerImpl
2025-06-17 23:13:40,420 INFO  [Main] o.q.c.QuartzScheduler: Quartz Scheduler v.2.3.2 created.
2025-06-17 23:13:40,420 INFO  [Main] o.q.s.RAMJobStore: RAMJobStore initialized.
2025-06-17 23:13:40,420 INFO  [Main] o.q.c.QuartzScheduler: Scheduler meta-data: Quartz Scheduler (v2.3.2) 'reportd' with instanceId 'NON_CLUSTERED'
  Scheduler class: 'org.quartz.core.QuartzScheduler' - running locally.
  NOT STARTED.
  Currently in standby mode.
  Number of jobs executed: 0
  Using thread pool 'org.quartz.simpl.SimpleThreadPool' - with 10 threads.
  Using job-store 'org.quartz.simpl.RAMJobStore' - which does not support persistence. and is not clustered.

2025-06-17 23:13:40,420 INFO  [Main] o.q.i.StdSchedulerFactory: Quartz scheduler 'reportd' initialized from an externally provided properties instance.
2025-06-17 23:13:40,420 INFO  [Main] o.q.i.StdSchedulerFactory: Quartz scheduler version: 2.3.2
2025-06-17 23:13:40,420 INFO  [Main] o.q.c.QuartzScheduler: JobFactory set to: org.springframework.scheduling.quartz.AdaptableJobFactory@41064fb9
2025-06-17 23:13:40,430 INFO  [Main] o.q.c.QuartzScheduler: JobFactory set to: org.opennms.netmgt.reporting.service.ReportJobFactory@299b8c99
2025-06-17 23:13:40,457 INFO  [Main] o.s.c.s.DefaultLifecycleProcessor: Starting beans in phase 2147483647
2025-06-17 23:13:40,457 INFO  [Main] o.s.s.q.SchedulerFactoryBean: Starting Quartz Scheduler now
2025-06-17 23:13:40,457 INFO  [Main] o.q.c.QuartzScheduler: Scheduler reportd_$_NON_CLUSTERED started.
2025-06-17 23:13:42,489 INFO  [Main] o.q.c.QuartzScheduler: Scheduler reportd_$_NON_CLUSTERED started.
2025-06-25 14:09:30,392 INFO  [Main] o.s.c.s.ClassPathXmlApplicationContext: Refreshing org.springframework.context.support.ClassPathXmlApplicationContext@3eabf942: startup date [Wed Jun 25 14:09:30 UTC 2025]; parent: ApplicationContext 'daoContext'
2025-06-25 14:09:30,394 INFO  [Main] o.s.b.f.x.XmlBeanDefinitionReader: Loading XML bean definitions from class path resource [META-INF/opennms/applicationContext-reportd.xml]
2025-06-25 14:09:30,407 INFO  [Main] o.s.b.f.a.AutowiredAnnotationBeanPostProcessor: JSR-330 'javax.inject.Inject' annotation found and supported for autowiring
2025-06-25 14:09:30,413 INFO  [Main] o.q.i.StdSchedulerFactory: Using default implementation for ThreadExecutor
2025-06-25 14:09:30,414 INFO  [Main] o.q.c.SchedulerSignalerImpl: Initialized Scheduler Signaller of type: class org.quartz.core.SchedulerSignalerImpl
2025-06-25 14:09:30,414 INFO  [Main] o.q.c.QuartzScheduler: Quartz Scheduler v.2.3.2 created.
2025-06-25 14:09:30,415 INFO  [Main] o.q.s.RAMJobStore: RAMJobStore initialized.
2025-06-25 14:09:30,415 INFO  [Main] o.q.c.QuartzScheduler: Scheduler meta-data: Quartz Scheduler (v2.3.2) 'reportd' with instanceId 'NON_CLUSTERED'
  Scheduler class: 'org.quartz.core.QuartzScheduler' - running locally.
  NOT STARTED.
  Currently in standby mode.
  Number of jobs executed: 0
  Using thread pool 'org.quartz.simpl.SimpleThreadPool' - with 10 threads.
  Using job-store 'org.quartz.simpl.RAMJobStore' - which does not support persistence. and is not clustered.

2025-06-25 14:09:30,415 INFO  [Main] o.q.i.StdSchedulerFactory: Quartz scheduler 'reportd' initialized from an externally provided properties instance.
2025-06-25 14:09:30,415 INFO  [Main] o.q.i.StdSchedulerFactory: Quartz scheduler version: 2.3.2
2025-06-25 14:09:30,415 INFO  [Main] o.q.c.QuartzScheduler: JobFactory set to: org.springframework.scheduling.quartz.AdaptableJobFactory@56a34a37
2025-06-25 14:09:30,425 INFO  [Main] o.q.c.QuartzScheduler: JobFactory set to: org.opennms.netmgt.reporting.service.ReportJobFactory@5bc1f6d3
2025-06-25 14:09:30,435 INFO  [Main] o.s.c.s.DefaultLifecycleProcessor: Starting beans in phase 2147483647
2025-06-25 14:09:30,435 INFO  [Main] o.s.s.q.SchedulerFactoryBean: Starting Quartz Scheduler now
2025-06-25 14:09:30,435 INFO  [Main] o.q.c.QuartzScheduler: Scheduler reportd_$_NON_CLUSTERED started.
2025-06-25 14:09:32,207 INFO  [Main] o.q.c.QuartzScheduler: Scheduler reportd_$_NON_CLUSTERED started.
2025-06-25 14:18:47,828 INFO  [Main] o.s.c.s.ClassPathXmlApplicationContext: Refreshing org.springframework.context.support.ClassPathXmlApplicationContext@8255ba7: startup date [Wed Jun 25 14:18:47 UTC 2025]; parent: ApplicationContext 'daoContext'
2025-06-25 14:18:47,830 INFO  [Main] o.s.b.f.x.XmlBeanDefinitionReader: Loading XML bean definitions from class path resource [META-INF/opennms/applicationContext-reportd.xml]
2025-06-25 14:18:47,844 INFO  [Main] o.s.b.f.a.AutowiredAnnotationBeanPostProcessor: JSR-330 'javax.inject.Inject' annotation found and supported for autowiring
2025-06-25 14:18:47,850 INFO  [Main] o.q.i.StdSchedulerFactory: Using default implementation for ThreadExecutor
2025-06-25 14:18:47,851 INFO  [Main] o.q.c.SchedulerSignalerImpl: Initialized Scheduler Signaller of type: class org.quartz.core.SchedulerSignalerImpl
2025-06-25 14:18:47,851 INFO  [Main] o.q.c.QuartzScheduler: Quartz Scheduler v.2.3.2 created.
2025-06-25 14:18:47,851 INFO  [Main] o.q.s.RAMJobStore: RAMJobStore initialized.
2025-06-25 14:18:47,851 INFO  [Main] o.q.c.QuartzScheduler: Scheduler meta-data: Quartz Scheduler (v2.3.2) 'reportd' with instanceId 'NON_CLUSTERED'
  Scheduler class: 'org.quartz.core.QuartzScheduler' - running locally.
  NOT STARTED.
  Currently in standby mode.
  Number of jobs executed: 0
  Using thread pool 'org.quartz.simpl.SimpleThreadPool' - with 10 threads.
  Using job-store 'org.quartz.simpl.RAMJobStore' - which does not support persistence. and is not clustered.

2025-06-25 14:18:47,851 INFO  [Main] o.q.i.StdSchedulerFactory: Quartz scheduler 'reportd' initialized from an externally provided properties instance.
2025-06-25 14:18:47,851 INFO  [Main] o.q.i.StdSchedulerFactory: Quartz scheduler version: 2.3.2
2025-06-25 14:18:47,851 INFO  [Main] o.q.c.QuartzScheduler: JobFactory set to: org.springframework.scheduling.quartz.AdaptableJobFactory@662a554c
2025-06-25 14:18:47,860 INFO  [Main] o.q.c.QuartzScheduler: JobFactory set to: org.opennms.netmgt.reporting.service.ReportJobFactory@41ce7c1
2025-06-25 14:18:47,869 INFO  [Main] o.s.c.s.DefaultLifecycleProcessor: Starting beans in phase 2147483647
2025-06-25 14:18:47,869 INFO  [Main] o.s.s.q.SchedulerFactoryBean: Starting Quartz Scheduler now
2025-06-25 14:18:47,869 INFO  [Main] o.q.c.QuartzScheduler: Scheduler reportd_$_NON_CLUSTERED started.
2025-06-25 14:18:49,796 INFO  [Main] o.q.c.QuartzScheduler: Scheduler reportd_$_NON_CLUSTERED started.
2025-06-25 14:29:48,346 INFO  [Main] o.s.c.s.ClassPathXmlApplicationContext: Refreshing org.springframework.context.support.ClassPathXmlApplicationContext@428f1a42: startup date [Wed Jun 25 14:29:48 UTC 2025]; parent: ApplicationContext 'daoContext'
2025-06-25 14:29:48,348 INFO  [Main] o.s.b.f.x.XmlBeanDefinitionReader: Loading XML bean definitions from class path resource [META-INF/opennms/applicationContext-reportd.xml]
2025-06-25 14:29:48,361 INFO  [Main] o.s.b.f.a.AutowiredAnnotationBeanPostProcessor: JSR-330 'javax.inject.Inject' annotation found and supported for autowiring
2025-06-25 14:29:48,368 INFO  [Main] o.q.i.StdSchedulerFactory: Using default implementation for ThreadExecutor
2025-06-25 14:29:48,369 INFO  [Main] o.q.c.SchedulerSignalerImpl: Initialized Scheduler Signaller of type: class org.quartz.core.SchedulerSignalerImpl
2025-06-25 14:29:48,369 INFO  [Main] o.q.c.QuartzScheduler: Quartz Scheduler v.2.3.2 created.
2025-06-25 14:29:48,369 INFO  [Main] o.q.s.RAMJobStore: RAMJobStore initialized.
2025-06-25 14:29:48,369 INFO  [Main] o.q.c.QuartzScheduler: Scheduler meta-data: Quartz Scheduler (v2.3.2) 'reportd' with instanceId 'NON_CLUSTERED'
  Scheduler class: 'org.quartz.core.QuartzScheduler' - running locally.
  NOT STARTED.
  Currently in standby mode.
  Number of jobs executed: 0
  Using thread pool 'org.quartz.simpl.SimpleThreadPool' - with 10 threads.
  Using job-store 'org.quartz.simpl.RAMJobStore' - which does not support persistence. and is not clustered.

2025-06-25 14:29:48,369 INFO  [Main] o.q.i.StdSchedulerFactory: Quartz scheduler 'reportd' initialized from an externally provided properties instance.
2025-06-25 14:29:48,369 INFO  [Main] o.q.i.StdSchedulerFactory: Quartz scheduler version: 2.3.2
2025-06-25 14:29:48,369 INFO  [Main] o.q.c.QuartzScheduler: JobFactory set to: org.springframework.scheduling.quartz.AdaptableJobFactory@1ac8f006
2025-06-25 14:29:48,380 INFO  [Main] o.q.c.QuartzScheduler: JobFactory set to: org.opennms.netmgt.reporting.service.ReportJobFactory@230e6d19
2025-06-25 14:29:48,389 INFO  [Main] o.s.c.s.DefaultLifecycleProcessor: Starting beans in phase 2147483647
2025-06-25 14:29:48,389 INFO  [Main] o.s.s.q.SchedulerFactoryBean: Starting Quartz Scheduler now
2025-06-25 14:29:48,389 INFO  [Main] o.q.c.QuartzScheduler: Scheduler reportd_$_NON_CLUSTERED started.
2025-06-25 14:29:50,231 INFO  [Main] o.q.c.QuartzScheduler: Scheduler reportd_$_NON_CLUSTERED started.
2025-06-25 14:33:34,781 INFO  [Main] o.s.c.s.ClassPathXmlApplicationContext: Refreshing org.springframework.context.support.ClassPathXmlApplicationContext@2e9d0a36: startup date [Wed Jun 25 14:33:34 UTC 2025]; parent: ApplicationContext 'daoContext'
2025-06-25 14:33:34,784 INFO  [Main] o.s.b.f.x.XmlBeanDefinitionReader: Loading XML bean definitions from class path resource [META-INF/opennms/applicationContext-reportd.xml]
2025-06-25 14:33:34,801 INFO  [Main] o.s.b.f.a.AutowiredAnnotationBeanPostProcessor: JSR-330 'javax.inject.Inject' annotation found and supported for autowiring
2025-06-25 14:33:34,807 INFO  [Main] o.q.i.StdSchedulerFactory: Using default implementation for ThreadExecutor
2025-06-25 14:33:34,809 INFO  [Main] o.q.c.SchedulerSignalerImpl: Initialized Scheduler Signaller of type: class org.quartz.core.SchedulerSignalerImpl
2025-06-25 14:33:34,809 INFO  [Main] o.q.c.QuartzScheduler: Quartz Scheduler v.2.3.2 created.
2025-06-25 14:33:34,809 INFO  [Main] o.q.s.RAMJobStore: RAMJobStore initialized.
2025-06-25 14:33:34,809 INFO  [Main] o.q.c.QuartzScheduler: Scheduler meta-data: Quartz Scheduler (v2.3.2) 'reportd' with instanceId 'NON_CLUSTERED'
  Scheduler class: 'org.quartz.core.QuartzScheduler' - running locally.
  NOT STARTED.
  Currently in standby mode.
  Number of jobs executed: 0
  Using thread pool 'org.quartz.simpl.SimpleThreadPool' - with 10 threads.
  Using job-store 'org.quartz.simpl.RAMJobStore' - which does not support persistence. and is not clustered.

2025-06-25 14:33:34,809 INFO  [Main] o.q.i.StdSchedulerFactory: Quartz scheduler 'reportd' initialized from an externally provided properties instance.
2025-06-25 14:33:34,809 INFO  [Main] o.q.i.StdSchedulerFactory: Quartz scheduler version: 2.3.2
2025-06-25 14:33:34,809 INFO  [Main] o.q.c.QuartzScheduler: JobFactory set to: org.springframework.scheduling.quartz.AdaptableJobFactory@324173e5
2025-06-25 14:33:34,818 INFO  [Main] o.q.c.QuartzScheduler: JobFactory set to: org.opennms.netmgt.reporting.service.ReportJobFactory@2a4dad5b
2025-06-25 14:33:34,826 INFO  [Main] o.s.c.s.DefaultLifecycleProcessor: Starting beans in phase 2147483647
2025-06-25 14:33:34,826 INFO  [Main] o.s.s.q.SchedulerFactoryBean: Starting Quartz Scheduler now
2025-06-25 14:33:34,826 INFO  [Main] o.q.c.QuartzScheduler: Scheduler reportd_$_NON_CLUSTERED started.
2025-06-25 14:33:36,800 INFO  [Main] o.q.c.QuartzScheduler: Scheduler reportd_$_NON_CLUSTERED started.
