2025-06-17 21:40:25,758 INFO  [Main] o.s.c.s.ClassPathXmlApplicationContext: Refreshing org.springframework.context.support.ClassPathXmlApplicationContext@781b8f76: startup date [Tue Jun 17 21:40:25 UTC 2025]; parent: ApplicationContext 'daoContext'
2025-06-17 21:40:25,759 INFO  [Main] o.s.b.f.x.XmlBeanDefinitionReader: Loading XML bean definitions from class path resource [META-INF/opennms/applicationContext-rtc.xml]
2025-06-17 21:40:25,768 INFO  [Main] o.s.b.f.a.AutowiredAnnotationBeanPostProcessor: JSR-330 'javax.inject.Inject' annotation found and supported for autowiring
2025-06-17 21:40:29,938 WARN  [DataSender-Thread-1-of-5] o.o.n.r.DataSender: DataSender:  Unable to send category 'Network Interfaces' to URL 'http://localhost:8980/opennms/rtc/post/Network+Interfaces': Connection refused
2025-06-17 21:40:29,943 WARN  [DataSender-Thread-1-of-5] o.o.n.r.DataSender: DataSender:  Unable to send category 'Web Servers' to URL 'http://localhost:8980/opennms/rtc/post/Web+Servers': Connection refused
2025-06-17 21:40:29,946 WARN  [DataSender-Thread-1-of-5] o.o.n.r.DataSender: DataSender:  Unable to send category 'Other Servers' to URL 'http://localhost:8980/opennms/rtc/post/Other+Servers': Connection refused
2025-06-17 21:40:29,948 WARN  [DataSender-Thread-1-of-5] o.o.n.r.DataSender: DataSender:  Unable to send category 'Device Config Backup' to URL 'http://localhost:8980/opennms/rtc/post/Device+Config+Backup': Connection refused
2025-06-17 21:40:29,948 WARN  [DataSender-Thread-1-of-5] o.o.n.r.DataSender: DataSender:  Unable to send category 'JMX Servers' to URL 'http://localhost:8980/opennms/rtc/post/JMX+Servers': Connection refused
2025-06-17 21:40:29,949 WARN  [DataSender-Thread-1-of-5] o.o.n.r.DataSender: DataSender:  Unable to send category 'Email Servers' to URL 'http://localhost:8980/opennms/rtc/post/Email+Servers': Connection refused
2025-06-17 21:40:29,954 WARN  [DataSender-Thread-1-of-5] o.o.n.r.DataSender: DataSender:  Unable to send category 'Overall Service Availability' to URL 'http://localhost:8980/opennms/rtc/post/Overall+Service+Availability': Connection refused
2025-06-17 21:40:29,955 WARN  [DataSender-Thread-1-of-5] o.o.n.r.DataSender: DataSender:  Unable to send category 'Database Servers' to URL 'http://localhost:8980/opennms/rtc/post/Database+Servers': Connection refused
2025-06-17 21:40:29,957 WARN  [DataSender-Thread-1-of-5] o.o.n.r.DataSender: DataSender:  Unable to send category 'DNS and DHCP Servers' to URL 'http://localhost:8980/opennms/rtc/post/DNS+and+DHCP+Servers': Connection refused
2025-06-17 21:43:33,060 INFO  [Thread-0] o.s.c.s.ClassPathXmlApplicationContext: Closing ApplicationContext 'rtcContext': startup date [Tue Jun 17 21:40:25 UTC 2025]; parent: ApplicationContext 'daoContext'
2025-06-17 21:43:53,248 INFO  [Main] o.s.c.s.ClassPathXmlApplicationContext: Refreshing org.springframework.context.support.ClassPathXmlApplicationContext@14b31cda: startup date [Tue Jun 17 21:43:53 UTC 2025]; parent: ApplicationContext 'daoContext'
2025-06-17 21:43:53,249 INFO  [Main] o.s.b.f.x.XmlBeanDefinitionReader: Loading XML bean definitions from class path resource [META-INF/opennms/applicationContext-rtc.xml]
2025-06-17 21:43:53,259 INFO  [Main] o.s.b.f.a.AutowiredAnnotationBeanPostProcessor: JSR-330 'javax.inject.Inject' annotation found and supported for autowiring
2025-06-17 21:43:57,839 WARN  [DataSender-Thread-1-of-5] o.o.n.r.DataSender: DataSender:  Unable to send category 'Network Interfaces' to URL 'http://localhost:8980/opennms/rtc/post/Network+Interfaces': Connection refused
2025-06-17 21:43:57,846 WARN  [DataSender-Thread-1-of-5] o.o.n.r.DataSender: DataSender:  Unable to send category 'Web Servers' to URL 'http://localhost:8980/opennms/rtc/post/Web+Servers': Connection refused
2025-06-17 21:43:57,847 WARN  [DataSender-Thread-1-of-5] o.o.n.r.DataSender: DataSender:  Unable to send category 'Email Servers' to URL 'http://localhost:8980/opennms/rtc/post/Email+Servers': Connection refused
2025-06-17 21:43:57,848 WARN  [DataSender-Thread-1-of-5] o.o.n.r.DataSender: DataSender:  Unable to send category 'JMX Servers' to URL 'http://localhost:8980/opennms/rtc/post/JMX+Servers': Connection refused
2025-06-17 21:43:57,849 WARN  [DataSender-Thread-1-of-5] o.o.n.r.DataSender: DataSender:  Unable to send category 'Database Servers' to URL 'http://localhost:8980/opennms/rtc/post/Database+Servers': Connection refused
2025-06-17 21:43:57,850 WARN  [DataSender-Thread-1-of-5] o.o.n.r.DataSender: DataSender:  Unable to send category 'DNS and DHCP Servers' to URL 'http://localhost:8980/opennms/rtc/post/DNS+and+DHCP+Servers': Connection refused
2025-06-17 21:43:57,854 WARN  [DataSender-Thread-1-of-5] o.o.n.r.DataSender: DataSender:  Unable to send category 'Overall Service Availability' to URL 'http://localhost:8980/opennms/rtc/post/Overall+Service+Availability': Connection refused
2025-06-17 21:43:57,855 WARN  [DataSender-Thread-1-of-5] o.o.n.r.DataSender: DataSender:  Unable to send category 'Device Config Backup' to URL 'http://localhost:8980/opennms/rtc/post/Device+Config+Backup': Connection refused
2025-06-17 21:43:57,859 WARN  [DataSender-Thread-1-of-5] o.o.n.r.DataSender: DataSender:  Unable to send category 'Other Servers' to URL 'http://localhost:8980/opennms/rtc/post/Other+Servers': Connection refused
2025-06-17 21:49:22,545 INFO  [Thread-0] o.s.c.s.ClassPathXmlApplicationContext: Closing ApplicationContext 'rtcContext': startup date [Tue Jun 17 21:43:53 UTC 2025]; parent: ApplicationContext 'daoContext'
2025-06-17 21:49:42,506 INFO  [Main] o.s.c.s.ClassPathXmlApplicationContext: Refreshing org.springframework.context.support.ClassPathXmlApplicationContext@6f8d2589: startup date [Tue Jun 17 21:49:42 UTC 2025]; parent: ApplicationContext 'daoContext'
2025-06-17 21:49:42,509 INFO  [Main] o.s.b.f.x.XmlBeanDefinitionReader: Loading XML bean definitions from class path resource [META-INF/opennms/applicationContext-rtc.xml]
2025-06-17 21:49:42,535 INFO  [Main] o.s.b.f.a.AutowiredAnnotationBeanPostProcessor: JSR-330 'javax.inject.Inject' annotation found and supported for autowiring
2025-06-17 21:49:46,812 WARN  [DataSender-Thread-1-of-5] o.o.n.r.DataSender: DataSender:  Unable to send category 'DNS and DHCP Servers' to URL 'http://localhost:8980/opennms/rtc/post/DNS+and+DHCP+Servers': Connection refused
2025-06-17 21:49:46,827 WARN  [DataSender-Thread-1-of-5] o.o.n.r.DataSender: DataSender:  Unable to send category 'Web Servers' to URL 'http://localhost:8980/opennms/rtc/post/Web+Servers': Connection refused
2025-06-17 21:49:46,830 WARN  [DataSender-Thread-1-of-5] o.o.n.r.DataSender: DataSender:  Unable to send category 'Database Servers' to URL 'http://localhost:8980/opennms/rtc/post/Database+Servers': Connection refused
2025-06-17 21:49:46,834 WARN  [DataSender-Thread-1-of-5] o.o.n.r.DataSender: DataSender:  Unable to send category 'Network Interfaces' to URL 'http://localhost:8980/opennms/rtc/post/Network+Interfaces': Connection refused
2025-06-17 21:49:46,835 WARN  [DataSender-Thread-1-of-5] o.o.n.r.DataSender: DataSender:  Unable to send category 'JMX Servers' to URL 'http://localhost:8980/opennms/rtc/post/JMX+Servers': Connection refused
2025-06-17 21:49:46,839 WARN  [DataSender-Thread-1-of-5] o.o.n.r.DataSender: DataSender:  Unable to send category 'Other Servers' to URL 'http://localhost:8980/opennms/rtc/post/Other+Servers': Connection refused
2025-06-17 21:49:46,841 WARN  [DataSender-Thread-1-of-5] o.o.n.r.DataSender: DataSender:  Unable to send category 'Device Config Backup' to URL 'http://localhost:8980/opennms/rtc/post/Device+Config+Backup': Connection refused
2025-06-17 21:49:46,844 WARN  [DataSender-Thread-1-of-5] o.o.n.r.DataSender: DataSender:  Unable to send category 'Overall Service Availability' to URL 'http://localhost:8980/opennms/rtc/post/Overall+Service+Availability': Connection refused
2025-06-17 21:49:46,845 WARN  [DataSender-Thread-1-of-5] o.o.n.r.DataSender: DataSender:  Unable to send category 'Email Servers' to URL 'http://localhost:8980/opennms/rtc/post/Email+Servers': Connection refused
2025-06-17 21:54:05,469 INFO  [Thread-0] o.s.c.s.ClassPathXmlApplicationContext: Closing ApplicationContext 'rtcContext': startup date [Tue Jun 17 21:49:42 UTC 2025]; parent: ApplicationContext 'daoContext'
2025-06-17 21:54:25,600 INFO  [Main] o.s.c.s.ClassPathXmlApplicationContext: Refreshing org.springframework.context.support.ClassPathXmlApplicationContext@1353602c: startup date [Tue Jun 17 21:54:25 UTC 2025]; parent: ApplicationContext 'daoContext'
2025-06-17 21:54:25,601 INFO  [Main] o.s.b.f.x.XmlBeanDefinitionReader: Loading XML bean definitions from class path resource [META-INF/opennms/applicationContext-rtc.xml]
2025-06-17 21:54:25,610 INFO  [Main] o.s.b.f.a.AutowiredAnnotationBeanPostProcessor: JSR-330 'javax.inject.Inject' annotation found and supported for autowiring
2025-06-17 21:54:29,765 WARN  [DataSender-Thread-1-of-5] o.o.n.r.DataSender: DataSender:  Unable to send category 'Web Servers' to URL 'http://localhost:8980/opennms/rtc/post/Web+Servers': Connection refused
2025-06-17 21:54:29,766 WARN  [DataSender-Thread-1-of-5] o.o.n.r.DataSender: DataSender:  Unable to send category 'Email Servers' to URL 'http://localhost:8980/opennms/rtc/post/Email+Servers': Connection refused
2025-06-17 21:54:29,767 WARN  [DataSender-Thread-1-of-5] o.o.n.r.DataSender: DataSender:  Unable to send category 'DNS and DHCP Servers' to URL 'http://localhost:8980/opennms/rtc/post/DNS+and+DHCP+Servers': Connection refused
2025-06-17 21:54:29,768 WARN  [DataSender-Thread-1-of-5] o.o.n.r.DataSender: DataSender:  Unable to send category 'Database Servers' to URL 'http://localhost:8980/opennms/rtc/post/Database+Servers': Connection refused
2025-06-17 21:54:29,768 WARN  [DataSender-Thread-1-of-5] o.o.n.r.DataSender: DataSender:  Unable to send category 'JMX Servers' to URL 'http://localhost:8980/opennms/rtc/post/JMX+Servers': Connection refused
2025-06-17 21:54:29,773 WARN  [DataSender-Thread-1-of-5] o.o.n.r.DataSender: DataSender:  Unable to send category 'Other Servers' to URL 'http://localhost:8980/opennms/rtc/post/Other+Servers': Connection refused
2025-06-17 21:54:29,777 WARN  [DataSender-Thread-1-of-5] o.o.n.r.DataSender: DataSender:  Unable to send category 'Overall Service Availability' to URL 'http://localhost:8980/opennms/rtc/post/Overall+Service+Availability': Connection refused
2025-06-17 21:54:29,779 WARN  [DataSender-Thread-1-of-5] o.o.n.r.DataSender: DataSender:  Unable to send category 'Device Config Backup' to URL 'http://localhost:8980/opennms/rtc/post/Device+Config+Backup': Connection refused
2025-06-17 21:54:29,783 WARN  [DataSender-Thread-1-of-5] o.o.n.r.DataSender: DataSender:  Unable to send category 'Network Interfaces' to URL 'http://localhost:8980/opennms/rtc/post/Network+Interfaces': Connection refused
2025-06-17 21:58:22,491 INFO  [Thread-0] o.s.c.s.ClassPathXmlApplicationContext: Closing ApplicationContext 'rtcContext': startup date [Tue Jun 17 21:54:25 UTC 2025]; parent: ApplicationContext 'daoContext'
2025-06-17 21:58:49,831 INFO  [Main] o.s.c.s.ClassPathXmlApplicationContext: Refreshing org.springframework.context.support.ClassPathXmlApplicationContext@4b044bc: startup date [Tue Jun 17 21:58:49 UTC 2025]; parent: ApplicationContext 'daoContext'
2025-06-17 21:58:49,832 INFO  [Main] o.s.b.f.x.XmlBeanDefinitionReader: Loading XML bean definitions from class path resource [META-INF/opennms/applicationContext-rtc.xml]
2025-06-17 21:58:49,841 INFO  [Main] o.s.b.f.a.AutowiredAnnotationBeanPostProcessor: JSR-330 'javax.inject.Inject' annotation found and supported for autowiring
2025-06-17 21:58:54,128 WARN  [DataSender-Thread-1-of-5] o.o.n.r.DataSender: DataSender:  Unable to send category 'Network Interfaces' to URL 'http://localhost:8980/opennms/rtc/post/Network+Interfaces': Connection refused
2025-06-17 21:58:54,130 WARN  [DataSender-Thread-1-of-5] o.o.n.r.DataSender: DataSender:  Unable to send category 'Email Servers' to URL 'http://localhost:8980/opennms/rtc/post/Email+Servers': Connection refused
2025-06-17 21:58:54,131 WARN  [DataSender-Thread-1-of-5] o.o.n.r.DataSender: DataSender:  Unable to send category 'DNS and DHCP Servers' to URL 'http://localhost:8980/opennms/rtc/post/DNS+and+DHCP+Servers': Connection refused
2025-06-17 21:58:54,135 WARN  [DataSender-Thread-1-of-5] o.o.n.r.DataSender: DataSender:  Unable to send category 'Other Servers' to URL 'http://localhost:8980/opennms/rtc/post/Other+Servers': Connection refused
2025-06-17 21:58:54,136 WARN  [DataSender-Thread-1-of-5] o.o.n.r.DataSender: DataSender:  Unable to send category 'Database Servers' to URL 'http://localhost:8980/opennms/rtc/post/Database+Servers': Connection refused
2025-06-17 21:58:54,137 WARN  [DataSender-Thread-1-of-5] o.o.n.r.DataSender: DataSender:  Unable to send category 'Device Config Backup' to URL 'http://localhost:8980/opennms/rtc/post/Device+Config+Backup': Connection refused
2025-06-17 21:58:54,141 WARN  [DataSender-Thread-1-of-5] o.o.n.r.DataSender: DataSender:  Unable to send category 'Overall Service Availability' to URL 'http://localhost:8980/opennms/rtc/post/Overall+Service+Availability': Connection refused
2025-06-17 21:58:54,147 WARN  [DataSender-Thread-1-of-5] o.o.n.r.DataSender: DataSender:  Unable to send category 'Web Servers' to URL 'http://localhost:8980/opennms/rtc/post/Web+Servers': Connection refused
2025-06-17 21:58:54,148 WARN  [DataSender-Thread-1-of-5] o.o.n.r.DataSender: DataSender:  Unable to send category 'JMX Servers' to URL 'http://localhost:8980/opennms/rtc/post/JMX+Servers': Connection refused
2025-06-17 22:02:51,527 INFO  [Thread-0] o.s.c.s.ClassPathXmlApplicationContext: Closing ApplicationContext 'rtcContext': startup date [Tue Jun 17 21:58:49 UTC 2025]; parent: ApplicationContext 'daoContext'
2025-06-17 22:03:11,528 INFO  [Main] o.s.c.s.ClassPathXmlApplicationContext: Refreshing org.springframework.context.support.ClassPathXmlApplicationContext@2ef9bcbd: startup date [Tue Jun 17 22:03:11 UTC 2025]; parent: ApplicationContext 'daoContext'
2025-06-17 22:03:11,529 INFO  [Main] o.s.b.f.x.XmlBeanDefinitionReader: Loading XML bean definitions from class path resource [META-INF/opennms/applicationContext-rtc.xml]
2025-06-17 22:03:11,538 INFO  [Main] o.s.b.f.a.AutowiredAnnotationBeanPostProcessor: JSR-330 'javax.inject.Inject' annotation found and supported for autowiring
2025-06-17 22:03:15,729 WARN  [DataSender-Thread-1-of-5] o.o.n.r.DataSender: DataSender:  Unable to send category 'Network Interfaces' to URL 'http://localhost:8980/opennms/rtc/post/Network+Interfaces': Connection refused
2025-06-17 22:03:15,733 WARN  [DataSender-Thread-1-of-5] o.o.n.r.DataSender: DataSender:  Unable to send category 'Web Servers' to URL 'http://localhost:8980/opennms/rtc/post/Web+Servers': Connection refused
2025-06-17 22:03:15,734 WARN  [DataSender-Thread-1-of-5] o.o.n.r.DataSender: DataSender:  Unable to send category 'DNS and DHCP Servers' to URL 'http://localhost:8980/opennms/rtc/post/DNS+and+DHCP+Servers': Connection refused
2025-06-17 22:03:15,735 WARN  [DataSender-Thread-1-of-5] o.o.n.r.DataSender: DataSender:  Unable to send category 'Email Servers' to URL 'http://localhost:8980/opennms/rtc/post/Email+Servers': Connection refused
2025-06-17 22:03:15,740 WARN  [DataSender-Thread-1-of-5] o.o.n.r.DataSender: DataSender:  Unable to send category 'Overall Service Availability' to URL 'http://localhost:8980/opennms/rtc/post/Overall+Service+Availability': Connection refused
2025-06-17 22:03:15,741 WARN  [DataSender-Thread-1-of-5] o.o.n.r.DataSender: DataSender:  Unable to send category 'JMX Servers' to URL 'http://localhost:8980/opennms/rtc/post/JMX+Servers': Connection refused
2025-06-17 22:03:15,742 WARN  [DataSender-Thread-1-of-5] o.o.n.r.DataSender: DataSender:  Unable to send category 'Device Config Backup' to URL 'http://localhost:8980/opennms/rtc/post/Device+Config+Backup': Connection refused
2025-06-17 22:03:15,747 WARN  [DataSender-Thread-1-of-5] o.o.n.r.DataSender: DataSender:  Unable to send category 'Other Servers' to URL 'http://localhost:8980/opennms/rtc/post/Other+Servers': Connection refused
2025-06-17 22:03:15,749 WARN  [DataSender-Thread-1-of-5] o.o.n.r.DataSender: DataSender:  Unable to send category 'Database Servers' to URL 'http://localhost:8980/opennms/rtc/post/Database+Servers': Connection refused
2025-06-17 22:10:08,975 INFO  [Thread-0] o.s.c.s.ClassPathXmlApplicationContext: Closing ApplicationContext 'rtcContext': startup date [Tue Jun 17 22:03:11 UTC 2025]; parent: ApplicationContext 'daoContext'
2025-06-17 22:10:29,749 INFO  [Main] o.s.c.s.ClassPathXmlApplicationContext: Refreshing org.springframework.context.support.ClassPathXmlApplicationContext@3186d0b4: startup date [Tue Jun 17 22:10:29 UTC 2025]; parent: ApplicationContext 'daoContext'
2025-06-17 22:10:29,751 INFO  [Main] o.s.b.f.x.XmlBeanDefinitionReader: Loading XML bean definitions from class path resource [META-INF/opennms/applicationContext-rtc.xml]
2025-06-17 22:10:29,760 INFO  [Main] o.s.b.f.a.AutowiredAnnotationBeanPostProcessor: JSR-330 'javax.inject.Inject' annotation found and supported for autowiring
2025-06-17 22:10:34,037 WARN  [DataSender-Thread-1-of-5] o.o.n.r.DataSender: DataSender:  Unable to send category 'Network Interfaces' to URL 'http://localhost:8980/opennms/rtc/post/Network+Interfaces': Connection refused
2025-06-17 22:10:34,039 WARN  [DataSender-Thread-1-of-5] o.o.n.r.DataSender: DataSender:  Unable to send category 'Email Servers' to URL 'http://localhost:8980/opennms/rtc/post/Email+Servers': Connection refused
2025-06-17 22:10:34,040 WARN  [DataSender-Thread-1-of-5] o.o.n.r.DataSender: DataSender:  Unable to send category 'DNS and DHCP Servers' to URL 'http://localhost:8980/opennms/rtc/post/DNS+and+DHCP+Servers': Connection refused
2025-06-17 22:10:34,044 WARN  [DataSender-Thread-1-of-5] o.o.n.r.DataSender: DataSender:  Unable to send category 'Web Servers' to URL 'http://localhost:8980/opennms/rtc/post/Web+Servers': Connection refused
2025-06-17 22:10:34,045 WARN  [DataSender-Thread-1-of-5] o.o.n.r.DataSender: DataSender:  Unable to send category 'Database Servers' to URL 'http://localhost:8980/opennms/rtc/post/Database+Servers': Connection refused
2025-06-17 22:10:34,046 WARN  [DataSender-Thread-1-of-5] o.o.n.r.DataSender: DataSender:  Unable to send category 'Device Config Backup' to URL 'http://localhost:8980/opennms/rtc/post/Device+Config+Backup': Connection refused
2025-06-17 22:10:34,050 WARN  [DataSender-Thread-1-of-5] o.o.n.r.DataSender: DataSender:  Unable to send category 'Overall Service Availability' to URL 'http://localhost:8980/opennms/rtc/post/Overall+Service+Availability': Connection refused
2025-06-17 22:10:34,051 WARN  [DataSender-Thread-1-of-5] o.o.n.r.DataSender: DataSender:  Unable to send category 'JMX Servers' to URL 'http://localhost:8980/opennms/rtc/post/JMX+Servers': Connection refused
2025-06-17 22:10:34,054 WARN  [DataSender-Thread-1-of-5] o.o.n.r.DataSender: DataSender:  Unable to send category 'Other Servers' to URL 'http://localhost:8980/opennms/rtc/post/Other+Servers': Connection refused
2025-06-17 22:12:32,347 INFO  [Thread-0] o.s.c.s.ClassPathXmlApplicationContext: Closing ApplicationContext 'rtcContext': startup date [Tue Jun 17 22:10:29 UTC 2025]; parent: ApplicationContext 'daoContext'
2025-06-17 22:12:55,165 INFO  [Main] o.s.c.s.ClassPathXmlApplicationContext: Refreshing org.springframework.context.support.ClassPathXmlApplicationContext@649a2b06: startup date [Tue Jun 17 22:12:55 UTC 2025]; parent: ApplicationContext 'daoContext'
2025-06-17 22:12:55,167 INFO  [Main] o.s.b.f.x.XmlBeanDefinitionReader: Loading XML bean definitions from class path resource [META-INF/opennms/applicationContext-rtc.xml]
2025-06-17 22:12:55,179 INFO  [Main] o.s.b.f.a.AutowiredAnnotationBeanPostProcessor: JSR-330 'javax.inject.Inject' annotation found and supported for autowiring
2025-06-17 22:12:59,479 WARN  [DataSender-Thread-1-of-5] o.o.n.r.DataSender: DataSender:  Unable to send category 'DNS and DHCP Servers' to URL 'http://localhost:8980/opennms/rtc/post/DNS+and+DHCP+Servers': Connection refused
2025-06-17 22:12:59,480 WARN  [DataSender-Thread-1-of-5] o.o.n.r.DataSender: DataSender:  Unable to send category 'Email Servers' to URL 'http://localhost:8980/opennms/rtc/post/Email+Servers': Connection refused
2025-06-17 22:12:59,489 WARN  [DataSender-Thread-1-of-5] o.o.n.r.DataSender: DataSender:  Unable to send category 'Other Servers' to URL 'http://localhost:8980/opennms/rtc/post/Other+Servers': Connection refused
2025-06-17 22:12:59,493 WARN  [DataSender-Thread-1-of-5] o.o.n.r.DataSender: DataSender:  Unable to send category 'Web Servers' to URL 'http://localhost:8980/opennms/rtc/post/Web+Servers': Connection refused
2025-06-17 22:12:59,498 WARN  [DataSender-Thread-1-of-5] o.o.n.r.DataSender: DataSender:  Unable to send category 'Network Interfaces' to URL 'http://localhost:8980/opennms/rtc/post/Network+Interfaces': Connection refused
2025-06-17 22:12:59,499 WARN  [DataSender-Thread-1-of-5] o.o.n.r.DataSender: DataSender:  Unable to send category 'Device Config Backup' to URL 'http://localhost:8980/opennms/rtc/post/Device+Config+Backup': Connection refused
2025-06-17 22:12:59,500 WARN  [DataSender-Thread-1-of-5] o.o.n.r.DataSender: DataSender:  Unable to send category 'Database Servers' to URL 'http://localhost:8980/opennms/rtc/post/Database+Servers': Connection refused
2025-06-17 22:12:59,501 WARN  [DataSender-Thread-1-of-5] o.o.n.r.DataSender: DataSender:  Unable to send category 'JMX Servers' to URL 'http://localhost:8980/opennms/rtc/post/JMX+Servers': Connection refused
2025-06-17 22:12:59,548 WARN  [DataSender-Thread-1-of-5] o.o.n.r.DataSender: DataSender:  Unable to send category 'Overall Service Availability' to URL 'http://localhost:8980/opennms/rtc/post/Overall+Service+Availability': Connection refused
2025-06-17 22:38:31,221 INFO  [Thread-0] o.s.c.s.ClassPathXmlApplicationContext: Closing ApplicationContext 'rtcContext': startup date [Tue Jun 17 22:12:55 UTC 2025]; parent: ApplicationContext 'daoContext'
2025-06-17 22:38:51,040 INFO  [Main] o.s.c.s.ClassPathXmlApplicationContext: Refreshing org.springframework.context.support.ClassPathXmlApplicationContext@23eb6833: startup date [Tue Jun 17 22:38:51 UTC 2025]; parent: ApplicationContext 'daoContext'
2025-06-17 22:38:51,042 INFO  [Main] o.s.b.f.x.XmlBeanDefinitionReader: Loading XML bean definitions from class path resource [META-INF/opennms/applicationContext-rtc.xml]
2025-06-17 22:38:51,051 INFO  [Main] o.s.b.f.a.AutowiredAnnotationBeanPostProcessor: JSR-330 'javax.inject.Inject' annotation found and supported for autowiring
2025-06-17 22:38:55,055 WARN  [DataSender-Thread-1-of-5] o.o.n.r.DataSender: DataSender:  Unable to send category 'Device Config Backup' to URL 'http://localhost:8980/opennms/rtc/post/Device+Config+Backup': Connection refused
2025-06-17 22:38:55,082 WARN  [DataSender-Thread-1-of-5] o.o.n.r.DataSender: DataSender:  Unable to send category 'Web Servers' to URL 'http://localhost:8980/opennms/rtc/post/Web+Servers': Connection refused
2025-06-17 22:38:55,083 WARN  [DataSender-Thread-1-of-5] o.o.n.r.DataSender: DataSender:  Unable to send category 'DNS and DHCP Servers' to URL 'http://localhost:8980/opennms/rtc/post/DNS+and+DHCP+Servers': Connection refused
2025-06-17 22:38:55,084 WARN  [DataSender-Thread-1-of-5] o.o.n.r.DataSender: DataSender:  Unable to send category 'Email Servers' to URL 'http://localhost:8980/opennms/rtc/post/Email+Servers': Connection refused
2025-06-17 22:38:55,085 WARN  [DataSender-Thread-1-of-5] o.o.n.r.DataSender: DataSender:  Unable to send category 'Database Servers' to URL 'http://localhost:8980/opennms/rtc/post/Database+Servers': Connection refused
2025-06-17 22:38:55,126 WARN  [DataSender-Thread-1-of-5] o.o.n.r.DataSender: DataSender:  Unable to send category 'Network Interfaces' to URL 'http://localhost:8980/opennms/rtc/post/Network+Interfaces': Connection refused
2025-06-17 22:38:55,130 WARN  [DataSender-Thread-1-of-5] o.o.n.r.DataSender: DataSender:  Unable to send category 'Overall Service Availability' to URL 'http://localhost:8980/opennms/rtc/post/Overall+Service+Availability': Connection refused
2025-06-17 22:38:55,134 WARN  [DataSender-Thread-1-of-5] o.o.n.r.DataSender: DataSender:  Unable to send category 'Other Servers' to URL 'http://localhost:8980/opennms/rtc/post/Other+Servers': Connection refused
2025-06-17 22:38:55,135 WARN  [DataSender-Thread-1-of-5] o.o.n.r.DataSender: DataSender:  Unable to send category 'JMX Servers' to URL 'http://localhost:8980/opennms/rtc/post/JMX+Servers': Connection refused
2025-06-17 22:46:53,892 WARN  [DataSender-Thread-1-of-5] o.o.n.r.DataSender: DataSender: unable to send data for category: Email Servers due to java.net.ConnectException: Connection refused
java.net.ConnectException: Connection refused
	at java.base/sun.nio.ch.Net.connect0(Native Method) ~[?:?]
	at java.base/sun.nio.ch.Net.connect(Net.java:579) ~[?:?]
	at java.base/sun.nio.ch.Net.connect(Net.java:568) ~[?:?]
	at java.base/sun.nio.ch.NioSocketImpl.connect(NioSocketImpl.java:593) ~[?:?]
	at java.base/java.net.Socket.connect(Socket.java:633) ~[?:?]
	at java.base/java.net.Socket.connect(Socket.java:583) ~[?:?]
	at java.base/sun.net.NetworkClient.doConnect(NetworkClient.java:183) ~[?:?]
	at java.base/sun.net.www.http.HttpClient.openServer(HttpClient.java:533) ~[?:?]
	at java.base/sun.net.www.http.HttpClient.openServer(HttpClient.java:638) ~[?:?]
	at java.base/sun.net.www.http.HttpClient.<init>(HttpClient.java:281) ~[?:?]
	at java.base/sun.net.www.http.HttpClient.New(HttpClient.java:386) ~[?:?]
	at java.base/sun.net.www.http.HttpClient.New(HttpClient.java:408) ~[?:?]
	at java.base/sun.net.www.protocol.http.HttpURLConnection.getNewHttpClient(HttpURLConnection.java:1324) ~[?:?]
	at java.base/sun.net.www.protocol.http.HttpURLConnection.plainConnect0(HttpURLConnection.java:1257) ~[?:?]
	at java.base/sun.net.www.protocol.http.HttpURLConnection.plainConnect(HttpURLConnection.java:1143) ~[?:?]
	at java.base/sun.net.www.protocol.http.HttpURLConnection.connect(HttpURLConnection.java:1072) ~[?:?]
	at java.base/sun.net.www.protocol.http.HttpURLConnection.getOutputStream0(HttpURLConnection.java:1466) ~[?:?]
	at java.base/sun.net.www.protocol.http.HttpURLConnection.getOutputStream(HttpURLConnection.java:1437) ~[?:?]
	at org.opennms.netmgt.rtc.HttpUtils.post(HttpUtils.java:224) ~[opennms-services-33.1.7.jar:?]
	at org.opennms.netmgt.rtc.DataSender.sendData(DataSender.java:356) [opennms-services-33.1.7.jar:?]
	at org.opennms.netmgt.rtc.DataSender$SendRequest.run(DataSender.java:115) [opennms-services-33.1.7.jar:?]
	at java.base/java.util.concurrent.ThreadPoolExecutor.runWorker(ThreadPoolExecutor.java:1136) [?:?]
	at java.base/java.util.concurrent.ThreadPoolExecutor$Worker.run(ThreadPoolExecutor.java:635) [?:?]
	at org.opennms.core.concurrent.LogPreservingThreadFactory$3.run(LogPreservingThreadFactory.java:117) [opennms-util-33.1.7.jar:?]
	at java.base/java.lang.Thread.run(Thread.java:840) [?:?]
2025-06-17 22:46:53,900 WARN  [DataSender-Thread-1-of-5] o.o.n.r.DataSender: DataSender: unable to send data for category: Overall Service Availability due to java.net.ConnectException: Connection refused
java.net.ConnectException: Connection refused
	at java.base/sun.nio.ch.Net.connect0(Native Method) ~[?:?]
	at java.base/sun.nio.ch.Net.connect(Net.java:579) ~[?:?]
	at java.base/sun.nio.ch.Net.connect(Net.java:568) ~[?:?]
	at java.base/sun.nio.ch.NioSocketImpl.connect(NioSocketImpl.java:593) ~[?:?]
	at java.base/java.net.Socket.connect(Socket.java:633) ~[?:?]
	at java.base/java.net.Socket.connect(Socket.java:583) ~[?:?]
	at java.base/sun.net.NetworkClient.doConnect(NetworkClient.java:183) ~[?:?]
	at java.base/sun.net.www.http.HttpClient.openServer(HttpClient.java:533) ~[?:?]
	at java.base/sun.net.www.http.HttpClient.openServer(HttpClient.java:638) ~[?:?]
	at java.base/sun.net.www.http.HttpClient.<init>(HttpClient.java:281) ~[?:?]
	at java.base/sun.net.www.http.HttpClient.New(HttpClient.java:386) ~[?:?]
	at java.base/sun.net.www.http.HttpClient.New(HttpClient.java:408) ~[?:?]
	at java.base/sun.net.www.protocol.http.HttpURLConnection.getNewHttpClient(HttpURLConnection.java:1324) ~[?:?]
	at java.base/sun.net.www.protocol.http.HttpURLConnection.plainConnect0(HttpURLConnection.java:1257) ~[?:?]
	at java.base/sun.net.www.protocol.http.HttpURLConnection.plainConnect(HttpURLConnection.java:1143) ~[?:?]
	at java.base/sun.net.www.protocol.http.HttpURLConnection.connect(HttpURLConnection.java:1072) ~[?:?]
	at java.base/sun.net.www.protocol.http.HttpURLConnection.getOutputStream0(HttpURLConnection.java:1466) ~[?:?]
	at java.base/sun.net.www.protocol.http.HttpURLConnection.getOutputStream(HttpURLConnection.java:1437) ~[?:?]
	at org.opennms.netmgt.rtc.HttpUtils.post(HttpUtils.java:224) ~[opennms-services-33.1.7.jar:?]
	at org.opennms.netmgt.rtc.DataSender.sendData(DataSender.java:356) [opennms-services-33.1.7.jar:?]
	at org.opennms.netmgt.rtc.DataSender$SendRequest.run(DataSender.java:115) [opennms-services-33.1.7.jar:?]
	at java.base/java.util.concurrent.ThreadPoolExecutor.runWorker(ThreadPoolExecutor.java:1136) [?:?]
	at java.base/java.util.concurrent.ThreadPoolExecutor$Worker.run(ThreadPoolExecutor.java:635) [?:?]
	at org.opennms.core.concurrent.LogPreservingThreadFactory$3.run(LogPreservingThreadFactory.java:117) [opennms-util-33.1.7.jar:?]
	at java.base/java.lang.Thread.run(Thread.java:840) [?:?]
2025-06-17 22:46:53,904 WARN  [DataSender-Thread-1-of-5] o.o.n.r.DataSender: DataSender: unable to send data for category: Web Servers due to java.net.ConnectException: Connection refused
java.net.ConnectException: Connection refused
	at java.base/sun.nio.ch.Net.connect0(Native Method) ~[?:?]
	at java.base/sun.nio.ch.Net.connect(Net.java:579) ~[?:?]
	at java.base/sun.nio.ch.Net.connect(Net.java:568) ~[?:?]
	at java.base/sun.nio.ch.NioSocketImpl.connect(NioSocketImpl.java:593) ~[?:?]
	at java.base/java.net.Socket.connect(Socket.java:633) ~[?:?]
	at java.base/java.net.Socket.connect(Socket.java:583) ~[?:?]
	at java.base/sun.net.NetworkClient.doConnect(NetworkClient.java:183) ~[?:?]
	at java.base/sun.net.www.http.HttpClient.openServer(HttpClient.java:533) ~[?:?]
	at java.base/sun.net.www.http.HttpClient.openServer(HttpClient.java:638) ~[?:?]
	at java.base/sun.net.www.http.HttpClient.<init>(HttpClient.java:281) ~[?:?]
	at java.base/sun.net.www.http.HttpClient.New(HttpClient.java:386) ~[?:?]
	at java.base/sun.net.www.http.HttpClient.New(HttpClient.java:408) ~[?:?]
	at java.base/sun.net.www.protocol.http.HttpURLConnection.getNewHttpClient(HttpURLConnection.java:1324) ~[?:?]
	at java.base/sun.net.www.protocol.http.HttpURLConnection.plainConnect0(HttpURLConnection.java:1257) ~[?:?]
	at java.base/sun.net.www.protocol.http.HttpURLConnection.plainConnect(HttpURLConnection.java:1143) ~[?:?]
	at java.base/sun.net.www.protocol.http.HttpURLConnection.connect(HttpURLConnection.java:1072) ~[?:?]
	at java.base/sun.net.www.protocol.http.HttpURLConnection.getOutputStream0(HttpURLConnection.java:1466) ~[?:?]
	at java.base/sun.net.www.protocol.http.HttpURLConnection.getOutputStream(HttpURLConnection.java:1437) ~[?:?]
	at org.opennms.netmgt.rtc.HttpUtils.post(HttpUtils.java:224) ~[opennms-services-33.1.7.jar:?]
	at org.opennms.netmgt.rtc.DataSender.sendData(DataSender.java:356) [opennms-services-33.1.7.jar:?]
	at org.opennms.netmgt.rtc.DataSender$SendRequest.run(DataSender.java:115) [opennms-services-33.1.7.jar:?]
	at java.base/java.util.concurrent.ThreadPoolExecutor.runWorker(ThreadPoolExecutor.java:1136) [?:?]
	at java.base/java.util.concurrent.ThreadPoolExecutor$Worker.run(ThreadPoolExecutor.java:635) [?:?]
	at org.opennms.core.concurrent.LogPreservingThreadFactory$3.run(LogPreservingThreadFactory.java:117) [opennms-util-33.1.7.jar:?]
	at java.base/java.lang.Thread.run(Thread.java:840) [?:?]
2025-06-17 22:46:53,906 WARN  [DataSender-Thread-1-of-5] o.o.n.r.DataSender: DataSender: unable to send data for category: Database Servers due to java.net.ConnectException: Connection refused
java.net.ConnectException: Connection refused
	at java.base/sun.nio.ch.Net.connect0(Native Method) ~[?:?]
	at java.base/sun.nio.ch.Net.connect(Net.java:579) ~[?:?]
	at java.base/sun.nio.ch.Net.connect(Net.java:568) ~[?:?]
	at java.base/sun.nio.ch.NioSocketImpl.connect(NioSocketImpl.java:593) ~[?:?]
	at java.base/java.net.Socket.connect(Socket.java:633) ~[?:?]
	at java.base/java.net.Socket.connect(Socket.java:583) ~[?:?]
	at java.base/sun.net.NetworkClient.doConnect(NetworkClient.java:183) ~[?:?]
	at java.base/sun.net.www.http.HttpClient.openServer(HttpClient.java:533) ~[?:?]
	at java.base/sun.net.www.http.HttpClient.openServer(HttpClient.java:638) ~[?:?]
	at java.base/sun.net.www.http.HttpClient.<init>(HttpClient.java:281) ~[?:?]
	at java.base/sun.net.www.http.HttpClient.New(HttpClient.java:386) ~[?:?]
	at java.base/sun.net.www.http.HttpClient.New(HttpClient.java:408) ~[?:?]
	at java.base/sun.net.www.protocol.http.HttpURLConnection.getNewHttpClient(HttpURLConnection.java:1324) ~[?:?]
	at java.base/sun.net.www.protocol.http.HttpURLConnection.plainConnect0(HttpURLConnection.java:1257) ~[?:?]
	at java.base/sun.net.www.protocol.http.HttpURLConnection.plainConnect(HttpURLConnection.java:1143) ~[?:?]
	at java.base/sun.net.www.protocol.http.HttpURLConnection.connect(HttpURLConnection.java:1072) ~[?:?]
	at java.base/sun.net.www.protocol.http.HttpURLConnection.getOutputStream0(HttpURLConnection.java:1466) ~[?:?]
	at java.base/sun.net.www.protocol.http.HttpURLConnection.getOutputStream(HttpURLConnection.java:1437) ~[?:?]
	at org.opennms.netmgt.rtc.HttpUtils.post(HttpUtils.java:224) ~[opennms-services-33.1.7.jar:?]
	at org.opennms.netmgt.rtc.DataSender.sendData(DataSender.java:356) [opennms-services-33.1.7.jar:?]
	at org.opennms.netmgt.rtc.DataSender$SendRequest.run(DataSender.java:115) [opennms-services-33.1.7.jar:?]
	at java.base/java.util.concurrent.ThreadPoolExecutor.runWorker(ThreadPoolExecutor.java:1136) [?:?]
	at java.base/java.util.concurrent.ThreadPoolExecutor$Worker.run(ThreadPoolExecutor.java:635) [?:?]
	at org.opennms.core.concurrent.LogPreservingThreadFactory$3.run(LogPreservingThreadFactory.java:117) [opennms-util-33.1.7.jar:?]
	at java.base/java.lang.Thread.run(Thread.java:840) [?:?]
2025-06-17 22:46:53,907 WARN  [DataSender-Thread-1-of-5] o.o.n.r.DataSender: DataSender: unable to send data for category: Device Config Backup due to java.net.ConnectException: Connection refused
java.net.ConnectException: Connection refused
	at java.base/sun.nio.ch.Net.connect0(Native Method) ~[?:?]
	at java.base/sun.nio.ch.Net.connect(Net.java:579) ~[?:?]
	at java.base/sun.nio.ch.Net.connect(Net.java:568) ~[?:?]
	at java.base/sun.nio.ch.NioSocketImpl.connect(NioSocketImpl.java:593) ~[?:?]
	at java.base/java.net.Socket.connect(Socket.java:633) ~[?:?]
	at java.base/java.net.Socket.connect(Socket.java:583) ~[?:?]
	at java.base/sun.net.NetworkClient.doConnect(NetworkClient.java:183) ~[?:?]
	at java.base/sun.net.www.http.HttpClient.openServer(HttpClient.java:533) ~[?:?]
	at java.base/sun.net.www.http.HttpClient.openServer(HttpClient.java:638) ~[?:?]
	at java.base/sun.net.www.http.HttpClient.<init>(HttpClient.java:281) ~[?:?]
	at java.base/sun.net.www.http.HttpClient.New(HttpClient.java:386) ~[?:?]
	at java.base/sun.net.www.http.HttpClient.New(HttpClient.java:408) ~[?:?]
	at java.base/sun.net.www.protocol.http.HttpURLConnection.getNewHttpClient(HttpURLConnection.java:1324) ~[?:?]
	at java.base/sun.net.www.protocol.http.HttpURLConnection.plainConnect0(HttpURLConnection.java:1257) ~[?:?]
	at java.base/sun.net.www.protocol.http.HttpURLConnection.plainConnect(HttpURLConnection.java:1143) ~[?:?]
	at java.base/sun.net.www.protocol.http.HttpURLConnection.connect(HttpURLConnection.java:1072) ~[?:?]
	at java.base/sun.net.www.protocol.http.HttpURLConnection.getOutputStream0(HttpURLConnection.java:1466) ~[?:?]
	at java.base/sun.net.www.protocol.http.HttpURLConnection.getOutputStream(HttpURLConnection.java:1437) ~[?:?]
	at org.opennms.netmgt.rtc.HttpUtils.post(HttpUtils.java:224) ~[opennms-services-33.1.7.jar:?]
	at org.opennms.netmgt.rtc.DataSender.sendData(DataSender.java:356) [opennms-services-33.1.7.jar:?]
	at org.opennms.netmgt.rtc.DataSender$SendRequest.run(DataSender.java:115) [opennms-services-33.1.7.jar:?]
	at java.base/java.util.concurrent.ThreadPoolExecutor.runWorker(ThreadPoolExecutor.java:1136) [?:?]
	at java.base/java.util.concurrent.ThreadPoolExecutor$Worker.run(ThreadPoolExecutor.java:635) [?:?]
	at org.opennms.core.concurrent.LogPreservingThreadFactory$3.run(LogPreservingThreadFactory.java:117) [opennms-util-33.1.7.jar:?]
	at java.base/java.lang.Thread.run(Thread.java:840) [?:?]
2025-06-17 22:46:53,909 WARN  [DataSender-Thread-1-of-5] o.o.n.r.DataSender: DataSender: unable to send data for category: Other Servers due to java.net.ConnectException: Connection refused
java.net.ConnectException: Connection refused
	at java.base/sun.nio.ch.Net.connect0(Native Method) ~[?:?]
	at java.base/sun.nio.ch.Net.connect(Net.java:579) ~[?:?]
	at java.base/sun.nio.ch.Net.connect(Net.java:568) ~[?:?]
	at java.base/sun.nio.ch.NioSocketImpl.connect(NioSocketImpl.java:593) ~[?:?]
	at java.base/java.net.Socket.connect(Socket.java:633) ~[?:?]
	at java.base/java.net.Socket.connect(Socket.java:583) ~[?:?]
	at java.base/sun.net.NetworkClient.doConnect(NetworkClient.java:183) ~[?:?]
	at java.base/sun.net.www.http.HttpClient.openServer(HttpClient.java:533) ~[?:?]
	at java.base/sun.net.www.http.HttpClient.openServer(HttpClient.java:638) ~[?:?]
	at java.base/sun.net.www.http.HttpClient.<init>(HttpClient.java:281) ~[?:?]
	at java.base/sun.net.www.http.HttpClient.New(HttpClient.java:386) ~[?:?]
	at java.base/sun.net.www.http.HttpClient.New(HttpClient.java:408) ~[?:?]
	at java.base/sun.net.www.protocol.http.HttpURLConnection.getNewHttpClient(HttpURLConnection.java:1324) ~[?:?]
	at java.base/sun.net.www.protocol.http.HttpURLConnection.plainConnect0(HttpURLConnection.java:1257) ~[?:?]
	at java.base/sun.net.www.protocol.http.HttpURLConnection.plainConnect(HttpURLConnection.java:1143) ~[?:?]
	at java.base/sun.net.www.protocol.http.HttpURLConnection.connect(HttpURLConnection.java:1072) ~[?:?]
	at java.base/sun.net.www.protocol.http.HttpURLConnection.getOutputStream0(HttpURLConnection.java:1466) ~[?:?]
	at java.base/sun.net.www.protocol.http.HttpURLConnection.getOutputStream(HttpURLConnection.java:1437) ~[?:?]
	at org.opennms.netmgt.rtc.HttpUtils.post(HttpUtils.java:224) ~[opennms-services-33.1.7.jar:?]
	at org.opennms.netmgt.rtc.DataSender.sendData(DataSender.java:356) [opennms-services-33.1.7.jar:?]
	at org.opennms.netmgt.rtc.DataSender$SendRequest.run(DataSender.java:115) [opennms-services-33.1.7.jar:?]
	at java.base/java.util.concurrent.ThreadPoolExecutor.runWorker(ThreadPoolExecutor.java:1136) [?:?]
	at java.base/java.util.concurrent.ThreadPoolExecutor$Worker.run(ThreadPoolExecutor.java:635) [?:?]
	at org.opennms.core.concurrent.LogPreservingThreadFactory$3.run(LogPreservingThreadFactory.java:117) [opennms-util-33.1.7.jar:?]
	at java.base/java.lang.Thread.run(Thread.java:840) [?:?]
2025-06-17 22:46:53,927 WARN  [DataSender-Thread-1-of-5] o.o.n.r.DataSender: DataSender: unable to send data for category: Network Interfaces due to java.net.ConnectException: Connection refused
java.net.ConnectException: Connection refused
	at java.base/sun.nio.ch.Net.connect0(Native Method) ~[?:?]
	at java.base/sun.nio.ch.Net.connect(Net.java:579) ~[?:?]
	at java.base/sun.nio.ch.Net.connect(Net.java:568) ~[?:?]
	at java.base/sun.nio.ch.NioSocketImpl.connect(NioSocketImpl.java:593) ~[?:?]
	at java.base/java.net.Socket.connect(Socket.java:633) ~[?:?]
	at java.base/java.net.Socket.connect(Socket.java:583) ~[?:?]
	at java.base/sun.net.NetworkClient.doConnect(NetworkClient.java:183) ~[?:?]
	at java.base/sun.net.www.http.HttpClient.openServer(HttpClient.java:533) ~[?:?]
	at java.base/sun.net.www.http.HttpClient.openServer(HttpClient.java:638) ~[?:?]
	at java.base/sun.net.www.http.HttpClient.<init>(HttpClient.java:281) ~[?:?]
	at java.base/sun.net.www.http.HttpClient.New(HttpClient.java:386) ~[?:?]
	at java.base/sun.net.www.http.HttpClient.New(HttpClient.java:408) ~[?:?]
	at java.base/sun.net.www.protocol.http.HttpURLConnection.getNewHttpClient(HttpURLConnection.java:1324) ~[?:?]
	at java.base/sun.net.www.protocol.http.HttpURLConnection.plainConnect0(HttpURLConnection.java:1257) ~[?:?]
	at java.base/sun.net.www.protocol.http.HttpURLConnection.plainConnect(HttpURLConnection.java:1143) ~[?:?]
	at java.base/sun.net.www.protocol.http.HttpURLConnection.connect(HttpURLConnection.java:1072) ~[?:?]
	at java.base/sun.net.www.protocol.http.HttpURLConnection.getOutputStream0(HttpURLConnection.java:1466) ~[?:?]
	at java.base/sun.net.www.protocol.http.HttpURLConnection.getOutputStream(HttpURLConnection.java:1437) ~[?:?]
	at org.opennms.netmgt.rtc.HttpUtils.post(HttpUtils.java:224) ~[opennms-services-33.1.7.jar:?]
	at org.opennms.netmgt.rtc.DataSender.sendData(DataSender.java:356) [opennms-services-33.1.7.jar:?]
	at org.opennms.netmgt.rtc.DataSender$SendRequest.run(DataSender.java:115) [opennms-services-33.1.7.jar:?]
	at java.base/java.util.concurrent.ThreadPoolExecutor.runWorker(ThreadPoolExecutor.java:1136) [?:?]
	at java.base/java.util.concurrent.ThreadPoolExecutor$Worker.run(ThreadPoolExecutor.java:635) [?:?]
	at org.opennms.core.concurrent.LogPreservingThreadFactory$3.run(LogPreservingThreadFactory.java:117) [opennms-util-33.1.7.jar:?]
	at java.base/java.lang.Thread.run(Thread.java:840) [?:?]
2025-06-17 22:46:53,930 WARN  [DataSender-Thread-1-of-5] o.o.n.r.DataSender: DataSender: unable to send data for category: JMX Servers due to java.net.ConnectException: Connection refused
java.net.ConnectException: Connection refused
	at java.base/sun.nio.ch.Net.connect0(Native Method) ~[?:?]
	at java.base/sun.nio.ch.Net.connect(Net.java:579) ~[?:?]
	at java.base/sun.nio.ch.Net.connect(Net.java:568) ~[?:?]
	at java.base/sun.nio.ch.NioSocketImpl.connect(NioSocketImpl.java:593) ~[?:?]
	at java.base/java.net.Socket.connect(Socket.java:633) ~[?:?]
	at java.base/java.net.Socket.connect(Socket.java:583) ~[?:?]
	at java.base/sun.net.NetworkClient.doConnect(NetworkClient.java:183) ~[?:?]
	at java.base/sun.net.www.http.HttpClient.openServer(HttpClient.java:533) ~[?:?]
	at java.base/sun.net.www.http.HttpClient.openServer(HttpClient.java:638) ~[?:?]
	at java.base/sun.net.www.http.HttpClient.<init>(HttpClient.java:281) ~[?:?]
	at java.base/sun.net.www.http.HttpClient.New(HttpClient.java:386) ~[?:?]
	at java.base/sun.net.www.http.HttpClient.New(HttpClient.java:408) ~[?:?]
	at java.base/sun.net.www.protocol.http.HttpURLConnection.getNewHttpClient(HttpURLConnection.java:1324) ~[?:?]
	at java.base/sun.net.www.protocol.http.HttpURLConnection.plainConnect0(HttpURLConnection.java:1257) ~[?:?]
	at java.base/sun.net.www.protocol.http.HttpURLConnection.plainConnect(HttpURLConnection.java:1143) ~[?:?]
	at java.base/sun.net.www.protocol.http.HttpURLConnection.connect(HttpURLConnection.java:1072) ~[?:?]
	at java.base/sun.net.www.protocol.http.HttpURLConnection.getOutputStream0(HttpURLConnection.java:1466) ~[?:?]
	at java.base/sun.net.www.protocol.http.HttpURLConnection.getOutputStream(HttpURLConnection.java:1437) ~[?:?]
	at org.opennms.netmgt.rtc.HttpUtils.post(HttpUtils.java:224) ~[opennms-services-33.1.7.jar:?]
	at org.opennms.netmgt.rtc.DataSender.sendData(DataSender.java:356) [opennms-services-33.1.7.jar:?]
	at org.opennms.netmgt.rtc.DataSender$SendRequest.run(DataSender.java:115) [opennms-services-33.1.7.jar:?]
	at java.base/java.util.concurrent.ThreadPoolExecutor.runWorker(ThreadPoolExecutor.java:1136) [?:?]
	at java.base/java.util.concurrent.ThreadPoolExecutor$Worker.run(ThreadPoolExecutor.java:635) [?:?]
	at org.opennms.core.concurrent.LogPreservingThreadFactory$3.run(LogPreservingThreadFactory.java:117) [opennms-util-33.1.7.jar:?]
	at java.base/java.lang.Thread.run(Thread.java:840) [?:?]
2025-06-17 22:46:53,931 WARN  [DataSender-Thread-1-of-5] o.o.n.r.DataSender: DataSender: unable to send data for category: DNS and DHCP Servers due to java.net.ConnectException: Connection refused
java.net.ConnectException: Connection refused
	at java.base/sun.nio.ch.Net.connect0(Native Method) ~[?:?]
	at java.base/sun.nio.ch.Net.connect(Net.java:579) ~[?:?]
	at java.base/sun.nio.ch.Net.connect(Net.java:568) ~[?:?]
	at java.base/sun.nio.ch.NioSocketImpl.connect(NioSocketImpl.java:593) ~[?:?]
	at java.base/java.net.Socket.connect(Socket.java:633) ~[?:?]
	at java.base/java.net.Socket.connect(Socket.java:583) ~[?:?]
	at java.base/sun.net.NetworkClient.doConnect(NetworkClient.java:183) ~[?:?]
	at java.base/sun.net.www.http.HttpClient.openServer(HttpClient.java:533) ~[?:?]
	at java.base/sun.net.www.http.HttpClient.openServer(HttpClient.java:638) ~[?:?]
	at java.base/sun.net.www.http.HttpClient.<init>(HttpClient.java:281) ~[?:?]
	at java.base/sun.net.www.http.HttpClient.New(HttpClient.java:386) ~[?:?]
	at java.base/sun.net.www.http.HttpClient.New(HttpClient.java:408) ~[?:?]
	at java.base/sun.net.www.protocol.http.HttpURLConnection.getNewHttpClient(HttpURLConnection.java:1324) ~[?:?]
	at java.base/sun.net.www.protocol.http.HttpURLConnection.plainConnect0(HttpURLConnection.java:1257) ~[?:?]
	at java.base/sun.net.www.protocol.http.HttpURLConnection.plainConnect(HttpURLConnection.java:1143) ~[?:?]
	at java.base/sun.net.www.protocol.http.HttpURLConnection.connect(HttpURLConnection.java:1072) ~[?:?]
	at java.base/sun.net.www.protocol.http.HttpURLConnection.getOutputStream0(HttpURLConnection.java:1466) ~[?:?]
	at java.base/sun.net.www.protocol.http.HttpURLConnection.getOutputStream(HttpURLConnection.java:1437) ~[?:?]
	at org.opennms.netmgt.rtc.HttpUtils.post(HttpUtils.java:224) ~[opennms-services-33.1.7.jar:?]
	at org.opennms.netmgt.rtc.DataSender.sendData(DataSender.java:356) [opennms-services-33.1.7.jar:?]
	at org.opennms.netmgt.rtc.DataSender$SendRequest.run(DataSender.java:115) [opennms-services-33.1.7.jar:?]
	at java.base/java.util.concurrent.ThreadPoolExecutor.runWorker(ThreadPoolExecutor.java:1136) [?:?]
	at java.base/java.util.concurrent.ThreadPoolExecutor$Worker.run(ThreadPoolExecutor.java:635) [?:?]
	at org.opennms.core.concurrent.LogPreservingThreadFactory$3.run(LogPreservingThreadFactory.java:117) [opennms-util-33.1.7.jar:?]
	at java.base/java.lang.Thread.run(Thread.java:840) [?:?]
2025-06-17 22:46:56,925 INFO  [Thread-0] o.s.c.s.ClassPathXmlApplicationContext: Closing ApplicationContext 'rtcContext': startup date [Tue Jun 17 22:38:51 UTC 2025]; parent: ApplicationContext 'daoContext'
2025-06-17 22:47:16,601 INFO  [Main] o.s.c.s.ClassPathXmlApplicationContext: Refreshing org.springframework.context.support.ClassPathXmlApplicationContext@24c0060c: startup date [Tue Jun 17 22:47:16 UTC 2025]; parent: ApplicationContext 'daoContext'
2025-06-17 22:47:16,602 INFO  [Main] o.s.b.f.x.XmlBeanDefinitionReader: Loading XML bean definitions from class path resource [META-INF/opennms/applicationContext-rtc.xml]
2025-06-17 22:47:16,618 INFO  [Main] o.s.b.f.a.AutowiredAnnotationBeanPostProcessor: JSR-330 'javax.inject.Inject' annotation found and supported for autowiring
2025-06-17 22:47:20,826 WARN  [DataSender-Thread-1-of-5] o.o.n.r.DataSender: DataSender:  Unable to send category 'DNS and DHCP Servers' to URL 'http://localhost:8980/opennms/rtc/post/DNS+and+DHCP+Servers': Connection refused
2025-06-17 22:47:20,837 WARN  [DataSender-Thread-1-of-5] o.o.n.r.DataSender: DataSender:  Unable to send category 'Network Interfaces' to URL 'http://localhost:8980/opennms/rtc/post/Network+Interfaces': Connection refused
2025-06-17 22:47:20,838 WARN  [DataSender-Thread-1-of-5] o.o.n.r.DataSender: DataSender:  Unable to send category 'Device Config Backup' to URL 'http://localhost:8980/opennms/rtc/post/Device+Config+Backup': Connection refused
2025-06-17 22:47:20,839 WARN  [DataSender-Thread-1-of-5] o.o.n.r.DataSender: DataSender:  Unable to send category 'JMX Servers' to URL 'http://localhost:8980/opennms/rtc/post/JMX+Servers': Connection refused
2025-06-17 22:47:20,843 WARN  [DataSender-Thread-1-of-5] o.o.n.r.DataSender: DataSender:  Unable to send category 'Other Servers' to URL 'http://localhost:8980/opennms/rtc/post/Other+Servers': Connection refused
2025-06-17 22:47:20,844 WARN  [DataSender-Thread-1-of-5] o.o.n.r.DataSender: DataSender:  Unable to send category 'Email Servers' to URL 'http://localhost:8980/opennms/rtc/post/Email+Servers': Connection refused
2025-06-17 22:47:20,845 WARN  [DataSender-Thread-1-of-5] o.o.n.r.DataSender: DataSender:  Unable to send category 'Database Servers' to URL 'http://localhost:8980/opennms/rtc/post/Database+Servers': Connection refused
2025-06-17 22:47:20,849 WARN  [DataSender-Thread-1-of-5] o.o.n.r.DataSender: DataSender:  Unable to send category 'Overall Service Availability' to URL 'http://localhost:8980/opennms/rtc/post/Overall+Service+Availability': Connection refused
2025-06-17 22:47:20,852 WARN  [DataSender-Thread-1-of-5] o.o.n.r.DataSender: DataSender:  Unable to send category 'Web Servers' to URL 'http://localhost:8980/opennms/rtc/post/Web+Servers': Connection refused
2025-06-17 22:58:27,881 INFO  [Thread-0] o.s.c.s.ClassPathXmlApplicationContext: Closing ApplicationContext 'rtcContext': startup date [Tue Jun 17 22:47:16 UTC 2025]; parent: ApplicationContext 'daoContext'
2025-06-17 22:58:47,520 INFO  [Main] o.s.c.s.ClassPathXmlApplicationContext: Refreshing org.springframework.context.support.ClassPathXmlApplicationContext@739734c5: startup date [Tue Jun 17 22:58:47 UTC 2025]; parent: ApplicationContext 'daoContext'
2025-06-17 22:58:47,521 INFO  [Main] o.s.b.f.x.XmlBeanDefinitionReader: Loading XML bean definitions from class path resource [META-INF/opennms/applicationContext-rtc.xml]
2025-06-17 22:58:47,543 INFO  [Main] o.s.b.f.a.AutowiredAnnotationBeanPostProcessor: JSR-330 'javax.inject.Inject' annotation found and supported for autowiring
2025-06-17 22:58:51,750 WARN  [DataSender-Thread-1-of-5] o.o.n.r.DataSender: DataSender:  Unable to send category 'Web Servers' to URL 'http://localhost:8980/opennms/rtc/post/Web+Servers': Connection refused
2025-06-17 22:58:51,753 WARN  [DataSender-Thread-1-of-5] o.o.n.r.DataSender: DataSender:  Unable to send category 'DNS and DHCP Servers' to URL 'http://localhost:8980/opennms/rtc/post/DNS+and+DHCP+Servers': Connection refused
2025-06-17 22:58:51,754 WARN  [DataSender-Thread-1-of-5] o.o.n.r.DataSender: DataSender:  Unable to send category 'Device Config Backup' to URL 'http://localhost:8980/opennms/rtc/post/Device+Config+Backup': Connection refused
2025-06-17 22:58:51,760 WARN  [DataSender-Thread-1-of-5] o.o.n.r.DataSender: DataSender:  Unable to send category 'Other Servers' to URL 'http://localhost:8980/opennms/rtc/post/Other+Servers': Connection refused
2025-06-17 22:58:51,762 WARN  [DataSender-Thread-1-of-5] o.o.n.r.DataSender: DataSender:  Unable to send category 'JMX Servers' to URL 'http://localhost:8980/opennms/rtc/post/JMX+Servers': Connection refused
2025-06-17 22:58:51,770 WARN  [DataSender-Thread-1-of-5] o.o.n.r.DataSender: DataSender:  Unable to send category 'Overall Service Availability' to URL 'http://localhost:8980/opennms/rtc/post/Overall+Service+Availability': Connection refused
2025-06-17 22:58:51,773 WARN  [DataSender-Thread-1-of-5] o.o.n.r.DataSender: DataSender:  Unable to send category 'Database Servers' to URL 'http://localhost:8980/opennms/rtc/post/Database+Servers': Connection refused
2025-06-17 22:58:51,778 WARN  [DataSender-Thread-1-of-5] o.o.n.r.DataSender: DataSender:  Unable to send category 'Network Interfaces' to URL 'http://localhost:8980/opennms/rtc/post/Network+Interfaces': Connection refused
2025-06-17 22:58:51,780 WARN  [DataSender-Thread-1-of-5] o.o.n.r.DataSender: DataSender:  Unable to send category 'Email Servers' to URL 'http://localhost:8980/opennms/rtc/post/Email+Servers': Connection refused
2025-06-17 23:04:31,581 INFO  [Thread-0] o.s.c.s.ClassPathXmlApplicationContext: Closing ApplicationContext 'rtcContext': startup date [Tue Jun 17 22:58:47 UTC 2025]; parent: ApplicationContext 'daoContext'
2025-06-17 23:04:51,633 INFO  [Main] o.s.c.s.ClassPathXmlApplicationContext: Refreshing org.springframework.context.support.ClassPathXmlApplicationContext@125a532c: startup date [Tue Jun 17 23:04:51 UTC 2025]; parent: ApplicationContext 'daoContext'
2025-06-17 23:04:51,634 INFO  [Main] o.s.b.f.x.XmlBeanDefinitionReader: Loading XML bean definitions from class path resource [META-INF/opennms/applicationContext-rtc.xml]
2025-06-17 23:04:51,643 INFO  [Main] o.s.b.f.a.AutowiredAnnotationBeanPostProcessor: JSR-330 'javax.inject.Inject' annotation found and supported for autowiring
2025-06-17 23:04:55,611 WARN  [DataSender-Thread-1-of-5] o.o.n.r.DataSender: DataSender:  Unable to send category 'Web Servers' to URL 'http://localhost:8980/opennms/rtc/post/Web+Servers': Connection refused
2025-06-17 23:04:55,614 WARN  [DataSender-Thread-1-of-5] o.o.n.r.DataSender: DataSender:  Unable to send category 'DNS and DHCP Servers' to URL 'http://localhost:8980/opennms/rtc/post/DNS+and+DHCP+Servers': Connection refused
2025-06-17 23:04:55,619 WARN  [DataSender-Thread-1-of-5] o.o.n.r.DataSender: DataSender:  Unable to send category 'Other Servers' to URL 'http://localhost:8980/opennms/rtc/post/Other+Servers': Connection refused
2025-06-17 23:04:55,621 WARN  [DataSender-Thread-1-of-5] o.o.n.r.DataSender: DataSender:  Unable to send category 'Device Config Backup' to URL 'http://localhost:8980/opennms/rtc/post/Device+Config+Backup': Connection refused
2025-06-17 23:04:55,668 WARN  [DataSender-Thread-1-of-5] o.o.n.r.DataSender: DataSender:  Unable to send category 'Database Servers' to URL 'http://localhost:8980/opennms/rtc/post/Database+Servers': Connection refused
2025-06-17 23:04:55,673 WARN  [DataSender-Thread-1-of-5] o.o.n.r.DataSender: DataSender:  Unable to send category 'Overall Service Availability' to URL 'http://localhost:8980/opennms/rtc/post/Overall+Service+Availability': Connection refused
2025-06-17 23:04:55,678 WARN  [DataSender-Thread-1-of-5] o.o.n.r.DataSender: DataSender:  Unable to send category 'Network Interfaces' to URL 'http://localhost:8980/opennms/rtc/post/Network+Interfaces': Connection refused
2025-06-17 23:04:55,679 WARN  [DataSender-Thread-1-of-5] o.o.n.r.DataSender: DataSender:  Unable to send category 'JMX Servers' to URL 'http://localhost:8980/opennms/rtc/post/JMX+Servers': Connection refused
2025-06-17 23:04:55,680 WARN  [DataSender-Thread-1-of-5] o.o.n.r.DataSender: DataSender:  Unable to send category 'Email Servers' to URL 'http://localhost:8980/opennms/rtc/post/Email+Servers': Connection refused
2025-06-17 23:09:08,520 INFO  [Thread-0] o.s.c.s.ClassPathXmlApplicationContext: Closing ApplicationContext 'rtcContext': startup date [Tue Jun 17 23:04:51 UTC 2025]; parent: ApplicationContext 'daoContext'
2025-06-17 23:09:28,607 INFO  [Main] o.s.c.s.ClassPathXmlApplicationContext: Refreshing org.springframework.context.support.ClassPathXmlApplicationContext@61cb263b: startup date [Tue Jun 17 23:09:28 UTC 2025]; parent: ApplicationContext 'daoContext'
2025-06-17 23:09:28,608 INFO  [Main] o.s.b.f.x.XmlBeanDefinitionReader: Loading XML bean definitions from class path resource [META-INF/opennms/applicationContext-rtc.xml]
2025-06-17 23:09:28,625 INFO  [Main] o.s.b.f.a.AutowiredAnnotationBeanPostProcessor: JSR-330 'javax.inject.Inject' annotation found and supported for autowiring
2025-06-17 23:09:32,762 WARN  [DataSender-Thread-1-of-5] o.o.n.r.DataSender: DataSender:  Unable to send category 'Network Interfaces' to URL 'http://localhost:8980/opennms/rtc/post/Network+Interfaces': Connection refused
2025-06-17 23:09:32,765 WARN  [DataSender-Thread-1-of-5] o.o.n.r.DataSender: DataSender:  Unable to send category 'Device Config Backup' to URL 'http://localhost:8980/opennms/rtc/post/Device+Config+Backup': Connection refused
2025-06-17 23:09:32,769 WARN  [DataSender-Thread-1-of-5] o.o.n.r.DataSender: DataSender:  Unable to send category 'Web Servers' to URL 'http://localhost:8980/opennms/rtc/post/Web+Servers': Connection refused
2025-06-17 23:09:32,821 WARN  [DataSender-Thread-1-of-5] o.o.n.r.DataSender: DataSender:  Unable to send category 'Other Servers' to URL 'http://localhost:8980/opennms/rtc/post/Other+Servers': Connection refused
2025-06-17 23:09:32,822 WARN  [DataSender-Thread-1-of-5] o.o.n.r.DataSender: DataSender:  Unable to send category 'Database Servers' to URL 'http://localhost:8980/opennms/rtc/post/Database+Servers': Connection refused
2025-06-17 23:09:32,827 WARN  [DataSender-Thread-1-of-5] o.o.n.r.DataSender: DataSender:  Unable to send category 'Overall Service Availability' to URL 'http://localhost:8980/opennms/rtc/post/Overall+Service+Availability': Connection refused
2025-06-17 23:09:32,828 WARN  [DataSender-Thread-1-of-5] o.o.n.r.DataSender: DataSender:  Unable to send category 'JMX Servers' to URL 'http://localhost:8980/opennms/rtc/post/JMX+Servers': Connection refused
2025-06-17 23:09:32,829 WARN  [DataSender-Thread-1-of-5] o.o.n.r.DataSender: DataSender:  Unable to send category 'Email Servers' to URL 'http://localhost:8980/opennms/rtc/post/Email+Servers': Connection refused
2025-06-17 23:09:32,830 WARN  [DataSender-Thread-1-of-5] o.o.n.r.DataSender: DataSender:  Unable to send category 'DNS and DHCP Servers' to URL 'http://localhost:8980/opennms/rtc/post/DNS+and+DHCP+Servers': Connection refused
2025-06-17 23:13:19,296 INFO  [Thread-0] o.s.c.s.ClassPathXmlApplicationContext: Closing ApplicationContext 'rtcContext': startup date [Tue Jun 17 23:09:28 UTC 2025]; parent: ApplicationContext 'daoContext'
2025-06-17 23:13:39,302 INFO  [Main] o.s.c.s.ClassPathXmlApplicationContext: Refreshing org.springframework.context.support.ClassPathXmlApplicationContext@68ec1d48: startup date [Tue Jun 17 23:13:39 UTC 2025]; parent: ApplicationContext 'daoContext'
2025-06-17 23:13:39,304 INFO  [Main] o.s.b.f.x.XmlBeanDefinitionReader: Loading XML bean definitions from class path resource [META-INF/opennms/applicationContext-rtc.xml]
2025-06-17 23:13:39,314 INFO  [Main] o.s.b.f.a.AutowiredAnnotationBeanPostProcessor: JSR-330 'javax.inject.Inject' annotation found and supported for autowiring
2025-06-17 23:13:43,512 WARN  [DataSender-Thread-1-of-5] o.o.n.r.DataSender: DataSender:  Unable to send category 'Email Servers' to URL 'http://localhost:8980/opennms/rtc/post/Email+Servers': Connection refused
2025-06-17 23:13:43,513 WARN  [DataSender-Thread-1-of-5] o.o.n.r.DataSender: DataSender:  Unable to send category 'JMX Servers' to URL 'http://localhost:8980/opennms/rtc/post/JMX+Servers': Connection refused
2025-06-17 23:13:43,514 WARN  [DataSender-Thread-1-of-5] o.o.n.r.DataSender: DataSender:  Unable to send category 'Device Config Backup' to URL 'http://localhost:8980/opennms/rtc/post/Device+Config+Backup': Connection refused
2025-06-17 23:13:43,561 WARN  [DataSender-Thread-1-of-5] o.o.n.r.DataSender: DataSender:  Unable to send category 'Other Servers' to URL 'http://localhost:8980/opennms/rtc/post/Other+Servers': Connection refused
2025-06-17 23:13:43,565 WARN  [DataSender-Thread-1-of-5] o.o.n.r.DataSender: DataSender:  Unable to send category 'Web Servers' to URL 'http://localhost:8980/opennms/rtc/post/Web+Servers': Connection refused
2025-06-17 23:13:43,566 WARN  [DataSender-Thread-1-of-5] o.o.n.r.DataSender: DataSender:  Unable to send category 'DNS and DHCP Servers' to URL 'http://localhost:8980/opennms/rtc/post/DNS+and+DHCP+Servers': Connection refused
2025-06-17 23:13:43,570 WARN  [DataSender-Thread-1-of-5] o.o.n.r.DataSender: DataSender:  Unable to send category 'Overall Service Availability' to URL 'http://localhost:8980/opennms/rtc/post/Overall+Service+Availability': Connection refused
2025-06-17 23:13:43,574 WARN  [DataSender-Thread-1-of-5] o.o.n.r.DataSender: DataSender:  Unable to send category 'Network Interfaces' to URL 'http://localhost:8980/opennms/rtc/post/Network+Interfaces': Connection refused
2025-06-17 23:13:43,575 WARN  [DataSender-Thread-1-of-5] o.o.n.r.DataSender: DataSender:  Unable to send category 'Database Servers' to URL 'http://localhost:8980/opennms/rtc/post/Database+Servers': Connection refused
2025-06-25 14:09:29,428 INFO  [Main] o.s.c.s.ClassPathXmlApplicationContext: Refreshing org.springframework.context.support.ClassPathXmlApplicationContext@3103bc7f: startup date [Wed Jun 25 14:09:29 UTC 2025]; parent: ApplicationContext 'daoContext'
2025-06-25 14:09:29,430 INFO  [Main] o.s.b.f.x.XmlBeanDefinitionReader: Loading XML bean definitions from class path resource [META-INF/opennms/applicationContext-rtc.xml]
2025-06-25 14:09:29,440 INFO  [Main] o.s.b.f.a.AutowiredAnnotationBeanPostProcessor: JSR-330 'javax.inject.Inject' annotation found and supported for autowiring
2025-06-25 14:09:33,088 WARN  [DataSender-Thread-1-of-5] o.o.n.r.DataSender: DataSender:  Unable to send category 'Web Servers' to URL 'http://localhost:8980/opennms/rtc/post/Web+Servers': Connection refused
2025-06-25 14:09:33,090 WARN  [DataSender-Thread-1-of-5] o.o.n.r.DataSender: DataSender:  Unable to send category 'Network Interfaces' to URL 'http://localhost:8980/opennms/rtc/post/Network+Interfaces': Connection refused
2025-06-25 14:09:33,091 WARN  [DataSender-Thread-1-of-5] o.o.n.r.DataSender: DataSender:  Unable to send category 'DNS and DHCP Servers' to URL 'http://localhost:8980/opennms/rtc/post/DNS+and+DHCP+Servers': Connection refused
2025-06-25 14:09:33,092 WARN  [DataSender-Thread-1-of-5] o.o.n.r.DataSender: DataSender:  Unable to send category 'Email Servers' to URL 'http://localhost:8980/opennms/rtc/post/Email+Servers': Connection refused
2025-06-25 14:09:33,093 WARN  [DataSender-Thread-1-of-5] o.o.n.r.DataSender: DataSender:  Unable to send category 'Database Servers' to URL 'http://localhost:8980/opennms/rtc/post/Database+Servers': Connection refused
2025-06-25 14:09:33,095 WARN  [DataSender-Thread-1-of-5] o.o.n.r.DataSender: DataSender:  Unable to send category 'JMX Servers' to URL 'http://localhost:8980/opennms/rtc/post/JMX+Servers': Connection refused
2025-06-25 14:09:33,096 WARN  [DataSender-Thread-1-of-5] o.o.n.r.DataSender: DataSender:  Unable to send category 'Device Config Backup' to URL 'http://localhost:8980/opennms/rtc/post/Device+Config+Backup': Connection refused
2025-06-25 14:09:33,097 WARN  [DataSender-Thread-1-of-5] o.o.n.r.DataSender: DataSender:  Unable to send category 'Overall Service Availability' to URL 'http://localhost:8980/opennms/rtc/post/Overall+Service+Availability': Connection refused
2025-06-25 14:09:33,099 WARN  [DataSender-Thread-1-of-5] o.o.n.r.DataSender: DataSender:  Unable to send category 'Other Servers' to URL 'http://localhost:8980/opennms/rtc/post/Other+Servers': Connection refused
2025-06-25 14:18:46,847 INFO  [Main] o.s.c.s.ClassPathXmlApplicationContext: Refreshing org.springframework.context.support.ClassPathXmlApplicationContext@706ebd92: startup date [Wed Jun 25 14:18:46 UTC 2025]; parent: ApplicationContext 'daoContext'
2025-06-25 14:18:46,849 INFO  [Main] o.s.b.f.x.XmlBeanDefinitionReader: Loading XML bean definitions from class path resource [META-INF/opennms/applicationContext-rtc.xml]
2025-06-25 14:18:46,883 INFO  [Main] o.s.b.f.a.AutowiredAnnotationBeanPostProcessor: JSR-330 'javax.inject.Inject' annotation found and supported for autowiring
2025-06-25 14:18:50,604 WARN  [DataSender-Thread-1-of-5] o.o.n.r.DataSender: DataSender:  Unable to send category 'Web Servers' to URL 'http://localhost:8980/opennms/rtc/post/Web+Servers': Connection refused
2025-06-25 14:18:50,605 WARN  [DataSender-Thread-1-of-5] o.o.n.r.DataSender: DataSender:  Unable to send category 'DNS and DHCP Servers' to URL 'http://localhost:8980/opennms/rtc/post/DNS+and+DHCP+Servers': Connection refused
2025-06-25 14:18:50,607 WARN  [DataSender-Thread-1-of-5] o.o.n.r.DataSender: DataSender:  Unable to send category 'Device Config Backup' to URL 'http://localhost:8980/opennms/rtc/post/Device+Config+Backup': Connection refused
2025-06-25 14:18:50,608 WARN  [DataSender-Thread-1-of-5] o.o.n.r.DataSender: DataSender:  Unable to send category 'Database Servers' to URL 'http://localhost:8980/opennms/rtc/post/Database+Servers': Connection refused
2025-06-25 14:18:50,609 WARN  [DataSender-Thread-1-of-5] o.o.n.r.DataSender: DataSender:  Unable to send category 'JMX Servers' to URL 'http://localhost:8980/opennms/rtc/post/JMX+Servers': Connection refused
2025-06-25 14:18:50,617 WARN  [DataSender-Thread-1-of-5] o.o.n.r.DataSender: DataSender:  Unable to send category 'Other Servers' to URL 'http://localhost:8980/opennms/rtc/post/Other+Servers': Connection refused
2025-06-25 14:18:50,618 WARN  [DataSender-Thread-1-of-5] o.o.n.r.DataSender: DataSender:  Unable to send category 'Overall Service Availability' to URL 'http://localhost:8980/opennms/rtc/post/Overall+Service+Availability': Connection refused
2025-06-25 14:18:50,619 WARN  [DataSender-Thread-1-of-5] o.o.n.r.DataSender: DataSender:  Unable to send category 'Network Interfaces' to URL 'http://localhost:8980/opennms/rtc/post/Network+Interfaces': Connection refused
2025-06-25 14:18:50,620 WARN  [DataSender-Thread-1-of-5] o.o.n.r.DataSender: DataSender:  Unable to send category 'Email Servers' to URL 'http://localhost:8980/opennms/rtc/post/Email+Servers': Connection refused
2025-06-25 14:29:47,364 INFO  [Main] o.s.c.s.ClassPathXmlApplicationContext: Refreshing org.springframework.context.support.ClassPathXmlApplicationContext@4a69e079: startup date [Wed Jun 25 14:29:47 UTC 2025]; parent: ApplicationContext 'daoContext'
2025-06-25 14:29:47,366 INFO  [Main] o.s.b.f.x.XmlBeanDefinitionReader: Loading XML bean definitions from class path resource [META-INF/opennms/applicationContext-rtc.xml]
2025-06-25 14:29:47,376 INFO  [Main] o.s.b.f.a.AutowiredAnnotationBeanPostProcessor: JSR-330 'javax.inject.Inject' annotation found and supported for autowiring
2025-06-25 14:29:51,253 WARN  [DataSender-Thread-1-of-5] o.o.n.r.DataSender: DataSender:  Unable to send category 'Database Servers' to URL 'http://localhost:8980/opennms/rtc/post/Database+Servers': Connection refused
2025-06-25 14:29:51,255 WARN  [DataSender-Thread-1-of-5] o.o.n.r.DataSender: DataSender:  Unable to send category 'Web Servers' to URL 'http://localhost:8980/opennms/rtc/post/Web+Servers': Connection refused
2025-06-25 14:29:51,256 WARN  [DataSender-Thread-1-of-5] o.o.n.r.DataSender: DataSender:  Unable to send category 'Email Servers' to URL 'http://localhost:8980/opennms/rtc/post/Email+Servers': Connection refused
2025-06-25 14:29:51,297 WARN  [DataSender-Thread-1-of-5] o.o.n.r.DataSender: DataSender:  Unable to send category 'DNS and DHCP Servers' to URL 'http://localhost:8980/opennms/rtc/post/DNS+and+DHCP+Servers': Connection refused
2025-06-25 14:29:51,299 WARN  [DataSender-Thread-1-of-5] o.o.n.r.DataSender: DataSender:  Unable to send category 'Other Servers' to URL 'http://localhost:8980/opennms/rtc/post/Other+Servers': Connection refused
2025-06-25 14:29:51,301 WARN  [DataSender-Thread-1-of-5] o.o.n.r.DataSender: DataSender:  Unable to send category 'Device Config Backup' to URL 'http://localhost:8980/opennms/rtc/post/Device+Config+Backup': Connection refused
2025-06-25 14:29:51,302 WARN  [DataSender-Thread-1-of-5] o.o.n.r.DataSender: DataSender:  Unable to send category 'Overall Service Availability' to URL 'http://localhost:8980/opennms/rtc/post/Overall+Service+Availability': Connection refused
2025-06-25 14:29:51,303 WARN  [DataSender-Thread-1-of-5] o.o.n.r.DataSender: DataSender:  Unable to send category 'JMX Servers' to URL 'http://localhost:8980/opennms/rtc/post/JMX+Servers': Connection refused
2025-06-25 14:29:51,304 WARN  [DataSender-Thread-1-of-5] o.o.n.r.DataSender: DataSender:  Unable to send category 'Network Interfaces' to URL 'http://localhost:8980/opennms/rtc/post/Network+Interfaces': Connection refused
2025-06-25 14:33:33,803 INFO  [Main] o.s.c.s.ClassPathXmlApplicationContext: Refreshing org.springframework.context.support.ClassPathXmlApplicationContext@48483473: startup date [Wed Jun 25 14:33:33 UTC 2025]; parent: ApplicationContext 'daoContext'
2025-06-25 14:33:33,805 INFO  [Main] o.s.b.f.x.XmlBeanDefinitionReader: Loading XML bean definitions from class path resource [META-INF/opennms/applicationContext-rtc.xml]
2025-06-25 14:33:33,817 INFO  [Main] o.s.b.f.a.AutowiredAnnotationBeanPostProcessor: JSR-330 'javax.inject.Inject' annotation found and supported for autowiring
2025-06-25 14:33:37,546 WARN  [DataSender-Thread-1-of-5] o.o.n.r.DataSender: DataSender:  Unable to send category 'DNS and DHCP Servers' to URL 'http://localhost:8980/opennms/rtc/post/DNS+and+DHCP+Servers': Connection refused
2025-06-25 14:33:37,548 WARN  [DataSender-Thread-1-of-5] o.o.n.r.DataSender: DataSender:  Unable to send category 'Email Servers' to URL 'http://localhost:8980/opennms/rtc/post/Email+Servers': Connection refused
2025-06-25 14:33:37,552 WARN  [DataSender-Thread-1-of-5] o.o.n.r.DataSender: DataSender:  Unable to send category 'Network Interfaces' to URL 'http://localhost:8980/opennms/rtc/post/Network+Interfaces': Connection refused
2025-06-25 14:33:37,597 WARN  [DataSender-Thread-1-of-5] o.o.n.r.DataSender: DataSender:  Unable to send category 'Device Config Backup' to URL 'http://localhost:8980/opennms/rtc/post/Device+Config+Backup': Connection refused
2025-06-25 14:33:37,599 WARN  [DataSender-Thread-1-of-5] o.o.n.r.DataSender: DataSender:  Unable to send category 'Web Servers' to URL 'http://localhost:8980/opennms/rtc/post/Web+Servers': Connection refused
2025-06-25 14:33:37,600 WARN  [DataSender-Thread-1-of-5] o.o.n.r.DataSender: DataSender:  Unable to send category 'Other Servers' to URL 'http://localhost:8980/opennms/rtc/post/Other+Servers': Connection refused
2025-06-25 14:33:37,601 WARN  [DataSender-Thread-1-of-5] o.o.n.r.DataSender: DataSender:  Unable to send category 'Overall Service Availability' to URL 'http://localhost:8980/opennms/rtc/post/Overall+Service+Availability': Connection refused
2025-06-25 14:33:37,603 WARN  [DataSender-Thread-1-of-5] o.o.n.r.DataSender: DataSender:  Unable to send category 'Database Servers' to URL 'http://localhost:8980/opennms/rtc/post/Database+Servers': Connection refused
2025-06-25 14:33:37,604 WARN  [DataSender-Thread-1-of-5] o.o.n.r.DataSender: DataSender:  Unable to send category 'JMX Servers' to URL 'http://localhost:8980/opennms/rtc/post/JMX+Servers': Connection refused
