2025-06-17 21:40:26,241 INFO  [Main] o.s.c.s.ClassPathXmlApplicationContext: Refreshing org.springframework.context.support.ClassPathXmlApplicationContext@5835a876: startup date [Tue Jun 17 21:40:26 UTC 2025]; parent: ApplicationContext 'daoContext'
2025-06-17 21:40:26,242 INFO  [Main] o.s.b.f.x.XmlBeanDefinitionReader: Loading XML bean definitions from class path resource [META-INF/opennms/applicationContext-statisticsDaemon.xml]
2025-06-17 21:40:26,253 INFO  [Main] o.s.b.f.a.AutowiredAnnotationBeanPostProcessor: JSR-330 'javax.inject.Inject' annotation found and supported for autowiring
2025-06-17 21:40:26,277 INFO  [Main] o.q.i.StdSchedulerFactory: Using default implementation for ThreadExecutor
2025-06-17 21:40:26,286 INFO  [Main] o.q.c.SchedulerSignalerImpl: Initialized Scheduler Signaller of type: class org.quartz.core.SchedulerSignalerImpl
2025-06-17 21:40:26,286 INFO  [Main] o.q.c.QuartzScheduler: Quartz Scheduler v.2.3.2 created.
2025-06-17 21:40:26,286 INFO  [Main] o.q.s.RAMJobStore: RAMJobStore initialized.
2025-06-17 21:40:26,295 INFO  [Main] o.q.c.QuartzScheduler: Scheduler meta-data: Quartz Scheduler (v2.3.2) 'Statsd' with instanceId 'NON_CLUSTERED'
  Scheduler class: 'org.quartz.core.QuartzScheduler' - running locally.
  NOT STARTED.
  Currently in standby mode.
  Number of jobs executed: 0
  Using thread pool 'org.quartz.simpl.SimpleThreadPool' - with 10 threads.
  Using job-store 'org.quartz.simpl.RAMJobStore' - which does not support persistence. and is not clustered.

2025-06-17 21:40:26,295 INFO  [Main] o.q.i.StdSchedulerFactory: Quartz scheduler 'Statsd' initialized from an externally provided properties instance.
2025-06-17 21:40:26,295 INFO  [Main] o.q.i.StdSchedulerFactory: Quartz scheduler version: 2.3.2
2025-06-17 21:40:26,296 INFO  [Main] o.q.c.QuartzScheduler: JobFactory set to: org.springframework.scheduling.quartz.AdaptableJobFactory@1d226792
2025-06-17 21:40:26,315 INFO  [Main] o.s.c.s.DefaultLifecycleProcessor: Starting beans in phase 2147483647
2025-06-17 21:40:26,315 INFO  [Main] o.s.s.q.SchedulerFactoryBean: Starting Quartz Scheduler now
2025-06-17 21:40:26,315 INFO  [Main] o.q.c.QuartzScheduler: Scheduler Statsd_$_NON_CLUSTERED started.
2025-06-17 21:43:33,056 INFO  [Thread-0] o.s.c.s.ClassPathXmlApplicationContext: Closing ApplicationContext 'statisticsDaemonContext': startup date [Tue Jun 17 21:40:26 UTC 2025]; parent: ApplicationContext 'daoContext'
2025-06-17 21:43:33,056 INFO  [Thread-0] o.s.c.s.DefaultLifecycleProcessor: Stopping beans in phase 2147483647
2025-06-17 21:43:33,056 INFO  [Thread-0] o.q.c.QuartzScheduler: Scheduler Statsd_$_NON_CLUSTERED paused.
2025-06-17 21:43:33,056 INFO  [Thread-0] o.q.c.QuartzScheduler: Scheduler Statsd_$_NON_CLUSTERED shutting down.
2025-06-17 21:43:33,056 INFO  [Thread-0] o.q.c.QuartzScheduler: Scheduler Statsd_$_NON_CLUSTERED paused.
2025-06-17 21:43:33,056 INFO  [Thread-0] o.q.c.QuartzScheduler: Scheduler Statsd_$_NON_CLUSTERED shutdown complete.
2025-06-17 21:43:33,056 INFO  [Thread-0] o.s.s.q.SchedulerFactoryBean: Shutting down Quartz Scheduler
2025-06-17 21:43:53,783 INFO  [Main] o.s.c.s.ClassPathXmlApplicationContext: Refreshing org.springframework.context.support.ClassPathXmlApplicationContext@72447d86: startup date [Tue Jun 17 21:43:53 UTC 2025]; parent: ApplicationContext 'daoContext'
2025-06-17 21:43:53,784 INFO  [Main] o.s.b.f.x.XmlBeanDefinitionReader: Loading XML bean definitions from class path resource [META-INF/opennms/applicationContext-statisticsDaemon.xml]
2025-06-17 21:43:53,795 INFO  [Main] o.s.b.f.a.AutowiredAnnotationBeanPostProcessor: JSR-330 'javax.inject.Inject' annotation found and supported for autowiring
2025-06-17 21:43:53,831 INFO  [Main] o.q.i.StdSchedulerFactory: Using default implementation for ThreadExecutor
2025-06-17 21:43:53,840 INFO  [Main] o.q.c.SchedulerSignalerImpl: Initialized Scheduler Signaller of type: class org.quartz.core.SchedulerSignalerImpl
2025-06-17 21:43:53,840 INFO  [Main] o.q.c.QuartzScheduler: Quartz Scheduler v.2.3.2 created.
2025-06-17 21:43:53,840 INFO  [Main] o.q.s.RAMJobStore: RAMJobStore initialized.
2025-06-17 21:43:53,841 INFO  [Main] o.q.c.QuartzScheduler: Scheduler meta-data: Quartz Scheduler (v2.3.2) 'Statsd' with instanceId 'NON_CLUSTERED'
  Scheduler class: 'org.quartz.core.QuartzScheduler' - running locally.
  NOT STARTED.
  Currently in standby mode.
  Number of jobs executed: 0
  Using thread pool 'org.quartz.simpl.SimpleThreadPool' - with 10 threads.
  Using job-store 'org.quartz.simpl.RAMJobStore' - which does not support persistence. and is not clustered.

2025-06-17 21:43:53,841 INFO  [Main] o.q.i.StdSchedulerFactory: Quartz scheduler 'Statsd' initialized from an externally provided properties instance.
2025-06-17 21:43:53,841 INFO  [Main] o.q.i.StdSchedulerFactory: Quartz scheduler version: 2.3.2
2025-06-17 21:43:53,842 INFO  [Main] o.q.c.QuartzScheduler: JobFactory set to: org.springframework.scheduling.quartz.AdaptableJobFactory@1ac0384a
2025-06-17 21:43:53,847 INFO  [Main] o.s.c.s.DefaultLifecycleProcessor: Starting beans in phase 2147483647
2025-06-17 21:43:53,847 INFO  [Main] o.s.s.q.SchedulerFactoryBean: Starting Quartz Scheduler now
2025-06-17 21:43:53,847 INFO  [Main] o.q.c.QuartzScheduler: Scheduler Statsd_$_NON_CLUSTERED started.
2025-06-17 21:49:22,539 INFO  [Thread-0] o.s.c.s.ClassPathXmlApplicationContext: Closing ApplicationContext 'statisticsDaemonContext': startup date [Tue Jun 17 21:43:53 UTC 2025]; parent: ApplicationContext 'daoContext'
2025-06-17 21:49:22,539 INFO  [Thread-0] o.s.c.s.DefaultLifecycleProcessor: Stopping beans in phase 2147483647
2025-06-17 21:49:22,539 INFO  [Thread-0] o.q.c.QuartzScheduler: Scheduler Statsd_$_NON_CLUSTERED paused.
2025-06-17 21:49:22,539 INFO  [Thread-0] o.q.c.QuartzScheduler: Scheduler Statsd_$_NON_CLUSTERED shutting down.
2025-06-17 21:49:22,540 INFO  [Thread-0] o.q.c.QuartzScheduler: Scheduler Statsd_$_NON_CLUSTERED paused.
2025-06-17 21:49:22,540 INFO  [Thread-0] o.q.c.QuartzScheduler: Scheduler Statsd_$_NON_CLUSTERED shutdown complete.
2025-06-17 21:49:22,540 INFO  [Thread-0] o.s.s.q.SchedulerFactoryBean: Shutting down Quartz Scheduler
2025-06-17 21:49:43,026 INFO  [Main] o.s.c.s.ClassPathXmlApplicationContext: Refreshing org.springframework.context.support.ClassPathXmlApplicationContext@645c8fd0: startup date [Tue Jun 17 21:49:43 UTC 2025]; parent: ApplicationContext 'daoContext'
2025-06-17 21:49:43,027 INFO  [Main] o.s.b.f.x.XmlBeanDefinitionReader: Loading XML bean definitions from class path resource [META-INF/opennms/applicationContext-statisticsDaemon.xml]
2025-06-17 21:49:43,038 INFO  [Main] o.s.b.f.a.AutowiredAnnotationBeanPostProcessor: JSR-330 'javax.inject.Inject' annotation found and supported for autowiring
2025-06-17 21:49:43,066 INFO  [Main] o.q.i.StdSchedulerFactory: Using default implementation for ThreadExecutor
2025-06-17 21:49:43,080 INFO  [Main] o.q.c.SchedulerSignalerImpl: Initialized Scheduler Signaller of type: class org.quartz.core.SchedulerSignalerImpl
2025-06-17 21:49:43,080 INFO  [Main] o.q.c.QuartzScheduler: Quartz Scheduler v.2.3.2 created.
2025-06-17 21:49:43,081 INFO  [Main] o.q.s.RAMJobStore: RAMJobStore initialized.
2025-06-17 21:49:43,081 INFO  [Main] o.q.c.QuartzScheduler: Scheduler meta-data: Quartz Scheduler (v2.3.2) 'Statsd' with instanceId 'NON_CLUSTERED'
  Scheduler class: 'org.quartz.core.QuartzScheduler' - running locally.
  NOT STARTED.
  Currently in standby mode.
  Number of jobs executed: 0
  Using thread pool 'org.quartz.simpl.SimpleThreadPool' - with 10 threads.
  Using job-store 'org.quartz.simpl.RAMJobStore' - which does not support persistence. and is not clustered.

2025-06-17 21:49:43,081 INFO  [Main] o.q.i.StdSchedulerFactory: Quartz scheduler 'Statsd' initialized from an externally provided properties instance.
2025-06-17 21:49:43,081 INFO  [Main] o.q.i.StdSchedulerFactory: Quartz scheduler version: 2.3.2
2025-06-17 21:49:43,082 INFO  [Main] o.q.c.QuartzScheduler: JobFactory set to: org.springframework.scheduling.quartz.AdaptableJobFactory@a57cf96
2025-06-17 21:49:43,103 INFO  [Main] o.s.c.s.DefaultLifecycleProcessor: Starting beans in phase 2147483647
2025-06-17 21:49:43,104 INFO  [Main] o.s.s.q.SchedulerFactoryBean: Starting Quartz Scheduler now
2025-06-17 21:49:43,104 INFO  [Main] o.q.c.QuartzScheduler: Scheduler Statsd_$_NON_CLUSTERED started.
2025-06-17 21:54:05,462 INFO  [Thread-0] o.s.c.s.ClassPathXmlApplicationContext: Closing ApplicationContext 'statisticsDaemonContext': startup date [Tue Jun 17 21:49:43 UTC 2025]; parent: ApplicationContext 'daoContext'
2025-06-17 21:54:05,462 INFO  [Thread-0] o.s.c.s.DefaultLifecycleProcessor: Stopping beans in phase 2147483647
2025-06-17 21:54:05,463 INFO  [Thread-0] o.q.c.QuartzScheduler: Scheduler Statsd_$_NON_CLUSTERED paused.
2025-06-17 21:54:05,463 INFO  [Thread-0] o.q.c.QuartzScheduler: Scheduler Statsd_$_NON_CLUSTERED shutting down.
2025-06-17 21:54:05,463 INFO  [Thread-0] o.q.c.QuartzScheduler: Scheduler Statsd_$_NON_CLUSTERED paused.
2025-06-17 21:54:05,463 INFO  [Thread-0] o.q.c.QuartzScheduler: Scheduler Statsd_$_NON_CLUSTERED shutdown complete.
2025-06-17 21:54:05,463 INFO  [Thread-0] o.s.s.q.SchedulerFactoryBean: Shutting down Quartz Scheduler
2025-06-17 21:54:26,100 INFO  [Main] o.s.c.s.ClassPathXmlApplicationContext: Refreshing org.springframework.context.support.ClassPathXmlApplicationContext@17314e08: startup date [Tue Jun 17 21:54:26 UTC 2025]; parent: ApplicationContext 'daoContext'
2025-06-17 21:54:26,101 INFO  [Main] o.s.b.f.x.XmlBeanDefinitionReader: Loading XML bean definitions from class path resource [META-INF/opennms/applicationContext-statisticsDaemon.xml]
2025-06-17 21:54:26,117 INFO  [Main] o.s.b.f.a.AutowiredAnnotationBeanPostProcessor: JSR-330 'javax.inject.Inject' annotation found and supported for autowiring
2025-06-17 21:54:26,152 INFO  [Main] o.q.i.StdSchedulerFactory: Using default implementation for ThreadExecutor
2025-06-17 21:54:26,161 INFO  [Main] o.q.c.SchedulerSignalerImpl: Initialized Scheduler Signaller of type: class org.quartz.core.SchedulerSignalerImpl
2025-06-17 21:54:26,161 INFO  [Main] o.q.c.QuartzScheduler: Quartz Scheduler v.2.3.2 created.
2025-06-17 21:54:26,162 INFO  [Main] o.q.s.RAMJobStore: RAMJobStore initialized.
2025-06-17 21:54:26,162 INFO  [Main] o.q.c.QuartzScheduler: Scheduler meta-data: Quartz Scheduler (v2.3.2) 'Statsd' with instanceId 'NON_CLUSTERED'
  Scheduler class: 'org.quartz.core.QuartzScheduler' - running locally.
  NOT STARTED.
  Currently in standby mode.
  Number of jobs executed: 0
  Using thread pool 'org.quartz.simpl.SimpleThreadPool' - with 10 threads.
  Using job-store 'org.quartz.simpl.RAMJobStore' - which does not support persistence. and is not clustered.

2025-06-17 21:54:26,162 INFO  [Main] o.q.i.StdSchedulerFactory: Quartz scheduler 'Statsd' initialized from an externally provided properties instance.
2025-06-17 21:54:26,162 INFO  [Main] o.q.i.StdSchedulerFactory: Quartz scheduler version: 2.3.2
2025-06-17 21:54:26,163 INFO  [Main] o.q.c.QuartzScheduler: JobFactory set to: org.springframework.scheduling.quartz.AdaptableJobFactory@52b5c673
2025-06-17 21:54:26,170 INFO  [Main] o.s.c.s.DefaultLifecycleProcessor: Starting beans in phase 2147483647
2025-06-17 21:54:26,170 INFO  [Main] o.s.s.q.SchedulerFactoryBean: Starting Quartz Scheduler now
2025-06-17 21:54:26,170 INFO  [Main] o.q.c.QuartzScheduler: Scheduler Statsd_$_NON_CLUSTERED started.
2025-06-17 21:58:22,483 INFO  [Thread-0] o.s.c.s.ClassPathXmlApplicationContext: Closing ApplicationContext 'statisticsDaemonContext': startup date [Tue Jun 17 21:54:26 UTC 2025]; parent: ApplicationContext 'daoContext'
2025-06-17 21:58:22,483 INFO  [Thread-0] o.s.c.s.DefaultLifecycleProcessor: Stopping beans in phase 2147483647
2025-06-17 21:58:22,483 INFO  [Thread-0] o.q.c.QuartzScheduler: Scheduler Statsd_$_NON_CLUSTERED paused.
2025-06-17 21:58:22,483 INFO  [Thread-0] o.q.c.QuartzScheduler: Scheduler Statsd_$_NON_CLUSTERED shutting down.
2025-06-17 21:58:22,483 INFO  [Thread-0] o.q.c.QuartzScheduler: Scheduler Statsd_$_NON_CLUSTERED paused.
2025-06-17 21:58:22,483 INFO  [Thread-0] o.q.c.QuartzScheduler: Scheduler Statsd_$_NON_CLUSTERED shutdown complete.
2025-06-17 21:58:22,483 INFO  [Thread-0] o.s.s.q.SchedulerFactoryBean: Shutting down Quartz Scheduler
2025-06-17 21:58:50,359 INFO  [Main] o.s.c.s.ClassPathXmlApplicationContext: Refreshing org.springframework.context.support.ClassPathXmlApplicationContext@19aa99b6: startup date [Tue Jun 17 21:58:50 UTC 2025]; parent: ApplicationContext 'daoContext'
2025-06-17 21:58:50,360 INFO  [Main] o.s.b.f.x.XmlBeanDefinitionReader: Loading XML bean definitions from class path resource [META-INF/opennms/applicationContext-statisticsDaemon.xml]
2025-06-17 21:58:50,371 INFO  [Main] o.s.b.f.a.AutowiredAnnotationBeanPostProcessor: JSR-330 'javax.inject.Inject' annotation found and supported for autowiring
2025-06-17 21:58:50,402 INFO  [Main] o.q.i.StdSchedulerFactory: Using default implementation for ThreadExecutor
2025-06-17 21:58:50,412 INFO  [Main] o.q.c.SchedulerSignalerImpl: Initialized Scheduler Signaller of type: class org.quartz.core.SchedulerSignalerImpl
2025-06-17 21:58:50,412 INFO  [Main] o.q.c.QuartzScheduler: Quartz Scheduler v.2.3.2 created.
2025-06-17 21:58:50,412 INFO  [Main] o.q.s.RAMJobStore: RAMJobStore initialized.
2025-06-17 21:58:50,413 INFO  [Main] o.q.c.QuartzScheduler: Scheduler meta-data: Quartz Scheduler (v2.3.2) 'Statsd' with instanceId 'NON_CLUSTERED'
  Scheduler class: 'org.quartz.core.QuartzScheduler' - running locally.
  NOT STARTED.
  Currently in standby mode.
  Number of jobs executed: 0
  Using thread pool 'org.quartz.simpl.SimpleThreadPool' - with 10 threads.
  Using job-store 'org.quartz.simpl.RAMJobStore' - which does not support persistence. and is not clustered.

2025-06-17 21:58:50,413 INFO  [Main] o.q.i.StdSchedulerFactory: Quartz scheduler 'Statsd' initialized from an externally provided properties instance.
2025-06-17 21:58:50,413 INFO  [Main] o.q.i.StdSchedulerFactory: Quartz scheduler version: 2.3.2
2025-06-17 21:58:50,413 INFO  [Main] o.q.c.QuartzScheduler: JobFactory set to: org.springframework.scheduling.quartz.AdaptableJobFactory@5f26c86a
2025-06-17 21:58:50,418 INFO  [Main] o.s.c.s.DefaultLifecycleProcessor: Starting beans in phase 2147483647
2025-06-17 21:58:50,418 INFO  [Main] o.s.s.q.SchedulerFactoryBean: Starting Quartz Scheduler now
2025-06-17 21:58:50,418 INFO  [Main] o.q.c.QuartzScheduler: Scheduler Statsd_$_NON_CLUSTERED started.
2025-06-17 22:02:51,521 INFO  [Thread-0] o.s.c.s.ClassPathXmlApplicationContext: Closing ApplicationContext 'statisticsDaemonContext': startup date [Tue Jun 17 21:58:50 UTC 2025]; parent: ApplicationContext 'daoContext'
2025-06-17 22:02:51,521 INFO  [Thread-0] o.s.c.s.DefaultLifecycleProcessor: Stopping beans in phase 2147483647
2025-06-17 22:02:51,521 INFO  [Thread-0] o.q.c.QuartzScheduler: Scheduler Statsd_$_NON_CLUSTERED paused.
2025-06-17 22:02:51,521 INFO  [Thread-0] o.q.c.QuartzScheduler: Scheduler Statsd_$_NON_CLUSTERED shutting down.
2025-06-17 22:02:51,521 INFO  [Thread-0] o.q.c.QuartzScheduler: Scheduler Statsd_$_NON_CLUSTERED paused.
2025-06-17 22:02:51,521 INFO  [Thread-0] o.q.c.QuartzScheduler: Scheduler Statsd_$_NON_CLUSTERED shutdown complete.
2025-06-17 22:02:51,521 INFO  [Thread-0] o.s.s.q.SchedulerFactoryBean: Shutting down Quartz Scheduler
2025-06-17 22:03:12,006 INFO  [Main] o.s.c.s.ClassPathXmlApplicationContext: Refreshing org.springframework.context.support.ClassPathXmlApplicationContext@27130d38: startup date [Tue Jun 17 22:03:12 UTC 2025]; parent: ApplicationContext 'daoContext'
2025-06-17 22:03:12,007 INFO  [Main] o.s.b.f.x.XmlBeanDefinitionReader: Loading XML bean definitions from class path resource [META-INF/opennms/applicationContext-statisticsDaemon.xml]
2025-06-17 22:03:12,032 INFO  [Main] o.s.b.f.a.AutowiredAnnotationBeanPostProcessor: JSR-330 'javax.inject.Inject' annotation found and supported for autowiring
2025-06-17 22:03:12,056 INFO  [Main] o.q.i.StdSchedulerFactory: Using default implementation for ThreadExecutor
2025-06-17 22:03:12,064 INFO  [Main] o.q.c.SchedulerSignalerImpl: Initialized Scheduler Signaller of type: class org.quartz.core.SchedulerSignalerImpl
2025-06-17 22:03:12,064 INFO  [Main] o.q.c.QuartzScheduler: Quartz Scheduler v.2.3.2 created.
2025-06-17 22:03:12,065 INFO  [Main] o.q.s.RAMJobStore: RAMJobStore initialized.
2025-06-17 22:03:12,065 INFO  [Main] o.q.c.QuartzScheduler: Scheduler meta-data: Quartz Scheduler (v2.3.2) 'Statsd' with instanceId 'NON_CLUSTERED'
  Scheduler class: 'org.quartz.core.QuartzScheduler' - running locally.
  NOT STARTED.
  Currently in standby mode.
  Number of jobs executed: 0
  Using thread pool 'org.quartz.simpl.SimpleThreadPool' - with 10 threads.
  Using job-store 'org.quartz.simpl.RAMJobStore' - which does not support persistence. and is not clustered.

2025-06-17 22:03:12,065 INFO  [Main] o.q.i.StdSchedulerFactory: Quartz scheduler 'Statsd' initialized from an externally provided properties instance.
2025-06-17 22:03:12,065 INFO  [Main] o.q.i.StdSchedulerFactory: Quartz scheduler version: 2.3.2
2025-06-17 22:03:12,067 INFO  [Main] o.q.c.QuartzScheduler: JobFactory set to: org.springframework.scheduling.quartz.AdaptableJobFactory@1d87ddec
2025-06-17 22:03:12,072 INFO  [Main] o.s.c.s.DefaultLifecycleProcessor: Starting beans in phase 2147483647
2025-06-17 22:03:12,072 INFO  [Main] o.s.s.q.SchedulerFactoryBean: Starting Quartz Scheduler now
2025-06-17 22:03:12,072 INFO  [Main] o.q.c.QuartzScheduler: Scheduler Statsd_$_NON_CLUSTERED started.
2025-06-17 22:10:08,972 INFO  [Thread-0] o.s.c.s.ClassPathXmlApplicationContext: Closing ApplicationContext 'statisticsDaemonContext': startup date [Tue Jun 17 22:03:12 UTC 2025]; parent: ApplicationContext 'daoContext'
2025-06-17 22:10:08,972 INFO  [Thread-0] o.s.c.s.DefaultLifecycleProcessor: Stopping beans in phase 2147483647
2025-06-17 22:10:08,972 INFO  [Thread-0] o.q.c.QuartzScheduler: Scheduler Statsd_$_NON_CLUSTERED paused.
2025-06-17 22:10:08,972 INFO  [Thread-0] o.q.c.QuartzScheduler: Scheduler Statsd_$_NON_CLUSTERED shutting down.
2025-06-17 22:10:08,972 INFO  [Thread-0] o.q.c.QuartzScheduler: Scheduler Statsd_$_NON_CLUSTERED paused.
2025-06-17 22:10:08,972 INFO  [Thread-0] o.q.c.QuartzScheduler: Scheduler Statsd_$_NON_CLUSTERED shutdown complete.
2025-06-17 22:10:08,972 INFO  [Thread-0] o.s.s.q.SchedulerFactoryBean: Shutting down Quartz Scheduler
2025-06-17 22:10:30,238 INFO  [Main] o.s.c.s.ClassPathXmlApplicationContext: Refreshing org.springframework.context.support.ClassPathXmlApplicationContext@4a0b66c5: startup date [Tue Jun 17 22:10:30 UTC 2025]; parent: ApplicationContext 'daoContext'
2025-06-17 22:10:30,239 INFO  [Main] o.s.b.f.x.XmlBeanDefinitionReader: Loading XML bean definitions from class path resource [META-INF/opennms/applicationContext-statisticsDaemon.xml]
2025-06-17 22:10:30,250 INFO  [Main] o.s.b.f.a.AutowiredAnnotationBeanPostProcessor: JSR-330 'javax.inject.Inject' annotation found and supported for autowiring
2025-06-17 22:10:30,273 INFO  [Main] o.q.i.StdSchedulerFactory: Using default implementation for ThreadExecutor
2025-06-17 22:10:30,282 INFO  [Main] o.q.c.SchedulerSignalerImpl: Initialized Scheduler Signaller of type: class org.quartz.core.SchedulerSignalerImpl
2025-06-17 22:10:30,282 INFO  [Main] o.q.c.QuartzScheduler: Quartz Scheduler v.2.3.2 created.
2025-06-17 22:10:30,283 INFO  [Main] o.q.s.RAMJobStore: RAMJobStore initialized.
2025-06-17 22:10:30,283 INFO  [Main] o.q.c.QuartzScheduler: Scheduler meta-data: Quartz Scheduler (v2.3.2) 'Statsd' with instanceId 'NON_CLUSTERED'
  Scheduler class: 'org.quartz.core.QuartzScheduler' - running locally.
  NOT STARTED.
  Currently in standby mode.
  Number of jobs executed: 0
  Using thread pool 'org.quartz.simpl.SimpleThreadPool' - with 10 threads.
  Using job-store 'org.quartz.simpl.RAMJobStore' - which does not support persistence. and is not clustered.

2025-06-17 22:10:30,283 INFO  [Main] o.q.i.StdSchedulerFactory: Quartz scheduler 'Statsd' initialized from an externally provided properties instance.
2025-06-17 22:10:30,283 INFO  [Main] o.q.i.StdSchedulerFactory: Quartz scheduler version: 2.3.2
2025-06-17 22:10:30,284 INFO  [Main] o.q.c.QuartzScheduler: JobFactory set to: org.springframework.scheduling.quartz.AdaptableJobFactory@76667e9a
2025-06-17 22:10:30,297 INFO  [Main] o.s.c.s.DefaultLifecycleProcessor: Starting beans in phase 2147483647
2025-06-17 22:10:30,297 INFO  [Main] o.s.s.q.SchedulerFactoryBean: Starting Quartz Scheduler now
2025-06-17 22:10:30,297 INFO  [Main] o.q.c.QuartzScheduler: Scheduler Statsd_$_NON_CLUSTERED started.
2025-06-17 22:12:32,342 INFO  [Thread-0] o.s.c.s.ClassPathXmlApplicationContext: Closing ApplicationContext 'statisticsDaemonContext': startup date [Tue Jun 17 22:10:30 UTC 2025]; parent: ApplicationContext 'daoContext'
2025-06-17 22:12:32,343 INFO  [Thread-0] o.s.c.s.DefaultLifecycleProcessor: Stopping beans in phase 2147483647
2025-06-17 22:12:32,343 INFO  [Thread-0] o.q.c.QuartzScheduler: Scheduler Statsd_$_NON_CLUSTERED paused.
2025-06-17 22:12:32,343 INFO  [Thread-0] o.q.c.QuartzScheduler: Scheduler Statsd_$_NON_CLUSTERED shutting down.
2025-06-17 22:12:32,343 INFO  [Thread-0] o.q.c.QuartzScheduler: Scheduler Statsd_$_NON_CLUSTERED paused.
2025-06-17 22:12:32,343 INFO  [Thread-0] o.q.c.QuartzScheduler: Scheduler Statsd_$_NON_CLUSTERED shutdown complete.
2025-06-17 22:12:32,343 INFO  [Thread-0] o.s.s.q.SchedulerFactoryBean: Shutting down Quartz Scheduler
2025-06-17 22:12:55,699 INFO  [Main] o.s.c.s.ClassPathXmlApplicationContext: Refreshing org.springframework.context.support.ClassPathXmlApplicationContext@2b8851da: startup date [Tue Jun 17 22:12:55 UTC 2025]; parent: ApplicationContext 'daoContext'
2025-06-17 22:12:55,701 INFO  [Main] o.s.b.f.x.XmlBeanDefinitionReader: Loading XML bean definitions from class path resource [META-INF/opennms/applicationContext-statisticsDaemon.xml]
2025-06-17 22:12:55,712 INFO  [Main] o.s.b.f.a.AutowiredAnnotationBeanPostProcessor: JSR-330 'javax.inject.Inject' annotation found and supported for autowiring
2025-06-17 22:12:55,753 INFO  [Main] o.q.i.StdSchedulerFactory: Using default implementation for ThreadExecutor
2025-06-17 22:12:55,762 INFO  [Main] o.q.c.SchedulerSignalerImpl: Initialized Scheduler Signaller of type: class org.quartz.core.SchedulerSignalerImpl
2025-06-17 22:12:55,762 INFO  [Main] o.q.c.QuartzScheduler: Quartz Scheduler v.2.3.2 created.
2025-06-17 22:12:55,763 INFO  [Main] o.q.s.RAMJobStore: RAMJobStore initialized.
2025-06-17 22:12:55,763 INFO  [Main] o.q.c.QuartzScheduler: Scheduler meta-data: Quartz Scheduler (v2.3.2) 'Statsd' with instanceId 'NON_CLUSTERED'
  Scheduler class: 'org.quartz.core.QuartzScheduler' - running locally.
  NOT STARTED.
  Currently in standby mode.
  Number of jobs executed: 0
  Using thread pool 'org.quartz.simpl.SimpleThreadPool' - with 10 threads.
  Using job-store 'org.quartz.simpl.RAMJobStore' - which does not support persistence. and is not clustered.

2025-06-17 22:12:55,763 INFO  [Main] o.q.i.StdSchedulerFactory: Quartz scheduler 'Statsd' initialized from an externally provided properties instance.
2025-06-17 22:12:55,763 INFO  [Main] o.q.i.StdSchedulerFactory: Quartz scheduler version: 2.3.2
2025-06-17 22:12:55,764 INFO  [Main] o.q.c.QuartzScheduler: JobFactory set to: org.springframework.scheduling.quartz.AdaptableJobFactory@15f239d
2025-06-17 22:12:55,770 INFO  [Main] o.s.c.s.DefaultLifecycleProcessor: Starting beans in phase 2147483647
2025-06-17 22:12:55,770 INFO  [Main] o.s.s.q.SchedulerFactoryBean: Starting Quartz Scheduler now
2025-06-17 22:12:55,770 INFO  [Main] o.q.c.QuartzScheduler: Scheduler Statsd_$_NON_CLUSTERED started.
2025-06-17 22:38:31,212 INFO  [Thread-0] o.s.c.s.ClassPathXmlApplicationContext: Closing ApplicationContext 'statisticsDaemonContext': startup date [Tue Jun 17 22:12:55 UTC 2025]; parent: ApplicationContext 'daoContext'
2025-06-17 22:38:31,212 INFO  [Thread-0] o.s.c.s.DefaultLifecycleProcessor: Stopping beans in phase 2147483647
2025-06-17 22:38:31,212 INFO  [Thread-0] o.q.c.QuartzScheduler: Scheduler Statsd_$_NON_CLUSTERED paused.
2025-06-17 22:38:31,213 INFO  [Thread-0] o.q.c.QuartzScheduler: Scheduler Statsd_$_NON_CLUSTERED shutting down.
2025-06-17 22:38:31,213 INFO  [Thread-0] o.q.c.QuartzScheduler: Scheduler Statsd_$_NON_CLUSTERED paused.
2025-06-17 22:38:31,213 INFO  [Thread-0] o.q.c.QuartzScheduler: Scheduler Statsd_$_NON_CLUSTERED shutdown complete.
2025-06-17 22:38:31,213 INFO  [Thread-0] o.s.s.q.SchedulerFactoryBean: Shutting down Quartz Scheduler
2025-06-17 22:38:51,487 INFO  [Main] o.s.c.s.ClassPathXmlApplicationContext: Refreshing org.springframework.context.support.ClassPathXmlApplicationContext@1d1d68d6: startup date [Tue Jun 17 22:38:51 UTC 2025]; parent: ApplicationContext 'daoContext'
2025-06-17 22:38:51,488 INFO  [Main] o.s.b.f.x.XmlBeanDefinitionReader: Loading XML bean definitions from class path resource [META-INF/opennms/applicationContext-statisticsDaemon.xml]
2025-06-17 22:38:51,498 INFO  [Main] o.s.b.f.a.AutowiredAnnotationBeanPostProcessor: JSR-330 'javax.inject.Inject' annotation found and supported for autowiring
2025-06-17 22:38:51,532 INFO  [Main] o.q.i.StdSchedulerFactory: Using default implementation for ThreadExecutor
2025-06-17 22:38:51,542 INFO  [Main] o.q.c.SchedulerSignalerImpl: Initialized Scheduler Signaller of type: class org.quartz.core.SchedulerSignalerImpl
2025-06-17 22:38:51,542 INFO  [Main] o.q.c.QuartzScheduler: Quartz Scheduler v.2.3.2 created.
2025-06-17 22:38:51,542 INFO  [Main] o.q.s.RAMJobStore: RAMJobStore initialized.
2025-06-17 22:38:51,542 INFO  [Main] o.q.c.QuartzScheduler: Scheduler meta-data: Quartz Scheduler (v2.3.2) 'Statsd' with instanceId 'NON_CLUSTERED'
  Scheduler class: 'org.quartz.core.QuartzScheduler' - running locally.
  NOT STARTED.
  Currently in standby mode.
  Number of jobs executed: 0
  Using thread pool 'org.quartz.simpl.SimpleThreadPool' - with 10 threads.
  Using job-store 'org.quartz.simpl.RAMJobStore' - which does not support persistence. and is not clustered.

2025-06-17 22:38:51,543 INFO  [Main] o.q.i.StdSchedulerFactory: Quartz scheduler 'Statsd' initialized from an externally provided properties instance.
2025-06-17 22:38:51,543 INFO  [Main] o.q.i.StdSchedulerFactory: Quartz scheduler version: 2.3.2
2025-06-17 22:38:51,543 INFO  [Main] o.q.c.QuartzScheduler: JobFactory set to: org.springframework.scheduling.quartz.AdaptableJobFactory@32e4209
2025-06-17 22:38:51,549 INFO  [Main] o.s.c.s.DefaultLifecycleProcessor: Starting beans in phase 2147483647
2025-06-17 22:38:51,549 INFO  [Main] o.s.s.q.SchedulerFactoryBean: Starting Quartz Scheduler now
2025-06-17 22:38:51,550 INFO  [Main] o.q.c.QuartzScheduler: Scheduler Statsd_$_NON_CLUSTERED started.
2025-06-17 22:46:56,917 INFO  [Thread-0] o.s.c.s.ClassPathXmlApplicationContext: Closing ApplicationContext 'statisticsDaemonContext': startup date [Tue Jun 17 22:38:51 UTC 2025]; parent: ApplicationContext 'daoContext'
2025-06-17 22:46:56,917 INFO  [Thread-0] o.s.c.s.DefaultLifecycleProcessor: Stopping beans in phase 2147483647
2025-06-17 22:46:56,917 INFO  [Thread-0] o.q.c.QuartzScheduler: Scheduler Statsd_$_NON_CLUSTERED paused.
2025-06-17 22:46:56,918 INFO  [Thread-0] o.q.c.QuartzScheduler: Scheduler Statsd_$_NON_CLUSTERED shutting down.
2025-06-17 22:46:56,918 INFO  [Thread-0] o.q.c.QuartzScheduler: Scheduler Statsd_$_NON_CLUSTERED paused.
2025-06-17 22:46:56,918 INFO  [Thread-0] o.q.c.QuartzScheduler: Scheduler Statsd_$_NON_CLUSTERED shutdown complete.
2025-06-17 22:46:56,918 INFO  [Thread-0] o.s.s.q.SchedulerFactoryBean: Shutting down Quartz Scheduler
2025-06-17 22:47:17,075 INFO  [Main] o.s.c.s.ClassPathXmlApplicationContext: Refreshing org.springframework.context.support.ClassPathXmlApplicationContext@4b265213: startup date [Tue Jun 17 22:47:17 UTC 2025]; parent: ApplicationContext 'daoContext'
2025-06-17 22:47:17,077 INFO  [Main] o.s.b.f.x.XmlBeanDefinitionReader: Loading XML bean definitions from class path resource [META-INF/opennms/applicationContext-statisticsDaemon.xml]
2025-06-17 22:47:17,093 INFO  [Main] o.s.b.f.a.AutowiredAnnotationBeanPostProcessor: JSR-330 'javax.inject.Inject' annotation found and supported for autowiring
2025-06-17 22:47:17,127 INFO  [Main] o.q.i.StdSchedulerFactory: Using default implementation for ThreadExecutor
2025-06-17 22:47:17,137 INFO  [Main] o.q.c.SchedulerSignalerImpl: Initialized Scheduler Signaller of type: class org.quartz.core.SchedulerSignalerImpl
2025-06-17 22:47:17,137 INFO  [Main] o.q.c.QuartzScheduler: Quartz Scheduler v.2.3.2 created.
2025-06-17 22:47:17,137 INFO  [Main] o.q.s.RAMJobStore: RAMJobStore initialized.
2025-06-17 22:47:17,138 INFO  [Main] o.q.c.QuartzScheduler: Scheduler meta-data: Quartz Scheduler (v2.3.2) 'Statsd' with instanceId 'NON_CLUSTERED'
  Scheduler class: 'org.quartz.core.QuartzScheduler' - running locally.
  NOT STARTED.
  Currently in standby mode.
  Number of jobs executed: 0
  Using thread pool 'org.quartz.simpl.SimpleThreadPool' - with 10 threads.
  Using job-store 'org.quartz.simpl.RAMJobStore' - which does not support persistence. and is not clustered.

2025-06-17 22:47:17,138 INFO  [Main] o.q.i.StdSchedulerFactory: Quartz scheduler 'Statsd' initialized from an externally provided properties instance.
2025-06-17 22:47:17,138 INFO  [Main] o.q.i.StdSchedulerFactory: Quartz scheduler version: 2.3.2
2025-06-17 22:47:17,139 INFO  [Main] o.q.c.QuartzScheduler: JobFactory set to: org.springframework.scheduling.quartz.AdaptableJobFactory@f865e88
2025-06-17 22:47:17,145 INFO  [Main] o.s.c.s.DefaultLifecycleProcessor: Starting beans in phase 2147483647
2025-06-17 22:47:17,145 INFO  [Main] o.s.s.q.SchedulerFactoryBean: Starting Quartz Scheduler now
2025-06-17 22:47:17,145 INFO  [Main] o.q.c.QuartzScheduler: Scheduler Statsd_$_NON_CLUSTERED started.
2025-06-17 22:58:27,876 INFO  [Thread-0] o.s.c.s.ClassPathXmlApplicationContext: Closing ApplicationContext 'statisticsDaemonContext': startup date [Tue Jun 17 22:47:17 UTC 2025]; parent: ApplicationContext 'daoContext'
2025-06-17 22:58:27,876 INFO  [Thread-0] o.s.c.s.DefaultLifecycleProcessor: Stopping beans in phase 2147483647
2025-06-17 22:58:27,876 INFO  [Thread-0] o.q.c.QuartzScheduler: Scheduler Statsd_$_NON_CLUSTERED paused.
2025-06-17 22:58:27,876 INFO  [Thread-0] o.q.c.QuartzScheduler: Scheduler Statsd_$_NON_CLUSTERED shutting down.
2025-06-17 22:58:27,876 INFO  [Thread-0] o.q.c.QuartzScheduler: Scheduler Statsd_$_NON_CLUSTERED paused.
2025-06-17 22:58:27,876 INFO  [Thread-0] o.q.c.QuartzScheduler: Scheduler Statsd_$_NON_CLUSTERED shutdown complete.
2025-06-17 22:58:27,876 INFO  [Thread-0] o.s.s.q.SchedulerFactoryBean: Shutting down Quartz Scheduler
2025-06-17 22:58:47,976 INFO  [Main] o.s.c.s.ClassPathXmlApplicationContext: Refreshing org.springframework.context.support.ClassPathXmlApplicationContext@7567610a: startup date [Tue Jun 17 22:58:47 UTC 2025]; parent: ApplicationContext 'daoContext'
2025-06-17 22:58:47,977 INFO  [Main] o.s.b.f.x.XmlBeanDefinitionReader: Loading XML bean definitions from class path resource [META-INF/opennms/applicationContext-statisticsDaemon.xml]
2025-06-17 22:58:47,993 INFO  [Main] o.s.b.f.a.AutowiredAnnotationBeanPostProcessor: JSR-330 'javax.inject.Inject' annotation found and supported for autowiring
2025-06-17 22:58:48,018 INFO  [Main] o.q.i.StdSchedulerFactory: Using default implementation for ThreadExecutor
2025-06-17 22:58:48,026 INFO  [Main] o.q.c.SchedulerSignalerImpl: Initialized Scheduler Signaller of type: class org.quartz.core.SchedulerSignalerImpl
2025-06-17 22:58:48,026 INFO  [Main] o.q.c.QuartzScheduler: Quartz Scheduler v.2.3.2 created.
2025-06-17 22:58:48,026 INFO  [Main] o.q.s.RAMJobStore: RAMJobStore initialized.
2025-06-17 22:58:48,027 INFO  [Main] o.q.c.QuartzScheduler: Scheduler meta-data: Quartz Scheduler (v2.3.2) 'Statsd' with instanceId 'NON_CLUSTERED'
  Scheduler class: 'org.quartz.core.QuartzScheduler' - running locally.
  NOT STARTED.
  Currently in standby mode.
  Number of jobs executed: 0
  Using thread pool 'org.quartz.simpl.SimpleThreadPool' - with 10 threads.
  Using job-store 'org.quartz.simpl.RAMJobStore' - which does not support persistence. and is not clustered.

2025-06-17 22:58:48,027 INFO  [Main] o.q.i.StdSchedulerFactory: Quartz scheduler 'Statsd' initialized from an externally provided properties instance.
2025-06-17 22:58:48,027 INFO  [Main] o.q.i.StdSchedulerFactory: Quartz scheduler version: 2.3.2
2025-06-17 22:58:48,028 INFO  [Main] o.q.c.QuartzScheduler: JobFactory set to: org.springframework.scheduling.quartz.AdaptableJobFactory@2603486c
2025-06-17 22:58:48,043 INFO  [Main] o.s.c.s.DefaultLifecycleProcessor: Starting beans in phase 2147483647
2025-06-17 22:58:48,043 INFO  [Main] o.s.s.q.SchedulerFactoryBean: Starting Quartz Scheduler now
2025-06-17 22:58:48,043 INFO  [Main] o.q.c.QuartzScheduler: Scheduler Statsd_$_NON_CLUSTERED started.
2025-06-17 23:04:31,543 INFO  [Thread-0] o.s.c.s.ClassPathXmlApplicationContext: Closing ApplicationContext 'statisticsDaemonContext': startup date [Tue Jun 17 22:58:47 UTC 2025]; parent: ApplicationContext 'daoContext'
2025-06-17 23:04:31,543 INFO  [Thread-0] o.s.c.s.DefaultLifecycleProcessor: Stopping beans in phase 2147483647
2025-06-17 23:04:31,543 INFO  [Thread-0] o.q.c.QuartzScheduler: Scheduler Statsd_$_NON_CLUSTERED paused.
2025-06-17 23:04:31,543 INFO  [Thread-0] o.q.c.QuartzScheduler: Scheduler Statsd_$_NON_CLUSTERED shutting down.
2025-06-17 23:04:31,543 INFO  [Thread-0] o.q.c.QuartzScheduler: Scheduler Statsd_$_NON_CLUSTERED paused.
2025-06-17 23:04:31,543 INFO  [Thread-0] o.q.c.QuartzScheduler: Scheduler Statsd_$_NON_CLUSTERED shutdown complete.
2025-06-17 23:04:31,543 INFO  [Thread-0] o.s.s.q.SchedulerFactoryBean: Shutting down Quartz Scheduler
2025-06-17 23:04:52,109 INFO  [Main] o.s.c.s.ClassPathXmlApplicationContext: Refreshing org.springframework.context.support.ClassPathXmlApplicationContext@6f6e240e: startup date [Tue Jun 17 23:04:52 UTC 2025]; parent: ApplicationContext 'daoContext'
2025-06-17 23:04:52,110 INFO  [Main] o.s.b.f.x.XmlBeanDefinitionReader: Loading XML bean definitions from class path resource [META-INF/opennms/applicationContext-statisticsDaemon.xml]
2025-06-17 23:04:52,124 INFO  [Main] o.s.b.f.a.AutowiredAnnotationBeanPostProcessor: JSR-330 'javax.inject.Inject' annotation found and supported for autowiring
2025-06-17 23:04:52,177 INFO  [Main] o.q.i.StdSchedulerFactory: Using default implementation for ThreadExecutor
2025-06-17 23:04:52,188 INFO  [Main] o.q.c.SchedulerSignalerImpl: Initialized Scheduler Signaller of type: class org.quartz.core.SchedulerSignalerImpl
2025-06-17 23:04:52,188 INFO  [Main] o.q.c.QuartzScheduler: Quartz Scheduler v.2.3.2 created.
2025-06-17 23:04:52,188 INFO  [Main] o.q.s.RAMJobStore: RAMJobStore initialized.
2025-06-17 23:04:52,189 INFO  [Main] o.q.c.QuartzScheduler: Scheduler meta-data: Quartz Scheduler (v2.3.2) 'Statsd' with instanceId 'NON_CLUSTERED'
  Scheduler class: 'org.quartz.core.QuartzScheduler' - running locally.
  NOT STARTED.
  Currently in standby mode.
  Number of jobs executed: 0
  Using thread pool 'org.quartz.simpl.SimpleThreadPool' - with 10 threads.
  Using job-store 'org.quartz.simpl.RAMJobStore' - which does not support persistence. and is not clustered.

2025-06-17 23:04:52,189 INFO  [Main] o.q.i.StdSchedulerFactory: Quartz scheduler 'Statsd' initialized from an externally provided properties instance.
2025-06-17 23:04:52,189 INFO  [Main] o.q.i.StdSchedulerFactory: Quartz scheduler version: 2.3.2
2025-06-17 23:04:52,190 INFO  [Main] o.q.c.QuartzScheduler: JobFactory set to: org.springframework.scheduling.quartz.AdaptableJobFactory@3064cc3e
2025-06-17 23:04:52,196 INFO  [Main] o.s.c.s.DefaultLifecycleProcessor: Starting beans in phase 2147483647
2025-06-17 23:04:52,196 INFO  [Main] o.s.s.q.SchedulerFactoryBean: Starting Quartz Scheduler now
2025-06-17 23:04:52,196 INFO  [Main] o.q.c.QuartzScheduler: Scheduler Statsd_$_NON_CLUSTERED started.
2025-06-17 23:09:08,517 INFO  [Thread-0] o.s.c.s.ClassPathXmlApplicationContext: Closing ApplicationContext 'statisticsDaemonContext': startup date [Tue Jun 17 23:04:52 UTC 2025]; parent: ApplicationContext 'daoContext'
2025-06-17 23:09:08,518 INFO  [Thread-0] o.s.c.s.DefaultLifecycleProcessor: Stopping beans in phase 2147483647
2025-06-17 23:09:08,518 INFO  [Thread-0] o.q.c.QuartzScheduler: Scheduler Statsd_$_NON_CLUSTERED paused.
2025-06-17 23:09:08,518 INFO  [Thread-0] o.q.c.QuartzScheduler: Scheduler Statsd_$_NON_CLUSTERED shutting down.
2025-06-17 23:09:08,518 INFO  [Thread-0] o.q.c.QuartzScheduler: Scheduler Statsd_$_NON_CLUSTERED paused.
2025-06-17 23:09:08,518 INFO  [Thread-0] o.q.c.QuartzScheduler: Scheduler Statsd_$_NON_CLUSTERED shutdown complete.
2025-06-17 23:09:08,518 INFO  [Thread-0] o.s.s.q.SchedulerFactoryBean: Shutting down Quartz Scheduler
2025-06-17 23:09:29,038 INFO  [Main] o.s.c.s.ClassPathXmlApplicationContext: Refreshing org.springframework.context.support.ClassPathXmlApplicationContext@4f1742b7: startup date [Tue Jun 17 23:09:29 UTC 2025]; parent: ApplicationContext 'daoContext'
2025-06-17 23:09:29,039 INFO  [Main] o.s.b.f.x.XmlBeanDefinitionReader: Loading XML bean definitions from class path resource [META-INF/opennms/applicationContext-statisticsDaemon.xml]
2025-06-17 23:09:29,050 INFO  [Main] o.s.b.f.a.AutowiredAnnotationBeanPostProcessor: JSR-330 'javax.inject.Inject' annotation found and supported for autowiring
2025-06-17 23:09:29,075 INFO  [Main] o.q.i.StdSchedulerFactory: Using default implementation for ThreadExecutor
2025-06-17 23:09:29,084 INFO  [Main] o.q.c.SchedulerSignalerImpl: Initialized Scheduler Signaller of type: class org.quartz.core.SchedulerSignalerImpl
2025-06-17 23:09:29,084 INFO  [Main] o.q.c.QuartzScheduler: Quartz Scheduler v.2.3.2 created.
2025-06-17 23:09:29,084 INFO  [Main] o.q.s.RAMJobStore: RAMJobStore initialized.
2025-06-17 23:09:29,085 INFO  [Main] o.q.c.QuartzScheduler: Scheduler meta-data: Quartz Scheduler (v2.3.2) 'Statsd' with instanceId 'NON_CLUSTERED'
  Scheduler class: 'org.quartz.core.QuartzScheduler' - running locally.
  NOT STARTED.
  Currently in standby mode.
  Number of jobs executed: 0
  Using thread pool 'org.quartz.simpl.SimpleThreadPool' - with 10 threads.
  Using job-store 'org.quartz.simpl.RAMJobStore' - which does not support persistence. and is not clustered.

2025-06-17 23:09:29,085 INFO  [Main] o.q.i.StdSchedulerFactory: Quartz scheduler 'Statsd' initialized from an externally provided properties instance.
2025-06-17 23:09:29,085 INFO  [Main] o.q.i.StdSchedulerFactory: Quartz scheduler version: 2.3.2
2025-06-17 23:09:29,086 INFO  [Main] o.q.c.QuartzScheduler: JobFactory set to: org.springframework.scheduling.quartz.AdaptableJobFactory@40ce2d6e
2025-06-17 23:09:29,095 INFO  [Main] o.s.c.s.DefaultLifecycleProcessor: Starting beans in phase 2147483647
2025-06-17 23:09:29,095 INFO  [Main] o.s.s.q.SchedulerFactoryBean: Starting Quartz Scheduler now
2025-06-17 23:09:29,096 INFO  [Main] o.q.c.QuartzScheduler: Scheduler Statsd_$_NON_CLUSTERED started.
2025-06-17 23:13:19,288 INFO  [Thread-0] o.s.c.s.ClassPathXmlApplicationContext: Closing ApplicationContext 'statisticsDaemonContext': startup date [Tue Jun 17 23:09:29 UTC 2025]; parent: ApplicationContext 'daoContext'
2025-06-17 23:13:19,288 INFO  [Thread-0] o.s.c.s.DefaultLifecycleProcessor: Stopping beans in phase 2147483647
2025-06-17 23:13:19,288 INFO  [Thread-0] o.q.c.QuartzScheduler: Scheduler Statsd_$_NON_CLUSTERED paused.
2025-06-17 23:13:19,288 INFO  [Thread-0] o.q.c.QuartzScheduler: Scheduler Statsd_$_NON_CLUSTERED shutting down.
2025-06-17 23:13:19,289 INFO  [Thread-0] o.q.c.QuartzScheduler: Scheduler Statsd_$_NON_CLUSTERED paused.
2025-06-17 23:13:19,289 INFO  [Thread-0] o.q.c.QuartzScheduler: Scheduler Statsd_$_NON_CLUSTERED shutdown complete.
2025-06-17 23:13:19,289 INFO  [Thread-0] o.s.s.q.SchedulerFactoryBean: Shutting down Quartz Scheduler
2025-06-17 23:13:39,776 INFO  [Main] o.s.c.s.ClassPathXmlApplicationContext: Refreshing org.springframework.context.support.ClassPathXmlApplicationContext@19e0b7f1: startup date [Tue Jun 17 23:13:39 UTC 2025]; parent: ApplicationContext 'daoContext'
2025-06-17 23:13:39,777 INFO  [Main] o.s.b.f.x.XmlBeanDefinitionReader: Loading XML bean definitions from class path resource [META-INF/opennms/applicationContext-statisticsDaemon.xml]
2025-06-17 23:13:39,789 INFO  [Main] o.s.b.f.a.AutowiredAnnotationBeanPostProcessor: JSR-330 'javax.inject.Inject' annotation found and supported for autowiring
2025-06-17 23:13:39,815 INFO  [Main] o.q.i.StdSchedulerFactory: Using default implementation for ThreadExecutor
2025-06-17 23:13:39,825 INFO  [Main] o.q.c.SchedulerSignalerImpl: Initialized Scheduler Signaller of type: class org.quartz.core.SchedulerSignalerImpl
2025-06-17 23:13:39,825 INFO  [Main] o.q.c.QuartzScheduler: Quartz Scheduler v.2.3.2 created.
2025-06-17 23:13:39,826 INFO  [Main] o.q.s.RAMJobStore: RAMJobStore initialized.
2025-06-17 23:13:39,827 INFO  [Main] o.q.c.QuartzScheduler: Scheduler meta-data: Quartz Scheduler (v2.3.2) 'Statsd' with instanceId 'NON_CLUSTERED'
  Scheduler class: 'org.quartz.core.QuartzScheduler' - running locally.
  NOT STARTED.
  Currently in standby mode.
  Number of jobs executed: 0
  Using thread pool 'org.quartz.simpl.SimpleThreadPool' - with 10 threads.
  Using job-store 'org.quartz.simpl.RAMJobStore' - which does not support persistence. and is not clustered.

2025-06-17 23:13:39,827 INFO  [Main] o.q.i.StdSchedulerFactory: Quartz scheduler 'Statsd' initialized from an externally provided properties instance.
2025-06-17 23:13:39,827 INFO  [Main] o.q.i.StdSchedulerFactory: Quartz scheduler version: 2.3.2
2025-06-17 23:13:39,828 INFO  [Main] o.q.c.QuartzScheduler: JobFactory set to: org.springframework.scheduling.quartz.AdaptableJobFactory@71a08bec
2025-06-17 23:13:39,840 INFO  [Main] o.s.c.s.DefaultLifecycleProcessor: Starting beans in phase 2147483647
2025-06-17 23:13:39,840 INFO  [Main] o.s.s.q.SchedulerFactoryBean: Starting Quartz Scheduler now
2025-06-17 23:13:39,840 INFO  [Main] o.q.c.QuartzScheduler: Scheduler Statsd_$_NON_CLUSTERED started.
2025-06-25 14:09:29,959 INFO  [Main] o.s.c.s.ClassPathXmlApplicationContext: Refreshing org.springframework.context.support.ClassPathXmlApplicationContext@1867b82b: startup date [Wed Jun 25 14:09:29 UTC 2025]; parent: ApplicationContext 'daoContext'
2025-06-25 14:09:29,961 INFO  [Main] o.s.b.f.x.XmlBeanDefinitionReader: Loading XML bean definitions from class path resource [META-INF/opennms/applicationContext-statisticsDaemon.xml]
2025-06-25 14:09:29,975 INFO  [Main] o.s.b.f.a.AutowiredAnnotationBeanPostProcessor: JSR-330 'javax.inject.Inject' annotation found and supported for autowiring
2025-06-25 14:09:30,001 INFO  [Main] o.q.i.StdSchedulerFactory: Using default implementation for ThreadExecutor
2025-06-25 14:09:30,012 INFO  [Main] o.q.c.SchedulerSignalerImpl: Initialized Scheduler Signaller of type: class org.quartz.core.SchedulerSignalerImpl
2025-06-25 14:09:30,012 INFO  [Main] o.q.c.QuartzScheduler: Quartz Scheduler v.2.3.2 created.
2025-06-25 14:09:30,013 INFO  [Main] o.q.s.RAMJobStore: RAMJobStore initialized.
2025-06-25 14:09:30,014 INFO  [Main] o.q.c.QuartzScheduler: Scheduler meta-data: Quartz Scheduler (v2.3.2) 'Statsd' with instanceId 'NON_CLUSTERED'
  Scheduler class: 'org.quartz.core.QuartzScheduler' - running locally.
  NOT STARTED.
  Currently in standby mode.
  Number of jobs executed: 0
  Using thread pool 'org.quartz.simpl.SimpleThreadPool' - with 10 threads.
  Using job-store 'org.quartz.simpl.RAMJobStore' - which does not support persistence. and is not clustered.

2025-06-25 14:09:30,014 INFO  [Main] o.q.i.StdSchedulerFactory: Quartz scheduler 'Statsd' initialized from an externally provided properties instance.
2025-06-25 14:09:30,014 INFO  [Main] o.q.i.StdSchedulerFactory: Quartz scheduler version: 2.3.2
2025-06-25 14:09:30,015 INFO  [Main] o.q.c.QuartzScheduler: JobFactory set to: org.springframework.scheduling.quartz.AdaptableJobFactory@43163548
2025-06-25 14:09:30,021 INFO  [Main] o.s.c.s.DefaultLifecycleProcessor: Starting beans in phase 2147483647
2025-06-25 14:09:30,022 INFO  [Main] o.s.s.q.SchedulerFactoryBean: Starting Quartz Scheduler now
2025-06-25 14:09:30,022 INFO  [Main] o.q.c.QuartzScheduler: Scheduler Statsd_$_NON_CLUSTERED started.
2025-06-25 14:18:47,346 INFO  [Main] o.s.c.s.ClassPathXmlApplicationContext: Refreshing org.springframework.context.support.ClassPathXmlApplicationContext@1aac1c6a: startup date [Wed Jun 25 14:18:47 UTC 2025]; parent: ApplicationContext 'daoContext'
2025-06-25 14:18:47,347 INFO  [Main] o.s.b.f.x.XmlBeanDefinitionReader: Loading XML bean definitions from class path resource [META-INF/opennms/applicationContext-statisticsDaemon.xml]
2025-06-25 14:18:47,358 INFO  [Main] o.s.b.f.a.AutowiredAnnotationBeanPostProcessor: JSR-330 'javax.inject.Inject' annotation found and supported for autowiring
2025-06-25 14:18:47,397 INFO  [Main] o.q.i.StdSchedulerFactory: Using default implementation for ThreadExecutor
2025-06-25 14:18:47,407 INFO  [Main] o.q.c.SchedulerSignalerImpl: Initialized Scheduler Signaller of type: class org.quartz.core.SchedulerSignalerImpl
2025-06-25 14:18:47,407 INFO  [Main] o.q.c.QuartzScheduler: Quartz Scheduler v.2.3.2 created.
2025-06-25 14:18:47,407 INFO  [Main] o.q.s.RAMJobStore: RAMJobStore initialized.
2025-06-25 14:18:47,408 INFO  [Main] o.q.c.QuartzScheduler: Scheduler meta-data: Quartz Scheduler (v2.3.2) 'Statsd' with instanceId 'NON_CLUSTERED'
  Scheduler class: 'org.quartz.core.QuartzScheduler' - running locally.
  NOT STARTED.
  Currently in standby mode.
  Number of jobs executed: 0
  Using thread pool 'org.quartz.simpl.SimpleThreadPool' - with 10 threads.
  Using job-store 'org.quartz.simpl.RAMJobStore' - which does not support persistence. and is not clustered.

2025-06-25 14:18:47,408 INFO  [Main] o.q.i.StdSchedulerFactory: Quartz scheduler 'Statsd' initialized from an externally provided properties instance.
2025-06-25 14:18:47,408 INFO  [Main] o.q.i.StdSchedulerFactory: Quartz scheduler version: 2.3.2
2025-06-25 14:18:47,409 INFO  [Main] o.q.c.QuartzScheduler: JobFactory set to: org.springframework.scheduling.quartz.AdaptableJobFactory@7fb83287
2025-06-25 14:18:47,414 INFO  [Main] o.s.c.s.DefaultLifecycleProcessor: Starting beans in phase 2147483647
2025-06-25 14:18:47,414 INFO  [Main] o.s.s.q.SchedulerFactoryBean: Starting Quartz Scheduler now
2025-06-25 14:18:47,415 INFO  [Main] o.q.c.QuartzScheduler: Scheduler Statsd_$_NON_CLUSTERED started.
2025-06-25 14:29:47,873 INFO  [Main] o.s.c.s.ClassPathXmlApplicationContext: Refreshing org.springframework.context.support.ClassPathXmlApplicationContext@4b62a1bb: startup date [Wed Jun 25 14:29:47 UTC 2025]; parent: ApplicationContext 'daoContext'
2025-06-25 14:29:47,875 INFO  [Main] o.s.b.f.x.XmlBeanDefinitionReader: Loading XML bean definitions from class path resource [META-INF/opennms/applicationContext-statisticsDaemon.xml]
2025-06-25 14:29:47,898 INFO  [Main] o.s.b.f.a.AutowiredAnnotationBeanPostProcessor: JSR-330 'javax.inject.Inject' annotation found and supported for autowiring
2025-06-25 14:29:47,926 INFO  [Main] o.q.i.StdSchedulerFactory: Using default implementation for ThreadExecutor
2025-06-25 14:29:47,936 INFO  [Main] o.q.c.SchedulerSignalerImpl: Initialized Scheduler Signaller of type: class org.quartz.core.SchedulerSignalerImpl
2025-06-25 14:29:47,936 INFO  [Main] o.q.c.QuartzScheduler: Quartz Scheduler v.2.3.2 created.
2025-06-25 14:29:47,937 INFO  [Main] o.q.s.RAMJobStore: RAMJobStore initialized.
2025-06-25 14:29:47,937 INFO  [Main] o.q.c.QuartzScheduler: Scheduler meta-data: Quartz Scheduler (v2.3.2) 'Statsd' with instanceId 'NON_CLUSTERED'
  Scheduler class: 'org.quartz.core.QuartzScheduler' - running locally.
  NOT STARTED.
  Currently in standby mode.
  Number of jobs executed: 0
  Using thread pool 'org.quartz.simpl.SimpleThreadPool' - with 10 threads.
  Using job-store 'org.quartz.simpl.RAMJobStore' - which does not support persistence. and is not clustered.

2025-06-25 14:29:47,937 INFO  [Main] o.q.i.StdSchedulerFactory: Quartz scheduler 'Statsd' initialized from an externally provided properties instance.
2025-06-25 14:29:47,937 INFO  [Main] o.q.i.StdSchedulerFactory: Quartz scheduler version: 2.3.2
2025-06-25 14:29:47,938 INFO  [Main] o.q.c.QuartzScheduler: JobFactory set to: org.springframework.scheduling.quartz.AdaptableJobFactory@44e50869
2025-06-25 14:29:47,944 INFO  [Main] o.s.c.s.DefaultLifecycleProcessor: Starting beans in phase 2147483647
2025-06-25 14:29:47,944 INFO  [Main] o.s.s.q.SchedulerFactoryBean: Starting Quartz Scheduler now
2025-06-25 14:29:47,945 INFO  [Main] o.q.c.QuartzScheduler: Scheduler Statsd_$_NON_CLUSTERED started.
2025-06-25 14:33:34,281 INFO  [Main] o.s.c.s.ClassPathXmlApplicationContext: Refreshing org.springframework.context.support.ClassPathXmlApplicationContext@489d83dd: startup date [Wed Jun 25 14:33:34 UTC 2025]; parent: ApplicationContext 'daoContext'
2025-06-25 14:33:34,296 INFO  [Main] o.s.b.f.x.XmlBeanDefinitionReader: Loading XML bean definitions from class path resource [META-INF/opennms/applicationContext-statisticsDaemon.xml]
2025-06-25 14:33:34,337 INFO  [Main] o.s.b.f.a.AutowiredAnnotationBeanPostProcessor: JSR-330 'javax.inject.Inject' annotation found and supported for autowiring
2025-06-25 14:33:34,363 INFO  [Main] o.q.i.StdSchedulerFactory: Using default implementation for ThreadExecutor
2025-06-25 14:33:34,373 INFO  [Main] o.q.c.SchedulerSignalerImpl: Initialized Scheduler Signaller of type: class org.quartz.core.SchedulerSignalerImpl
2025-06-25 14:33:34,373 INFO  [Main] o.q.c.QuartzScheduler: Quartz Scheduler v.2.3.2 created.
2025-06-25 14:33:34,374 INFO  [Main] o.q.s.RAMJobStore: RAMJobStore initialized.
2025-06-25 14:33:34,374 INFO  [Main] o.q.c.QuartzScheduler: Scheduler meta-data: Quartz Scheduler (v2.3.2) 'Statsd' with instanceId 'NON_CLUSTERED'
  Scheduler class: 'org.quartz.core.QuartzScheduler' - running locally.
  NOT STARTED.
  Currently in standby mode.
  Number of jobs executed: 0
  Using thread pool 'org.quartz.simpl.SimpleThreadPool' - with 10 threads.
  Using job-store 'org.quartz.simpl.RAMJobStore' - which does not support persistence. and is not clustered.

2025-06-25 14:33:34,375 INFO  [Main] o.q.i.StdSchedulerFactory: Quartz scheduler 'Statsd' initialized from an externally provided properties instance.
2025-06-25 14:33:34,375 INFO  [Main] o.q.i.StdSchedulerFactory: Quartz scheduler version: 2.3.2
2025-06-25 14:33:34,376 INFO  [Main] o.q.c.QuartzScheduler: JobFactory set to: org.springframework.scheduling.quartz.AdaptableJobFactory@27db559a
2025-06-25 14:33:34,383 INFO  [Main] o.s.c.s.DefaultLifecycleProcessor: Starting beans in phase 2147483647
2025-06-25 14:33:34,383 INFO  [Main] o.s.s.q.SchedulerFactoryBean: Starting Quartz Scheduler now
2025-06-25 14:33:34,383 INFO  [Main] o.q.c.QuartzScheduler: Scheduler Statsd_$_NON_CLUSTERED started.
