2025-06-17 21:40:25,502 INFO  [Main] o.s.c.s.ClassPathXmlApplicationContext: Refreshing org.springframework.context.support.ClassPathXmlApplicationContext@1e41966f: startup date [Tue Jun 17 21:40:25 UTC 2025]; parent: ApplicationContext 'daoContext'
2025-06-17 21:40:25,504 INFO  [Main] o.s.b.f.x.XmlBeanDefinitionReader: Loading XML bean definitions from class path resource [META-INF/opennms/applicationContext-troubleTicketer.xml]
2025-06-17 21:40:25,518 INFO  [Main] o.s.b.f.a.AutowiredAnnotationBeanPostProcessor: JSR-330 'javax.inject.Inject' annotation found and supported for autowiring
2025-06-17 21:43:33,062 INFO  [Thread-0] o.s.c.s.ClassPathXmlApplicationContext: Closing ApplicationContext 'troubleTicketerContext': startup date [Tue Jun 17 21:40:25 UTC 2025]; parent: ApplicationContext 'daoContext'
2025-06-17 21:43:33,062 WARN  [Thread-0] o.s.b.f.s.DisposableBeanAdapter: Invocation of destroy method failed on bean with name 'org.opennms.core.soa.support.ServiceFactoryBean#0': java.lang.IllegalStateException: Service already unregistered.
2025-06-17 21:43:52,932 INFO  [Main] o.s.c.s.ClassPathXmlApplicationContext: Refreshing org.springframework.context.support.ClassPathXmlApplicationContext@736fe38f: startup date [Tue Jun 17 21:43:52 UTC 2025]; parent: ApplicationContext 'daoContext'
2025-06-17 21:43:52,933 INFO  [Main] o.s.b.f.x.XmlBeanDefinitionReader: Loading XML bean definitions from class path resource [META-INF/opennms/applicationContext-troubleTicketer.xml]
2025-06-17 21:43:52,948 INFO  [Main] o.s.b.f.a.AutowiredAnnotationBeanPostProcessor: JSR-330 'javax.inject.Inject' annotation found and supported for autowiring
2025-06-17 21:49:22,546 INFO  [Thread-0] o.s.c.s.ClassPathXmlApplicationContext: Closing ApplicationContext 'troubleTicketerContext': startup date [Tue Jun 17 21:43:52 UTC 2025]; parent: ApplicationContext 'daoContext'
2025-06-17 21:49:22,546 WARN  [Thread-0] o.s.b.f.s.DisposableBeanAdapter: Invocation of destroy method failed on bean with name 'org.opennms.core.soa.support.ServiceFactoryBean#0': java.lang.IllegalStateException: Service already unregistered.
2025-06-17 21:49:42,246 INFO  [Main] o.s.c.s.ClassPathXmlApplicationContext: Refreshing org.springframework.context.support.ClassPathXmlApplicationContext@3e1ea2c6: startup date [Tue Jun 17 21:49:42 UTC 2025]; parent: ApplicationContext 'daoContext'
2025-06-17 21:49:42,247 INFO  [Main] o.s.b.f.x.XmlBeanDefinitionReader: Loading XML bean definitions from class path resource [META-INF/opennms/applicationContext-troubleTicketer.xml]
2025-06-17 21:49:42,261 INFO  [Main] o.s.b.f.a.AutowiredAnnotationBeanPostProcessor: JSR-330 'javax.inject.Inject' annotation found and supported for autowiring
2025-06-17 21:54:05,470 INFO  [Thread-0] o.s.c.s.ClassPathXmlApplicationContext: Closing ApplicationContext 'troubleTicketerContext': startup date [Tue Jun 17 21:49:42 UTC 2025]; parent: ApplicationContext 'daoContext'
2025-06-17 21:54:05,470 WARN  [Thread-0] o.s.b.f.s.DisposableBeanAdapter: Invocation of destroy method failed on bean with name 'org.opennms.core.soa.support.ServiceFactoryBean#0': java.lang.IllegalStateException: Service already unregistered.
2025-06-17 21:54:25,289 INFO  [Main] o.s.c.s.ClassPathXmlApplicationContext: Refreshing org.springframework.context.support.ClassPathXmlApplicationContext@17d77745: startup date [Tue Jun 17 21:54:25 UTC 2025]; parent: ApplicationContext 'daoContext'
2025-06-17 21:54:25,291 INFO  [Main] o.s.b.f.x.XmlBeanDefinitionReader: Loading XML bean definitions from class path resource [META-INF/opennms/applicationContext-troubleTicketer.xml]
2025-06-17 21:54:25,335 INFO  [Main] o.s.b.f.a.AutowiredAnnotationBeanPostProcessor: JSR-330 'javax.inject.Inject' annotation found and supported for autowiring
2025-06-17 21:58:22,495 INFO  [Thread-0] o.s.c.s.ClassPathXmlApplicationContext: Closing ApplicationContext 'troubleTicketerContext': startup date [Tue Jun 17 21:54:25 UTC 2025]; parent: ApplicationContext 'daoContext'
2025-06-17 21:58:22,495 WARN  [Thread-0] o.s.b.f.s.DisposableBeanAdapter: Invocation of destroy method failed on bean with name 'org.opennms.core.soa.support.ServiceFactoryBean#0': java.lang.IllegalStateException: Service already unregistered.
2025-06-17 21:58:49,592 INFO  [Main] o.s.c.s.ClassPathXmlApplicationContext: Refreshing org.springframework.context.support.ClassPathXmlApplicationContext@4ba0a32c: startup date [Tue Jun 17 21:58:49 UTC 2025]; parent: ApplicationContext 'daoContext'
2025-06-17 21:58:49,593 INFO  [Main] o.s.b.f.x.XmlBeanDefinitionReader: Loading XML bean definitions from class path resource [META-INF/opennms/applicationContext-troubleTicketer.xml]
2025-06-17 21:58:49,607 INFO  [Main] o.s.b.f.a.AutowiredAnnotationBeanPostProcessor: JSR-330 'javax.inject.Inject' annotation found and supported for autowiring
2025-06-17 22:02:51,528 INFO  [Thread-0] o.s.c.s.ClassPathXmlApplicationContext: Closing ApplicationContext 'troubleTicketerContext': startup date [Tue Jun 17 21:58:49 UTC 2025]; parent: ApplicationContext 'daoContext'
2025-06-17 22:02:51,529 WARN  [Thread-0] o.s.b.f.s.DisposableBeanAdapter: Invocation of destroy method failed on bean with name 'org.opennms.core.soa.support.ServiceFactoryBean#0': java.lang.IllegalStateException: Service already unregistered.
2025-06-17 22:03:11,251 INFO  [Main] o.s.c.s.ClassPathXmlApplicationContext: Refreshing org.springframework.context.support.ClassPathXmlApplicationContext@519c5dd8: startup date [Tue Jun 17 22:03:11 UTC 2025]; parent: ApplicationContext 'daoContext'
2025-06-17 22:03:11,252 INFO  [Main] o.s.b.f.x.XmlBeanDefinitionReader: Loading XML bean definitions from class path resource [META-INF/opennms/applicationContext-troubleTicketer.xml]
2025-06-17 22:03:11,265 INFO  [Main] o.s.b.f.a.AutowiredAnnotationBeanPostProcessor: JSR-330 'javax.inject.Inject' annotation found and supported for autowiring
2025-06-17 22:10:08,977 INFO  [Thread-0] o.s.c.s.ClassPathXmlApplicationContext: Closing ApplicationContext 'troubleTicketerContext': startup date [Tue Jun 17 22:03:11 UTC 2025]; parent: ApplicationContext 'daoContext'
2025-06-17 22:10:08,977 WARN  [Thread-0] o.s.b.f.s.DisposableBeanAdapter: Invocation of destroy method failed on bean with name 'org.opennms.core.soa.support.ServiceFactoryBean#0': java.lang.IllegalStateException: Service already unregistered.
2025-06-17 22:10:29,510 INFO  [Main] o.s.c.s.ClassPathXmlApplicationContext: Refreshing org.springframework.context.support.ClassPathXmlApplicationContext@37e5b758: startup date [Tue Jun 17 22:10:29 UTC 2025]; parent: ApplicationContext 'daoContext'
2025-06-17 22:10:29,511 INFO  [Main] o.s.b.f.x.XmlBeanDefinitionReader: Loading XML bean definitions from class path resource [META-INF/opennms/applicationContext-troubleTicketer.xml]
2025-06-17 22:10:29,524 INFO  [Main] o.s.b.f.a.AutowiredAnnotationBeanPostProcessor: JSR-330 'javax.inject.Inject' annotation found and supported for autowiring
2025-06-17 22:12:32,348 INFO  [Thread-0] o.s.c.s.ClassPathXmlApplicationContext: Closing ApplicationContext 'troubleTicketerContext': startup date [Tue Jun 17 22:10:29 UTC 2025]; parent: ApplicationContext 'daoContext'
2025-06-17 22:12:32,348 WARN  [Thread-0] o.s.b.f.s.DisposableBeanAdapter: Invocation of destroy method failed on bean with name 'org.opennms.core.soa.support.ServiceFactoryBean#0': java.lang.IllegalStateException: Service already unregistered.
2025-06-17 22:12:54,834 INFO  [Main] o.s.c.s.ClassPathXmlApplicationContext: Refreshing org.springframework.context.support.ClassPathXmlApplicationContext@275f844a: startup date [Tue Jun 17 22:12:54 UTC 2025]; parent: ApplicationContext 'daoContext'
2025-06-17 22:12:54,835 INFO  [Main] o.s.b.f.x.XmlBeanDefinitionReader: Loading XML bean definitions from class path resource [META-INF/opennms/applicationContext-troubleTicketer.xml]
2025-06-17 22:12:54,861 INFO  [Main] o.s.b.f.a.AutowiredAnnotationBeanPostProcessor: JSR-330 'javax.inject.Inject' annotation found and supported for autowiring
2025-06-17 22:38:31,223 INFO  [Thread-0] o.s.c.s.ClassPathXmlApplicationContext: Closing ApplicationContext 'troubleTicketerContext': startup date [Tue Jun 17 22:12:54 UTC 2025]; parent: ApplicationContext 'daoContext'
2025-06-17 22:38:31,223 WARN  [Thread-0] o.s.b.f.s.DisposableBeanAdapter: Invocation of destroy method failed on bean with name 'org.opennms.core.soa.support.ServiceFactoryBean#0': java.lang.IllegalStateException: Service already unregistered.
2025-06-17 22:38:50,785 INFO  [Main] o.s.c.s.ClassPathXmlApplicationContext: Refreshing org.springframework.context.support.ClassPathXmlApplicationContext@588529e2: startup date [Tue Jun 17 22:38:50 UTC 2025]; parent: ApplicationContext 'daoContext'
2025-06-17 22:38:50,787 INFO  [Main] o.s.b.f.x.XmlBeanDefinitionReader: Loading XML bean definitions from class path resource [META-INF/opennms/applicationContext-troubleTicketer.xml]
2025-06-17 22:38:50,802 INFO  [Main] o.s.b.f.a.AutowiredAnnotationBeanPostProcessor: JSR-330 'javax.inject.Inject' annotation found and supported for autowiring
2025-06-17 22:46:56,927 INFO  [Thread-0] o.s.c.s.ClassPathXmlApplicationContext: Closing ApplicationContext 'troubleTicketerContext': startup date [Tue Jun 17 22:38:50 UTC 2025]; parent: ApplicationContext 'daoContext'
2025-06-17 22:46:56,927 WARN  [Thread-0] o.s.b.f.s.DisposableBeanAdapter: Invocation of destroy method failed on bean with name 'org.opennms.core.soa.support.ServiceFactoryBean#0': java.lang.IllegalStateException: Service already unregistered.
2025-06-17 22:47:16,361 INFO  [Main] o.s.c.s.ClassPathXmlApplicationContext: Refreshing org.springframework.context.support.ClassPathXmlApplicationContext@52cdbe17: startup date [Tue Jun 17 22:47:16 UTC 2025]; parent: ApplicationContext 'daoContext'
2025-06-17 22:47:16,362 INFO  [Main] o.s.b.f.x.XmlBeanDefinitionReader: Loading XML bean definitions from class path resource [META-INF/opennms/applicationContext-troubleTicketer.xml]
2025-06-17 22:47:16,376 INFO  [Main] o.s.b.f.a.AutowiredAnnotationBeanPostProcessor: JSR-330 'javax.inject.Inject' annotation found and supported for autowiring
2025-06-17 22:58:27,882 INFO  [Thread-0] o.s.c.s.ClassPathXmlApplicationContext: Closing ApplicationContext 'troubleTicketerContext': startup date [Tue Jun 17 22:47:16 UTC 2025]; parent: ApplicationContext 'daoContext'
2025-06-17 22:58:27,882 WARN  [Thread-0] o.s.b.f.s.DisposableBeanAdapter: Invocation of destroy method failed on bean with name 'org.opennms.core.soa.support.ServiceFactoryBean#0': java.lang.IllegalStateException: Service already unregistered.
2025-06-17 22:58:47,282 INFO  [Main] o.s.c.s.ClassPathXmlApplicationContext: Refreshing org.springframework.context.support.ClassPathXmlApplicationContext@527dc22a: startup date [Tue Jun 17 22:58:47 UTC 2025]; parent: ApplicationContext 'daoContext'
2025-06-17 22:58:47,283 INFO  [Main] o.s.b.f.x.XmlBeanDefinitionReader: Loading XML bean definitions from class path resource [META-INF/opennms/applicationContext-troubleTicketer.xml]
2025-06-17 22:58:47,296 INFO  [Main] o.s.b.f.a.AutowiredAnnotationBeanPostProcessor: JSR-330 'javax.inject.Inject' annotation found and supported for autowiring
2025-06-17 23:04:31,583 INFO  [Thread-0] o.s.c.s.ClassPathXmlApplicationContext: Closing ApplicationContext 'troubleTicketerContext': startup date [Tue Jun 17 22:58:47 UTC 2025]; parent: ApplicationContext 'daoContext'
2025-06-17 23:04:31,583 WARN  [Thread-0] o.s.b.f.s.DisposableBeanAdapter: Invocation of destroy method failed on bean with name 'org.opennms.core.soa.support.ServiceFactoryBean#0': java.lang.IllegalStateException: Service already unregistered.
2025-06-17 23:04:51,383 INFO  [Main] o.s.c.s.ClassPathXmlApplicationContext: Refreshing org.springframework.context.support.ClassPathXmlApplicationContext@c31bbeb: startup date [Tue Jun 17 23:04:51 UTC 2025]; parent: ApplicationContext 'daoContext'
2025-06-17 23:04:51,384 INFO  [Main] o.s.b.f.x.XmlBeanDefinitionReader: Loading XML bean definitions from class path resource [META-INF/opennms/applicationContext-troubleTicketer.xml]
2025-06-17 23:04:51,400 INFO  [Main] o.s.b.f.a.AutowiredAnnotationBeanPostProcessor: JSR-330 'javax.inject.Inject' annotation found and supported for autowiring
2025-06-17 23:09:08,522 INFO  [Thread-0] o.s.c.s.ClassPathXmlApplicationContext: Closing ApplicationContext 'troubleTicketerContext': startup date [Tue Jun 17 23:04:51 UTC 2025]; parent: ApplicationContext 'daoContext'
2025-06-17 23:09:08,522 WARN  [Thread-0] o.s.b.f.s.DisposableBeanAdapter: Invocation of destroy method failed on bean with name 'org.opennms.core.soa.support.ServiceFactoryBean#0': java.lang.IllegalStateException: Service already unregistered.
2025-06-17 23:09:28,357 INFO  [Main] o.s.c.s.ClassPathXmlApplicationContext: Refreshing org.springframework.context.support.ClassPathXmlApplicationContext@24a36e95: startup date [Tue Jun 17 23:09:28 UTC 2025]; parent: ApplicationContext 'daoContext'
2025-06-17 23:09:28,358 INFO  [Main] o.s.b.f.x.XmlBeanDefinitionReader: Loading XML bean definitions from class path resource [META-INF/opennms/applicationContext-troubleTicketer.xml]
2025-06-17 23:09:28,372 INFO  [Main] o.s.b.f.a.AutowiredAnnotationBeanPostProcessor: JSR-330 'javax.inject.Inject' annotation found and supported for autowiring
2025-06-17 23:13:19,297 INFO  [Thread-0] o.s.c.s.ClassPathXmlApplicationContext: Closing ApplicationContext 'troubleTicketerContext': startup date [Tue Jun 17 23:09:28 UTC 2025]; parent: ApplicationContext 'daoContext'
2025-06-17 23:13:19,298 WARN  [Thread-0] o.s.b.f.s.DisposableBeanAdapter: Invocation of destroy method failed on bean with name 'org.opennms.core.soa.support.ServiceFactoryBean#0': java.lang.IllegalStateException: Service already unregistered.
2025-06-17 23:13:39,034 INFO  [Main] o.s.c.s.ClassPathXmlApplicationContext: Refreshing org.springframework.context.support.ClassPathXmlApplicationContext@6d2385ff: startup date [Tue Jun 17 23:13:39 UTC 2025]; parent: ApplicationContext 'daoContext'
2025-06-17 23:13:39,035 INFO  [Main] o.s.b.f.x.XmlBeanDefinitionReader: Loading XML bean definitions from class path resource [META-INF/opennms/applicationContext-troubleTicketer.xml]
2025-06-17 23:13:39,072 INFO  [Main] o.s.b.f.a.AutowiredAnnotationBeanPostProcessor: JSR-330 'javax.inject.Inject' annotation found and supported for autowiring
2025-06-25 14:09:29,158 INFO  [Main] o.s.c.s.ClassPathXmlApplicationContext: Refreshing org.springframework.context.support.ClassPathXmlApplicationContext@4e350459: startup date [Wed Jun 25 14:09:29 UTC 2025]; parent: ApplicationContext 'daoContext'
2025-06-25 14:09:29,160 INFO  [Main] o.s.b.f.x.XmlBeanDefinitionReader: Loading XML bean definitions from class path resource [META-INF/opennms/applicationContext-troubleTicketer.xml]
2025-06-25 14:09:29,187 INFO  [Main] o.s.b.f.a.AutowiredAnnotationBeanPostProcessor: JSR-330 'javax.inject.Inject' annotation found and supported for autowiring
2025-06-25 14:18:46,580 INFO  [Main] o.s.c.s.ClassPathXmlApplicationContext: Refreshing org.springframework.context.support.ClassPathXmlApplicationContext@45bb84a: startup date [Wed Jun 25 14:18:46 UTC 2025]; parent: ApplicationContext 'daoContext'
2025-06-25 14:18:46,582 INFO  [Main] o.s.b.f.x.XmlBeanDefinitionReader: Loading XML bean definitions from class path resource [META-INF/opennms/applicationContext-troubleTicketer.xml]
2025-06-25 14:18:46,605 INFO  [Main] o.s.b.f.a.AutowiredAnnotationBeanPostProcessor: JSR-330 'javax.inject.Inject' annotation found and supported for autowiring
2025-06-25 14:29:47,107 INFO  [Main] o.s.c.s.ClassPathXmlApplicationContext: Refreshing org.springframework.context.support.ClassPathXmlApplicationContext@34ab611c: startup date [Wed Jun 25 14:29:47 UTC 2025]; parent: ApplicationContext 'daoContext'
2025-06-25 14:29:47,108 INFO  [Main] o.s.b.f.x.XmlBeanDefinitionReader: Loading XML bean definitions from class path resource [META-INF/opennms/applicationContext-troubleTicketer.xml]
2025-06-25 14:29:47,127 INFO  [Main] o.s.b.f.a.AutowiredAnnotationBeanPostProcessor: JSR-330 'javax.inject.Inject' annotation found and supported for autowiring
2025-06-25 14:33:33,508 INFO  [Main] o.s.c.s.ClassPathXmlApplicationContext: Refreshing org.springframework.context.support.ClassPathXmlApplicationContext@55709574: startup date [Wed Jun 25 14:33:33 UTC 2025]; parent: ApplicationContext 'daoContext'
2025-06-25 14:33:33,509 INFO  [Main] o.s.b.f.x.XmlBeanDefinitionReader: Loading XML bean definitions from class path resource [META-INF/opennms/applicationContext-troubleTicketer.xml]
2025-06-25 14:33:33,528 INFO  [Main] o.s.b.f.a.AutowiredAnnotationBeanPostProcessor: JSR-330 'javax.inject.Inject' annotation found and supported for autowiring
